"07.03.2026 10:20:11","100","Ошибка","Microsoft-Windows-Diagnostics-Performance","Windows запущена: 
     Длительность загрузки		:	104402ms
     IsDegradation		:	true
     Время события (UTC)	:	‎2026‎-‎03‎-‎07T05:17:34.125854000Z"
"01.03.2026 1:41:01","101","Предупреждение","Microsoft-Windows-Diagnostics-Performance","Это приложение загружалось дольше обычного, что привело к замедлению процесса запуска системы: 
    Имя файла		:	nvngx_update.exe
    Понятное имя		:	NGX Updater
    Версия		:	32.0.15.9144
    Общее время		:	2605мс
    Время замедления	:	105мс
    Время события (UTC)	:	‎2026‎-‎02‎-‎28T20:38:41.938148600Z"
"01.03.2026 1:41:01","101","Предупреждение","Microsoft-Windows-Diagnostics-Performance","Это приложение загружалось дольше обычного, что привело к замедлению процесса запуска системы: 
    Имя файла		:	nvcontainer.exe
    Понятное имя		:	NVIDIA Container
    Версия		:	gcomp_rel 35816461
    Общее время		:	7116мс
    Время замедления	:	3089мс
    Время события (UTC)	:	‎2026‎-‎02‎-‎28T20:38:41.938148600Z"
"01.03.2026 1:41:01","101","Предупреждение","Microsoft-Windows-Diagnostics-Performance","Это приложение загружалось дольше обычного, что привело к замедлению процесса запуска системы: 
    Имя файла		:	SyncLight.exe
    Понятное имя		:	SyncLight
    Версия		:	2.17.1
    Общее время		:	13132мс
    Время замедления	:	8132мс
    Время события (UTC)	:	‎2026‎-‎02‎-‎28T20:38:41.938148600Z"
"01.03.2026 1:41:01","100","Ошибка","Microsoft-Windows-Diagnostics-Performance","Windows запущена: 
     Длительность загрузки		:	89109ms
     IsDegradation		:	false
     Время события (UTC)	:	‎2026‎-‎02‎-‎28T20:38:41.938148600Z"
"28.02.2026 9:55:50","101","Предупреждение","Microsoft-Windows-Diagnostics-Performance","Это приложение загружалось дольше обычного, что привело к замедлению процесса запуска системы: 
    Имя файла		:	SearchIndexer.exe
    Понятное имя		:	Индексатор службы Microsoft Windows Search
    Версия		:	7.0.19041.4522 (WinBuild.160101.0800)
    Общее время		:	5303мс
    Время замедления	:	329мс
    Время события (UTC)	:	‎2026‎-‎02‎-‎28T04:53:00.969452500Z"
"28.02.2026 9:55:50","101","Предупреждение","Microsoft-Windows-Diagnostics-Performance","Это приложение загружалось дольше обычного, что привело к замедлению процесса запуска системы: 
    Имя файла		:	BeWidgets.exe
    Понятное имя		:	BeWidgets
    Версия		:	1.0.0.0
    Общее время		:	5417мс
    Время замедления	:	417мс
    Время события (UTC)	:	‎2026‎-‎02‎-‎28T04:53:00.969452500Z"
"28.02.2026 9:55:50","101","Предупреждение","Microsoft-Windows-Diagnostics-Performance","Это приложение загружалось дольше обычного, что привело к замедлению процесса запуска системы: 
    Имя файла		:	SyncLight.exe
    Понятное имя		:	SyncLight
    Версия		:	2.17.1
    Общее время		:	7886мс
    Время замедления	:	2886мс
    Время события (UTC)	:	‎2026‎-‎02‎-‎28T04:53:00.969452500Z"
"28.02.2026 9:55:50","101","Предупреждение","Microsoft-Windows-Diagnostics-Performance","Это приложение загружалось дольше обычного, что привело к замедлению процесса запуска системы: 
    Имя файла		:	python.exe
    Понятное имя		:	Python
    Версия		:	3.14.2
    Общее время		:	15607мс
    Время замедления	:	10607мс
    Время события (UTC)	:	‎2026‎-‎02‎-‎28T04:53:00.969452500Z"
"28.02.2026 9:55:50","100","Ошибка","Microsoft-Windows-Diagnostics-Performance","Windows запущена: 
     Длительность загрузки		:	84938ms
     IsDegradation		:	false
     Время события (UTC)	:	‎2026‎-‎02‎-‎28T04:53:00.969452500Z"
"27.02.2026 12:38:57","101","Предупреждение","Microsoft-Windows-Diagnostics-Performance","Это приложение загружалось дольше обычного, что привело к замедлению процесса запуска системы: 
    Имя файла		:	adskflex.exe
    Понятное имя		:	Autodesk Licensing Vendor Daemon
    Версия		:	3
    Общее время		:	507мс
    Время замедления	:	176мс
    Время события (UTC)	:	‎2026‎-‎02‎-‎27T07:36:59.922832400Z"
"27.02.2026 12:38:57","101","Предупреждение","Microsoft-Windows-Diagnostics-Performance","Это приложение загружалось дольше обычного, что привело к замедлению процесса запуска системы: 
    Имя файла		:	sppsvc.exe
    Понятное имя		:	Служба платформы защиты программного обеспечения Майкрософт
    Версия		:	10.0.19041.4522 (WinBuild.160101.0800)
    Общее время		:	1426мс
    Время замедления	:	573мс
    Время события (UTC)	:	‎2026‎-‎02‎-‎27T07:36:59.922832400Z"
"27.02.2026 12:38:57","101","Предупреждение","Microsoft-Windows-Diagnostics-Performance","Это приложение загружалось дольше обычного, что привело к замедлению процесса запуска системы: 
    Имя файла		:	orca-slicer.exe
    Понятное имя		:	OrcaSlicer
    Версия		:	
    Общее время		:	12045мс
    Время замедления	:	7045мс
    Время события (UTC)	:	‎2026‎-‎02‎-‎27T07:36:59.922832400Z"
"27.02.2026 12:38:57","101","Ошибка","Microsoft-Windows-Diagnostics-Performance","Это приложение загружалось дольше обычного, что привело к замедлению процесса запуска системы: 
    Имя файла		:	OllamaSetup.tmp
    Понятное имя		:	
    Версия		:	
    Общее время		:	67586мс
    Время замедления	:	62586мс
    Время события (UTC)	:	‎2026‎-‎02‎-‎27T07:36:59.922832400Z"
"27.02.2026 12:38:57","100","Критический","Microsoft-Windows-Diagnostics-Performance","Windows запущена: 
     Длительность загрузки		:	109342ms
     IsDegradation		:	false
     Время события (UTC)	:	‎2026‎-‎02‎-‎27T07:36:59.922832400Z"
"27.02.2026 12:38:55","200","Предупреждение","Microsoft-Windows-Diagnostics-Performance","Завершение работы Windows 
    Продолжительность завершения работы	:	21682мс
    IsDegradation		:	false
    Время события (UTC)	:	‎2026‎-‎02‎-‎27T07:35:58.436860500Z"
"22.02.2026 23:11:16","101","Предупреждение","Microsoft-Windows-Diagnostics-Performance","Это приложение загружалось дольше обычного, что привело к замедлению процесса запуска системы: 
    Имя файла		:	python.exe
    Понятное имя		:	Python
    Версия		:	3.14.2
    Общее время		:	16146мс
    Время замедления	:	11146мс
    Время события (UTC)	:	‎2026‎-‎02‎-‎22T18:08:35.907376600Z"
"22.02.2026 23:11:16","100","Ошибка","Microsoft-Windows-Diagnostics-Performance","Windows запущена: 
     Длительность загрузки		:	80924ms
     IsDegradation		:	false
     Время события (UTC)	:	‎2026‎-‎02‎-‎22T18:08:35.907376600Z"
"22.02.2026 14:28:48","101","Предупреждение","Microsoft-Windows-Diagnostics-Performance","Это приложение загружалось дольше обычного, что привело к замедлению процесса запуска системы: 
    Имя файла		:	WWAHost.exe
    Понятное имя		:	Узел WWA (Майкрософт)
    Версия		:	10.0.19041.4522 (WinBuild.160101.0800)
    Общее время		:	2573мс
    Время замедления	:	73мс
    Время события (UTC)	:	‎2026‎-‎02‎-‎22T09:14:18.125920700Z"
"22.02.2026 14:28:48","101","Предупреждение","Microsoft-Windows-Diagnostics-Performance","Это приложение загружалось дольше обычного, что привело к замедлению процесса запуска системы: 
    Имя файла		:	python.exe
    Понятное имя		:	Python
    Версия		:	3.14.2
    Общее время		:	16147мс
    Время замедления	:	11147мс
    Время события (UTC)	:	‎2026‎-‎02‎-‎22T09:14:18.125920700Z"
"22.02.2026 14:28:48","101","Предупреждение","Microsoft-Windows-Diagnostics-Performance","Это приложение загружалось дольше обычного, что привело к замедлению процесса запуска системы: 
    Имя файла		:	OllamaSetup.tmp
    Понятное имя		:	
    Версия		:	
    Общее время		:	24249мс
    Время замедления	:	19249мс
    Время события (UTC)	:	‎2026‎-‎02‎-‎22T09:14:18.125920700Z"
"22.02.2026 14:28:48","100","Ошибка","Microsoft-Windows-Diagnostics-Performance","Windows запущена: 
     Длительность загрузки		:	95037ms
     IsDegradation		:	false
     Время события (UTC)	:	‎2026‎-‎02‎-‎22T09:14:18.125920700Z"
"14.02.2026 3:53:13","101","Предупреждение","Microsoft-Windows-Diagnostics-Performance","Это приложение загружалось дольше обычного, что привело к замедлению процесса запуска системы: 
    Имя файла		:	services.exe
    Понятное имя		:	Приложение служб и контроллеров
    Версия		:	10.0.19041.4522 (WinBuild.160101.0800)
    Общее время		:	691мс
    Время замедления	:	293мс
    Время события (UTC)	:	‎2026‎-‎02‎-‎13T22:50:51.938241100Z"
"14.02.2026 3:53:13","101","Предупреждение","Microsoft-Windows-Diagnostics-Performance","Это приложение загружалось дольше обычного, что привело к замедлению процесса запуска системы: 
    Имя файла		:	OfficeClickToRun.exe
    Понятное имя		:	Microsoft Office Click-to-Run (SxS)
    Версия		:	16.0.19628.20166
    Общее время		:	1996мс
    Время замедления	:	486мс
    Время события (UTC)	:	‎2026‎-‎02‎-‎13T22:50:51.938241100Z"
"14.02.2026 3:53:13","101","Предупреждение","Microsoft-Windows-Diagnostics-Performance","Это приложение загружалось дольше обычного, что привело к замедлению процесса запуска системы: 
    Имя файла		:	steamwebhelper.exe
    Понятное имя		:	Steam Client WebHelper
    Версия		:	10.38.46.31
    Общее время		:	24151мс
    Время замедления	:	6839мс
    Время события (UTC)	:	‎2026‎-‎02‎-‎13T22:50:51.938241100Z"
"14.02.2026 3:53:13","100","Ошибка","Microsoft-Windows-Diagnostics-Performance","Windows запущена: 
     Длительность загрузки		:	104503ms
     IsDegradation		:	false
     Время события (UTC)	:	‎2026‎-‎02‎-‎13T22:50:51.938241100Z"
"14.02.2026 3:53:11","200","Предупреждение","Microsoft-Windows-Diagnostics-Performance","Завершение работы Windows 
    Продолжительность завершения работы	:	23591мс
    IsDegradation		:	true
    Время события (UTC)	:	‎2026‎-‎02‎-‎13T22:50:01.961040600Z"
"14.02.2026 3:25:15","100","Ошибка","Microsoft-Windows-Diagnostics-Performance","Windows запущена: 
     Длительность загрузки		:	76063ms
     IsDegradation		:	false
     Время события (UTC)	:	‎2026‎-‎02‎-‎13T22:22:59.938386300Z"
"13.02.2026 13:44:30","108","Предупреждение","Microsoft-Windows-Diagnostics-Performance","Применение политики пользователя вызвало замедление процесса запуска системы: 
    Имя		:	PreShellInit
    Общее время		:	3177мс
    Время замедления	:	920мс
    Время события (UTC)	:	‎2026‎-‎02‎-‎13T08:42:10.907090700Z"
"13.02.2026 13:44:30","101","Предупреждение","Microsoft-Windows-Diagnostics-Performance","Это приложение загружалось дольше обычного, что привело к замедлению процесса запуска системы: 
    Имя файла		:	svchost.exe
    Понятное имя		:	Хост-процесс для служб Windows
    Версия		:	10.0.19041.4522 (WinBuild.160101.0800)
    Общее время		:	2796мс
    Время замедления	:	3967мс
    Время события (UTC)	:	‎2026‎-‎02‎-‎13T08:42:10.907090700Z"
"13.02.2026 13:44:30","101","Предупреждение","Microsoft-Windows-Diagnostics-Performance","Это приложение загружалось дольше обычного, что привело к замедлению процесса запуска системы: 
    Имя файла		:	browser.exe
    Понятное имя		:	
    Версия		:	
    Общее время		:	17471мс
    Время замедления	:	13624мс
    Время события (UTC)	:	‎2026‎-‎02‎-‎13T08:42:10.907090700Z"
"13.02.2026 13:44:30","100","Ошибка","Microsoft-Windows-Diagnostics-Performance","Windows запущена: 
     Длительность загрузки		:	73960ms
     IsDegradation		:	false
     Время события (UTC)	:	‎2026‎-‎02‎-‎13T08:42:10.907090700Z"
"12.02.2026 9:47:50","101","Предупреждение","Microsoft-Windows-Diagnostics-Performance","Это приложение загружалось дольше обычного, что привело к замедлению процесса запуска системы: 
    Имя файла		:	svchost.exe
    Понятное имя		:	Хост-процесс для служб Windows
    Версия		:	10.0.19041.4522 (WinBuild.160101.0800)
    Общее время		:	2876мс
    Время замедления	:	4192мс
    Время события (UTC)	:	‎2026‎-‎02‎-‎12T04:45:25.907119300Z"
"12.02.2026 9:47:50","100","Ошибка","Microsoft-Windows-Diagnostics-Performance","Windows запущена: 
     Длительность загрузки		:	109374ms
     IsDegradation		:	false
     Время события (UTC)	:	‎2026‎-‎02‎-‎12T04:45:25.907119300Z"
"12.02.2026 9:47:49","203","Предупреждение","Microsoft-Windows-Diagnostics-Performance","Эта служба вызвала замедление процесса завершения работы системы: 
    Имя файла		:	UsoSvc
    Понятное имя		:	Обновление службы сеанса оркестратора
    Версия		:	10.0.19041.4522 (WinBuild.160101.0800)
    Общее время		:	1327мс
    Время замедления	:	1005мс
    Время события (UTC)	:	‎2026‎-‎02‎-‎11T21:40:20.480954500Z"
"12.02.2026 9:47:49","200","Предупреждение","Microsoft-Windows-Diagnostics-Performance","Завершение работы Windows 
    Продолжительность завершения работы	:	17481мс
    IsDegradation		:	true
    Время события (UTC)	:	‎2026‎-‎02‎-‎11T21:40:20.480954500Z"
"10.02.2026 19:37:23","100","Ошибка","Microsoft-Windows-Diagnostics-Performance","Windows запущена: 
     Длительность загрузки		:	112518ms
     IsDegradation		:	false
     Время события (UTC)	:	‎2026‎-‎02‎-‎10T14:34:59.907060200Z"
"10.02.2026 19:37:22","200","Предупреждение","Microsoft-Windows-Diagnostics-Performance","Завершение работы Windows 
    Продолжительность завершения работы	:	14428мс
    IsDegradation		:	false
    Время события (UTC)	:	‎2026‎-‎02‎-‎10T14:34:16.003368800Z"
"09.02.2026 15:55:08","101","Предупреждение","Microsoft-Windows-Diagnostics-Performance","Это приложение загружалось дольше обычного, что привело к замедлению процесса запуска системы: 
    Имя файла		:	OfficeClickToRun.exe
    Понятное имя		:	Microsoft Office Click-to-Run (SxS)
    Версия		:	16.0.19628.20166
    Общее время		:	1291мс
    Время замедления	:	895мс
    Время события (UTC)	:	‎2026‎-‎02‎-‎09T10:53:07.906901400Z"
"09.02.2026 15:55:08","101","Предупреждение","Microsoft-Windows-Diagnostics-Performance","Это приложение загружалось дольше обычного, что привело к замедлению процесса запуска системы: 
    Имя файла		:	NVDisplay.Container.exe
    Понятное имя		:	NVIDIA Container
    Версия		:	gcomp_rel 33231171
    Общее время		:	2798мс
    Время замедления	:	1798мс
    Время события (UTC)	:	‎2026‎-‎02‎-‎09T10:53:07.906901400Z"
"09.02.2026 15:55:08","100","Ошибка","Microsoft-Windows-Diagnostics-Performance","Windows запущена: 
     Длительность загрузки		:	86714ms
     IsDegradation		:	false
     Время события (UTC)	:	‎2026‎-‎02‎-‎09T10:53:07.906901400Z"
"09.02.2026 15:55:06","200","Предупреждение","Microsoft-Windows-Diagnostics-Performance","Завершение работы Windows 
    Продолжительность завершения работы	:	6187мс
    IsDegradation		:	false
    Время события (UTC)	:	‎2026‎-‎02‎-‎09T10:52:35.962710200Z"
"09.02.2026 15:15:47","101","Предупреждение","Microsoft-Windows-Diagnostics-Performance","Это приложение загружалось дольше обычного, что привело к замедлению процесса запуска системы: 
    Имя файла		:	NVDisplay.Container.exe
    Понятное имя		:	NVIDIA Container
    Версия		:	gcomp_rel 33231171
    Общее время		:	3465мс
    Время замедления	:	2465мс
    Время события (UTC)	:	‎2026‎-‎02‎-‎09T10:13:30.157124400Z"
"09.02.2026 15:15:47","100","Ошибка","Microsoft-Windows-Diagnostics-Performance","Windows запущена: 
     Длительность загрузки		:	105896ms
     IsDegradation		:	false
     Время события (UTC)	:	‎2026‎-‎02‎-‎09T10:13:30.157124400Z"
"09.02.2026 15:15:46","200","Предупреждение","Microsoft-Windows-Diagnostics-Performance","Завершение работы Windows 
    Продолжительность завершения работы	:	14200мс
    IsDegradation		:	false
    Время события (UTC)	:	‎2026‎-‎02‎-‎09T10:12:43.324017100Z"
"07.02.2026 15:19:58","100","Ошибка","Microsoft-Windows-Diagnostics-Performance","Windows запущена: 
     Длительность загрузки		:	109774ms
     IsDegradation		:	false
     Время события (UTC)	:	‎2026‎-‎02‎-‎07T10:17:28.907073600Z"
"07.02.2026 15:19:56","200","Предупреждение","Microsoft-Windows-Diagnostics-Performance","Завершение работы Windows 
    Продолжительность завершения работы	:	8828мс
    IsDegradation		:	false
    Время события (UTC)	:	‎2026‎-‎02‎-‎05T09:47:49.914887000Z"
"05.02.2026 14:25:14","100","Ошибка","Microsoft-Windows-Diagnostics-Performance","Windows запущена: 
     Длительность загрузки		:	104070ms
     IsDegradation		:	false
     Время события (UTC)	:	‎2026‎-‎02‎-‎05T08:50:11.907073700Z"
"05.02.2026 14:25:12","200","Предупреждение","Microsoft-Windows-Diagnostics-Performance","Завершение работы Windows 
    Продолжительность завершения работы	:	9699мс
    IsDegradation		:	true
    Время события (UTC)	:	‎2026‎-‎02‎-‎01T09:45:52.261082900Z"
"01.02.2026 14:45:38","100","Ошибка","Microsoft-Windows-Diagnostics-Performance","Windows запущена: 
     Длительность загрузки		:	109004ms
     IsDegradation		:	false
     Время события (UTC)	:	‎2026‎-‎02‎-‎01T09:43:08.126414600Z"
"01.02.2026 14:45:36","200","Предупреждение","Microsoft-Windows-Diagnostics-Performance","Завершение работы Windows 
    Продолжительность завершения работы	:	10101мс
    IsDegradation		:	false
    Время события (UTC)	:	‎2026‎-‎01‎-‎28T13:40:03.657052200Z"
"28.01.2026 18:30:24","100","Ошибка","Microsoft-Windows-Diagnostics-Performance","Windows запущена: 
     Длительность загрузки		:	104911ms
     IsDegradation		:	false
     Время события (UTC)	:	‎2026‎-‎01‎-‎28T13:27:17.907199800Z"
"28.01.2026 18:30:23","203","Предупреждение","Microsoft-Windows-Diagnostics-Performance","Эта служба вызвала замедление процесса завершения работы системы: 
    Имя файла		:	WlanSvc
    Понятное имя		:	Библиотека DLL службы автоматической настройки беспроводной локальной сети Windows
    Версия		:	10.0.19041.4522 (WinBuild.160101.0800)
    Общее время		:	2767мс
    Время замедления	:	807мс
    Время события (UTC)	:	‎2026‎-‎01‎-‎26T20:14:22.233393800Z"
"28.01.2026 18:30:23","200","Предупреждение","Microsoft-Windows-Diagnostics-Performance","Завершение работы Windows 
    Продолжительность завершения работы	:	10230мс
    IsDegradation		:	true
    Время события (UTC)	:	‎2026‎-‎01‎-‎26T20:14:22.233393800Z"
"26.01.2026 21:43:29","101","Предупреждение","Microsoft-Windows-Diagnostics-Performance","Это приложение загружалось дольше обычного, что привело к замедлению процесса запуска системы: 
    Имя файла		:	svchost.exe
    Понятное имя		:	Хост-процесс для служб Windows
    Версия		:	10.0.19041.4522 (WinBuild.160101.0800)
    Общее время		:	2536мс
    Время замедления	:	799мс
    Время события (UTC)	:	‎2026‎-‎01‎-‎26T16:41:17.907165400Z"
"26.01.2026 21:43:29","101","Предупреждение","Microsoft-Windows-Diagnostics-Performance","Это приложение загружалось дольше обычного, что привело к замедлению процесса запуска системы: 
    Имя файла		:	browser.exe
    Понятное имя		:	
    Версия		:	
    Общее время		:	6853мс
    Время замедления	:	1853мс
    Время события (UTC)	:	‎2026‎-‎01‎-‎26T16:41:17.907165400Z"
"26.01.2026 21:43:29","101","Предупреждение","Microsoft-Windows-Diagnostics-Performance","Это приложение загружалось дольше обычного, что привело к замедлению процесса запуска системы: 
    Имя файла		:	NVDisplay.Container.exe
    Понятное имя		:	NVIDIA Container
    Версия		:	gcomp_rel 33231171
    Общее время		:	3206мс
    Время замедления	:	2206мс
    Время события (UTC)	:	‎2026‎-‎01‎-‎26T16:41:17.907165400Z"
"26.01.2026 21:43:29","100","Критический","Microsoft-Windows-Diagnostics-Performance","Windows запущена: 
     Длительность загрузки		:	102927ms
     IsDegradation		:	false
     Время события (UTC)	:	‎2026‎-‎01‎-‎26T16:41:17.907165400Z"
"26.01.2026 21:43:28","200","Предупреждение","Microsoft-Windows-Diagnostics-Performance","Завершение работы Windows 
    Продолжительность завершения работы	:	12497мс
    IsDegradation		:	false
    Время события (UTC)	:	‎2026‎-‎01‎-‎26T16:40:40.692105300Z"
"25.01.2026 9:51:42","101","Предупреждение","Microsoft-Windows-Diagnostics-Performance","Это приложение загружалось дольше обычного, что привело к замедлению процесса запуска системы: 
    Имя файла		:	SWVisualize.Queue.Server.exe
    Понятное имя		:	SOLIDWORKS Visualize Queue Server
    Версия		:	32.5.0.0048
    Общее время		:	2054мс
    Время замедления	:	500мс
    Время события (UTC)	:	‎2026‎-‎01‎-‎25T04:49:23.110583800Z"
"25.01.2026 9:51:42","101","Предупреждение","Microsoft-Windows-Diagnostics-Performance","Это приложение загружалось дольше обычного, что привело к замедлению процесса запуска системы: 
    Имя файла		:	svchost.exe
    Понятное имя		:	Хост-процесс для служб Windows
    Версия		:	10.0.19041.4522 (WinBuild.160101.0800)
    Общее время		:	1862мс
    Время замедления	:	1059мс
    Время события (UTC)	:	‎2026‎-‎01‎-‎25T04:49:23.110583800Z"
"25.01.2026 9:51:42","101","Предупреждение","Microsoft-Windows-Diagnostics-Performance","Это приложение загружалось дольше обычного, что привело к замедлению процесса запуска системы: 
    Имя файла		:	LightBurn.exe
    Понятное имя		:	
    Версия		:	
    Общее время		:	7832мс
    Время замедления	:	2832мс
    Время события (UTC)	:	‎2026‎-‎01‎-‎25T04:49:23.110583800Z"
"25.01.2026 9:51:42","101","Предупреждение","Microsoft-Windows-Diagnostics-Performance","Это приложение загружалось дольше обычного, что привело к замедлению процесса запуска системы: 
    Имя файла		:	steamwebhelper.exe
    Понятное имя		:	Steam Client WebHelper
    Версия		:	10.38.46.31
    Общее время		:	24684мс
    Время замедления	:	19684мс
    Время события (UTC)	:	‎2026‎-‎01‎-‎25T04:49:23.110583800Z"
"25.01.2026 9:51:42","100","Критический","Microsoft-Windows-Diagnostics-Performance","Windows запущена: 
     Длительность загрузки		:	102765ms
     IsDegradation		:	false
     Время события (UTC)	:	‎2026‎-‎01‎-‎25T04:49:23.110583800Z"
"25.01.2026 9:51:41","200","Предупреждение","Microsoft-Windows-Diagnostics-Performance","Завершение работы Windows 
    Продолжительность завершения работы	:	14701мс
    IsDegradation		:	false
    Время события (UTC)	:	‎2026‎-‎01‎-‎24T15:34:52.397082900Z"
"21.01.2026 12:50:52","100","Ошибка","Microsoft-Windows-Diagnostics-Performance","Windows запущена: 
     Длительность загрузки		:	80962ms
     IsDegradation		:	false
     Время события (UTC)	:	‎2026‎-‎01‎-‎21T07:48:30.969534500Z"
"20.01.2026 8:40:45","101","Предупреждение","Microsoft-Windows-Diagnostics-Performance","Это приложение загружалось дольше обычного, что привело к замедлению процесса запуска системы: 
    Имя файла		:	sppsvc.exe
    Понятное имя		:	Служба платформы защиты программного обеспечения Майкрософт
    Версия		:	10.0.19041.4522 (WinBuild.160101.0800)
    Общее время		:	1533мс
    Время замедления	:	986мс
    Время события (UTC)	:	‎2026‎-‎01‎-‎20T03:37:45.907317500Z"
"20.01.2026 8:40:45","100","Ошибка","Microsoft-Windows-Diagnostics-Performance","Windows запущена: 
     Длительность загрузки		:	106022ms
     IsDegradation		:	true
     Время события (UTC)	:	‎2026‎-‎01‎-‎20T03:37:45.907317500Z"
"20.01.2026 2:02:23","100","Ошибка","Microsoft-Windows-Diagnostics-Performance","Windows запущена: 
     Длительность загрузки		:	86129ms
     IsDegradation		:	false
     Время события (UTC)	:	‎2026‎-‎01‎-‎19T20:58:10.907181000Z"
"18.01.2026 1:24:57","100","Ошибка","Microsoft-Windows-Diagnostics-Performance","Windows запущена: 
     Длительность загрузки		:	86646ms
     IsDegradation		:	false
     Время события (UTC)	:	‎2026‎-‎01‎-‎17T20:22:08.907116800Z"
"17.01.2026 11:31:50","101","Предупреждение","Microsoft-Windows-Diagnostics-Performance","Это приложение загружалось дольше обычного, что привело к замедлению процесса запуска системы: 
    Имя файла		:	SWVisualize.Queue.Server.exe
    Понятное имя		:	SOLIDWORKS Visualize Queue Server
    Версия		:	32.5.0.0048
    Общее время		:	2090мс
    Время замедления	:	1090мс
    Время события (UTC)	:	‎2026‎-‎01‎-‎17T06:29:31.125894800Z"
"17.01.2026 11:31:50","101","Предупреждение","Microsoft-Windows-Diagnostics-Performance","Это приложение загружалось дольше обычного, что привело к замедлению процесса запуска системы: 
    Имя файла		:	steamwebhelper.exe
    Понятное имя		:	Steam Client WebHelper
    Версия		:	10.33.56.27
    Общее время		:	26870мс
    Время замедления	:	21870мс
    Время события (UTC)	:	‎2026‎-‎01‎-‎17T06:29:31.125894800Z"
"17.01.2026 11:31:50","100","Ошибка","Microsoft-Windows-Diagnostics-Performance","Windows запущена: 
     Длительность загрузки		:	99845ms
     IsDegradation		:	false
     Время события (UTC)	:	‎2026‎-‎01‎-‎17T06:29:31.125894800Z"
"17.01.2026 11:31:49","200","Предупреждение","Microsoft-Windows-Diagnostics-Performance","Завершение работы Windows 
    Продолжительность завершения работы	:	10303мс
    IsDegradation		:	false
    Время события (UTC)	:	‎2026‎-‎01‎-‎16T22:07:57.111347300Z"
"16.01.2026 8:47:52","101","Предупреждение","Microsoft-Windows-Diagnostics-Performance","Это приложение загружалось дольше обычного, что привело к замедлению процесса запуска системы: 
    Имя файла		:	StartMenuExperienceHost.exe
    Понятное имя		:	
    Версия		:	
    Общее время		:	1412мс
    Время замедления	:	309мс
    Время события (UTC)	:	‎2026‎-‎01‎-‎16T03:45:23.907056400Z"
"16.01.2026 8:47:52","100","Ошибка","Microsoft-Windows-Diagnostics-Performance","Windows запущена: 
     Длительность загрузки		:	79602ms
     IsDegradation		:	false
     Время события (UTC)	:	‎2026‎-‎01‎-‎16T03:45:23.907056400Z"
"14.01.2026 8:16:55","101","Предупреждение","Microsoft-Windows-Diagnostics-Performance","Это приложение загружалось дольше обычного, что привело к замедлению процесса запуска системы: 
    Имя файла		:	steamwebhelper.exe
    Понятное имя		:	Steam Client WebHelper
    Версия		:	10.33.56.27
    Общее время		:	27716мс
    Время замедления	:	22716мс
    Время события (UTC)	:	‎2026‎-‎01‎-‎14T03:14:38.907174100Z"
"14.01.2026 8:16:55","100","Ошибка","Microsoft-Windows-Diagnostics-Performance","Windows запущена: 
     Длительность загрузки		:	96946ms
     IsDegradation		:	false
     Время события (UTC)	:	‎2026‎-‎01‎-‎14T03:14:38.907174100Z"
"14.01.2026 8:16:54","200","Предупреждение","Microsoft-Windows-Diagnostics-Performance","Завершение работы Windows 
    Продолжительность завершения работы	:	15823мс
    IsDegradation		:	false
    Время события (UTC)	:	‎2026‎-‎01‎-‎13T22:01:40.474518000Z"
"12.01.2026 6:41:30","108","Предупреждение","Microsoft-Windows-Diagnostics-Performance","Применение политики пользователя вызвало замедление процесса запуска системы: 
    Имя		:	PreShellInit
    Общее время		:	2017мс
    Время замедления	:	13929мс
    Время события (UTC)	:	‎2026‎-‎01‎-‎12T01:39:14.907145800Z"
"12.01.2026 6:41:30","101","Предупреждение","Microsoft-Windows-Diagnostics-Performance","Это приложение загружалось дольше обычного, что привело к замедлению процесса запуска системы: 
    Имя файла		:	SWVisualize.Queue.Server.exe
    Понятное имя		:	SOLIDWORKS Visualize Queue Server
    Версия		:	32.5.0.0048
    Общее время		:	1554мс
    Время замедления	:	554мс
    Время события (UTC)	:	‎2026‎-‎01‎-‎12T01:39:14.907145800Z"
"12.01.2026 6:41:30","101","Предупреждение","Microsoft-Windows-Diagnostics-Performance","Это приложение загружалось дольше обычного, что привело к замедлению процесса запуска системы: 
    Имя файла		:	nvcontainer.exe
    Понятное имя		:	NVIDIA Container
    Версия		:	gcomp_rel 35816461
    Общее время		:	4497мс
    Время замедления	:	1037мс
    Время события (UTC)	:	‎2026‎-‎01‎-‎12T01:39:14.907145800Z"
"12.01.2026 6:41:30","101","Предупреждение","Microsoft-Windows-Diagnostics-Performance","Это приложение загружалось дольше обычного, что привело к замедлению процесса запуска системы: 
    Имя файла		:	svchost.exe
    Понятное имя		:	Хост-процесс для служб Windows
    Версия		:	10.0.19041.4522 (WinBuild.160101.0800)
    Общее время		:	1625мс
    Время замедления	:	12967мс
    Время события (UTC)	:	‎2026‎-‎01‎-‎12T01:39:14.907145800Z"
"12.01.2026 6:41:30","100","Ошибка","Microsoft-Windows-Diagnostics-Performance","Windows запущена: 
     Длительность загрузки		:	69504ms
     IsDegradation		:	false
     Время события (UTC)	:	‎2026‎-‎01‎-‎12T01:39:14.907145800Z"
"12.01.2026 2:12:27","500","Предупреждение","Microsoft-Windows-Diagnostics-Performance","Диспетчер окон рабочего стола испытывает недостаток ресурсов. 
    Сценарий	:	Не хватает ресурсов видеопамяти, что приводит к пробуксовке. Уменьшение количества запущенных программ и открытых окон может исправить эту ситуацию."
"10.01.2026 15:58:20","200","Предупреждение","Microsoft-Windows-Diagnostics-Performance","Завершение работы Windows 
    Продолжительность завершения работы	:	9026мс
    IsDegradation		:	false
    Время события (UTC)	:	‎2026‎-‎01‎-‎10T10:54:43.685433800Z"
"09.01.2026 23:27:27","200","Предупреждение","Microsoft-Windows-Diagnostics-Performance","Завершение работы Windows 
    Продолжительность завершения работы	:	12859мс
    IsDegradation		:	false
    Время события (UTC)	:	‎2026‎-‎01‎-‎09T18:23:46.821108100Z"
"09.01.2026 22:15:51","200","Предупреждение","Microsoft-Windows-Diagnostics-Performance","Завершение работы Windows 
    Продолжительность завершения работы	:	11311мс
    IsDegradation		:	false
    Время события (UTC)	:	‎2026‎-‎01‎-‎09T17:12:16.030952200Z"
"01.01.2026 13:37:52","200","Предупреждение","Microsoft-Windows-Diagnostics-Performance","Завершение работы Windows 
    Продолжительность завершения работы	:	7449мс
    IsDegradation		:	false
    Время события (UTC)	:	‎2025‎-‎12‎-‎31T20:50:48.992597900Z"
"31.12.2025 8:32:27","200","Предупреждение","Microsoft-Windows-Diagnostics-Performance","Завершение работы Windows 
    Продолжительность завершения работы	:	9507мс
    IsDegradation		:	false
    Время события (UTC)	:	‎2025‎-‎12‎-‎30T20:41:02.398840600Z"
"27.12.2025 10:32:26","200","Предупреждение","Microsoft-Windows-Diagnostics-Performance","Завершение работы Windows 
    Продолжительность завершения работы	:	10201мс
    IsDegradation		:	false
    Время события (UTC)	:	‎2025‎-‎12‎-‎26T19:08:53.104869800Z"
"26.12.2025 8:40:16","200","Предупреждение","Microsoft-Windows-Diagnostics-Performance","Завершение работы Windows 
    Продолжительность завершения работы	:	12431мс
    IsDegradation		:	false
    Время события (UTC)	:	‎2025‎-‎12‎-‎25T16:22:41.646466000Z"
"23.12.2025 14:18:39","200","Предупреждение","Microsoft-Windows-Diagnostics-Performance","Завершение работы Windows 
    Продолжительность завершения работы	:	15885мс
    IsDegradation		:	true
    Время события (UTC)	:	‎2025‎-‎12‎-‎23T09:15:02.061981900Z"
"22.12.2025 18:24:07","500","Предупреждение","Microsoft-Windows-Diagnostics-Performance","Диспетчер окон рабочего стола испытывает недостаток ресурсов. 
    Сценарий	:	Не хватает ресурсов видеопамяти, что приводит к пробуксовке. Уменьшение количества запущенных программ и открытых окон может исправить эту ситуацию."
"16.12.2025 13:45:47","200","Предупреждение","Microsoft-Windows-Diagnostics-Performance","Завершение работы Windows 
    Продолжительность завершения работы	:	12632мс
    IsDegradation		:	false
    Время события (UTC)	:	‎2025‎-‎12‎-‎16T08:33:20.002674000Z"
"12.12.2025 19:45:32","500","Предупреждение","Microsoft-Windows-Diagnostics-Performance","Диспетчер окон рабочего стола испытывает недостаток ресурсов. 
    Сценарий	:	Не хватает ресурсов видеопамяти, что приводит к пробуксовке. Уменьшение количества запущенных программ и открытых окон может исправить эту ситуацию."
"11.12.2025 21:25:22","500","Предупреждение","Microsoft-Windows-Diagnostics-Performance","Диспетчер окон рабочего стола испытывает недостаток ресурсов. 
    Сценарий	:	Не хватает ресурсов видеопамяти, что приводит к пробуксовке. Уменьшение количества запущенных программ и открытых окон может исправить эту ситуацию."
"10.12.2025 10:12:26","500","Предупреждение","Microsoft-Windows-Diagnostics-Performance","Диспетчер окон рабочего стола испытывает недостаток ресурсов. 
    Сценарий	:	Не хватает ресурсов видеопамяти, что приводит к пробуксовке. Уменьшение количества запущенных программ и открытых окон может исправить эту ситуацию."
"10.12.2025 7:38:36","200","Предупреждение","Microsoft-Windows-Diagnostics-Performance","Завершение работы Windows 
    Продолжительность завершения работы	:	7860мс
    IsDegradation		:	false
    Время события (UTC)	:	‎2025‎-‎12‎-‎09T16:38:12.163985000Z"
"07.12.2025 18:54:55","500","Предупреждение","Microsoft-Windows-Diagnostics-Performance","Диспетчер окон рабочего стола испытывает недостаток ресурсов. 
    Сценарий	:	Не хватает ресурсов видеопамяти, что приводит к пробуксовке. Уменьшение количества запущенных программ и открытых окон может исправить эту ситуацию."
"07.12.2025 18:25:32","500","Предупреждение","Microsoft-Windows-Diagnostics-Performance","Диспетчер окон рабочего стола испытывает недостаток ресурсов. 
    Сценарий	:	Не хватает ресурсов видеопамяти, что приводит к пробуксовке. Уменьшение количества запущенных программ и открытых окон может исправить эту ситуацию."
"07.12.2025 18:01:33","500","Предупреждение","Microsoft-Windows-Diagnostics-Performance","Диспетчер окон рабочего стола испытывает недостаток ресурсов. 
    Сценарий	:	Не хватает ресурсов видеопамяти, что приводит к пробуксовке. Уменьшение количества запущенных программ и открытых окон может исправить эту ситуацию."
"07.12.2025 17:12:38","500","Предупреждение","Microsoft-Windows-Diagnostics-Performance","Диспетчер окон рабочего стола испытывает недостаток ресурсов. 
    Сценарий	:	Не хватает ресурсов видеопамяти, что приводит к пробуксовке. Уменьшение количества запущенных программ и открытых окон может исправить эту ситуацию."
"07.12.2025 14:31:39","500","Предупреждение","Microsoft-Windows-Diagnostics-Performance","Диспетчер окон рабочего стола испытывает недостаток ресурсов. 
    Сценарий	:	Не хватает ресурсов видеопамяти, что приводит к пробуксовке. Уменьшение количества запущенных программ и открытых окон может исправить эту ситуацию."
"06.12.2025 13:59:32","200","Ошибка","Microsoft-Windows-Diagnostics-Performance","Завершение работы Windows 
    Продолжительность завершения работы	:	54247мс
    IsDegradation		:	false
    Время события (UTC)	:	‎2025‎-‎12‎-‎06T08:55:28.520394200Z"
"26.11.2025 18:01:44","200","Предупреждение","Microsoft-Windows-Diagnostics-Performance","Завершение работы Windows 
    Продолжительность завершения работы	:	15870мс
    IsDegradation		:	false
    Время события (UTC)	:	‎2025‎-‎11‎-‎26T12:58:19.636642900Z"
"21.11.2025 23:41:35","200","Предупреждение","Microsoft-Windows-Diagnostics-Performance","Завершение работы Windows 
    Продолжительность завершения работы	:	12833мс
    IsDegradation		:	false
    Время события (UTC)	:	‎2025‎-‎11‎-‎21T18:38:22.640003800Z"
"18.11.2025 7:23:33","200","Предупреждение","Microsoft-Windows-Diagnostics-Performance","Завершение работы Windows 
    Продолжительность завершения работы	:	10678мс
    IsDegradation		:	false
    Время события (UTC)	:	‎2025‎-‎11‎-‎16T23:29:29.080494000Z"
"11.11.2025 19:33:56","200","Предупреждение","Microsoft-Windows-Diagnostics-Performance","Завершение работы Windows 
    Продолжительность завершения работы	:	10890мс
    IsDegradation		:	false
    Время события (UTC)	:	‎2025‎-‎11‎-‎11T14:30:38.790606500Z"
"11.11.2025 16:49:12","200","Предупреждение","Microsoft-Windows-Diagnostics-Performance","Завершение работы Windows 
    Продолжительность завершения работы	:	11676мс
    IsDegradation		:	false
    Время события (UTC)	:	‎2025‎-‎11‎-‎11T11:45:47.607655700Z"
"26.10.2025 10:12:25","500","Предупреждение","Microsoft-Windows-Diagnostics-Performance","Диспетчер окон рабочего стола испытывает недостаток ресурсов. 
    Сценарий	:	Не хватает ресурсов видеопамяти, что приводит к пробуксовке. Уменьшение количества запущенных программ и открытых окон может исправить эту ситуацию."
"26.10.2025 9:08:10","500","Предупреждение","Microsoft-Windows-Diagnostics-Performance","Диспетчер окон рабочего стола испытывает недостаток ресурсов. 
    Сценарий	:	Не хватает ресурсов видеопамяти, что приводит к пробуксовке. Уменьшение количества запущенных программ и открытых окон может исправить эту ситуацию."
"24.10.2025 16:09:57","500","Предупреждение","Microsoft-Windows-Diagnostics-Performance","Диспетчер окон рабочего стола испытывает недостаток ресурсов. 
    Сценарий	:	Не хватает ресурсов видеопамяти, что приводит к пробуксовке. Уменьшение количества запущенных программ и открытых окон может исправить эту ситуацию."
"24.10.2025 12:28:43","500","Предупреждение","Microsoft-Windows-Diagnostics-Performance","Диспетчер окон рабочего стола испытывает недостаток ресурсов. 
    Сценарий	:	Не хватает ресурсов видеопамяти, что приводит к пробуксовке. Уменьшение количества запущенных программ и открытых окон может исправить эту ситуацию."
"23.10.2025 7:59:48","500","Предупреждение","Microsoft-Windows-Diagnostics-Performance","Диспетчер окон рабочего стола испытывает недостаток ресурсов. 
    Сценарий	:	Не хватает ресурсов видеопамяти, что приводит к пробуксовке. Уменьшение количества запущенных программ и открытых окон может исправить эту ситуацию."
"22.10.2025 18:56:38","500","Предупреждение","Microsoft-Windows-Diagnostics-Performance","Диспетчер окон рабочего стола испытывает недостаток ресурсов. 
    Сценарий	:	Не хватает ресурсов видеопамяти, что приводит к пробуксовке. Уменьшение количества запущенных программ и открытых окон может исправить эту ситуацию."
"22.10.2025 17:55:21","500","Предупреждение","Microsoft-Windows-Diagnostics-Performance","Диспетчер окон рабочего стола испытывает недостаток ресурсов. 
    Сценарий	:	Не хватает ресурсов видеопамяти, что приводит к пробуксовке. Уменьшение количества запущенных программ и открытых окон может исправить эту ситуацию."
"22.10.2025 17:22:46","500","Предупреждение","Microsoft-Windows-Diagnostics-Performance","Диспетчер окон рабочего стола испытывает недостаток ресурсов. 
    Сценарий	:	Не хватает ресурсов видеопамяти, что приводит к пробуксовке. Уменьшение количества запущенных программ и открытых окон может исправить эту ситуацию."
"22.10.2025 16:47:57","500","Предупреждение","Microsoft-Windows-Diagnostics-Performance","Диспетчер окон рабочего стола испытывает недостаток ресурсов. 
    Сценарий	:	Не хватает ресурсов видеопамяти, что приводит к пробуксовке. Уменьшение количества запущенных программ и открытых окон может исправить эту ситуацию."
"22.10.2025 6:00:56","500","Предупреждение","Microsoft-Windows-Diagnostics-Performance","Диспетчер окон рабочего стола испытывает недостаток ресурсов. 
    Сценарий	:	Не хватает ресурсов видеопамяти, что приводит к пробуксовке. Уменьшение количества запущенных программ и открытых окон может исправить эту ситуацию."
"22.10.2025 3:11:19","500","Предупреждение","Microsoft-Windows-Diagnostics-Performance","Диспетчер окон рабочего стола испытывает недостаток ресурсов. 
    Сценарий	:	Не хватает ресурсов видеопамяти, что приводит к пробуксовке. Уменьшение количества запущенных программ и открытых окон может исправить эту ситуацию."
"22.10.2025 2:25:33","500","Предупреждение","Microsoft-Windows-Diagnostics-Performance","Диспетчер окон рабочего стола испытывает недостаток ресурсов. 
    Сценарий	:	Не хватает ресурсов видеопамяти, что приводит к пробуксовке. Уменьшение количества запущенных программ и открытых окон может исправить эту ситуацию."
"22.10.2025 0:21:10","500","Предупреждение","Microsoft-Windows-Diagnostics-Performance","Диспетчер окон рабочего стола испытывает недостаток ресурсов. 
    Сценарий	:	Не хватает ресурсов видеопамяти, что приводит к пробуксовке. Уменьшение количества запущенных программ и открытых окон может исправить эту ситуацию."
"21.10.2025 18:09:12","500","Предупреждение","Microsoft-Windows-Diagnostics-Performance","Диспетчер окон рабочего стола испытывает недостаток ресурсов. 
    Сценарий	:	Не хватает ресурсов видеопамяти, что приводит к пробуксовке. Уменьшение количества запущенных программ и открытых окон может исправить эту ситуацию."
"21.10.2025 16:01:23","500","Предупреждение","Microsoft-Windows-Diagnostics-Performance","Диспетчер окон рабочего стола испытывает недостаток ресурсов. 
    Сценарий	:	Не хватает ресурсов видеопамяти, что приводит к пробуксовке. Уменьшение количества запущенных программ и открытых окон может исправить эту ситуацию."
"21.10.2025 15:37:52","500","Предупреждение","Microsoft-Windows-Diagnostics-Performance","Диспетчер окон рабочего стола испытывает недостаток ресурсов. 
    Сценарий	:	Не хватает ресурсов видеопамяти, что приводит к пробуксовке. Уменьшение количества запущенных программ и открытых окон может исправить эту ситуацию."
"21.10.2025 12:14:23","500","Предупреждение","Microsoft-Windows-Diagnostics-Performance","Диспетчер окон рабочего стола испытывает недостаток ресурсов. 
    Сценарий	:	Не хватает ресурсов видеопамяти, что приводит к пробуксовке. Уменьшение количества запущенных программ и открытых окон может исправить эту ситуацию."
"21.10.2025 9:43:37","500","Предупреждение","Microsoft-Windows-Diagnostics-Performance","Диспетчер окон рабочего стола испытывает недостаток ресурсов. 
    Сценарий	:	Не хватает ресурсов видеопамяти, что приводит к пробуксовке. Уменьшение количества запущенных программ и открытых окон может исправить эту ситуацию."
"21.10.2025 8:10:58","500","Предупреждение","Microsoft-Windows-Diagnostics-Performance","Диспетчер окон рабочего стола испытывает недостаток ресурсов. 
    Сценарий	:	Не хватает ресурсов видеопамяти, что приводит к пробуксовке. Уменьшение количества запущенных программ и открытых окон может исправить эту ситуацию."
"21.10.2025 7:41:41","500","Предупреждение","Microsoft-Windows-Diagnostics-Performance","Диспетчер окон рабочего стола испытывает недостаток ресурсов. 
    Сценарий	:	Не хватает ресурсов видеопамяти, что приводит к пробуксовке. Уменьшение количества запущенных программ и открытых окон может исправить эту ситуацию."
"21.10.2025 7:08:41","500","Предупреждение","Microsoft-Windows-Diagnostics-Performance","Диспетчер окон рабочего стола испытывает недостаток ресурсов. 
    Сценарий	:	Не хватает ресурсов видеопамяти, что приводит к пробуксовке. Уменьшение количества запущенных программ и открытых окон может исправить эту ситуацию."
"20.10.2025 19:40:54","500","Предупреждение","Microsoft-Windows-Diagnostics-Performance","Диспетчер окон рабочего стола испытывает недостаток ресурсов. 
    Сценарий	:	Не хватает ресурсов видеопамяти, что приводит к пробуксовке. Уменьшение количества запущенных программ и открытых окон может исправить эту ситуацию."
"20.10.2025 19:12:36","500","Предупреждение","Microsoft-Windows-Diagnostics-Performance","Диспетчер окон рабочего стола испытывает недостаток ресурсов. 
    Сценарий	:	Не хватает ресурсов видеопамяти, что приводит к пробуксовке. Уменьшение количества запущенных программ и открытых окон может исправить эту ситуацию."
"20.10.2025 18:42:49","500","Предупреждение","Microsoft-Windows-Diagnostics-Performance","Диспетчер окон рабочего стола испытывает недостаток ресурсов. 
    Сценарий	:	Не хватает ресурсов видеопамяти, что приводит к пробуксовке. Уменьшение количества запущенных программ и открытых окон может исправить эту ситуацию."
"20.10.2025 16:58:54","500","Предупреждение","Microsoft-Windows-Diagnostics-Performance","Диспетчер окон рабочего стола испытывает недостаток ресурсов. 
    Сценарий	:	Не хватает ресурсов видеопамяти, что приводит к пробуксовке. Уменьшение количества запущенных программ и открытых окон может исправить эту ситуацию."
"20.10.2025 15:15:27","500","Предупреждение","Microsoft-Windows-Diagnostics-Performance","Диспетчер окон рабочего стола испытывает недостаток ресурсов. 
    Сценарий	:	Не хватает ресурсов видеопамяти, что приводит к пробуксовке. Уменьшение количества запущенных программ и открытых окон может исправить эту ситуацию."
"20.10.2025 14:40:06","500","Предупреждение","Microsoft-Windows-Diagnostics-Performance","Диспетчер окон рабочего стола испытывает недостаток ресурсов. 
    Сценарий	:	Не хватает ресурсов видеопамяти, что приводит к пробуксовке. Уменьшение количества запущенных программ и открытых окон может исправить эту ситуацию."
"19.10.2025 18:25:49","500","Предупреждение","Microsoft-Windows-Diagnostics-Performance","Диспетчер окон рабочего стола испытывает недостаток ресурсов. 
    Сценарий	:	Не хватает ресурсов видеопамяти, что приводит к пробуксовке. Уменьшение количества запущенных программ и открытых окон может исправить эту ситуацию."
"19.10.2025 9:04:09","500","Предупреждение","Microsoft-Windows-Diagnostics-Performance","Диспетчер окон рабочего стола испытывает недостаток ресурсов. 
    Сценарий	:	Не хватает ресурсов видеопамяти, что приводит к пробуксовке. Уменьшение количества запущенных программ и открытых окон может исправить эту ситуацию."
"19.10.2025 8:00:23","500","Предупреждение","Microsoft-Windows-Diagnostics-Performance","Диспетчер окон рабочего стола испытывает недостаток ресурсов. 
    Сценарий	:	Не хватает ресурсов видеопамяти, что приводит к пробуксовке. Уменьшение количества запущенных программ и открытых окон может исправить эту ситуацию."
"19.10.2025 6:09:58","500","Предупреждение","Microsoft-Windows-Diagnostics-Performance","Диспетчер окон рабочего стола испытывает недостаток ресурсов. 
    Сценарий	:	Не хватает ресурсов видеопамяти, что приводит к пробуксовке. Уменьшение количества запущенных программ и открытых окон может исправить эту ситуацию."
"19.10.2025 2:55:13","500","Предупреждение","Microsoft-Windows-Diagnostics-Performance","Диспетчер окон рабочего стола испытывает недостаток ресурсов. 
    Сценарий	:	Не хватает ресурсов видеопамяти, что приводит к пробуксовке. Уменьшение количества запущенных программ и открытых окон может исправить эту ситуацию."
"17.10.2025 13:27:39","500","Предупреждение","Microsoft-Windows-Diagnostics-Performance","Диспетчер окон рабочего стола испытывает недостаток ресурсов. 
    Сценарий	:	Не хватает ресурсов видеопамяти, что приводит к пробуксовке. Уменьшение количества запущенных программ и открытых окон может исправить эту ситуацию."
"17.10.2025 8:34:00","500","Предупреждение","Microsoft-Windows-Diagnostics-Performance","Диспетчер окон рабочего стола испытывает недостаток ресурсов. 
    Сценарий	:	Не хватает ресурсов видеопамяти, что приводит к пробуксовке. Уменьшение количества запущенных программ и открытых окон может исправить эту ситуацию."
"16.10.2025 12:19:18","500","Предупреждение","Microsoft-Windows-Diagnostics-Performance","Диспетчер окон рабочего стола испытывает недостаток ресурсов. 
    Сценарий	:	Не хватает ресурсов видеопамяти, что приводит к пробуксовке. Уменьшение количества запущенных программ и открытых окон может исправить эту ситуацию."
"16.10.2025 11:27:53","500","Предупреждение","Microsoft-Windows-Diagnostics-Performance","Диспетчер окон рабочего стола испытывает недостаток ресурсов. 
    Сценарий	:	Не хватает ресурсов видеопамяти, что приводит к пробуксовке. Уменьшение количества запущенных программ и открытых окон может исправить эту ситуацию."
"16.10.2025 11:02:32","500","Предупреждение","Microsoft-Windows-Diagnostics-Performance","Диспетчер окон рабочего стола испытывает недостаток ресурсов. 
    Сценарий	:	Не хватает ресурсов видеопамяти, что приводит к пробуксовке. Уменьшение количества запущенных программ и открытых окон может исправить эту ситуацию."
"16.10.2025 10:19:30","500","Предупреждение","Microsoft-Windows-Diagnostics-Performance","Диспетчер окон рабочего стола испытывает недостаток ресурсов. 
    Сценарий	:	Не хватает ресурсов видеопамяти, что приводит к пробуксовке. Уменьшение количества запущенных программ и открытых окон может исправить эту ситуацию."
"16.10.2025 8:50:24","500","Предупреждение","Microsoft-Windows-Diagnostics-Performance","Диспетчер окон рабочего стола испытывает недостаток ресурсов. 
    Сценарий	:	Не хватает ресурсов видеопамяти, что приводит к пробуксовке. Уменьшение количества запущенных программ и открытых окон может исправить эту ситуацию."
"16.10.2025 7:21:33","500","Предупреждение","Microsoft-Windows-Diagnostics-Performance","Диспетчер окон рабочего стола испытывает недостаток ресурсов. 
    Сценарий	:	Не хватает ресурсов видеопамяти, что приводит к пробуксовке. Уменьшение количества запущенных программ и открытых окон может исправить эту ситуацию."
"16.10.2025 5:48:49","500","Предупреждение","Microsoft-Windows-Diagnostics-Performance","Диспетчер окон рабочего стола испытывает недостаток ресурсов. 
    Сценарий	:	Не хватает ресурсов видеопамяти, что приводит к пробуксовке. Уменьшение количества запущенных программ и открытых окон может исправить эту ситуацию."
"16.10.2025 4:27:04","500","Предупреждение","Microsoft-Windows-Diagnostics-Performance","Диспетчер окон рабочего стола испытывает недостаток ресурсов. 
    Сценарий	:	Не хватает ресурсов видеопамяти, что приводит к пробуксовке. Уменьшение количества запущенных программ и открытых окон может исправить эту ситуацию."
"16.10.2025 3:24:43","500","Предупреждение","Microsoft-Windows-Diagnostics-Performance","Диспетчер окон рабочего стола испытывает недостаток ресурсов. 
    Сценарий	:	Не хватает ресурсов видеопамяти, что приводит к пробуксовке. Уменьшение количества запущенных программ и открытых окон может исправить эту ситуацию."
"15.10.2025 1:57:18","500","Предупреждение","Microsoft-Windows-Diagnostics-Performance","Диспетчер окон рабочего стола испытывает недостаток ресурсов. 
    Сценарий	:	Не хватает ресурсов видеопамяти, что приводит к пробуксовке. Уменьшение количества запущенных программ и открытых окон может исправить эту ситуацию."
"14.10.2025 23:51:14","500","Предупреждение","Microsoft-Windows-Diagnostics-Performance","Диспетчер окон рабочего стола испытывает недостаток ресурсов. 
    Сценарий	:	Не хватает ресурсов видеопамяти, что приводит к пробуксовке. Уменьшение количества запущенных программ и открытых окон может исправить эту ситуацию."
"14.10.2025 23:03:10","500","Предупреждение","Microsoft-Windows-Diagnostics-Performance","Диспетчер окон рабочего стола испытывает недостаток ресурсов. 
    Сценарий	:	Не хватает ресурсов видеопамяти, что приводит к пробуксовке. Уменьшение количества запущенных программ и открытых окон может исправить эту ситуацию."
"14.10.2025 22:42:04","500","Предупреждение","Microsoft-Windows-Diagnostics-Performance","Диспетчер окон рабочего стола испытывает недостаток ресурсов. 
    Сценарий	:	Не хватает ресурсов видеопамяти, что приводит к пробуксовке. Уменьшение количества запущенных программ и открытых окон может исправить эту ситуацию."
"14.10.2025 17:33:17","500","Предупреждение","Microsoft-Windows-Diagnostics-Performance","Диспетчер окон рабочего стола испытывает недостаток ресурсов. 
    Сценарий	:	Не хватает ресурсов видеопамяти, что приводит к пробуксовке. Уменьшение количества запущенных программ и открытых окон может исправить эту ситуацию."
