"16.03.2025 1:35:18","101","Предупреждение","Microsoft-Windows-Diagnostics-Performance","Это приложение загружалось дольше обычного, что привело к замедлению процесса запуска системы: 
    Имя файла		:	AdGuardVpnSvc.exe
    Понятное имя		:	AdGuard VPN for Windows
    Версия		:	2.5.1700.0
    Общее время		:	11130мс
    Время замедления	:	6130мс
    Время события (UTC)	:	‎2025‎-‎03‎-‎15T20:33:16.859851200Z"
"16.03.2025 1:35:18","100","Ошибка","Microsoft-Windows-Diagnostics-Performance","Windows запущена: 
     Длительность загрузки		:	58407ms
     IsDegradation		:	false
     Время события (UTC)	:	‎2025‎-‎03‎-‎15T20:33:16.859851200Z"
"16.03.2025 1:35:18","200","Предупреждение","Microsoft-Windows-Diagnostics-Performance","Завершение работы Windows 
    Продолжительность завершения работы	:	12753мс
    IsDegradation		:	true
    Время события (UTC)	:	‎2025‎-‎03‎-‎15T19:39:26.853700600Z"
"15.03.2025 7:45:22","101","Предупреждение","Microsoft-Windows-Diagnostics-Performance","Это приложение загружалось дольше обычного, что привело к замедлению процесса запуска системы: 
    Имя файла		:	nvcontainer.exe
    Понятное имя		:	NVIDIA Container
    Версия		:	gcomp_rel 34853667
    Общее время		:	2911мс
    Время замедления	:	411мс
    Время события (UTC)	:	‎2025‎-‎03‎-‎15T02:20:21.844196400Z"
"15.03.2025 7:45:22","101","Предупреждение","Microsoft-Windows-Diagnostics-Performance","Это приложение загружалось дольше обычного, что привело к замедлению процесса запуска системы: 
    Имя файла		:	NVIDIA Overlay.exe
    Понятное имя		:	NVIDIA app
    Версия		:	103.0.12.8
    Общее время		:	3179мс
    Время замедления	:	679мс
    Время события (UTC)	:	‎2025‎-‎03‎-‎15T02:20:21.844196400Z"
"15.03.2025 7:45:22","101","Предупреждение","Microsoft-Windows-Diagnostics-Performance","Это приложение загружалось дольше обычного, что привело к замедлению процесса запуска системы: 
    Имя файла		:	AdGuardVpn.exe
    Понятное имя		:	AdGuard VPN for Windows
    Версия		:	2.5.1700.0
    Общее время		:	19020мс
    Время замедления	:	14020мс
    Время события (UTC)	:	‎2025‎-‎03‎-‎15T02:20:21.844196400Z"
"15.03.2025 7:45:22","100","Ошибка","Microsoft-Windows-Diagnostics-Performance","Windows запущена: 
     Длительность загрузки		:	59053ms
     IsDegradation		:	false
     Время события (UTC)	:	‎2025‎-‎03‎-‎15T02:20:21.844196400Z"
"14.03.2025 12:08:22","101","Предупреждение","Microsoft-Windows-Diagnostics-Performance","Это приложение загружалось дольше обычного, что привело к замедлению процесса запуска системы: 
    Имя файла		:	NVIDIA Overlay.exe
    Понятное имя		:	NVIDIA app
    Версия		:	103.0.12.8
    Общее время		:	2974мс
    Время замедления	:	474мс
    Время события (UTC)	:	‎2025‎-‎03‎-‎14T07:04:31.875507000Z"
"14.03.2025 12:08:22","101","Предупреждение","Microsoft-Windows-Diagnostics-Performance","Это приложение загружалось дольше обычного, что привело к замедлению процесса запуска системы: 
    Имя файла		:	nvcontainer.exe
    Понятное имя		:	NVIDIA Container
    Версия		:	gcomp_rel 34853667
    Общее время		:	3091мс
    Время замедления	:	591мс
    Время события (UTC)	:	‎2025‎-‎03‎-‎14T07:04:31.875507000Z"
"14.03.2025 12:08:22","101","Ошибка","Microsoft-Windows-Diagnostics-Performance","Это приложение загружалось дольше обычного, что привело к замедлению процесса запуска системы: 
    Имя файла		:	AdGuardVpn.exe
    Понятное имя		:	AdGuard VPN for Windows
    Версия		:	2.5.1700.0
    Общее время		:	18457мс
    Время замедления	:	13457мс
    Время события (UTC)	:	‎2025‎-‎03‎-‎14T07:04:31.875507000Z"
"14.03.2025 12:08:22","100","Ошибка","Microsoft-Windows-Diagnostics-Performance","Windows запущена: 
     Длительность загрузки		:	50194ms
     IsDegradation		:	false
     Время события (UTC)	:	‎2025‎-‎03‎-‎14T07:04:31.875507000Z"
"13.03.2025 14:27:03","101","Предупреждение","Microsoft-Windows-Diagnostics-Performance","Это приложение загружалось дольше обычного, что привело к замедлению процесса запуска системы: 
    Имя файла		:	NVIDIA Overlay.exe
    Понятное имя		:	NVIDIA app
    Версия		:	103.0.12.8
    Общее время		:	3074мс
    Время замедления	:	574мс
    Время события (UTC)	:	‎2025‎-‎03‎-‎13T09:13:50.063048600Z"
"13.03.2025 14:27:03","101","Предупреждение","Microsoft-Windows-Diagnostics-Performance","Это приложение загружалось дольше обычного, что привело к замедлению процесса запуска системы: 
    Имя файла		:	nvcontainer.exe
    Понятное имя		:	NVIDIA Container
    Версия		:	gcomp_rel 34853667
    Общее время		:	8188мс
    Время замедления	:	688мс
    Время события (UTC)	:	‎2025‎-‎03‎-‎13T09:13:50.063048600Z"
"13.03.2025 14:27:03","101","Предупреждение","Microsoft-Windows-Diagnostics-Performance","Это приложение загружалось дольше обычного, что привело к замедлению процесса запуска системы: 
    Имя файла		:	explorer.exe
    Понятное имя		:	Проводник
    Версия		:	10.0.19041.4522 (WinBuild.160101.0800)
    Общее время		:	5789мс
    Время замедления	:	789мс
    Время события (UTC)	:	‎2025‎-‎03‎-‎13T09:13:50.063048600Z"
"13.03.2025 14:27:03","101","Предупреждение","Microsoft-Windows-Diagnostics-Performance","Это приложение загружалось дольше обычного, что привело к замедлению процесса запуска системы: 
    Имя файла		:	AdGuardVpn.exe
    Понятное имя		:	AdGuard VPN for Windows
    Версия		:	2.5.1700.0
    Общее время		:	19775мс
    Время замедления	:	14775мс
    Время события (UTC)	:	‎2025‎-‎03‎-‎13T09:13:50.063048600Z"
"13.03.2025 14:27:03","100","Ошибка","Microsoft-Windows-Diagnostics-Performance","Windows запущена: 
     Длительность загрузки		:	82974ms
     IsDegradation		:	false
     Время события (UTC)	:	‎2025‎-‎03‎-‎13T09:13:50.063048600Z"
"12.03.2025 17:30:50","500","Предупреждение","Microsoft-Windows-Diagnostics-Performance","Диспетчер окон рабочего стола испытывает недостаток ресурсов. 
    Сценарий	:	Не хватает ресурсов видеопамяти, что приводит к пробуксовке. Уменьшение количества запущенных программ и открытых окон может исправить эту ситуацию."
"12.03.2025 10:29:45","500","Предупреждение","Microsoft-Windows-Diagnostics-Performance","Диспетчер окон рабочего стола испытывает недостаток ресурсов. 
    Сценарий	:	Не хватает ресурсов видеопамяти, что приводит к пробуксовке. Уменьшение количества запущенных программ и открытых окон может исправить эту ситуацию."
"11.03.2025 12:49:25","101","Предупреждение","Microsoft-Windows-Diagnostics-Performance","Это приложение загружалось дольше обычного, что привело к замедлению процесса запуска системы: 
    Имя файла		:	svchost.exe
    Понятное имя		:	Хост-процесс для служб Windows
    Версия		:	10.0.19041.4522 (WinBuild.160101.0800)
    Общее время		:	2854мс
    Время замедления	:	1854мс
    Время события (UTC)	:	‎2025‎-‎03‎-‎11T07:47:11.859744600Z"
"11.03.2025 12:49:25","101","Предупреждение","Microsoft-Windows-Diagnostics-Performance","Это приложение загружалось дольше обычного, что привело к замедлению процесса запуска системы: 
    Имя файла		:	NVDisplay.Container.exe
    Понятное имя		:	NVIDIA Container
    Версия		:	gcomp_rel 33231171
    Общее время		:	2928мс
    Время замедления	:	1928мс
    Время события (UTC)	:	‎2025‎-‎03‎-‎11T07:47:11.859744600Z"
"11.03.2025 12:49:25","101","Предупреждение","Microsoft-Windows-Diagnostics-Performance","Это приложение загружалось дольше обычного, что привело к замедлению процесса запуска системы: 
    Имя файла		:	chrome.exe
    Понятное имя		:	Google Chrome
    Версия		:	133.0.6943.142
    Общее время		:	8304мс
    Время замедления	:	3304мс
    Время события (UTC)	:	‎2025‎-‎03‎-‎11T07:47:11.859744600Z"
"11.03.2025 12:49:25","100","Ошибка","Microsoft-Windows-Diagnostics-Performance","Windows запущена: 
     Длительность загрузки		:	78524ms
     IsDegradation		:	true
     Время события (UTC)	:	‎2025‎-‎03‎-‎11T07:47:11.859744600Z"
"11.03.2025 12:49:24","203","Ошибка","Microsoft-Windows-Diagnostics-Performance","Эта служба вызвала замедление процесса завершения работы системы: 
    Имя файла		:	DPS
    Понятное имя		:	Служба политики диагностики WDI
    Версия		:	10.0.19041.4522 (WinBuild.160101.0800)
    Общее время		:	4958мс
    Время замедления	:	958мс
    Время события (UTC)	:	‎2025‎-‎03‎-‎11T07:46:43.172663700Z"
"11.03.2025 12:49:24","200","Предупреждение","Microsoft-Windows-Diagnostics-Performance","Завершение работы Windows 
    Продолжительность завершения работы	:	11169мс
    IsDegradation		:	true
    Время события (UTC)	:	‎2025‎-‎03‎-‎11T07:46:43.172663700Z"
"10.03.2025 21:04:59","101","Предупреждение","Microsoft-Windows-Diagnostics-Performance","Это приложение загружалось дольше обычного, что привело к замедлению процесса запуска системы: 
    Имя файла		:	DeepL.exe
    Понятное имя		:	
    Версия		:	
    Общее время		:	8273мс
    Время замедления	:	3273мс
    Время события (UTC)	:	‎2025‎-‎03‎-‎10T14:30:05.875295500Z"
"10.03.2025 21:04:59","101","Предупреждение","Microsoft-Windows-Diagnostics-Performance","Это приложение загружалось дольше обычного, что привело к замедлению процесса запуска системы: 
    Имя файла		:	steam.exe
    Понятное имя		:	Steam
    Версия		:	09.48.97.91
    Общее время		:	8382мс
    Время замедления	:	3382мс
    Время события (UTC)	:	‎2025‎-‎03‎-‎10T14:30:05.875295500Z"
"10.03.2025 21:04:59","100","Предупреждение","Microsoft-Windows-Diagnostics-Performance","Windows запущена: 
     Длительность загрузки		:	60446ms
     IsDegradation		:	false
     Время события (UTC)	:	‎2025‎-‎03‎-‎10T14:30:05.875295500Z"
"09.03.2025 17:32:04","500","Предупреждение","Microsoft-Windows-Diagnostics-Performance","Диспетчер окон рабочего стола испытывает недостаток ресурсов. 
    Сценарий	:	Не хватает ресурсов видеопамяти, что приводит к пробуксовке. Уменьшение количества запущенных программ и открытых окон может исправить эту ситуацию."
"09.03.2025 7:22:03","500","Предупреждение","Microsoft-Windows-Diagnostics-Performance","Диспетчер окон рабочего стола испытывает недостаток ресурсов. 
    Сценарий	:	Не хватает ресурсов видеопамяти, что приводит к пробуксовке. Уменьшение количества запущенных программ и открытых окон может исправить эту ситуацию."
"07.03.2025 10:03:23","101","Предупреждение","Microsoft-Windows-Diagnostics-Performance","Это приложение загружалось дольше обычного, что привело к замедлению процесса запуска системы: 
    Имя файла		:	explorer.exe
    Понятное имя		:	Проводник
    Версия		:	10.0.19041.4522 (WinBuild.160101.0800)
    Общее время		:	3970мс
    Время замедления	:	1470мс
    Время события (UTC)	:	‎2025‎-‎03‎-‎07T05:00:53.844227800Z"
"07.03.2025 10:03:23","101","Предупреждение","Microsoft-Windows-Diagnostics-Performance","Это приложение загружалось дольше обычного, что привело к замедлению процесса запуска системы: 
    Имя файла		:	steam.exe
    Понятное имя		:	Steam
    Версия		:	09.48.97.91
    Общее время		:	7756мс
    Время замедления	:	2756мс
    Время события (UTC)	:	‎2025‎-‎03‎-‎07T05:00:53.844227800Z"
"07.03.2025 10:03:23","101","Предупреждение","Microsoft-Windows-Diagnostics-Performance","Это приложение загружалось дольше обычного, что привело к замедлению процесса запуска системы: 
    Имя файла		:	DeepL.exe
    Понятное имя		:	
    Версия		:	
    Общее время		:	8297мс
    Время замедления	:	3297мс
    Время события (UTC)	:	‎2025‎-‎03‎-‎07T05:00:53.844227800Z"
"07.03.2025 10:03:23","100","Ошибка","Microsoft-Windows-Diagnostics-Performance","Windows запущена: 
     Длительность загрузки		:	75261ms
     IsDegradation		:	true
     Время события (UTC)	:	‎2025‎-‎03‎-‎07T05:00:53.844227800Z"
"06.03.2025 19:17:35","101","Предупреждение","Microsoft-Windows-Diagnostics-Performance","Это приложение загружалось дольше обычного, что привело к замедлению процесса запуска системы: 
    Имя файла		:	explorer.exe
    Понятное имя		:	Проводник
    Версия		:	10.0.19041.4474 (WinBuild.160101.0800)
    Общее время		:	2803мс
    Время замедления	:	303мс
    Время события (UTC)	:	‎2025‎-‎03‎-‎06T14:15:10.844449300Z"
"06.03.2025 19:17:35","101","Предупреждение","Microsoft-Windows-Diagnostics-Performance","Это приложение загружалось дольше обычного, что привело к замедлению процесса запуска системы: 
    Имя файла		:	svchost.exe
    Понятное имя		:	Хост-процесс для служб Windows
    Версия		:	10.0.19041.1 (WinBuild.160101.0800)
    Общее время		:	6906мс
    Время замедления	:	1906мс
    Время события (UTC)	:	‎2025‎-‎03‎-‎06T14:15:10.844449300Z"
"06.03.2025 19:17:35","101","Предупреждение","Microsoft-Windows-Diagnostics-Performance","Это приложение загружалось дольше обычного, что привело к замедлению процесса запуска системы: 
    Имя файла		:	steam.exe
    Понятное имя		:	Steam
    Версия		:	09.48.97.91
    Общее время		:	8611мс
    Время замедления	:	3611мс
    Время события (UTC)	:	‎2025‎-‎03‎-‎06T14:15:10.844449300Z"
"06.03.2025 19:17:35","101","Предупреждение","Microsoft-Windows-Diagnostics-Performance","Это приложение загружалось дольше обычного, что привело к замедлению процесса запуска системы: 
    Имя файла		:	DeepL.exe
    Понятное имя		:	
    Версия		:	
    Общее время		:	9140мс
    Время замедления	:	4140мс
    Время события (UTC)	:	‎2025‎-‎03‎-‎06T14:15:10.844449300Z"
"06.03.2025 19:17:35","101","Предупреждение","Microsoft-Windows-Diagnostics-Performance","Это приложение загружалось дольше обычного, что привело к замедлению процесса запуска системы: 
    Имя файла		:	chrome.exe
    Понятное имя		:	Google Chrome
    Версия		:	133.0.6943.142
    Общее время		:	16170мс
    Время замедления	:	11170мс
    Время события (UTC)	:	‎2025‎-‎03‎-‎06T14:15:10.844449300Z"
"06.03.2025 19:17:35","100","Ошибка","Microsoft-Windows-Diagnostics-Performance","Windows запущена: 
     Длительность загрузки		:	75340ms
     IsDegradation		:	true
     Время события (UTC)	:	‎2025‎-‎03‎-‎06T14:15:10.844449300Z"
"05.03.2025 20:13:22","500","Предупреждение","Microsoft-Windows-Diagnostics-Performance","Диспетчер окон рабочего стола испытывает недостаток ресурсов. 
    Сценарий	:	Не хватает ресурсов видеопамяти, что приводит к пробуксовке. Уменьшение количества запущенных программ и открытых окон может исправить эту ситуацию."
"05.03.2025 13:38:37","101","Предупреждение","Microsoft-Windows-Diagnostics-Performance","Это приложение загружалось дольше обычного, что привело к замедлению процесса запуска системы: 
    Имя файла		:	explorer.exe
    Понятное имя		:	Проводник
    Версия		:	10.0.19041.4474 (WinBuild.160101.0800)
    Общее время		:	2538мс
    Время замедления	:	38мс
    Время события (UTC)	:	‎2025‎-‎03‎-‎05T08:36:35.844209800Z"
"05.03.2025 13:38:37","101","Предупреждение","Microsoft-Windows-Diagnostics-Performance","Это приложение загружалось дольше обычного, что привело к замедлению процесса запуска системы: 
    Имя файла		:	browser.exe
    Понятное имя		:	Yandex with voice assistant Alice
    Версия		:	24.12.4.1051
    Общее время		:	5399мс
    Время замедления	:	399мс
    Время события (UTC)	:	‎2025‎-‎03‎-‎05T08:36:35.844209800Z"
"05.03.2025 13:38:37","100","Предупреждение","Microsoft-Windows-Diagnostics-Performance","Windows запущена: 
     Длительность загрузки		:	28396ms
     IsDegradation		:	false
     Время события (UTC)	:	‎2025‎-‎03‎-‎05T08:36:35.844209800Z"
"05.03.2025 13:38:37","200","Предупреждение","Microsoft-Windows-Diagnostics-Performance","Завершение работы Windows 
    Продолжительность завершения работы	:	3906мс
    IsDegradation		:	false
    Время события (UTC)	:	‎2025‎-‎03‎-‎05T08:36:13.698042100Z"
"04.03.2025 21:12:04","100","Предупреждение","Microsoft-Windows-Diagnostics-Performance","Windows запущена: 
     Длительность загрузки		:	26746ms
     IsDegradation		:	false
     Время события (UTC)	:	‎2025‎-‎03‎-‎04T16:10:02.859787600Z"
"04.03.2025 21:12:04","200","Предупреждение","Microsoft-Windows-Diagnostics-Performance","Завершение работы Windows 
    Продолжительность завершения работы	:	4687мс
    IsDegradation		:	false
    Время события (UTC)	:	‎2025‎-‎03‎-‎04T18:09:40.102310800Z"
"04.03.2025 22:38:42","100","Критический","Microsoft-Windows-Diagnostics-Performance","Windows запущена: 
     Длительность загрузки		:	202472ms
     IsDegradation		:	false
     Время события (UTC)	:	‎2025‎-‎03‎-‎04T17:33:58.828850200Z"
