"14.10.2025 12:59:18","500","Предупреждение","Microsoft-Windows-Diagnostics-Performance","Диспетчер окон рабочего стола испытывает недостаток ресурсов. 
    Сценарий	:	Не хватает ресурсов видеопамяти, что приводит к пробуксовке. Уменьшение количества запущенных программ и открытых окон может исправить эту ситуацию."
"13.10.2025 8:14:31","200","Ошибка","Microsoft-Windows-Diagnostics-Performance","Завершение работы Windows 
    Продолжительность завершения работы	:	60966мс
    IsDegradation		:	false
    Время события (UTC)	:	‎2025‎-‎10‎-‎12T18:03:20.761476100Z"
"11.10.2025 23:33:54","200","Предупреждение","Microsoft-Windows-Diagnostics-Performance","Завершение работы Windows 
    Продолжительность завершения работы	:	9404мс
    IsDegradation		:	false
    Время события (UTC)	:	‎2025‎-‎10‎-‎11T00:01:30.380823900Z"
"11.10.2025 1:51:19","500","Предупреждение","Microsoft-Windows-Diagnostics-Performance","Диспетчер окон рабочего стола испытывает недостаток ресурсов. 
    Сценарий	:	Не хватает ресурсов видеопамяти, что приводит к пробуксовке. Уменьшение количества запущенных программ и открытых окон может исправить эту ситуацию."
"10.10.2025 22:30:46","500","Предупреждение","Microsoft-Windows-Diagnostics-Performance","Диспетчер окон рабочего стола испытывает недостаток ресурсов. 
    Сценарий	:	Не хватает ресурсов видеопамяти, что приводит к пробуксовке. Уменьшение количества запущенных программ и открытых окон может исправить эту ситуацию."
"10.10.2025 21:33:02","500","Предупреждение","Microsoft-Windows-Diagnostics-Performance","Диспетчер окон рабочего стола испытывает недостаток ресурсов. 
    Сценарий	:	Не хватает ресурсов видеопамяти, что приводит к пробуксовке. Уменьшение количества запущенных программ и открытых окон может исправить эту ситуацию."
"10.10.2025 14:52:48","500","Предупреждение","Microsoft-Windows-Diagnostics-Performance","Диспетчер окон рабочего стола испытывает недостаток ресурсов. 
    Сценарий	:	Не хватает ресурсов видеопамяти, что приводит к пробуксовке. Уменьшение количества запущенных программ и открытых окон может исправить эту ситуацию."
"08.10.2025 13:00:28","203","Предупреждение","Microsoft-Windows-Diagnostics-Performance","Эта служба вызвала замедление процесса завершения работы системы: 
    Имя файла		:	WlanSvc
    Понятное имя		:	Библиотека DLL службы автоматической настройки беспроводной локальной сети Windows
    Версия		:	10.0.19041.4522 (WinBuild.160101.0800)
    Общее время		:	2905мс
    Время замедления	:	1445мс
    Время события (UTC)	:	‎2025‎-‎10‎-‎07T01:02:50.669265400Z"
"08.10.2025 13:00:28","200","Предупреждение","Microsoft-Windows-Diagnostics-Performance","Завершение работы Windows 
    Продолжительность завершения работы	:	19531мс
    IsDegradation		:	true
    Время события (UTC)	:	‎2025‎-‎10‎-‎07T01:02:50.669265400Z"
"06.10.2025 23:34:25","500","Предупреждение","Microsoft-Windows-Diagnostics-Performance","Диспетчер окон рабочего стола испытывает недостаток ресурсов. 
    Сценарий	:	Не хватает ресурсов видеопамяти, что приводит к пробуксовке. Уменьшение количества запущенных программ и открытых окон может исправить эту ситуацию."
"04.10.2025 22:36:54","200","Предупреждение","Microsoft-Windows-Diagnostics-Performance","Завершение работы Windows 
    Продолжительность завершения работы	:	14272мс
    IsDegradation		:	false
    Время события (UTC)	:	‎2025‎-‎10‎-‎04T17:33:35.536540300Z"
"04.10.2025 4:08:43","200","Предупреждение","Microsoft-Windows-Diagnostics-Performance","Завершение работы Windows 
    Продолжительность завершения работы	:	9449мс
    IsDegradation		:	false
    Время события (UTC)	:	‎2025‎-‎10‎-‎03T23:05:26.687312000Z"
"29.09.2025 16:28:55","500","Предупреждение","Microsoft-Windows-Diagnostics-Performance","Диспетчер окон рабочего стола испытывает недостаток ресурсов. 
    Сценарий	:	Не хватает ресурсов видеопамяти, что приводит к пробуксовке. Уменьшение количества запущенных программ и открытых окон может исправить эту ситуацию."
"29.09.2025 12:13:35","200","Предупреждение","Microsoft-Windows-Diagnostics-Performance","Завершение работы Windows 
    Продолжительность завершения работы	:	10009мс
    IsDegradation		:	true
    Время события (UTC)	:	‎2025‎-‎09‎-‎28T18:25:53.182058600Z"
"28.09.2025 11:27:16","200","Предупреждение","Microsoft-Windows-Diagnostics-Performance","Завершение работы Windows 
    Продолжительность завершения работы	:	8854мс
    IsDegradation		:	false
    Время события (UTC)	:	‎2025‎-‎09‎-‎27T17:03:15.893684200Z"
"19.09.2025 13:32:31","200","Предупреждение","Microsoft-Windows-Diagnostics-Performance","Завершение работы Windows 
    Продолжительность завершения работы	:	6793мс
    IsDegradation		:	false
    Время события (UTC)	:	‎2025‎-‎09‎-‎18T20:41:25.739600700Z"
"16.09.2025 20:10:13","200","Предупреждение","Microsoft-Windows-Diagnostics-Performance","Завершение работы Windows 
    Продолжительность завершения работы	:	8361мс
    IsDegradation		:	false
    Время события (UTC)	:	‎2025‎-‎09‎-‎16T15:07:05.230624600Z"
"05.09.2025 17:56:01","500","Предупреждение","Microsoft-Windows-Diagnostics-Performance","Диспетчер окон рабочего стола испытывает недостаток ресурсов. 
    Сценарий	:	Не хватает ресурсов видеопамяти, что приводит к пробуксовке. Уменьшение количества запущенных программ и открытых окон может исправить эту ситуацию."
"04.09.2025 21:07:19","100","Ошибка","Microsoft-Windows-Diagnostics-Performance","Windows запущена: 
     Длительность загрузки		:	113289ms
     IsDegradation		:	false
     Время события (UTC)	:	‎2025‎-‎09‎-‎04T16:04:40.906624900Z"
"04.09.2025 21:07:15","200","Предупреждение","Microsoft-Windows-Diagnostics-Performance","Завершение работы Windows 
    Продолжительность завершения работы	:	12540мс
    IsDegradation		:	false
    Время события (UTC)	:	‎2025‎-‎09‎-‎04T12:59:26.625576200Z"
"29.08.2025 12:08:48","101","Предупреждение","Microsoft-Windows-Diagnostics-Performance","Это приложение загружалось дольше обычного, что привело к замедлению процесса запуска системы: 
    Имя файла		:	NVIDIA Overlay.exe
    Понятное имя		:	NVIDIA App
    Версия		:	128.4.13.11
    Общее время		:	4479мс
    Время замедления	:	1408мс
    Время события (UTC)	:	‎2025‎-‎08‎-‎29T07:06:25.891165800Z"
"29.08.2025 12:08:48","101","Предупреждение","Microsoft-Windows-Diagnostics-Performance","Это приложение загружалось дольше обычного, что привело к замедлению процесса запуска системы: 
    Имя файла		:	AdGuardVpnSvc.exe
    Понятное имя		:	AdGuard VPN for Windows
    Версия		:	2.7.1800.0
    Общее время		:	10342мс
    Время замедления	:	5018мс
    Время события (UTC)	:	‎2025‎-‎08‎-‎29T07:06:25.891165800Z"
"29.08.2025 12:08:48","101","Предупреждение","Microsoft-Windows-Diagnostics-Performance","Это приложение загружалось дольше обычного, что привело к замедлению процесса запуска системы: 
    Имя файла		:	CorelDRW.exe
    Понятное имя		:	CorelDRAW 2024 (64-Bit)
    Версия		:	25.2.1.313
    Общее время		:	19733мс
    Время замедления	:	14733мс
    Время события (UTC)	:	‎2025‎-‎08‎-‎29T07:06:25.891165800Z"
"29.08.2025 12:08:48","100","Ошибка","Microsoft-Windows-Diagnostics-Performance","Windows запущена: 
     Длительность загрузки		:	103336ms
     IsDegradation		:	false
     Время события (UTC)	:	‎2025‎-‎08‎-‎29T07:06:25.891165800Z"
"29.08.2025 12:08:43","200","Предупреждение","Microsoft-Windows-Diagnostics-Performance","Завершение работы Windows 
    Продолжительность завершения работы	:	13399мс
    IsDegradation		:	true
    Время события (UTC)	:	‎2025‎-‎08‎-‎29T07:05:53.024884500Z"
"25.08.2025 10:50:30","101","Предупреждение","Microsoft-Windows-Diagnostics-Performance","Это приложение загружалось дольше обычного, что привело к замедлению процесса запуска системы: 
    Имя файла		:	steam.exe
    Понятное имя		:	Steam
    Версия		:	09.86.62.31
    Общее время		:	15144мс
    Время замедления	:	9371мс
    Время события (UTC)	:	‎2025‎-‎08‎-‎25T05:47:42.875487300Z"
"25.08.2025 10:50:30","100","Ошибка","Microsoft-Windows-Diagnostics-Performance","Windows запущена: 
     Длительность загрузки		:	119485ms
     IsDegradation		:	false
     Время события (UTC)	:	‎2025‎-‎08‎-‎25T05:47:42.875487300Z"
"25.08.2025 10:50:25","203","Предупреждение","Microsoft-Windows-Diagnostics-Performance","Эта служба вызвала замедление процесса завершения работы системы: 
    Имя файла		:	WlanSvc
    Понятное имя		:	Библиотека DLL службы автоматической настройки беспроводной локальной сети Windows
    Версия		:	10.0.19041.4522 (WinBuild.160101.0800)
    Общее время		:	1144мс
    Время замедления	:	315мс
    Время события (UTC)	:	‎2025‎-‎08‎-‎25T05:47:18.277100300Z"
"25.08.2025 10:50:25","200","Предупреждение","Microsoft-Windows-Diagnostics-Performance","Завершение работы Windows 
    Продолжительность завершения работы	:	7090мс
    IsDegradation		:	true
    Время события (UTC)	:	‎2025‎-‎08‎-‎25T05:47:18.277100300Z"
"25.08.2025 10:37:38","101","Предупреждение","Microsoft-Windows-Diagnostics-Performance","Это приложение загружалось дольше обычного, что привело к замедлению процесса запуска системы: 
    Имя файла		:	sppsvc.exe
    Понятное имя		:	Служба платформы защиты программного обеспечения Майкрософт
    Версия		:	10.0.19041.4522 (WinBuild.160101.0800)
    Общее время		:	944мс
    Время замедления	:	347мс
    Время события (UTC)	:	‎2025‎-‎08‎-‎25T05:34:26.094624500Z"
"25.08.2025 10:37:38","101","Предупреждение","Microsoft-Windows-Diagnostics-Performance","Это приложение загружалось дольше обычного, что привело к замедлению процесса запуска системы: 
    Имя файла		:	AdGuardVpnSvc.exe
    Понятное имя		:	AdGuard VPN for Windows
    Версия		:	2.6.1782.0
    Общее время		:	10184мс
    Время замедления	:	5440мс
    Время события (UTC)	:	‎2025‎-‎08‎-‎25T05:34:26.094624500Z"
"25.08.2025 10:37:38","101","Предупреждение","Microsoft-Windows-Diagnostics-Performance","Это приложение загружалось дольше обычного, что привело к замедлению процесса запуска системы: 
    Имя файла		:	steam.exe
    Понятное имя		:	Steam
    Версия		:	09.86.62.31
    Общее время		:	20892мс
    Время замедления	:	12280мс
    Время события (UTC)	:	‎2025‎-‎08‎-‎25T05:34:26.094624500Z"
"25.08.2025 10:37:38","101","Предупреждение","Microsoft-Windows-Diagnostics-Performance","Это приложение загружалось дольше обычного, что привело к замедлению процесса запуска системы: 
    Имя файла		:	QHActiveDefense.exe
    Понятное имя		:	360 Total Security
    Версия		:	10,0,0,1210
    Общее время		:	28491мс
    Время замедления	:	23491мс
    Время события (UTC)	:	‎2025‎-‎08‎-‎25T05:34:26.094624500Z"
"25.08.2025 10:37:38","100","Критический","Microsoft-Windows-Diagnostics-Performance","Windows запущена: 
     Длительность загрузки		:	176889ms
     IsDegradation		:	false
     Время события (UTC)	:	‎2025‎-‎08‎-‎25T05:34:26.094624500Z"
"25.08.2025 10:37:33","203","Ошибка","Microsoft-Windows-Diagnostics-Performance","Эта служба вызвала замедление процесса завершения работы системы: 
    Имя файла		:	QHActiveDefense
    Понятное имя		:	
    Версия		:	
    Общее время		:	6276мс
    Время замедления	:	2276мс
    Время события (UTC)	:	‎2025‎-‎08‎-‎25T05:33:47.945918100Z"
"25.08.2025 10:37:33","200","Предупреждение","Microsoft-Windows-Diagnostics-Performance","Завершение работы Windows 
    Продолжительность завершения работы	:	18217мс
    IsDegradation		:	false
    Время события (UTC)	:	‎2025‎-‎08‎-‎25T05:33:47.945918100Z"
"24.08.2025 14:38:11","203","Ошибка","Microsoft-Windows-Diagnostics-Performance","Эта служба вызвала замедление процесса завершения работы системы: 
    Имя файла		:	QHActiveDefense
    Понятное имя		:	
    Версия		:	
    Общее время		:	6365мс
    Время замедления	:	2365мс
    Время события (UTC)	:	‎2025‎-‎08‎-‎24T09:34:29.616869200Z"
"24.08.2025 14:38:11","200","Предупреждение","Microsoft-Windows-Diagnostics-Performance","Завершение работы Windows 
    Продолжительность завершения работы	:	18232мс
    IsDegradation		:	false
    Время события (UTC)	:	‎2025‎-‎08‎-‎24T09:34:29.616869200Z"
"20.08.2025 18:27:09","101","Предупреждение","Microsoft-Windows-Diagnostics-Performance","Это приложение загружалось дольше обычного, что привело к замедлению процесса запуска системы: 
    Имя файла		:	QHActiveDefense.exe
    Понятное имя		:	360 Total Security
    Версия		:	10,0,0,1210
    Общее время		:	27690мс
    Время замедления	:	22690мс
    Время события (UTC)	:	‎2025‎-‎08‎-‎20T13:24:00.875249900Z"
"20.08.2025 18:27:09","100","Критический","Microsoft-Windows-Diagnostics-Performance","Windows запущена: 
     Длительность загрузки		:	167296ms
     IsDegradation		:	true
     Время события (UTC)	:	‎2025‎-‎08‎-‎20T13:24:00.875249900Z"
"20.08.2025 18:27:05","203","Предупреждение","Microsoft-Windows-Diagnostics-Performance","Эта служба вызвала замедление процесса завершения работы системы: 
    Имя файла		:	QHActiveDefense
    Понятное имя		:	
    Версия		:	
    Общее время		:	5242мс
    Время замедления	:	1242мс
    Время события (UTC)	:	‎2025‎-‎08‎-‎20T13:23:21.921469800Z"
"20.08.2025 18:27:05","200","Предупреждение","Microsoft-Windows-Diagnostics-Performance","Завершение работы Windows 
    Продолжительность завершения работы	:	18812мс
    IsDegradation		:	false
    Время события (UTC)	:	‎2025‎-‎08‎-‎20T13:23:21.921469800Z"
"20.08.2025 9:46:39","101","Предупреждение","Microsoft-Windows-Diagnostics-Performance","Это приложение загружалось дольше обычного, что привело к замедлению процесса запуска системы: 
    Имя файла		:	steamwebhelper.exe
    Понятное имя		:	Steam Client WebHelper
    Версия		:	09.86.62.31
    Общее время		:	23300мс
    Время замедления	:	24191мс
    Время события (UTC)	:	‎2025‎-‎08‎-‎20T04:44:07.875462600Z"
"20.08.2025 9:46:39","100","Критический","Microsoft-Windows-Diagnostics-Performance","Windows запущена: 
     Длительность загрузки		:	115019ms
     IsDegradation		:	false
     Время события (UTC)	:	‎2025‎-‎08‎-‎20T04:44:07.875462600Z"
"20.08.2025 9:46:35","200","Предупреждение","Microsoft-Windows-Diagnostics-Performance","Завершение работы Windows 
    Продолжительность завершения работы	:	8340мс
    IsDegradation		:	false
    Время события (UTC)	:	‎2025‎-‎08‎-‎19T18:26:43.813873000Z"
"18.08.2025 8:17:20","101","Предупреждение","Microsoft-Windows-Diagnostics-Performance","Это приложение загружалось дольше обычного, что привело к замедлению процесса запуска системы: 
    Имя файла		:	SearchIndexer.exe
    Понятное имя		:	Индексатор службы Microsoft Windows Search
    Версия		:	7.0.19041.4522 (WinBuild.160101.0800)
    Общее время		:	936мс
    Время замедления	:	213мс
    Время события (UTC)	:	‎2025‎-‎08‎-‎18T03:11:56.110377600Z"
"18.08.2025 8:17:20","100","Ошибка","Microsoft-Windows-Diagnostics-Performance","Windows запущена: 
     Длительность загрузки		:	93695ms
     IsDegradation		:	false
     Время события (UTC)	:	‎2025‎-‎08‎-‎18T03:11:56.110377600Z"
"18.08.2025 8:17:13","200","Предупреждение","Microsoft-Windows-Diagnostics-Performance","Завершение работы Windows 
    Продолжительность завершения работы	:	6303мс
    IsDegradation		:	false
    Время события (UTC)	:	‎2025‎-‎08‎-‎17T17:44:12.860464400Z"
"16.08.2025 21:48:05","100","Предупреждение","Microsoft-Windows-Diagnostics-Performance","Windows запущена: 
     Длительность загрузки		:	71541ms
     IsDegradation		:	false
     Время события (UTC)	:	‎2025‎-‎08‎-‎16T16:45:39.875399600Z"
"15.08.2025 19:56:12","100","Ошибка","Microsoft-Windows-Diagnostics-Performance","Windows запущена: 
     Длительность загрузки		:	129061ms
     IsDegradation		:	false
     Время события (UTC)	:	‎2025‎-‎08‎-‎15T14:53:06.891081200Z"
"15.08.2025 19:56:09","200","Предупреждение","Microsoft-Windows-Diagnostics-Performance","Завершение работы Windows 
    Продолжительность завершения работы	:	8456мс
    IsDegradation		:	false
    Время события (UTC)	:	‎2025‎-‎08‎-‎15T13:51:18.318738700Z"
"13.08.2025 21:07:52","100","Ошибка","Microsoft-Windows-Diagnostics-Performance","Windows запущена: 
     Длительность загрузки		:	84177ms
     IsDegradation		:	false
     Время события (UTC)	:	‎2025‎-‎08‎-‎13T16:05:16.875471500Z"
"13.08.2025 9:07:16","500","Предупреждение","Microsoft-Windows-Diagnostics-Performance","Диспетчер окон рабочего стола испытывает недостаток ресурсов. 
    Сценарий	:	Не хватает ресурсов видеопамяти, что приводит к пробуксовке. Уменьшение количества запущенных программ и открытых окон может исправить эту ситуацию."
"11.08.2025 17:24:35","100","Ошибка","Microsoft-Windows-Diagnostics-Performance","Windows запущена: 
     Длительность загрузки		:	102207ms
     IsDegradation		:	false
     Время события (UTC)	:	‎2025‎-‎08‎-‎11T12:20:50.875491300Z"
"11.08.2025 7:49:05","100","Ошибка","Microsoft-Windows-Diagnostics-Performance","Windows запущена: 
     Длительность загрузки		:	105919ms
     IsDegradation		:	false
     Время события (UTC)	:	‎2025‎-‎08‎-‎11T02:43:44.094150000Z"
"10.08.2025 16:19:46","100","Ошибка","Microsoft-Windows-Diagnostics-Performance","Windows запущена: 
     Длительность загрузки		:	130494ms
     IsDegradation		:	true
     Время события (UTC)	:	‎2025‎-‎08‎-‎10T11:16:49.859871600Z"
"10.08.2025 16:19:43","200","Предупреждение","Microsoft-Windows-Diagnostics-Performance","Завершение работы Windows 
    Продолжительность завершения работы	:	11336мс
    IsDegradation		:	false
    Время события (UTC)	:	‎2025‎-‎08‎-‎10T10:09:40.533319000Z"
"10.08.2025 11:06:23","500","Предупреждение","Microsoft-Windows-Diagnostics-Performance","Диспетчер окон рабочего стола испытывает недостаток ресурсов. 
    Сценарий	:	Не хватает ресурсов видеопамяти, что приводит к пробуксовке. Уменьшение количества запущенных программ и открытых окон может исправить эту ситуацию."
"10.08.2025 9:06:41","200","Предупреждение","Microsoft-Windows-Diagnostics-Performance","Завершение работы Windows 
    Продолжительность завершения работы	:	7710мс
    IsDegradation		:	false
    Время события (UTC)	:	‎2025‎-‎08‎-‎09T16:55:53.533183300Z"
"09.08.2025 7:10:27","100","Ошибка","Microsoft-Windows-Diagnostics-Performance","Windows запущена: 
     Длительность загрузки		:	109281ms
     IsDegradation		:	false
     Время события (UTC)	:	‎2025‎-‎08‎-‎09T02:07:59.875913600Z"
"09.08.2025 7:10:23","200","Предупреждение","Microsoft-Windows-Diagnostics-Performance","Завершение работы Windows 
    Продолжительность завершения работы	:	12273мс
    IsDegradation		:	false
    Время события (UTC)	:	‎2025‎-‎08‎-‎09T02:07:27.774357100Z"
"07.08.2025 20:38:48","100","Ошибка","Microsoft-Windows-Diagnostics-Performance","Windows запущена: 
     Длительность загрузки		:	103955ms
     IsDegradation		:	false
     Время события (UTC)	:	‎2025‎-‎08‎-‎07T14:56:10.875516700Z"
"07.08.2025 15:02:36","500","Предупреждение","Microsoft-Windows-Diagnostics-Performance","Диспетчер окон рабочего стола испытывает недостаток ресурсов. 
    Сценарий	:	Не хватает ресурсов видеопамяти, что приводит к пробуксовке. Уменьшение количества запущенных программ и открытых окон может исправить эту ситуацию."
"06.08.2025 9:17:59","100","Ошибка","Microsoft-Windows-Diagnostics-Performance","Windows запущена: 
     Длительность загрузки		:	107806ms
     IsDegradation		:	false
     Время события (UTC)	:	‎2025‎-‎08‎-‎06T04:15:02.906471900Z"
"05.08.2025 8:19:14","100","Ошибка","Microsoft-Windows-Diagnostics-Performance","Windows запущена: 
     Длительность загрузки		:	103053ms
     IsDegradation		:	false
     Время события (UTC)	:	‎2025‎-‎08‎-‎05T02:43:05.860122600Z"
"04.08.2025 3:35:23","100","Ошибка","Microsoft-Windows-Diagnostics-Performance","Windows запущена: 
     Длительность загрузки		:	87021ms
     IsDegradation		:	false
     Время события (UTC)	:	‎2025‎-‎08‎-‎03T22:32:39.859901500Z"
"04.08.2025 1:21:48","101","Предупреждение","Microsoft-Windows-Diagnostics-Performance","Это приложение загружалось дольше обычного, что привело к замедлению процесса запуска системы: 
    Имя файла		:	nvcontainer.exe
    Понятное имя		:	NVIDIA Container
    Версия		:	gcomp_rel 34853667
    Общее время		:	4111мс
    Время замедления	:	992мс
    Время события (UTC)	:	‎2025‎-‎08‎-‎03T20:19:19.078824200Z"
"04.08.2025 1:21:48","100","Ошибка","Microsoft-Windows-Diagnostics-Performance","Windows запущена: 
     Длительность загрузки		:	114103ms
     IsDegradation		:	false
     Время события (UTC)	:	‎2025‎-‎08‎-‎03T20:19:19.078824200Z"
"04.08.2025 1:21:45","200","Предупреждение","Microsoft-Windows-Diagnostics-Performance","Завершение работы Windows 
    Продолжительность завершения работы	:	20052мс
    IsDegradation		:	false
    Время события (UTC)	:	‎2025‎-‎08‎-‎03T20:18:33.457167900Z"
"29.07.2025 8:58:19","100","Ошибка","Microsoft-Windows-Diagnostics-Performance","Windows запущена: 
     Длительность загрузки		:	79906ms
     IsDegradation		:	false
     Время события (UTC)	:	‎2025‎-‎07‎-‎29T03:55:44.859780200Z"
"27.07.2025 7:10:57","100","Предупреждение","Microsoft-Windows-Diagnostics-Performance","Windows запущена: 
     Длительность загрузки		:	80852ms
     IsDegradation		:	false
     Время события (UTC)	:	‎2025‎-‎07‎-‎27T02:08:21.078604900Z"
"24.07.2025 18:24:14","100","Ошибка","Microsoft-Windows-Diagnostics-Performance","Windows запущена: 
     Длительность загрузки		:	82911ms
     IsDegradation		:	false
     Время события (UTC)	:	‎2025‎-‎07‎-‎24T13:21:44.859862600Z"
"24.07.2025 8:56:23","101","Предупреждение","Microsoft-Windows-Diagnostics-Performance","Это приложение загружалось дольше обычного, что привело к замедлению процесса запуска системы: 
    Имя файла		:	sppsvc.exe
    Понятное имя		:	Служба платформы защиты программного обеспечения Майкрософт
    Версия		:	10.0.19041.4522 (WinBuild.160101.0800)
    Общее время		:	814мс
    Время замедления	:	371мс
    Время события (UTC)	:	‎2025‎-‎07‎-‎24T03:53:30.859909700Z"
"24.07.2025 8:56:23","100","Ошибка","Microsoft-Windows-Diagnostics-Performance","Windows запущена: 
     Длительность загрузки		:	92553ms
     IsDegradation		:	false
     Время события (UTC)	:	‎2025‎-‎07‎-‎24T03:53:30.859909700Z"
"24.07.2025 7:50:03","100","Ошибка","Microsoft-Windows-Diagnostics-Performance","Windows запущена: 
     Длительность загрузки		:	98111ms
     IsDegradation		:	false
     Время события (UTC)	:	‎2025‎-‎07‎-‎24T02:47:10.891191400Z"
"19.07.2025 12:00:19","100","Ошибка","Microsoft-Windows-Diagnostics-Performance","Windows запущена: 
     Длительность загрузки		:	98200ms
     IsDegradation		:	true
     Время события (UTC)	:	‎2025‎-‎07‎-‎19T06:57:37.078648700Z"
"18.07.2025 8:34:21","100","Критический","Microsoft-Windows-Diagnostics-Performance","Windows запущена: 
     Длительность загрузки		:	123686ms
     IsDegradation		:	false
     Время события (UTC)	:	‎2025‎-‎07‎-‎18T03:31:55.859877400Z"
"18.07.2025 8:34:18","200","Предупреждение","Microsoft-Windows-Diagnostics-Performance","Завершение работы Windows 
    Продолжительность завершения работы	:	7374мс
    IsDegradation		:	false
    Время события (UTC)	:	‎2025‎-‎07‎-‎18T03:31:27.934830300Z"
"16.07.2025 8:41:04","100","Ошибка","Microsoft-Windows-Diagnostics-Performance","Windows запущена: 
     Длительность загрузки		:	75382ms
     IsDegradation		:	false
     Время события (UTC)	:	‎2025‎-‎07‎-‎16T03:38:39.875426300Z"
"16.07.2025 2:02:17","500","Предупреждение","Microsoft-Windows-Diagnostics-Performance","Диспетчер окон рабочего стола испытывает недостаток ресурсов. 
    Сценарий	:	Не хватает ресурсов видеопамяти, что приводит к пробуксовке. Уменьшение количества запущенных программ и открытых окон может исправить эту ситуацию."
"15.07.2025 22:29:39","100","Ошибка","Microsoft-Windows-Diagnostics-Performance","Windows запущена: 
     Длительность загрузки		:	118496ms
     IsDegradation		:	false
     Время события (UTC)	:	‎2025‎-‎07‎-‎15T17:26:59.859799500Z"
"15.07.2025 22:29:37","200","Предупреждение","Microsoft-Windows-Diagnostics-Performance","Завершение работы Windows 
    Продолжительность завершения работы	:	18974мс
    IsDegradation		:	false
    Время события (UTC)	:	‎2025‎-‎07‎-‎15T17:26:22.331427900Z"
"15.07.2025 12:54:39","100","Ошибка","Microsoft-Windows-Diagnostics-Performance","Windows запущена: 
     Длительность загрузки		:	84660ms
     IsDegradation		:	false
     Время события (UTC)	:	‎2025‎-‎07‎-‎15T07:51:44.859649800Z"
"14.07.2025 20:49:08","100","Предупреждение","Microsoft-Windows-Diagnostics-Performance","Windows запущена: 
     Длительность загрузки		:	74396ms
     IsDegradation		:	false
     Время события (UTC)	:	‎2025‎-‎07‎-‎14T15:46:52.859562600Z"
"14.07.2025 20:49:06","200","Предупреждение","Microsoft-Windows-Diagnostics-Performance","Завершение работы Windows 
    Продолжительность завершения работы	:	13075мс
    IsDegradation		:	false
    Время события (UTC)	:	‎2025‎-‎07‎-‎14T15:46:21.672045100Z"
"14.07.2025 20:20:43","500","Предупреждение","Microsoft-Windows-Diagnostics-Performance","Диспетчер окон рабочего стола испытывает недостаток ресурсов. 
    Сценарий	:	Не хватает ресурсов видеопамяти, что приводит к пробуксовке. Уменьшение количества запущенных программ и открытых окон может исправить эту ситуацию."
"14.07.2025 13:49:27","100","Ошибка","Microsoft-Windows-Diagnostics-Performance","Windows запущена: 
     Длительность загрузки		:	75125ms
     IsDegradation		:	false
     Время события (UTC)	:	‎2025‎-‎07‎-‎14T08:47:01.907089300Z"
"11.07.2025 14:07:08","101","Предупреждение","Microsoft-Windows-Diagnostics-Performance","Это приложение загружалось дольше обычного, что привело к замедлению процесса запуска системы: 
    Имя файла		:	sppsvc.exe
    Понятное имя		:	Служба платформы защиты программного обеспечения Майкрософт
    Версия		:	10.0.19041.4522 (WinBuild.160101.0800)
    Общее время		:	2464мс
    Время замедления	:	1464мс
    Время события (UTC)	:	‎2025‎-‎07‎-‎11T09:04:38.078591100Z"
"11.07.2025 14:07:08","101","Предупреждение","Microsoft-Windows-Diagnostics-Performance","Это приложение загружалось дольше обычного, что привело к замедлению процесса запуска системы: 
    Имя файла		:	AdGuardVpnSvc.exe
    Понятное имя		:	AdGuard VPN for Windows
    Версия		:	2.6.1782.0
    Общее время		:	11011мс
    Время замедления	:	6095мс
    Время события (UTC)	:	‎2025‎-‎07‎-‎11T09:04:38.078591100Z"
"11.07.2025 14:07:08","100","Предупреждение","Microsoft-Windows-Diagnostics-Performance","Windows запущена: 
     Длительность загрузки		:	77154ms
     IsDegradation		:	false
     Время события (UTC)	:	‎2025‎-‎07‎-‎11T09:04:38.078591100Z"
"10.07.2025 16:36:31","500","Предупреждение","Microsoft-Windows-Diagnostics-Performance","Диспетчер окон рабочего стола испытывает недостаток ресурсов. 
    Сценарий	:	Не хватает ресурсов видеопамяти, что приводит к пробуксовке. Уменьшение количества запущенных программ и открытых окон может исправить эту ситуацию."
"09.07.2025 15:00:13","101","Предупреждение","Microsoft-Windows-Diagnostics-Performance","Это приложение загружалось дольше обычного, что привело к замедлению процесса запуска системы: 
    Имя файла		:	AdGuardVpnSvc.exe
    Понятное имя		:	AdGuard VPN for Windows
    Версия		:	2.6.1782.0
    Общее время		:	10262мс
    Время замедления	:	5163мс
    Время события (UTC)	:	‎2025‎-‎07‎-‎09T09:57:30.860139100Z"
"09.07.2025 15:00:13","100","Критический","Microsoft-Windows-Diagnostics-Performance","Windows запущена: 
     Длительность загрузки		:	132207ms
     IsDegradation		:	false
     Время события (UTC)	:	‎2025‎-‎07‎-‎09T09:57:30.860139100Z"
"09.07.2025 15:00:11","200","Предупреждение","Microsoft-Windows-Diagnostics-Performance","Завершение работы Windows 
    Продолжительность завершения работы	:	15126мс
    IsDegradation		:	true
    Время события (UTC)	:	‎2025‎-‎07‎-‎09T09:56:52.947350900Z"
"07.07.2025 10:00:13","100","Ошибка","Microsoft-Windows-Diagnostics-Performance","Windows запущена: 
     Длительность загрузки		:	76747ms
     IsDegradation		:	false
     Время события (UTC)	:	‎2025‎-‎07‎-‎07T04:57:51.860051900Z"
"06.07.2025 8:19:43","100","Ошибка","Microsoft-Windows-Diagnostics-Performance","Windows запущена: 
     Длительность загрузки		:	97606ms
     IsDegradation		:	false
     Время события (UTC)	:	‎2025‎-‎07‎-‎06T03:13:54.859806200Z"
"05.07.2025 10:41:26","100","Ошибка","Microsoft-Windows-Diagnostics-Performance","Windows запущена: 
     Длительность загрузки		:	71269ms
     IsDegradation		:	false
     Время события (UTC)	:	‎2025‎-‎07‎-‎05T05:39:05.875452400Z"
"04.07.2025 21:53:53","101","Предупреждение","Microsoft-Windows-Diagnostics-Performance","Это приложение загружалось дольше обычного, что привело к замедлению процесса запуска системы: 
    Имя файла		:	installer-2.6.1782.0.exe
    Понятное имя		:	
    Версия		:	
    Общее время		:	4499мс
    Время замедления	:	3499мс
    Время события (UTC)	:	‎2025‎-‎07‎-‎04T16:51:28.875539000Z"
"04.07.2025 21:53:53","101","Предупреждение","Microsoft-Windows-Diagnostics-Performance","Это приложение загружалось дольше обычного, что привело к замедлению процесса запуска системы: 
    Имя файла		:	rundll32.exe
    Понятное имя		:	Хост-процесс Windows (Rundll32)
    Версия		:	10.0.19041.4522 (WinBuild.160101.0800)
    Общее время		:	7303мс
    Время замедления	:	3803мс
    Время события (UTC)	:	‎2025‎-‎07‎-‎04T16:51:28.875539000Z"
"04.07.2025 21:53:53","100","Ошибка","Microsoft-Windows-Diagnostics-Performance","Windows запущена: 
     Длительность загрузки		:	84397ms
     IsDegradation		:	false
     Время события (UTC)	:	‎2025‎-‎07‎-‎04T16:51:28.875539000Z"
"03.07.2025 12:52:23","100","Ошибка","Microsoft-Windows-Diagnostics-Performance","Windows запущена: 
     Длительность загрузки		:	94889ms
     IsDegradation		:	false
     Время события (UTC)	:	‎2025‎-‎07‎-‎03T07:38:15.078594900Z"
"02.07.2025 12:54:39","100","Ошибка","Microsoft-Windows-Diagnostics-Performance","Windows запущена: 
     Длительность загрузки		:	116422ms
     IsDegradation		:	false
     Время события (UTC)	:	‎2025‎-‎07‎-‎02T07:51:52.906676000Z"
"02.07.2025 12:54:36","200","Предупреждение","Microsoft-Windows-Diagnostics-Performance","Завершение работы Windows 
    Продолжительность завершения работы	:	10734мс
    IsDegradation		:	false
    Время события (UTC)	:	‎2025‎-‎07‎-‎01T11:49:18.578564300Z"
"01.07.2025 10:01:33","100","Ошибка","Microsoft-Windows-Diagnostics-Performance","Windows запущена: 
     Длительность загрузки		:	91449ms
     IsDegradation		:	false
     Время события (UTC)	:	‎2025‎-‎07‎-‎01T04:55:44.859887700Z"
"30.06.2025 15:01:15","500","Предупреждение","Microsoft-Windows-Diagnostics-Performance","Диспетчер окон рабочего стола испытывает недостаток ресурсов. 
    Сценарий	:	Не хватает ресурсов видеопамяти, что приводит к пробуксовке. Уменьшение количества запущенных программ и открытых окон может исправить эту ситуацию."
"30.06.2025 7:08:20","101","Предупреждение","Microsoft-Windows-Diagnostics-Performance","Это приложение загружалось дольше обычного, что привело к замедлению процесса запуска системы: 
    Имя файла		:	svchost.exe
    Понятное имя		:	Хост-процесс для служб Windows
    Версия		:	10.0.19041.4522 (WinBuild.160101.0800)
    Общее время		:	13087мс
    Время замедления	:	6664мс
    Время события (UTC)	:	‎2025‎-‎06‎-‎30T02:05:56.860104700Z"
"30.06.2025 7:08:20","101","Предупреждение","Microsoft-Windows-Diagnostics-Performance","Это приложение загружалось дольше обычного, что привело к замедлению процесса запуска системы: 
    Имя файла		:	Telegram.exe
    Понятное имя		:	
    Версия		:	
    Общее время		:	13709мс
    Время замедления	:	8709мс
    Время события (UTC)	:	‎2025‎-‎06‎-‎30T02:05:56.860104700Z"
"30.06.2025 7:08:20","100","Ошибка","Microsoft-Windows-Diagnostics-Performance","Windows запущена: 
     Длительность загрузки		:	96572ms
     IsDegradation		:	false
     Время события (UTC)	:	‎2025‎-‎06‎-‎30T02:05:56.860104700Z"
"30.06.2025 7:08:18","200","Предупреждение","Microsoft-Windows-Diagnostics-Performance","Завершение работы Windows 
    Продолжительность завершения работы	:	11278мс
    IsDegradation		:	false
    Время события (UTC)	:	‎2025‎-‎06‎-‎29T22:01:27.959494400Z"
"30.06.2025 2:40:17","500","Предупреждение","Microsoft-Windows-Diagnostics-Performance","Диспетчер окон рабочего стола испытывает недостаток ресурсов. 
    Сценарий	:	Не хватает ресурсов видеопамяти, что приводит к пробуксовке. Уменьшение количества запущенных программ и открытых окон может исправить эту ситуацию."
"29.06.2025 19:05:40","500","Предупреждение","Microsoft-Windows-Diagnostics-Performance","Диспетчер окон рабочего стола испытывает недостаток ресурсов. 
    Сценарий	:	Не хватает ресурсов видеопамяти, что приводит к пробуксовке. Уменьшение количества запущенных программ и открытых окон может исправить эту ситуацию."
"28.06.2025 8:36:08","101","Предупреждение","Microsoft-Windows-Diagnostics-Performance","Это приложение загружалось дольше обычного, что привело к замедлению процесса запуска системы: 
    Имя файла		:	OfficeClickToRun.exe
    Понятное имя		:	Microsoft Office Click-to-Run (SxS)
    Версия		:	16.0.18827.20164
    Общее время		:	1712мс
    Время замедления	:	864мс
    Время события (UTC)	:	‎2025‎-‎06‎-‎28T03:33:50.875459600Z"
"28.06.2025 8:36:08","100","Ошибка","Microsoft-Windows-Diagnostics-Performance","Windows запущена: 
     Длительность загрузки		:	71068ms
     IsDegradation		:	false
     Время события (UTC)	:	‎2025‎-‎06‎-‎28T03:33:50.875459600Z"
"27.06.2025 19:45:53","500","Предупреждение","Microsoft-Windows-Diagnostics-Performance","Диспетчер окон рабочего стола испытывает недостаток ресурсов. 
    Сценарий	:	Не хватает ресурсов видеопамяти, что приводит к пробуксовке. Уменьшение количества запущенных программ и открытых окон может исправить эту ситуацию."
"27.06.2025 16:00:13","100","Ошибка","Microsoft-Windows-Diagnostics-Performance","Windows запущена: 
     Длительность загрузки		:	92233ms
     IsDegradation		:	false
     Время события (UTC)	:	‎2025‎-‎06‎-‎27T10:57:27.875417600Z"
"26.06.2025 7:42:59","100","Ошибка","Microsoft-Windows-Diagnostics-Performance","Windows запущена: 
     Длительность загрузки		:	92898ms
     IsDegradation		:	false
     Время события (UTC)	:	‎2025‎-‎06‎-‎26T02:37:02.859802000Z"
"25.06.2025 19:48:29","108","Предупреждение","Microsoft-Windows-Diagnostics-Performance","Применение политики пользователя вызвало замедление процесса запуска системы: 
    Имя		:	PreShellInit
    Общее время		:	13504мс
    Время замедления	:	6877мс
    Время события (UTC)	:	‎2025‎-‎06‎-‎25T14:46:21.063119000Z"
"25.06.2025 19:48:29","100","Критический","Microsoft-Windows-Diagnostics-Performance","Windows запущена: 
     Длительность загрузки		:	114319ms
     IsDegradation		:	false
     Время события (UTC)	:	‎2025‎-‎06‎-‎25T14:46:21.063119000Z"
"25.06.2025 19:48:27","200","Предупреждение","Microsoft-Windows-Diagnostics-Performance","Завершение работы Windows 
    Продолжительность завершения работы	:	15057мс
    IsDegradation		:	true
    Время события (UTC)	:	‎2025‎-‎06‎-‎25T14:45:46.533383100Z"
"25.06.2025 13:28:53","100","Ошибка","Microsoft-Windows-Diagnostics-Performance","Windows запущена: 
     Длительность загрузки		:	71728ms
     IsDegradation		:	false
     Время события (UTC)	:	‎2025‎-‎06‎-‎25T08:26:35.875420200Z"
"25.06.2025 12:52:34","100","Критический","Microsoft-Windows-Diagnostics-Performance","Windows запущена: 
     Длительность загрузки		:	108425ms
     IsDegradation		:	false
     Время события (UTC)	:	‎2025‎-‎06‎-‎25T07:50:19.859878200Z"
"25.06.2025 12:52:31","200","Ошибка","Microsoft-Windows-Diagnostics-Performance","Завершение работы Windows 
    Продолжительность завершения работы	:	41866мс
    IsDegradation		:	false
    Время события (UTC)	:	‎2025‎-‎06‎-‎25T07:49:17.381346900Z"
"25.06.2025 8:39:16","100","Предупреждение","Microsoft-Windows-Diagnostics-Performance","Windows запущена: 
     Длительность загрузки		:	72360ms
     IsDegradation		:	false
     Время события (UTC)	:	‎2025‎-‎06‎-‎25T03:36:52.859723900Z"
"24.06.2025 18:17:43","100","Ошибка","Microsoft-Windows-Diagnostics-Performance","Windows запущена: 
     Длительность загрузки		:	94172ms
     IsDegradation		:	false
     Время события (UTC)	:	‎2025‎-‎06‎-‎24T13:14:03.859886200Z"
"24.06.2025 13:42:51","100","Ошибка","Microsoft-Windows-Diagnostics-Performance","Windows запущена: 
     Длительность загрузки		:	96129ms
     IsDegradation		:	false
     Время события (UTC)	:	‎2025‎-‎06‎-‎24T08:39:38.875529400Z"
"22.06.2025 12:55:45","100","Ошибка","Microsoft-Windows-Diagnostics-Performance","Windows запущена: 
     Длительность загрузки		:	95439ms
     IsDegradation		:	false
     Время события (UTC)	:	‎2025‎-‎06‎-‎22T07:53:01.906894000Z"
"20.06.2025 20:32:08","101","Предупреждение","Microsoft-Windows-Diagnostics-Performance","Это приложение загружалось дольше обычного, что привело к замедлению процесса запуска системы: 
    Имя файла		:	AdGuardVpnSvc.exe
    Понятное имя		:	AdGuard VPN for Windows
    Версия		:	2.5.1700.0
    Общее время		:	9284мс
    Время замедления	:	5785мс
    Время события (UTC)	:	‎2025‎-‎06‎-‎20T15:29:49.859839700Z"
"20.06.2025 20:32:08","100","Ошибка","Microsoft-Windows-Diagnostics-Performance","Windows запущена: 
     Длительность загрузки		:	67428ms
     IsDegradation		:	false
     Время события (UTC)	:	‎2025‎-‎06‎-‎20T15:29:49.859839700Z"
"20.06.2025 12:17:17","108","Предупреждение","Microsoft-Windows-Diagnostics-Performance","Применение политики пользователя вызвало замедление процесса запуска системы: 
    Имя		:	PreShellInit
    Общее время		:	12452мс
    Время замедления	:	3368мс
    Время события (UTC)	:	‎2025‎-‎06‎-‎20T07:14:57.859783800Z"
"20.06.2025 12:17:17","100","Предупреждение","Microsoft-Windows-Diagnostics-Performance","Windows запущена: 
     Длительность загрузки		:	68382ms
     IsDegradation		:	false
     Время события (UTC)	:	‎2025‎-‎06‎-‎20T07:14:57.859783800Z"
"19.06.2025 16:32:10","100","Предупреждение","Microsoft-Windows-Diagnostics-Performance","Windows запущена: 
     Длительность загрузки		:	86756ms
     IsDegradation		:	false
     Время события (UTC)	:	‎2025‎-‎06‎-‎19T11:29:42.859906100Z"
"19.06.2025 16:32:08","200","Предупреждение","Microsoft-Windows-Diagnostics-Performance","Завершение работы Windows 
    Продолжительность завершения работы	:	6926мс
    IsDegradation		:	false
    Время события (UTC)	:	‎2025‎-‎06‎-‎19T11:29:17.085934600Z"
"19.06.2025 11:06:23","100","Предупреждение","Microsoft-Windows-Diagnostics-Performance","Windows запущена: 
     Длительность загрузки		:	66017ms
     IsDegradation		:	false
     Время события (UTC)	:	‎2025‎-‎06‎-‎19T06:04:04.860105000Z"
"18.06.2025 19:22:13","100","Ошибка","Microsoft-Windows-Diagnostics-Performance","Windows запущена: 
     Длительность загрузки		:	89677ms
     IsDegradation		:	false
     Время события (UTC)	:	‎2025‎-‎06‎-‎18T14:19:32.062982400Z"
"17.06.2025 8:18:04","100","Ошибка","Microsoft-Windows-Diagnostics-Performance","Windows запущена: 
     Длительность загрузки		:	92515ms
     IsDegradation		:	true
     Время события (UTC)	:	‎2025‎-‎06‎-‎17T03:14:08.860145600Z"
"16.06.2025 18:40:08","101","Предупреждение","Microsoft-Windows-Diagnostics-Performance","Это приложение загружалось дольше обычного, что привело к замедлению процесса запуска системы: 
    Имя файла		:	DeepL.exe
    Понятное имя		:	
    Версия		:	
    Общее время		:	16145мс
    Время замедления	:	11145мс
    Время события (UTC)	:	‎2025‎-‎06‎-‎16T13:37:39.860374100Z"
"16.06.2025 18:40:08","100","Ошибка","Microsoft-Windows-Diagnostics-Performance","Windows запущена: 
     Длительность загрузки		:	83813ms
     IsDegradation		:	false
     Время события (UTC)	:	‎2025‎-‎06‎-‎16T13:37:39.860374100Z"
"12.06.2025 15:07:57","101","Предупреждение","Microsoft-Windows-Diagnostics-Performance","Это приложение загружалось дольше обычного, что привело к замедлению процесса запуска системы: 
    Имя файла		:	DeepL.exe
    Понятное имя		:	
    Версия		:	
    Общее время		:	11938мс
    Время замедления	:	6938мс
    Время события (UTC)	:	‎2025‎-‎06‎-‎12T10:03:09.859920600Z"
"12.06.2025 15:07:57","100","Ошибка","Microsoft-Windows-Diagnostics-Performance","Windows запущена: 
     Длительность загрузки		:	93418ms
     IsDegradation		:	false
     Время события (UTC)	:	‎2025‎-‎06‎-‎12T10:03:09.859920600Z"
"11.06.2025 16:55:15","101","Предупреждение","Microsoft-Windows-Diagnostics-Performance","Это приложение загружалось дольше обычного, что привело к замедлению процесса запуска системы: 
    Имя файла		:	DeepL.exe
    Понятное имя		:	
    Версия		:	
    Общее время		:	12804мс
    Время замедления	:	7804мс
    Время события (UTC)	:	‎2025‎-‎06‎-‎11T11:52:27.063050300Z"
"11.06.2025 16:55:15","100","Ошибка","Microsoft-Windows-Diagnostics-Performance","Windows запущена: 
     Длительность загрузки		:	94844ms
     IsDegradation		:	false
     Время события (UTC)	:	‎2025‎-‎06‎-‎11T11:52:27.063050300Z"
"09.06.2025 8:21:34","100","Предупреждение","Microsoft-Windows-Diagnostics-Performance","Windows запущена: 
     Длительность загрузки		:	86798ms
     IsDegradation		:	false
     Время события (UTC)	:	‎2025‎-‎06‎-‎09T03:02:44.859883600Z"
"08.06.2025 12:35:44","100","Предупреждение","Microsoft-Windows-Diagnostics-Performance","Windows запущена: 
     Длительность загрузки		:	65360ms
     IsDegradation		:	false
     Время события (UTC)	:	‎2025‎-‎06‎-‎08T07:33:13.859816900Z"
"07.06.2025 13:25:56","101","Предупреждение","Microsoft-Windows-Diagnostics-Performance","Это приложение загружалось дольше обычного, что привело к замедлению процесса запуска системы: 
    Имя файла		:	sppsvc.exe
    Понятное имя		:	Служба платформы защиты программного обеспечения Майкрософт
    Версия		:	10.0.19041.4522 (WinBuild.160101.0800)
    Общее время		:	1262мс
    Время замедления	:	262мс
    Время события (UTC)	:	‎2025‎-‎06‎-‎07T08:23:41.859852400Z"
"07.06.2025 13:25:56","101","Предупреждение","Microsoft-Windows-Diagnostics-Performance","Это приложение загружалось дольше обычного, что привело к замедлению процесса запуска системы: 
    Имя файла		:	OfficeClickToRun.exe
    Понятное имя		:	Microsoft Office Click-to-Run (SxS)
    Версия		:	16.0.18827.20128
    Общее время		:	1536мс
    Время замедления	:	397мс
    Время события (UTC)	:	‎2025‎-‎06‎-‎07T08:23:41.859852400Z"
"07.06.2025 13:25:56","100","Ошибка","Microsoft-Windows-Diagnostics-Performance","Windows запущена: 
     Длительность загрузки		:	68144ms
     IsDegradation		:	false
     Время события (UTC)	:	‎2025‎-‎06‎-‎07T08:23:41.859852400Z"
"06.06.2025 9:08:50","100","Ошибка","Microsoft-Windows-Diagnostics-Performance","Windows запущена: 
     Длительность загрузки		:	87047ms
     IsDegradation		:	false
     Время события (UTC)	:	‎2025‎-‎06‎-‎06T04:06:15.860077000Z"
"06.06.2025 3:56:58","100","Ошибка","Microsoft-Windows-Diagnostics-Performance","Windows запущена: 
     Длительность загрузки		:	90260ms
     IsDegradation		:	true
     Время события (UTC)	:	‎2025‎-‎06‎-‎05T22:54:18.859781400Z"
"06.06.2025 0:29:07","500","Предупреждение","Microsoft-Windows-Diagnostics-Performance","Диспетчер окон рабочего стола испытывает недостаток ресурсов. 
    Сценарий	:	Не хватает ресурсов видеопамяти, что приводит к пробуксовке. Уменьшение количества запущенных программ и открытых окон может исправить эту ситуацию."
"05.06.2025 22:46:42","100","Ошибка","Microsoft-Windows-Diagnostics-Performance","Windows запущена: 
     Длительность загрузки		:	69853ms
     IsDegradation		:	false
     Время события (UTC)	:	‎2025‎-‎06‎-‎05T17:44:34.860144700Z"
"05.06.2025 22:46:41","200","Предупреждение","Microsoft-Windows-Diagnostics-Performance","Завершение работы Windows 
    Продолжительность завершения работы	:	16771мс
    IsDegradation		:	false
    Время события (UTC)	:	‎2025‎-‎06‎-‎05T17:43:56.870138900Z"
"05.06.2025 10:46:34","101","Предупреждение","Microsoft-Windows-Diagnostics-Performance","Это приложение загружалось дольше обычного, что привело к замедлению процесса запуска системы: 
    Имя файла		:	DeepL.exe
    Понятное имя		:	
    Версия		:	
    Общее время		:	13991мс
    Время замедления	:	8991мс
    Время события (UTC)	:	‎2025‎-‎06‎-‎05T05:44:00.875908300Z"
"05.06.2025 10:46:34","100","Ошибка","Microsoft-Windows-Diagnostics-Performance","Windows запущена: 
     Длительность загрузки		:	76337ms
     IsDegradation		:	false
     Время события (UTC)	:	‎2025‎-‎06‎-‎05T05:44:00.875908300Z"
"04.06.2025 22:59:33","101","Предупреждение","Microsoft-Windows-Diagnostics-Performance","Это приложение загружалось дольше обычного, что привело к замедлению процесса запуска системы: 
    Имя файла		:	svchost.exe
    Понятное имя		:	Хост-процесс для служб Windows
    Версия		:	10.0.19041.4522 (WinBuild.160101.0800)
    Общее время		:	1061мс
    Время замедления	:	431мс
    Время события (UTC)	:	‎2025‎-‎06‎-‎04T17:42:00.875716500Z"
"04.06.2025 22:59:33","101","Предупреждение","Microsoft-Windows-Diagnostics-Performance","Это приложение загружалось дольше обычного, что привело к замедлению процесса запуска системы: 
    Имя файла		:	DeepL.exe
    Понятное имя		:	
    Версия		:	
    Общее время		:	12353мс
    Время замедления	:	7353мс
    Время события (UTC)	:	‎2025‎-‎06‎-‎04T17:42:00.875716500Z"
"04.06.2025 22:59:33","100","Предупреждение","Microsoft-Windows-Diagnostics-Performance","Windows запущена: 
     Длительность загрузки		:	88200ms
     IsDegradation		:	false
     Время события (UTC)	:	‎2025‎-‎06‎-‎04T17:42:00.875716500Z"
"04.06.2025 17:34:30","101","Предупреждение","Microsoft-Windows-Diagnostics-Performance","Это приложение загружалось дольше обычного, что привело к замедлению процесса запуска системы: 
    Имя файла		:	DeepL.exe
    Понятное имя		:	
    Версия		:	
    Общее время		:	16272мс
    Время замедления	:	11272мс
    Время события (UTC)	:	‎2025‎-‎06‎-‎04T12:26:47.860162500Z"
"04.06.2025 17:34:30","100","Ошибка","Microsoft-Windows-Diagnostics-Performance","Windows запущена: 
     Длительность загрузки		:	90052ms
     IsDegradation		:	false
     Время события (UTC)	:	‎2025‎-‎06‎-‎04T12:26:47.860162500Z"
"04.06.2025 9:18:36","108","Предупреждение","Microsoft-Windows-Diagnostics-Performance","Применение политики пользователя вызвало замедление процесса запуска системы: 
    Имя		:	PreShellInit
    Общее время		:	8945мс
    Время замедления	:	1794мс
    Время события (UTC)	:	‎2025‎-‎06‎-‎04T04:16:21.063346900Z"
"04.06.2025 9:18:36","101","Предупреждение","Microsoft-Windows-Diagnostics-Performance","Это приложение загружалось дольше обычного, что привело к замедлению процесса запуска системы: 
    Имя файла		:	AdGuardVpnSvc.exe
    Понятное имя		:	AdGuard VPN for Windows
    Версия		:	2.5.1700.0
    Общее время		:	5937мс
    Время замедления	:	3125мс
    Время события (UTC)	:	‎2025‎-‎06‎-‎04T04:16:21.063346900Z"
"04.06.2025 9:18:36","100","Ошибка","Microsoft-Windows-Diagnostics-Performance","Windows запущена: 
     Длительность загрузки		:	67453ms
     IsDegradation		:	false
     Время события (UTC)	:	‎2025‎-‎06‎-‎04T04:16:21.063346900Z"
"03.06.2025 10:47:59","100","Предупреждение","Microsoft-Windows-Diagnostics-Performance","Windows запущена: 
     Длительность загрузки		:	67082ms
     IsDegradation		:	false
     Время события (UTC)	:	‎2025‎-‎06‎-‎03T05:45:21.859753600Z"
"02.06.2025 19:53:23","100","Предупреждение","Microsoft-Windows-Diagnostics-Performance","Windows запущена: 
     Длительность загрузки		:	86202ms
     IsDegradation		:	false
     Время события (UTC)	:	‎2025‎-‎06‎-‎02T14:26:20.859862900Z"
"02.06.2025 10:15:32","100","Предупреждение","Microsoft-Windows-Diagnostics-Performance","Windows запущена: 
     Длительность загрузки		:	63066ms
     IsDegradation		:	false
     Время события (UTC)	:	‎2025‎-‎06‎-‎02T05:13:15.859805800Z"
"30.05.2025 14:22:27","108","Предупреждение","Microsoft-Windows-Diagnostics-Performance","Применение политики пользователя вызвало замедление процесса запуска системы: 
    Имя		:	PreShellInit
    Общее время		:	7685мс
    Время замедления	:	3179мс
    Время события (UTC)	:	‎2025‎-‎05‎-‎30T09:20:14.875638600Z"
"30.05.2025 14:22:27","101","Предупреждение","Microsoft-Windows-Diagnostics-Performance","Это приложение загружалось дольше обычного, что привело к замедлению процесса запуска системы: 
    Имя файла		:	LogonUI.exe
    Понятное имя		:	Windows Logon User Interface Host
    Версия		:	10.0.19041.1 (WinBuild.160101.0800)
    Общее время		:	975мс
    Время замедления	:	232мс
    Время события (UTC)	:	‎2025‎-‎05‎-‎30T09:20:14.875638600Z"
"30.05.2025 14:22:27","101","Предупреждение","Microsoft-Windows-Diagnostics-Performance","Это приложение загружалось дольше обычного, что привело к замедлению процесса запуска системы: 
    Имя файла		:	svchost.exe
    Понятное имя		:	Хост-процесс для служб Windows
    Версия		:	10.0.19041.4522 (WinBuild.160101.0800)
    Общее время		:	6870мс
    Время замедления	:	3084мс
    Время события (UTC)	:	‎2025‎-‎05‎-‎30T09:20:14.875638600Z"
"30.05.2025 14:22:27","101","Предупреждение","Microsoft-Windows-Diagnostics-Performance","Это приложение загружалось дольше обычного, что привело к замедлению процесса запуска системы: 
    Имя файла		:	python.exe
    Понятное имя		:	Python
    Версия		:	3.12.8
    Общее время		:	12316мс
    Время замедления	:	7316мс
    Время события (UTC)	:	‎2025‎-‎05‎-‎30T09:20:14.875638600Z"
"30.05.2025 14:22:27","100","Критический","Microsoft-Windows-Diagnostics-Performance","Windows запущена: 
     Длительность загрузки		:	107343ms
     IsDegradation		:	false
     Время события (UTC)	:	‎2025‎-‎05‎-‎30T09:20:14.875638600Z"
"30.05.2025 14:22:24","200","Предупреждение","Microsoft-Windows-Diagnostics-Performance","Завершение работы Windows 
    Продолжительность завершения работы	:	13091мс
    IsDegradation		:	false
    Время события (UTC)	:	‎2025‎-‎05‎-‎30T09:19:41.660111900Z"
"29.05.2025 11:40:22","100","Предупреждение","Microsoft-Windows-Diagnostics-Performance","Windows запущена: 
     Длительность загрузки		:	79845ms
     IsDegradation		:	false
     Время события (UTC)	:	‎2025‎-‎05‎-‎29T06:37:47.859904300Z"
"28.05.2025 17:19:25","101","Предупреждение","Microsoft-Windows-Diagnostics-Performance","Это приложение загружалось дольше обычного, что привело к замедлению процесса запуска системы: 
    Имя файла		:	browser.exe
    Понятное имя		:	Yandex with voice assistant Alice
    Версия		:	25.4.1.1055
    Общее время		:	16220мс
    Время замедления	:	11220мс
    Время события (UTC)	:	‎2025‎-‎05‎-‎28T12:17:10.859838900Z"
