"16.05.2026 7:25:34","101","Предупреждение","Microsoft-Windows-Diagnostics-Performance","Это приложение загружалось дольше обычного, что привело к замедлению процесса запуска системы: 
    Имя файла		:	msiexec.exe
    Понятное имя		:	Установщик Windows®
    Версия		:	5.0.19041.4522 (WinBuild.160101.0800)
    Общее время		:	7196мс
    Время замедления	:	2196мс
    Время события (UTC)	:	‎2026‎-‎05‎-‎16T02:23:15.891322000Z"
"16.05.2026 7:25:34","101","Предупреждение","Microsoft-Windows-Diagnostics-Performance","Это приложение загружалось дольше обычного, что привело к замедлению процесса запуска системы: 
    Имя файла		:	SearchIndexer.exe
    Понятное имя		:	Индексатор службы Microsoft Windows Search
    Версия		:	7.0.19041.4522 (WinBuild.160101.0800)
    Общее время		:	10886мс
    Время замедления	:	5886мс
    Время события (UTC)	:	‎2026‎-‎05‎-‎16T02:23:15.891322000Z"
"16.05.2026 7:25:34","101","Ошибка","Microsoft-Windows-Diagnostics-Performance","Это приложение загружалось дольше обычного, что привело к замедлению процесса запуска системы: 
    Имя файла		:	OllamaSetup.tmp
    Понятное имя		:	
    Версия		:	
    Общее время		:	48172мс
    Время замедления	:	43172мс
    Время события (UTC)	:	‎2026‎-‎05‎-‎16T02:23:15.891322000Z"
"16.05.2026 7:25:34","100","Ошибка","Microsoft-Windows-Diagnostics-Performance","Windows запущена: 
     Длительность загрузки		:	95238ms
     IsDegradation		:	false
     Время события (UTC)	:	‎2026‎-‎05‎-‎16T02:23:15.891322000Z"
"16.05.2026 7:10:43","101","Предупреждение","Microsoft-Windows-Diagnostics-Performance","Это приложение загружалось дольше обычного, что привело к замедлению процесса запуска системы: 
    Имя файла		:	WerFault.exe
    Понятное имя		:	Отчет об ошибках Windows
    Версия		:	10.0.19041.4522 (WinBuild.160101.0800)
    Общее время		:	2098мс
    Время замедления	:	1098мс
    Время события (UTC)	:	‎2026‎-‎05‎-‎16T02:08:35.907466800Z"
"16.05.2026 7:10:43","101","Предупреждение","Microsoft-Windows-Diagnostics-Performance","Это приложение загружалось дольше обычного, что привело к замедлению процесса запуска системы: 
    Имя файла		:	taskhostw.exe
    Понятное имя		:	Хост-процесс для задач Windows
    Версия		:	10.0.19041.4522 (WinBuild.160101.0800)
    Общее время		:	6906мс
    Время замедления	:	1906мс
    Время события (UTC)	:	‎2026‎-‎05‎-‎16T02:08:35.907466800Z"
"16.05.2026 7:10:43","100","Ошибка","Microsoft-Windows-Diagnostics-Performance","Windows запущена: 
     Длительность загрузки		:	70164ms
     IsDegradation		:	false
     Время события (UTC)	:	‎2026‎-‎05‎-‎16T02:08:35.907466800Z"
"16.05.2026 6:51:57","101","Предупреждение","Microsoft-Windows-Diagnostics-Performance","Это приложение загружалось дольше обычного, что привело к замедлению процесса запуска системы: 
    Имя файла		:	Docker Desktop.exe
    Понятное имя		:	Docker Desktop
    Версия		:	4.72.0.225998
    Общее время		:	6098мс
    Время замедления	:	1098мс
    Время события (UTC)	:	‎2026‎-‎05‎-‎16T01:49:29.891286000Z"
"16.05.2026 6:51:57","100","Ошибка","Microsoft-Windows-Diagnostics-Performance","Windows запущена: 
     Длительность загрузки		:	102332ms
     IsDegradation		:	false
     Время события (UTC)	:	‎2026‎-‎05‎-‎16T01:49:29.891286000Z"
"16.05.2026 6:40:38","100","Ошибка","Microsoft-Windows-Diagnostics-Performance","Windows запущена: 
     Длительность загрузки		:	72167ms
     IsDegradation		:	false
     Время события (UTC)	:	‎2026‎-‎05‎-‎16T01:38:28.922485800Z"
"13.05.2026 1:30:37","500","Предупреждение","Microsoft-Windows-Diagnostics-Performance","Диспетчер окон рабочего стола испытывает недостаток ресурсов. 
    Сценарий	:	Не хватает ресурсов видеопамяти, что приводит к пробуксовке. Уменьшение количества запущенных программ и открытых окон может исправить эту ситуацию."
"13.05.2026 1:00:46","500","Предупреждение","Microsoft-Windows-Diagnostics-Performance","Диспетчер окон рабочего стола испытывает недостаток ресурсов. 
    Сценарий	:	Не хватает ресурсов видеопамяти, что приводит к пробуксовке. Уменьшение количества запущенных программ и открытых окон может исправить эту ситуацию."
"12.05.2026 6:23:53","500","Предупреждение","Microsoft-Windows-Diagnostics-Performance","Диспетчер окон рабочего стола испытывает недостаток ресурсов. 
    Сценарий	:	Не хватает ресурсов видеопамяти, что приводит к пробуксовке. Уменьшение количества запущенных программ и открытых окон может исправить эту ситуацию."
"10.05.2026 11:22:06","101","Предупреждение","Microsoft-Windows-Diagnostics-Performance","Это приложение загружалось дольше обычного, что привело к замедлению процесса запуска системы: 
    Имя файла		:	sppsvc.exe
    Понятное имя		:	Служба платформы защиты программного обеспечения Майкрософт
    Версия		:	10.0.19041.4522 (WinBuild.160101.0800)
    Общее время		:	1336мс
    Время замедления	:	429мс
    Время события (UTC)	:	‎2026‎-‎05‎-‎10T06:18:54.156855400Z"
"10.05.2026 11:22:06","101","Предупреждение","Microsoft-Windows-Diagnostics-Performance","Это приложение загружалось дольше обычного, что привело к замедлению процесса запуска системы: 
    Имя файла		:	SWVisualize.Queue.Server.exe
    Понятное имя		:	SOLIDWORKS Visualize Queue Server
    Версия		:	32.5.0.0048
    Общее время		:	2864мс
    Время замедления	:	975мс
    Время события (UTC)	:	‎2026‎-‎05‎-‎10T06:18:54.156855400Z"
"10.05.2026 11:22:06","101","Предупреждение","Microsoft-Windows-Diagnostics-Performance","Это приложение загружалось дольше обычного, что привело к замедлению процесса запуска системы: 
    Имя файла		:	CorelDRW.exe
    Понятное имя		:	CorelDRAW 2024 (64-Bit)
    Версия		:	25.2.1.313
    Общее время		:	23539мс
    Время замедления	:	18539мс
    Время события (UTC)	:	‎2026‎-‎05‎-‎10T06:18:54.156855400Z"
"10.05.2026 11:22:06","100","Критический","Microsoft-Windows-Diagnostics-Performance","Windows запущена: 
     Длительность загрузки		:	169742ms
     IsDegradation		:	false
     Время события (UTC)	:	‎2026‎-‎05‎-‎10T06:18:54.156855400Z"
"09.05.2026 3:49:47","101","Предупреждение","Microsoft-Windows-Diagnostics-Performance","Это приложение загружалось дольше обычного, что привело к замедлению процесса запуска системы: 
    Имя файла		:	Anno117.exe
    Понятное имя		:	Anno 117: Pax Romana
    Версия		:	
    Общее время		:	27520мс
    Время замедления	:	22520мс
    Время события (UTC)	:	‎2026‎-‎05‎-‎08T22:47:46.906992400Z"
"09.05.2026 3:49:47","100","Критический","Microsoft-Windows-Diagnostics-Performance","Windows запущена: 
     Длительность загрузки		:	116967ms
     IsDegradation		:	false
     Время события (UTC)	:	‎2026‎-‎05‎-‎08T22:47:46.906992400Z"
"09.05.2026 3:49:45","200","Предупреждение","Microsoft-Windows-Diagnostics-Performance","Завершение работы Windows 
    Продолжительность завершения работы	:	13424мс
    IsDegradation		:	true
    Время события (UTC)	:	‎2026‎-‎05‎-‎08T22:47:12.736465200Z"
"09.05.2026 3:24:43","101","Ошибка","Microsoft-Windows-Diagnostics-Performance","Это приложение загружалось дольше обычного, что привело к замедлению процесса запуска системы: 
    Имя файла		:	OllamaSetup.tmp
    Понятное имя		:	
    Версия		:	
    Общее время		:	79020мс
    Время замедления	:	74020мс
    Время события (UTC)	:	‎2026‎-‎05‎-‎08T22:22:40.907562500Z"
"09.05.2026 3:24:43","100","Критический","Microsoft-Windows-Diagnostics-Performance","Windows запущена: 
     Длительность загрузки		:	116935ms
     IsDegradation		:	false
     Время события (UTC)	:	‎2026‎-‎05‎-‎08T22:22:40.907562500Z"
"09.05.2026 3:24:40","200","Предупреждение","Microsoft-Windows-Diagnostics-Performance","Завершение работы Windows 
    Продолжительность завершения работы	:	14874мс
    IsDegradation		:	true
    Время события (UTC)	:	‎2026‎-‎05‎-‎08T22:22:01.936699000Z"
"06.05.2026 7:01:04","101","Ошибка","Microsoft-Windows-Diagnostics-Performance","Это приложение загружалось дольше обычного, что привело к замедлению процесса запуска системы: 
    Имя файла		:	OllamaSetup.tmp
    Понятное имя		:	
    Версия		:	
    Общее время		:	70834мс
    Время замедления	:	65834мс
    Время события (UTC)	:	‎2026‎-‎05‎-‎06T01:58:38.891568200Z"
"06.05.2026 7:01:04","100","Критический","Microsoft-Windows-Diagnostics-Performance","Windows запущена: 
     Длительность загрузки		:	120522ms
     IsDegradation		:	false
     Время события (UTC)	:	‎2026‎-‎05‎-‎06T01:58:38.891568200Z"
"05.05.2026 19:50:46","101","Предупреждение","Microsoft-Windows-Diagnostics-Performance","Это приложение загружалось дольше обычного, что привело к замедлению процесса запуска системы: 
    Имя файла		:	WmiPrvSE.exe
    Понятное имя		:	WMI Provider Host
    Версия		:	10.0.19041.3636 (WinBuild.160101.0800)
    Общее время		:	1055мс
    Время замедления	:	55мс
    Время события (UTC)	:	‎2026‎-‎05‎-‎05T14:47:46.922486600Z"
"05.05.2026 19:50:46","101","Ошибка","Microsoft-Windows-Diagnostics-Performance","Это приложение загружалось дольше обычного, что привело к замедлению процесса запуска системы: 
    Имя файла		:	OllamaSetup.tmp
    Понятное имя		:	
    Версия		:	
    Общее время		:	45250мс
    Время замедления	:	40250мс
    Время события (UTC)	:	‎2026‎-‎05‎-‎05T14:47:46.922486600Z"
"05.05.2026 19:50:46","100","Ошибка","Microsoft-Windows-Diagnostics-Performance","Windows запущена: 
     Длительность загрузки		:	120479ms
     IsDegradation		:	false
     Время события (UTC)	:	‎2026‎-‎05‎-‎05T14:47:46.922486600Z"
"03.05.2026 8:55:45","101","Предупреждение","Microsoft-Windows-Diagnostics-Performance","Это приложение загружалось дольше обычного, что привело к замедлению процесса запуска системы: 
    Имя файла		:	Anno117.exe
    Понятное имя		:	Anno 117: Pax Romana
    Версия		:	
    Общее время		:	15133мс
    Время замедления	:	10133мс
    Время события (UTC)	:	‎2026‎-‎05‎-‎03T03:53:18.891366300Z"
"03.05.2026 8:55:45","100","Критический","Microsoft-Windows-Diagnostics-Performance","Windows запущена: 
     Длительность загрузки		:	124915ms
     IsDegradation		:	false
     Время события (UTC)	:	‎2026‎-‎05‎-‎03T03:53:18.891366300Z"
"03.05.2026 8:55:42","200","Предупреждение","Microsoft-Windows-Diagnostics-Performance","Завершение работы Windows 
    Продолжительность завершения работы	:	10815мс
    IsDegradation		:	true
    Время события (UTC)	:	‎2026‎-‎05‎-‎03T03:52:42.283055800Z"
"03.05.2026 8:47:17","100","Критический","Microsoft-Windows-Diagnostics-Performance","Windows запущена: 
     Длительность загрузки		:	114859ms
     IsDegradation		:	false
     Время события (UTC)	:	‎2026‎-‎05‎-‎03T03:45:09.938361400Z"
"03.05.2026 8:47:15","200","Предупреждение","Microsoft-Windows-Diagnostics-Performance","Завершение работы Windows 
    Продолжительность завершения работы	:	12346мс
    IsDegradation		:	false
    Время события (UTC)	:	‎2026‎-‎05‎-‎03T03:43:57.990163200Z"
"03.05.2026 8:20:06","101","Предупреждение","Microsoft-Windows-Diagnostics-Performance","Это приложение загружалось дольше обычного, что привело к замедлению процесса запуска системы: 
    Имя файла		:	Docker Desktop.exe
    Понятное имя		:	Docker Desktop
    Версия		:	4.50.0.209931
    Общее время		:	7078мс
    Время замедления	:	2078мс
    Время события (UTC)	:	‎2026‎-‎05‎-‎03T03:16:34.906948900Z"
"03.05.2026 8:20:06","101","Предупреждение","Microsoft-Windows-Diagnostics-Performance","Это приложение загружалось дольше обычного, что привело к замедлению процесса запуска системы: 
    Имя файла		:	explorer.exe
    Понятное имя		:	Проводник
    Версия		:	10.0.19041.4522 (WinBuild.160101.0800)
    Общее время		:	7359мс
    Время замедления	:	3096мс
    Время события (UTC)	:	‎2026‎-‎05‎-‎03T03:16:34.906948900Z"
"03.05.2026 8:20:06","101","Предупреждение","Microsoft-Windows-Diagnostics-Performance","Это приложение загружалось дольше обычного, что привело к замедлению процесса запуска системы: 
    Имя файла		:	svchost.exe
    Понятное имя		:	Хост-процесс для служб Windows
    Версия		:	10.0.19041.4522 (WinBuild.160101.0800)
    Общее время		:	7426мс
    Время замедления	:	4687мс
    Время события (UTC)	:	‎2026‎-‎05‎-‎03T03:16:34.906948900Z"
"03.05.2026 8:20:06","101","Предупреждение","Microsoft-Windows-Diagnostics-Performance","Это приложение загружалось дольше обычного, что привело к замедлению процесса запуска системы: 
    Имя файла		:	SearchIndexer.exe
    Понятное имя		:	Индексатор службы Microsoft Windows Search
    Версия		:	7.0.19041.4522 (WinBuild.160101.0800)
    Общее время		:	13014мс
    Время замедления	:	8014мс
    Время события (UTC)	:	‎2026‎-‎05‎-‎03T03:16:34.906948900Z"
"03.05.2026 8:20:06","100","Критический","Microsoft-Windows-Diagnostics-Performance","Windows запущена: 
     Длительность загрузки		:	192341ms
     IsDegradation		:	false
     Время события (UTC)	:	‎2026‎-‎05‎-‎03T03:16:34.906948900Z"
"03.05.2026 8:20:03","200","Ошибка","Microsoft-Windows-Diagnostics-Performance","Завершение работы Windows 
    Продолжительность завершения работы	:	94863мс
    IsDegradation		:	false
    Время события (UTC)	:	‎2026‎-‎05‎-‎03T03:14:38.489175500Z"
"03.05.2026 7:53:23","101","Предупреждение","Microsoft-Windows-Diagnostics-Performance","Это приложение загружалось дольше обычного, что привело к замедлению процесса запуска системы: 
    Имя файла		:	nvcontainer.exe
    Понятное имя		:	
    Версия		:	
    Общее время		:	1061мс
    Время замедления	:	61мс
    Время события (UTC)	:	‎2026‎-‎05‎-‎03T02:51:13.891371700Z"
"03.05.2026 7:53:23","101","Предупреждение","Microsoft-Windows-Diagnostics-Performance","Это приложение загружалось дольше обычного, что привело к замедлению процесса запуска системы: 
    Имя файла		:	NVDisplay.Container.exe
    Понятное имя		:	
    Версия		:	
    Общее время		:	2593мс
    Время замедления	:	1593мс
    Время события (UTC)	:	‎2026‎-‎05‎-‎03T02:51:13.891371700Z"
"03.05.2026 7:53:23","101","Предупреждение","Microsoft-Windows-Diagnostics-Performance","Это приложение загружалось дольше обычного, что привело к замедлению процесса запуска системы: 
    Имя файла		:	steamwebhelper.exe
    Понятное имя		:	
    Версия		:	
    Общее время		:	8921мс
    Время замедления	:	3921мс
    Время события (UTC)	:	‎2026‎-‎05‎-‎03T02:51:13.891371700Z"
"03.05.2026 7:53:23","100","Критический","Microsoft-Windows-Diagnostics-Performance","Windows запущена: 
     Длительность загрузки		:	124577ms
     IsDegradation		:	false
     Время события (UTC)	:	‎2026‎-‎05‎-‎03T02:51:13.891371700Z"
"03.05.2026 7:53:21","200","Предупреждение","Microsoft-Windows-Diagnostics-Performance","Завершение работы Windows 
    Продолжительность завершения работы	:	46641мс
    IsDegradation		:	false
    Время события (UTC)	:	‎2026‎-‎05‎-‎03T02:50:07.201124600Z"
"03.05.2026 6:43:35","108","Предупреждение","Microsoft-Windows-Diagnostics-Performance","Применение политики пользователя вызвало замедление процесса запуска системы: 
    Имя		:	PreShellInit
    Общее время		:	9307мс
    Время замедления	:	4109мс
    Время события (UTC)	:	‎2026‎-‎05‎-‎03T01:41:29.141022800Z"
"03.05.2026 6:43:35","101","Ошибка","Microsoft-Windows-Diagnostics-Performance","Это приложение загружалось дольше обычного, что привело к замедлению процесса запуска системы: 
    Имя файла		:	OllamaSetup.tmp
    Понятное имя		:	
    Версия		:	
    Общее время		:	76493мс
    Время замедления	:	71493мс
    Время события (UTC)	:	‎2026‎-‎05‎-‎03T01:41:29.141022800Z"
"03.05.2026 6:43:35","100","Критический","Microsoft-Windows-Diagnostics-Performance","Windows запущена: 
     Длительность загрузки		:	120588ms
     IsDegradation		:	false
     Время события (UTC)	:	‎2026‎-‎05‎-‎03T01:41:29.141022800Z"
"03.05.2026 6:43:32","200","Предупреждение","Microsoft-Windows-Diagnostics-Performance","Завершение работы Windows 
    Продолжительность завершения работы	:	14874мс
    IsDegradation		:	true
    Время события (UTC)	:	‎2026‎-‎05‎-‎03T01:40:51.102605500Z"
"02.05.2026 9:33:33","100","Критический","Microsoft-Windows-Diagnostics-Performance","Windows запущена: 
     Длительность загрузки		:	108538ms
     IsDegradation		:	false
     Время события (UTC)	:	‎2026‎-‎05‎-‎02T04:31:27.922794700Z"
"29.04.2026 17:36:10","100","Ошибка","Microsoft-Windows-Diagnostics-Performance","Windows запущена: 
     Длительность загрузки		:	88785ms
     IsDegradation		:	false
     Время события (UTC)	:	‎2026‎-‎04‎-‎29T12:34:08.938386600Z"
"29.04.2026 17:36:05","200","Предупреждение","Microsoft-Windows-Diagnostics-Performance","Завершение работы Windows 
    Продолжительность завершения работы	:	13765мс
    IsDegradation		:	true
    Время события (UTC)	:	‎2026‎-‎04‎-‎29T12:33:26.994365900Z"
"26.04.2026 10:40:25","100","Критический","Microsoft-Windows-Diagnostics-Performance","Windows запущена: 
     Длительность загрузки		:	124922ms
     IsDegradation		:	false
     Время события (UTC)	:	‎2026‎-‎04‎-‎26T05:37:59.922734400Z"
"26.04.2026 10:40:22","200","Предупреждение","Microsoft-Windows-Diagnostics-Performance","Завершение работы Windows 
    Продолжительность завершения работы	:	19579мс
    IsDegradation		:	false
    Время события (UTC)	:	‎2026‎-‎04‎-‎26T05:37:17.519883500Z"
"25.04.2026 19:15:32","101","Предупреждение","Microsoft-Windows-Diagnostics-Performance","Это приложение загружалось дольше обычного, что привело к замедлению процесса запуска системы: 
    Имя файла		:	codex.exe
    Понятное имя		:	codex-windows-sandbox
    Версия		:	0.125.0-alpha.3
    Общее время		:	20344мс
    Время замедления	:	15344мс
    Время события (UTC)	:	‎2026‎-‎04‎-‎25T14:13:15.141581100Z"
"25.04.2026 19:15:32","101","Ошибка","Microsoft-Windows-Diagnostics-Performance","Это приложение загружалось дольше обычного, что привело к замедлению процесса запуска системы: 
    Имя файла		:	Codex.exe
    Понятное имя		:	Codex
    Версия		:	2080
    Общее время		:	53764мс
    Время замедления	:	48764мс
    Время события (UTC)	:	‎2026‎-‎04‎-‎25T14:13:15.141581100Z"
"25.04.2026 19:15:32","101","Ошибка","Microsoft-Windows-Diagnostics-Performance","Это приложение загружалось дольше обычного, что привело к замедлению процесса запуска системы: 
    Имя файла		:	OllamaSetup.tmp
    Понятное имя		:	
    Версия		:	
    Общее время		:	71976мс
    Время замедления	:	66976мс
    Время события (UTC)	:	‎2026‎-‎04‎-‎25T14:13:15.141581100Z"
"25.04.2026 19:15:32","100","Критический","Microsoft-Windows-Diagnostics-Performance","Windows запущена: 
     Длительность загрузки		:	122663ms
     IsDegradation		:	false
     Время события (UTC)	:	‎2026‎-‎04‎-‎25T14:13:15.141581100Z"
"24.04.2026 2:07:48","101","Предупреждение","Microsoft-Windows-Diagnostics-Performance","Это приложение загружалось дольше обычного, что привело к замедлению процесса запуска системы: 
    Имя файла		:	com.docker.backend.exe
    Понятное имя		:	Docker Desktop Backend
    Версия		:	4.50.0.209931
    Общее время		:	6208мс
    Время замедления	:	1208мс
    Время события (UTC)	:	‎2026‎-‎04‎-‎23T21:05:41.938366400Z"
"24.04.2026 2:07:48","101","Предупреждение","Microsoft-Windows-Diagnostics-Performance","Это приложение загружалось дольше обычного, что привело к замедлению процесса запуска системы: 
    Имя файла		:	svchost.exe
    Понятное имя		:	Хост-процесс для служб Windows
    Версия		:	10.0.19041.4522 (WinBuild.160101.0800)
    Общее время		:	4317мс
    Время замедления	:	2454мс
    Время события (UTC)	:	‎2026‎-‎04‎-‎23T21:05:41.938366400Z"
"24.04.2026 2:07:48","101","Ошибка","Microsoft-Windows-Diagnostics-Performance","Это приложение загружалось дольше обычного, что привело к замедлению процесса запуска системы: 
    Имя файла		:	OllamaSetup.tmp
    Понятное имя		:	
    Версия		:	
    Общее время		:	38966мс
    Время замедления	:	33966мс
    Время события (UTC)	:	‎2026‎-‎04‎-‎23T21:05:41.938366400Z"
"24.04.2026 2:07:48","100","Ошибка","Microsoft-Windows-Diagnostics-Performance","Windows запущена: 
     Длительность загрузки		:	77347ms
     IsDegradation		:	false
     Время события (UTC)	:	‎2026‎-‎04‎-‎23T21:05:41.938366400Z"
"24.04.2026 2:07:44","200","Предупреждение","Microsoft-Windows-Diagnostics-Performance","Завершение работы Windows 
    Продолжительность завершения работы	:	18589мс
    IsDegradation		:	false
    Время события (UTC)	:	‎2026‎-‎04‎-‎23T19:40:21.730832000Z"
"22.04.2026 8:44:23","101","Предупреждение","Microsoft-Windows-Diagnostics-Performance","Это приложение загружалось дольше обычного, что привело к замедлению процесса запуска системы: 
    Имя файла		:	AdGuardVpnSvc.exe
    Понятное имя		:	AdGuard VPN for Windows
    Версия		:	2.7.1800.0
    Общее время		:	5426мс
    Время замедления	:	1283мс
    Время события (UTC)	:	‎2026‎-‎04‎-‎22T03:42:05.922889800Z"
"22.04.2026 8:44:23","101","Ошибка","Microsoft-Windows-Diagnostics-Performance","Это приложение загружалось дольше обычного, что привело к замедлению процесса запуска системы: 
    Имя файла		:	browser.exe
    Понятное имя		:	Yandex with voice assistant Alice
    Версия		:	26.3.3.884
    Общее время		:	81335мс
    Время замедления	:	20897мс
    Время события (UTC)	:	‎2026‎-‎04‎-‎22T03:42:05.922889800Z"
"22.04.2026 8:44:23","100","Критический","Microsoft-Windows-Diagnostics-Performance","Windows запущена: 
     Длительность загрузки		:	116003ms
     IsDegradation		:	false
     Время события (UTC)	:	‎2026‎-‎04‎-‎22T03:42:05.922889800Z"
"22.04.2026 1:41:11","101","Предупреждение","Microsoft-Windows-Diagnostics-Performance","Это приложение загружалось дольше обычного, что привело к замедлению процесса запуска системы: 
    Имя файла		:	AdGuardVpnSvc.exe
    Понятное имя		:	AdGuard VPN for Windows
    Версия		:	2.7.1800.0
    Общее время		:	6107мс
    Время замедления	:	2709мс
    Время события (UTC)	:	‎2026‎-‎04‎-‎21T20:39:12.922668100Z"
"22.04.2026 1:41:11","100","Критический","Microsoft-Windows-Diagnostics-Performance","Windows запущена: 
     Длительность загрузки		:	90505ms
     IsDegradation		:	false
     Время события (UTC)	:	‎2026‎-‎04‎-‎21T20:39:12.922668100Z"
"22.04.2026 1:41:09","200","Предупреждение","Microsoft-Windows-Diagnostics-Performance","Завершение работы Windows 
    Продолжительность завершения работы	:	15532мс
    IsDegradation		:	false
    Время события (UTC)	:	‎2026‎-‎04‎-‎21T20:38:32.935138100Z"
"20.04.2026 23:58:06","101","Предупреждение","Microsoft-Windows-Diagnostics-Performance","Это приложение загружалось дольше обычного, что привело к замедлению процесса запуска системы: 
    Имя файла		:	com.docker.backend.exe
    Понятное имя		:	Docker Desktop Backend
    Версия		:	4.50.0.209931
    Общее время		:	6924мс
    Время замедления	:	1924мс
    Время события (UTC)	:	‎2026‎-‎04‎-‎20T18:56:02.938352100Z"
"20.04.2026 23:58:06","101","Предупреждение","Microsoft-Windows-Diagnostics-Performance","Это приложение загружалось дольше обычного, что привело к замедлению процесса запуска системы: 
    Имя файла		:	Codex.exe
    Понятное имя		:	Codex
    Версия		:	1799
    Общее время		:	30561мс
    Время замедления	:	25561мс
    Время события (UTC)	:	‎2026‎-‎04‎-‎20T18:56:02.938352100Z"
"20.04.2026 23:58:06","100","Критический","Microsoft-Windows-Diagnostics-Performance","Windows запущена: 
     Длительность загрузки		:	99994ms
     IsDegradation		:	false
     Время события (UTC)	:	‎2026‎-‎04‎-‎20T18:56:02.938352100Z"
"20.04.2026 23:58:03","200","Предупреждение","Microsoft-Windows-Diagnostics-Performance","Завершение работы Windows 
    Продолжительность завершения работы	:	12235мс
    IsDegradation		:	false
    Время события (UTC)	:	‎2026‎-‎04‎-‎20T18:55:30.248194700Z"
"20.04.2026 22:19:18","101","Предупреждение","Microsoft-Windows-Diagnostics-Performance","Это приложение загружалось дольше обычного, что привело к замедлению процесса запуска системы: 
    Имя файла		:	com.docker.backend.exe
    Понятное имя		:	Docker Desktop Backend
    Версия		:	4.50.0.209931
    Общее время		:	5794мс
    Время замедления	:	794мс
    Время события (UTC)	:	‎2026‎-‎04‎-‎20T17:17:09.938477400Z"
"20.04.2026 22:19:18","101","Предупреждение","Microsoft-Windows-Diagnostics-Performance","Это приложение загружалось дольше обычного, что привело к замедлению процесса запуска системы: 
    Имя файла		:	msedgewebview2.exe
    Понятное имя		:	Microsoft Edge WebView2
    Версия		:	147.0.3912.72
    Общее время		:	13300мс
    Время замедления	:	8300мс
    Время события (UTC)	:	‎2026‎-‎04‎-‎20T17:17:09.938477400Z"
"20.04.2026 22:19:18","100","Ошибка","Microsoft-Windows-Diagnostics-Performance","Windows запущена: 
     Длительность загрузки		:	84067ms
     IsDegradation		:	false
     Время события (UTC)	:	‎2026‎-‎04‎-‎20T17:17:09.938477400Z"
"20.04.2026 0:09:05","101","Предупреждение","Microsoft-Windows-Diagnostics-Performance","Это приложение загружалось дольше обычного, что привело к замедлению процесса запуска системы: 
    Имя файла		:	nvcontainer.exe
    Понятное имя		:	NVIDIA Container
    Версия		:	gcomp_rel 35816461
    Общее время		:	8316мс
    Время замедления	:	2617мс
    Время события (UTC)	:	‎2026‎-‎04‎-‎19T19:07:05.922797700Z"
"20.04.2026 0:09:05","101","Предупреждение","Microsoft-Windows-Diagnostics-Performance","Это приложение загружалось дольше обычного, что привело к замедлению процесса запуска системы: 
    Имя файла		:	vmmem
    Понятное имя		:	
    Версия		:	
    Общее время		:	32153мс
    Время замедления	:	27153мс
    Время события (UTC)	:	‎2026‎-‎04‎-‎19T19:07:05.922797700Z"
"20.04.2026 0:09:05","101","Ошибка","Microsoft-Windows-Diagnostics-Performance","Это приложение загружалось дольше обычного, что привело к замедлению процесса запуска системы: 
    Имя файла		:	Codex.exe
    Понятное имя		:	Codex
    Версия		:	1799
    Общее время		:	37611мс
    Время замедления	:	32611мс
    Время события (UTC)	:	‎2026‎-‎04‎-‎19T19:07:05.922797700Z"
"20.04.2026 0:09:05","100","Критический","Microsoft-Windows-Diagnostics-Performance","Windows запущена: 
     Длительность загрузки		:	105864ms
     IsDegradation		:	false
     Время события (UTC)	:	‎2026‎-‎04‎-‎19T19:07:05.922797700Z"
"20.04.2026 0:09:02","200","Предупреждение","Microsoft-Windows-Diagnostics-Performance","Завершение работы Windows 
    Продолжительность завершения работы	:	20737мс
    IsDegradation		:	false
    Время события (UTC)	:	‎2026‎-‎04‎-‎19T19:06:23.791824200Z"
"19.04.2026 17:53:16","101","Предупреждение","Microsoft-Windows-Diagnostics-Performance","Это приложение загружалось дольше обычного, что привело к замедлению процесса запуска системы: 
    Имя файла		:	AdGuardVpnSvc.exe
    Понятное имя		:	AdGuard VPN for Windows
    Версия		:	2.7.1800.0
    Общее время		:	7754мс
    Время замедления	:	4257мс
    Время события (UTC)	:	‎2026‎-‎04‎-‎19T12:50:54.922706500Z"
"19.04.2026 17:53:16","101","Предупреждение","Microsoft-Windows-Diagnostics-Performance","Это приложение загружалось дольше обычного, что привело к замедлению процесса запуска системы: 
    Имя файла		:	vmmem
    Понятное имя		:	
    Версия		:	
    Общее время		:	30667мс
    Время замедления	:	25667мс
    Время события (UTC)	:	‎2026‎-‎04‎-‎19T12:50:54.922706500Z"
"19.04.2026 17:53:16","100","Критический","Microsoft-Windows-Diagnostics-Performance","Windows запущена: 
     Длительность загрузки		:	127199ms
     IsDegradation		:	false
     Время события (UTC)	:	‎2026‎-‎04‎-‎19T12:50:54.922706500Z"
"19.04.2026 17:53:13","200","Предупреждение","Microsoft-Windows-Diagnostics-Performance","Завершение работы Windows 
    Продолжительность завершения работы	:	16280мс
    IsDegradation		:	false
    Время события (UTC)	:	‎2026‎-‎04‎-‎19T12:50:17.053414600Z"
"19.04.2026 13:11:52","101","Предупреждение","Microsoft-Windows-Diagnostics-Performance","Это приложение загружалось дольше обычного, что привело к замедлению процесса запуска системы: 
    Имя файла		:	Docker Desktop.exe
    Понятное имя		:	Docker Desktop
    Версия		:	4.50.0.209931
    Общее время		:	5755мс
    Время замедления	:	755мс
    Время события (UTC)	:	‎2026‎-‎04‎-‎19T08:09:45.922710700Z"
"19.04.2026 13:11:52","101","Предупреждение","Microsoft-Windows-Diagnostics-Performance","Это приложение загружалось дольше обычного, что привело к замедлению процесса запуска системы: 
    Имя файла		:	msedgewebview2.exe
    Понятное имя		:	Microsoft Edge WebView2
    Версия		:	147.0.3912.72
    Общее время		:	8631мс
    Время замедления	:	3631мс
    Время события (UTC)	:	‎2026‎-‎04‎-‎19T08:09:45.922710700Z"
"19.04.2026 13:11:52","101","Ошибка","Microsoft-Windows-Diagnostics-Performance","Это приложение загружалось дольше обычного, что привело к замедлению процесса запуска системы: 
    Имя файла		:	vmmem
    Понятное имя		:	
    Версия		:	
    Общее время		:	34343мс
    Время замедления	:	29343мс
    Время события (UTC)	:	‎2026‎-‎04‎-‎19T08:09:45.922710700Z"
"19.04.2026 13:11:52","100","Ошибка","Microsoft-Windows-Diagnostics-Performance","Windows запущена: 
     Длительность загрузки		:	80672ms
     IsDegradation		:	false
     Время события (UTC)	:	‎2026‎-‎04‎-‎19T08:09:45.922710700Z"
"18.04.2026 18:42:34","108","Предупреждение","Microsoft-Windows-Diagnostics-Performance","Применение политики пользователя вызвало замедление процесса запуска системы: 
    Имя		:	PreShellInit
    Общее время		:	5935мс
    Время замедления	:	2097мс
    Время события (UTC)	:	‎2026‎-‎04‎-‎18T13:40:11.938719900Z"
"18.04.2026 18:42:34","101","Предупреждение","Microsoft-Windows-Diagnostics-Performance","Это приложение загружалось дольше обычного, что привело к замедлению процесса запуска системы: 
    Имя файла		:	SWVisualize.Queue.Server.exe
    Понятное имя		:	SOLIDWORKS Visualize Queue Server
    Версия		:	32.5.0.0048
    Общее время		:	2502мс
    Время замедления	:	662мс
    Время события (UTC)	:	‎2026‎-‎04‎-‎18T13:40:11.938719900Z"
"18.04.2026 18:42:34","101","Предупреждение","Microsoft-Windows-Diagnostics-Performance","Это приложение загружалось дольше обычного, что привело к замедлению процесса запуска системы: 
    Имя файла		:	svchost.exe
    Понятное имя		:	Хост-процесс для служб Windows
    Версия		:	10.0.19041.4522 (WinBuild.160101.0800)
    Общее время		:	8662мс
    Время замедления	:	5045мс
    Время события (UTC)	:	‎2026‎-‎04‎-‎18T13:40:11.938719900Z"
"18.04.2026 18:42:34","100","Критический","Microsoft-Windows-Diagnostics-Performance","Windows запущена: 
     Длительность загрузки		:	123919ms
     IsDegradation		:	false
     Время события (UTC)	:	‎2026‎-‎04‎-‎18T13:40:11.938719900Z"
"18.04.2026 18:42:33","200","Предупреждение","Microsoft-Windows-Diagnostics-Performance","Завершение работы Windows 
    Продолжительность завершения работы	:	16665мс
    IsDegradation		:	false
    Время события (UTC)	:	‎2026‎-‎04‎-‎18T13:39:31.963459300Z"
"17.04.2026 17:09:31","101","Предупреждение","Microsoft-Windows-Diagnostics-Performance","Это приложение загружалось дольше обычного, что привело к замедлению процесса запуска системы: 
    Имя файла		:	nvcontainer.exe
    Понятное имя		:	NVIDIA Container
    Версия		:	gcomp_rel 35816461
    Общее время		:	1587мс
    Время замедления	:	991мс
    Время события (UTC)	:	‎2026‎-‎04‎-‎17T12:07:10.922895100Z"
"17.04.2026 17:09:31","101","Предупреждение","Microsoft-Windows-Diagnostics-Performance","Это приложение загружалось дольше обычного, что привело к замедлению процесса запуска системы: 
    Имя файла		:	OfficeClickToRun.exe
    Понятное имя		:	Microsoft Office Click-to-Run (SxS)
    Версия		:	16.0.19822.20168
    Общее время		:	3721мс
    Время замедления	:	1945мс
    Время события (UTC)	:	‎2026‎-‎04‎-‎17T12:07:10.922895100Z"
"17.04.2026 17:09:31","101","Предупреждение","Microsoft-Windows-Diagnostics-Performance","Это приложение загружалось дольше обычного, что привело к замедлению процесса запуска системы: 
    Имя файла		:	node.exe
    Понятное имя		:	Node.js JavaScript Runtime
    Версия		:	24.14.1
    Общее время		:	9678мс
    Время замедления	:	4678мс
    Время события (UTC)	:	‎2026‎-‎04‎-‎17T12:07:10.922895100Z"
"17.04.2026 17:09:31","101","Предупреждение","Microsoft-Windows-Diagnostics-Performance","Это приложение загружалось дольше обычного, что привело к замедлению процесса запуска системы: 
    Имя файла		:	Antigravity.exe
    Понятное имя		:	Antigravity
    Версия		:	1.23.2
    Общее время		:	35510мс
    Время замедления	:	30510мс
    Время события (UTC)	:	‎2026‎-‎04‎-‎17T12:07:10.922895100Z"
"17.04.2026 17:09:31","101","Ошибка","Microsoft-Windows-Diagnostics-Performance","Это приложение загружалось дольше обычного, что привело к замедлению процесса запуска системы: 
    Имя файла		:	OllamaSetup.tmp
    Понятное имя		:	
    Версия		:	
    Общее время		:	77754мс
    Время замедления	:	72754мс
    Время события (UTC)	:	‎2026‎-‎04‎-‎17T12:07:10.922895100Z"
"17.04.2026 17:09:31","100","Критический","Microsoft-Windows-Diagnostics-Performance","Windows запущена: 
     Длительность загрузки		:	134303ms
     IsDegradation		:	false
     Время события (UTC)	:	‎2026‎-‎04‎-‎17T12:07:10.922895100Z"
"17.04.2026 17:09:27","200","Предупреждение","Microsoft-Windows-Diagnostics-Performance","Завершение работы Windows 
    Продолжительность завершения работы	:	14253мс
    IsDegradation		:	false
    Время события (UTC)	:	‎2026‎-‎04‎-‎17T12:06:34.197681900Z"
"17.04.2026 9:19:15","101","Предупреждение","Microsoft-Windows-Diagnostics-Performance","Это приложение загружалось дольше обычного, что привело к замедлению процесса запуска системы: 
    Имя файла		:	OfficeClickToRun.exe
    Понятное имя		:	Microsoft Office Click-to-Run (SxS)
    Версия		:	16.0.19822.20168
    Общее время		:	3657мс
    Время замедления	:	1104мс
    Время события (UTC)	:	‎2026‎-‎04‎-‎17T04:17:00.188200500Z"
"17.04.2026 9:19:15","100","Критический","Microsoft-Windows-Diagnostics-Performance","Windows запущена: 
     Длительность загрузки		:	116636ms
     IsDegradation		:	false
     Время события (UTC)	:	‎2026‎-‎04‎-‎17T04:17:00.188200500Z"
"17.04.2026 9:19:13","200","Предупреждение","Microsoft-Windows-Diagnostics-Performance","Завершение работы Windows 
    Продолжительность завершения работы	:	13556мс
    IsDegradation		:	true
    Время события (UTC)	:	‎2026‎-‎04‎-‎17T04:16:23.266362900Z"
"16.04.2026 13:56:38","101","Предупреждение","Microsoft-Windows-Diagnostics-Performance","Это приложение загружалось дольше обычного, что привело к замедлению процесса запуска системы: 
    Имя файла		:	browser.exe
    Понятное имя		:	Yandex with voice assistant Alice
    Версия		:	26.3.3.884
    Общее время		:	6992мс
    Время замедления	:	1992мс
    Время события (UTC)	:	‎2026‎-‎04‎-‎16T08:28:25.938261500Z"
"16.04.2026 13:56:38","100","Ошибка","Microsoft-Windows-Diagnostics-Performance","Windows запущена: 
     Длительность загрузки		:	96161ms
     IsDegradation		:	false
     Время события (UTC)	:	‎2026‎-‎04‎-‎16T08:28:25.938261500Z"
"15.04.2026 14:28:22","500","Предупреждение","Microsoft-Windows-Diagnostics-Performance","Диспетчер окон рабочего стола испытывает недостаток ресурсов. 
    Сценарий	:	Не хватает ресурсов видеопамяти, что приводит к пробуксовке. Уменьшение количества запущенных программ и открытых окон может исправить эту ситуацию."
"15.04.2026 13:58:12","101","Предупреждение","Microsoft-Windows-Diagnostics-Performance","Это приложение загружалось дольше обычного, что привело к замедлению процесса запуска системы: 
    Имя файла		:	svchost.exe
    Понятное имя		:	Хост-процесс для служб Windows
    Версия		:	10.0.19041.4522 (WinBuild.160101.0800)
    Общее время		:	2219мс
    Время замедления	:	546мс
    Время события (UTC)	:	‎2026‎-‎04‎-‎15T08:56:02.922883000Z"
"15.04.2026 13:58:12","101","Предупреждение","Microsoft-Windows-Diagnostics-Performance","Это приложение загружалось дольше обычного, что привело к замедлению процесса запуска системы: 
    Имя файла		:	nvcontainer.exe
    Понятное имя		:	NVIDIA Container
    Версия		:	gcomp_rel 35816461
    Общее время		:	7222мс
    Время замедления	:	1954мс
    Время события (UTC)	:	‎2026‎-‎04‎-‎15T08:56:02.922883000Z"
"15.04.2026 13:58:12","101","Ошибка","Microsoft-Windows-Diagnostics-Performance","Это приложение загружалось дольше обычного, что привело к замедлению процесса запуска системы: 
    Имя файла		:	browser.exe
    Понятное имя		:	Yandex with voice assistant Alice
    Версия		:	26.3.3.869
    Общее время		:	31170мс
    Время замедления	:	26170мс
    Время события (UTC)	:	‎2026‎-‎04‎-‎15T08:56:02.922883000Z"
"15.04.2026 13:58:12","101","Ошибка","Microsoft-Windows-Diagnostics-Performance","Это приложение загружалось дольше обычного, что привело к замедлению процесса запуска системы: 
    Имя файла		:	OllamaSetup.tmp
    Понятное имя		:	
    Версия		:	
    Общее время		:	69957мс
    Время замедления	:	64957мс
    Время события (UTC)	:	‎2026‎-‎04‎-‎15T08:56:02.922883000Z"
"15.04.2026 13:58:12","100","Критический","Microsoft-Windows-Diagnostics-Performance","Windows запущена: 
     Длительность загрузки		:	108423ms
     IsDegradation		:	true
     Время события (UTC)	:	‎2026‎-‎04‎-‎15T08:56:02.922883000Z"
"15.04.2026 13:58:10","200","Предупреждение","Microsoft-Windows-Diagnostics-Performance","Завершение работы Windows 
    Продолжительность завершения работы	:	18703мс
    IsDegradation		:	false
    Время события (UTC)	:	‎2026‎-‎04‎-‎15T05:46:44.069733800Z"
"10.04.2026 21:46:11","108","Предупреждение","Microsoft-Windows-Diagnostics-Performance","Применение политики пользователя вызвало замедление процесса запуска системы: 
    Имя		:	PreShellInit
    Общее время		:	3850мс
    Время замедления	:	2695мс
    Время события (UTC)	:	‎2026‎-‎04‎-‎10T16:43:33.922712700Z"
"10.04.2026 21:46:11","101","Предупреждение","Microsoft-Windows-Diagnostics-Performance","Это приложение загружалось дольше обычного, что привело к замедлению процесса запуска системы: 
    Имя файла		:	browser.exe
    Понятное имя		:	Yandex with voice assistant Alice
    Версия		:	26.3.3.862
    Общее время		:	26395мс
    Время замедления	:	21395мс
    Время события (UTC)	:	‎2026‎-‎04‎-‎10T16:43:33.922712700Z"
"10.04.2026 21:46:11","101","Ошибка","Microsoft-Windows-Diagnostics-Performance","Это приложение загружалось дольше обычного, что привело к замедлению процесса запуска системы: 
    Имя файла		:	OllamaSetup.tmp
    Понятное имя		:	
    Версия		:	
    Общее время		:	76939мс
    Время замедления	:	71939мс
    Время события (UTC)	:	‎2026‎-‎04‎-‎10T16:43:33.922712700Z"
"10.04.2026 21:46:11","100","Критический","Microsoft-Windows-Diagnostics-Performance","Windows запущена: 
     Длительность загрузки		:	139930ms
     IsDegradation		:	true
     Время события (UTC)	:	‎2026‎-‎04‎-‎10T16:43:33.922712700Z"
"09.04.2026 18:44:14","101","Предупреждение","Microsoft-Windows-Diagnostics-Performance","Это приложение загружалось дольше обычного, что привело к замедлению процесса запуска системы: 
    Имя файла		:	sppsvc.exe
    Понятное имя		:	Служба платформы защиты программного обеспечения Майкрософт
    Версия		:	10.0.19041.4522 (WinBuild.160101.0800)
    Общее время		:	1636мс
    Время замедления	:	668мс
    Время события (UTC)	:	‎2026‎-‎04‎-‎09T13:41:58.141419800Z"
"09.04.2026 18:44:14","100","Ошибка","Microsoft-Windows-Diagnostics-Performance","Windows запущена: 
     Длительность загрузки		:	89641ms
     IsDegradation		:	false
     Время события (UTC)	:	‎2026‎-‎04‎-‎09T13:41:58.141419800Z"
"09.04.2026 13:23:55","101","Предупреждение","Microsoft-Windows-Diagnostics-Performance","Это приложение загружалось дольше обычного, что привело к замедлению процесса запуска системы: 
    Имя файла		:	max.exe
    Понятное имя		:	
    Версия		:	
    Общее время		:	8542мс
    Время замедления	:	3542мс
    Время события (UTC)	:	‎2026‎-‎04‎-‎09T08:21:17.922691400Z"
"09.04.2026 13:23:55","101","Ошибка","Microsoft-Windows-Diagnostics-Performance","Это приложение загружалось дольше обычного, что привело к замедлению процесса запуска системы: 
    Имя файла		:	OllamaSetup.tmp
    Понятное имя		:	
    Версия		:	
    Общее время		:	65674мс
    Время замедления	:	60674мс
    Время события (UTC)	:	‎2026‎-‎04‎-‎09T08:21:17.922691400Z"
"09.04.2026 13:23:55","100","Критический","Microsoft-Windows-Diagnostics-Performance","Windows запущена: 
     Длительность загрузки		:	127529ms
     IsDegradation		:	false
     Время события (UTC)	:	‎2026‎-‎04‎-‎09T08:21:17.922691400Z"
"09.04.2026 13:23:53","200","Предупреждение","Microsoft-Windows-Diagnostics-Performance","Завершение работы Windows 
    Продолжительность завершения работы	:	16180мс
    IsDegradation		:	false
    Время события (UTC)	:	‎2026‎-‎04‎-‎09T00:53:31.346956500Z"
"02.04.2026 16:51:26","101","Ошибка","Microsoft-Windows-Diagnostics-Performance","Это приложение загружалось дольше обычного, что привело к замедлению процесса запуска системы: 
    Имя файла		:	OllamaSetup.tmp
    Понятное имя		:	
    Версия		:	
    Общее время		:	66029мс
    Время замедления	:	61029мс
    Время события (UTC)	:	‎2026‎-‎04‎-‎02T11:49:13.125819500Z"
"02.04.2026 16:51:26","100","Критический","Microsoft-Windows-Diagnostics-Performance","Windows запущена: 
     Длительность загрузки		:	117007ms
     IsDegradation		:	false
     Время события (UTC)	:	‎2026‎-‎04‎-‎02T11:49:13.125819500Z"
"02.04.2026 16:51:25","200","Предупреждение","Microsoft-Windows-Diagnostics-Performance","Завершение работы Windows 
    Продолжительность завершения работы	:	14523мс
    IsDegradation		:	false
    Время события (UTC)	:	‎2026‎-‎04‎-‎01T22:21:39.527344000Z"
"28.03.2026 15:56:08","100","Ошибка","Microsoft-Windows-Diagnostics-Performance","Windows запущена: 
     Длительность загрузки		:	108170ms
     IsDegradation		:	false
     Время события (UTC)	:	‎2026‎-‎03‎-‎28T10:53:18.922733500Z"
"28.03.2026 1:54:29","100","Критический","Microsoft-Windows-Diagnostics-Performance","Windows запущена: 
     Длительность загрузки		:	93799ms
     IsDegradation		:	false
     Время события (UTC)	:	‎2026‎-‎03‎-‎27T20:52:23.938163900Z"
"27.03.2026 20:13:06","101","Предупреждение","Microsoft-Windows-Diagnostics-Performance","Это приложение загружалось дольше обычного, что привело к замедлению процесса запуска системы: 
    Имя файла		:	orca-slicer.exe
    Понятное имя		:	OrcaSlicer
    Версия		:	
    Общее время		:	7568мс
    Время замедления	:	2568мс
    Время события (UTC)	:	‎2026‎-‎03‎-‎27T15:08:45.923179500Z"
"27.03.2026 20:13:06","100","Ошибка","Microsoft-Windows-Diagnostics-Performance","Windows запущена: 
     Длительность загрузки		:	99593ms
     IsDegradation		:	false
     Время события (UTC)	:	‎2026‎-‎03‎-‎27T15:08:45.923179500Z"
"26.03.2026 19:50:29","101","Предупреждение","Microsoft-Windows-Diagnostics-Performance","Это приложение загружалось дольше обычного, что привело к замедлению процесса запуска системы: 
    Имя файла		:	SWVisualize.Queue.Server.exe
    Понятное имя		:	SOLIDWORKS Visualize Queue Server
    Версия		:	32.5.0.0048
    Общее время		:	1932мс
    Время замедления	:	699мс
    Время события (UTC)	:	‎2026‎-‎03‎-‎26T14:48:26.907089800Z"
"26.03.2026 19:50:29","101","Предупреждение","Microsoft-Windows-Diagnostics-Performance","Это приложение загружалось дольше обычного, что привело к замедлению процесса запуска системы: 
    Имя файла		:	orca-slicer.exe
    Понятное имя		:	OrcaSlicer
    Версия		:	
    Общее время		:	10189мс
    Время замедления	:	5189мс
    Время события (UTC)	:	‎2026‎-‎03‎-‎26T14:48:26.907089800Z"
"26.03.2026 19:50:29","100","Критический","Microsoft-Windows-Diagnostics-Performance","Windows запущена: 
     Длительность загрузки		:	101456ms
     IsDegradation		:	false
     Время события (UTC)	:	‎2026‎-‎03‎-‎26T14:48:26.907089800Z"
"26.03.2026 19:50:26","200","Предупреждение","Microsoft-Windows-Diagnostics-Performance","Завершение работы Windows 
    Продолжительность завершения работы	:	10573мс
    IsDegradation		:	false
    Время события (UTC)	:	‎2026‎-‎03‎-‎26T14:47:55.192957600Z"
"26.03.2026 19:20:01","101","Ошибка","Microsoft-Windows-Diagnostics-Performance","Это приложение загружалось дольше обычного, что привело к замедлению процесса запуска системы: 
    Имя файла		:	OllamaSetup.tmp
    Понятное имя		:	
    Версия		:	
    Общее время		:	40382мс
    Время замедления	:	35382мс
    Время события (UTC)	:	‎2026‎-‎03‎-‎26T14:13:01.922692200Z"
"26.03.2026 19:20:01","100","Ошибка","Microsoft-Windows-Diagnostics-Performance","Windows запущена: 
     Длительность загрузки		:	102315ms
     IsDegradation		:	true
     Время события (UTC)	:	‎2026‎-‎03‎-‎26T14:13:01.922692200Z"
"25.03.2026 11:44:44","100","Критический","Microsoft-Windows-Diagnostics-Performance","Windows запущена: 
     Длительность загрузки		:	111346ms
     IsDegradation		:	false
     Время события (UTC)	:	‎2026‎-‎03‎-‎25T06:42:18.157159500Z"
"23.03.2026 20:10:22","101","Ошибка","Microsoft-Windows-Diagnostics-Performance","Это приложение загружалось дольше обычного, что привело к замедлению процесса запуска системы: 
    Имя файла		:	OllamaSetup.tmp
    Понятное имя		:	
    Версия		:	
    Общее время		:	45464мс
    Время замедления	:	40464мс
    Время события (UTC)	:	‎2026‎-‎03‎-‎23T14:56:02.922720600Z"
"23.03.2026 20:10:22","100","Ошибка","Microsoft-Windows-Diagnostics-Performance","Windows запущена: 
     Длительность загрузки		:	108874ms
     IsDegradation		:	false
     Время события (UTC)	:	‎2026‎-‎03‎-‎23T14:56:02.922720600Z"
"20.03.2026 11:12:01","101","Предупреждение","Microsoft-Windows-Diagnostics-Performance","Это приложение загружалось дольше обычного, что привело к замедлению процесса запуска системы: 
    Имя файла		:	SWVisualize.Queue.Server.exe
    Понятное имя		:	SOLIDWORKS Visualize Queue Server
    Версия		:	32.5.0.0048
    Общее время		:	2036мс
    Время замедления	:	1410мс
    Время события (UTC)	:	‎2026‎-‎03‎-‎20T06:09:53.907173600Z"
"20.03.2026 11:12:01","101","Ошибка","Microsoft-Windows-Diagnostics-Performance","Это приложение загружалось дольше обычного, что привело к замедлению процесса запуска системы: 
    Имя файла		:	OllamaSetup.tmp
    Понятное имя		:	
    Версия		:	
    Общее время		:	46334мс
    Время замедления	:	41334мс
    Время события (UTC)	:	‎2026‎-‎03‎-‎20T06:09:53.907173600Z"
"20.03.2026 11:12:01","100","Ошибка","Microsoft-Windows-Diagnostics-Performance","Windows запущена: 
     Длительность загрузки		:	84882ms
     IsDegradation		:	false
     Время события (UTC)	:	‎2026‎-‎03‎-‎20T06:09:53.907173600Z"
"17.03.2026 10:58:14","101","Ошибка","Microsoft-Windows-Diagnostics-Performance","Это приложение загружалось дольше обычного, что привело к замедлению процесса запуска системы: 
    Имя файла		:	OllamaSetup.tmp
    Понятное имя		:	
    Версия		:	
    Общее время		:	75362мс
    Время замедления	:	70362мс
    Время события (UTC)	:	‎2026‎-‎03‎-‎17T05:52:09.141377300Z"
"17.03.2026 10:58:14","100","Критический","Microsoft-Windows-Diagnostics-Performance","Windows запущена: 
     Длительность загрузки		:	143856ms
     IsDegradation		:	false
     Время события (UTC)	:	‎2026‎-‎03‎-‎17T05:52:09.141377300Z"
"13.03.2026 10:56:47","108","Предупреждение","Microsoft-Windows-Diagnostics-Performance","Применение политики пользователя вызвало замедление процесса запуска системы: 
    Имя		:	PreShellInit
    Общее время		:	11405мс
    Время замедления	:	7144мс
    Время события (UTC)	:	‎2026‎-‎03‎-‎13T05:54:35.922874400Z"
"13.03.2026 10:56:47","101","Предупреждение","Microsoft-Windows-Diagnostics-Performance","Это приложение загружалось дольше обычного, что привело к замедлению процесса запуска системы: 
    Имя файла		:	SLDWORKS.exe
    Понятное имя		:	SolidWorks
    Версия		:	32.5.0.0048
    Общее время		:	12477мс
    Время замедления	:	7477мс
    Время события (UTC)	:	‎2026‎-‎03‎-‎13T05:54:35.922874400Z"
"13.03.2026 10:56:47","100","Ошибка","Microsoft-Windows-Diagnostics-Performance","Windows запущена: 
     Длительность загрузки		:	93110ms
     IsDegradation		:	false
     Время события (UTC)	:	‎2026‎-‎03‎-‎13T05:54:35.922874400Z"
"13.03.2026 10:56:43","200","Предупреждение","Microsoft-Windows-Diagnostics-Performance","Завершение работы Windows 
    Продолжительность завершения работы	:	17496мс
    IsDegradation		:	false
    Время события (UTC)	:	‎2026‎-‎03‎-‎13T05:53:38.213053100Z"
"08.03.2026 21:31:12","101","Предупреждение","Microsoft-Windows-Diagnostics-Performance","Это приложение загружалось дольше обычного, что привело к замедлению процесса запуска системы: 
    Имя файла		:	SearchIndexer.exe
    Понятное имя		:	Индексатор службы Microsoft Windows Search
    Версия		:	7.0.19041.4522 (WinBuild.160101.0800)
    Общее время		:	4994мс
    Время замедления	:	3994мс
    Время события (UTC)	:	‎2026‎-‎03‎-‎08T16:28:55.922676400Z"
"08.03.2026 21:31:12","101","Предупреждение","Microsoft-Windows-Diagnostics-Performance","Это приложение загружалось дольше обычного, что привело к замедлению процесса запуска системы: 
    Имя файла		:	svchost.exe
    Понятное имя		:	Хост-процесс для служб Windows
    Версия		:	10.0.19041.4522 (WinBuild.160101.0800)
    Общее время		:	11752мс
    Время замедления	:	6322мс
    Время события (UTC)	:	‎2026‎-‎03‎-‎08T16:28:55.922676400Z"
"08.03.2026 21:31:12","100","Критический","Microsoft-Windows-Diagnostics-Performance","Windows запущена: 
     Длительность загрузки		:	105491ms
     IsDegradation		:	false
     Время события (UTC)	:	‎2026‎-‎03‎-‎08T16:28:55.922676400Z"
"07.03.2026 10:20:11","101","Предупреждение","Microsoft-Windows-Diagnostics-Performance","Это приложение загружалось дольше обычного, что привело к замедлению процесса запуска системы: 
    Имя файла		:	WWAHost.exe
    Понятное имя		:	Узел WWA (Майкрософт)
    Версия		:	10.0.19041.4522 (WinBuild.160101.0800)
    Общее время		:	2598мс
    Время замедления	:	98мс
    Время события (UTC)	:	‎2026‎-‎03‎-‎07T05:17:34.125854000Z"
"07.03.2026 10:20:11","101","Предупреждение","Microsoft-Windows-Diagnostics-Performance","Это приложение загружалось дольше обычного, что привело к замедлению процесса запуска системы: 
    Имя файла		:	SyncLight.exe
    Понятное имя		:	SyncLight
    Версия		:	2.17.1
    Общее время		:	7896мс
    Время замедления	:	2896мс
    Время события (UTC)	:	‎2026‎-‎03‎-‎07T05:17:34.125854000Z"
"07.03.2026 10:20:11","101","Ошибка","Microsoft-Windows-Diagnostics-Performance","Это приложение загружалось дольше обычного, что привело к замедлению процесса запуска системы: 
    Имя файла		:	OllamaSetup.tmp
    Понятное имя		:	
    Версия		:	
    Общее время		:	42564мс
    Время замедления	:	37564мс
    Время события (UTC)	:	‎2026‎-‎03‎-‎07T05:17:34.125854000Z"
