"28.05.2025 17:19:25","100","Ошибка","Microsoft-Windows-Diagnostics-Performance","Windows запущена: 
     Длительность загрузки		:	75131ms
     IsDegradation		:	false
     Время события (UTC)	:	‎2025‎-‎05‎-‎28T12:17:10.859838900Z"
"28.05.2025 8:52:03","101","Предупреждение","Microsoft-Windows-Diagnostics-Performance","Это приложение загружалось дольше обычного, что привело к замедлению процесса запуска системы: 
    Имя файла		:	DeepL.exe
    Понятное имя		:	
    Версия		:	
    Общее время		:	12397мс
    Время замедления	:	7397мс
    Время события (UTC)	:	‎2025‎-‎05‎-‎28T03:47:39.859824900Z"
"28.05.2025 8:52:03","100","Предупреждение","Microsoft-Windows-Diagnostics-Performance","Windows запущена: 
     Длительность загрузки		:	85826ms
     IsDegradation		:	false
     Время события (UTC)	:	‎2025‎-‎05‎-‎28T03:47:39.859824900Z"
"27.05.2025 17:50:03","101","Предупреждение","Microsoft-Windows-Diagnostics-Performance","Это приложение загружалось дольше обычного, что привело к замедлению процесса запуска системы: 
    Имя файла		:	DeepL.exe
    Понятное имя		:	
    Версия		:	
    Общее время		:	13403мс
    Время замедления	:	8403мс
    Время события (UTC)	:	‎2025‎-‎05‎-‎27T12:44:14.859885600Z"
"27.05.2025 17:50:03","100","Ошибка","Microsoft-Windows-Diagnostics-Performance","Windows запущена: 
     Длительность загрузки		:	86710ms
     IsDegradation		:	false
     Время события (UTC)	:	‎2025‎-‎05‎-‎27T12:44:14.859885600Z"
"27.05.2025 11:58:18","101","Предупреждение","Microsoft-Windows-Diagnostics-Performance","Это приложение загружалось дольше обычного, что привело к замедлению процесса запуска системы: 
    Имя файла		:	Telegram.exe
    Понятное имя		:	
    Версия		:	
    Общее время		:	5072мс
    Время замедления	:	72мс
    Время события (UTC)	:	‎2025‎-‎05‎-‎27T06:49:16.063213300Z"
"27.05.2025 11:58:18","101","Предупреждение","Microsoft-Windows-Diagnostics-Performance","Это приложение загружалось дольше обычного, что привело к замедлению процесса запуска системы: 
    Имя файла		:	0install-win.exe
    Понятное имя		:	
    Версия		:	
    Общее время		:	7263мс
    Время замедления	:	2263мс
    Время события (UTC)	:	‎2025‎-‎05‎-‎27T06:49:16.063213300Z"
"27.05.2025 11:58:18","101","Предупреждение","Microsoft-Windows-Diagnostics-Performance","Это приложение загружалось дольше обычного, что привело к замедлению процесса запуска системы: 
    Имя файла		:	DeepL.exe
    Понятное имя		:	
    Версия		:	
    Общее время		:	12823мс
    Время замедления	:	7823мс
    Время события (UTC)	:	‎2025‎-‎05‎-‎27T06:49:16.063213300Z"
"27.05.2025 11:58:18","100","Ошибка","Microsoft-Windows-Diagnostics-Performance","Windows запущена: 
     Длительность загрузки		:	86892ms
     IsDegradation		:	false
     Время события (UTC)	:	‎2025‎-‎05‎-‎27T06:49:16.063213300Z"
"26.05.2025 9:33:27","100","Ошибка","Microsoft-Windows-Diagnostics-Performance","Windows запущена: 
     Длительность загрузки		:	87628ms
     IsDegradation		:	false
     Время события (UTC)	:	‎2025‎-‎05‎-‎26T04:30:28.859802200Z"
"25.05.2025 10:09:50","100","Ошибка","Microsoft-Windows-Diagnostics-Performance","Windows запущена: 
     Длительность загрузки		:	81246ms
     IsDegradation		:	false
     Время события (UTC)	:	‎2025‎-‎05‎-‎25T05:04:33.875561000Z"
"24.05.2025 7:28:26","100","Ошибка","Microsoft-Windows-Diagnostics-Performance","Windows запущена: 
     Длительность загрузки		:	64824ms
     IsDegradation		:	false
     Время события (UTC)	:	‎2025‎-‎05‎-‎24T02:26:14.860258500Z"
"24.05.2025 7:28:25","200","Предупреждение","Microsoft-Windows-Diagnostics-Performance","Завершение работы Windows 
    Продолжительность завершения работы	:	13170мс
    IsDegradation		:	true
    Время события (UTC)	:	‎2025‎-‎05‎-‎23T21:06:49.258752500Z"
"22.05.2025 19:46:12","101","Предупреждение","Microsoft-Windows-Diagnostics-Performance","Это приложение загружалось дольше обычного, что привело к замедлению процесса запуска системы: 
    Имя файла		:	AdGuardVpnSvc.exe
    Понятное имя		:	AdGuard VPN for Windows
    Версия		:	2.5.1700.0
    Общее время		:	3356мс
    Время замедления	:	959мс
    Время события (UTC)	:	‎2025‎-‎05‎-‎22T14:43:45.875424700Z"
"22.05.2025 19:46:12","100","Предупреждение","Microsoft-Windows-Diagnostics-Performance","Windows запущена: 
     Длительность загрузки		:	76249ms
     IsDegradation		:	false
     Время события (UTC)	:	‎2025‎-‎05‎-‎22T14:43:45.875424700Z"
"22.05.2025 8:42:39","100","Предупреждение","Microsoft-Windows-Diagnostics-Performance","Windows запущена: 
     Длительность загрузки		:	83361ms
     IsDegradation		:	true
     Время события (UTC)	:	‎2025‎-‎05‎-‎22T03:32:03.859964500Z"
"20.05.2025 16:20:24","108","Предупреждение","Microsoft-Windows-Diagnostics-Performance","Применение политики пользователя вызвало замедление процесса запуска системы: 
    Имя		:	PreShellInit
    Общее время		:	4483мс
    Время замедления	:	2033мс
    Время события (UTC)	:	‎2025‎-‎05‎-‎20T11:17:34.859826500Z"
"20.05.2025 16:20:24","101","Предупреждение","Microsoft-Windows-Diagnostics-Performance","Это приложение загружалось дольше обычного, что привело к замедлению процесса запуска системы: 
    Имя файла		:	svchost.exe
    Понятное имя		:	Хост-процесс для служб Windows
    Версия		:	10.0.19041.4522 (WinBuild.160101.0800)
    Общее время		:	4221мс
    Время замедления	:	1764мс
    Время события (UTC)	:	‎2025‎-‎05‎-‎20T11:17:34.859826500Z"
"20.05.2025 16:20:24","100","Ошибка","Microsoft-Windows-Diagnostics-Performance","Windows запущена: 
     Длительность загрузки		:	86113ms
     IsDegradation		:	false
     Время события (UTC)	:	‎2025‎-‎05‎-‎20T11:17:34.859826500Z"
"20.05.2025 16:20:23","200","Предупреждение","Microsoft-Windows-Diagnostics-Performance","Завершение работы Windows 
    Продолжительность завершения работы	:	7439мс
    IsDegradation		:	false
    Время события (UTC)	:	‎2025‎-‎05‎-‎20T11:09:43.843513600Z"
"20.05.2025 8:21:52","101","Предупреждение","Microsoft-Windows-Diagnostics-Performance","Это приложение загружалось дольше обычного, что привело к замедлению процесса запуска системы: 
    Имя файла		:	AdGuardVpnSvc.exe
    Понятное имя		:	AdGuard VPN for Windows
    Версия		:	2.5.1700.0
    Общее время		:	4500мс
    Время замедления	:	1782мс
    Время события (UTC)	:	‎2025‎-‎05‎-‎20T03:19:40.094304300Z"
"20.05.2025 8:21:52","100","Ошибка","Microsoft-Windows-Diagnostics-Performance","Windows запущена: 
     Длительность загрузки		:	62940ms
     IsDegradation		:	false
     Время события (UTC)	:	‎2025‎-‎05‎-‎20T03:19:40.094304300Z"
"19.05.2025 20:00:09","500","Предупреждение","Microsoft-Windows-Diagnostics-Performance","Диспетчер окон рабочего стола испытывает недостаток ресурсов. 
    Сценарий	:	Не хватает ресурсов видеопамяти, что приводит к пробуксовке. Уменьшение количества запущенных программ и открытых окон может исправить эту ситуацию."
"19.05.2025 18:21:01","108","Предупреждение","Microsoft-Windows-Diagnostics-Performance","Применение политики пользователя вызвало замедление процесса запуска системы: 
    Имя		:	PreShellInit
    Общее время		:	4981мс
    Время замедления	:	1651мс
    Время события (UTC)	:	‎2025‎-‎05‎-‎19T13:18:37.859835900Z"
"19.05.2025 18:21:01","101","Предупреждение","Microsoft-Windows-Diagnostics-Performance","Это приложение загружалось дольше обычного, что привело к замедлению процесса запуска системы: 
    Имя файла		:	OfficeClickToRun.exe
    Понятное имя		:	Microsoft Office Click-to-Run (SxS)
    Версия		:	16.0.18730.20142
    Общее время		:	1167мс
    Время замедления	:	603мс
    Время события (UTC)	:	‎2025‎-‎05‎-‎19T13:18:37.859835900Z"
"19.05.2025 18:21:01","101","Предупреждение","Microsoft-Windows-Diagnostics-Performance","Это приложение загружалось дольше обычного, что привело к замедлению процесса запуска системы: 
    Имя файла		:	nvcontainer.exe
    Понятное имя		:	NVIDIA Container
    Версия		:	gcomp_rel 34853667
    Общее время		:	1776мс
    Время замедления	:	798мс
    Время события (UTC)	:	‎2025‎-‎05‎-‎19T13:18:37.859835900Z"
"19.05.2025 18:21:01","100","Ошибка","Microsoft-Windows-Diagnostics-Performance","Windows запущена: 
     Длительность загрузки		:	110077ms
     IsDegradation		:	false
     Время события (UTC)	:	‎2025‎-‎05‎-‎19T13:18:37.859835900Z"
"19.05.2025 18:21:00","200","Предупреждение","Microsoft-Windows-Diagnostics-Performance","Завершение работы Windows 
    Продолжительность завершения работы	:	12358мс
    IsDegradation		:	false
    Время события (UTC)	:	‎2025‎-‎05‎-‎19T13:18:06.381736000Z"
"19.05.2025 10:10:09","100","Ошибка","Microsoft-Windows-Diagnostics-Performance","Windows запущена: 
     Длительность загрузки		:	115393ms
     IsDegradation		:	false
     Время события (UTC)	:	‎2025‎-‎05‎-‎19T05:07:03.938039700Z"
"19.05.2025 10:10:08","200","Предупреждение","Microsoft-Windows-Diagnostics-Performance","Завершение работы Windows 
    Продолжительность завершения работы	:	21855мс
    IsDegradation		:	false
    Время события (UTC)	:	‎2025‎-‎05‎-‎18T19:16:15.584170700Z"
"17.05.2025 19:57:05","500","Предупреждение","Microsoft-Windows-Diagnostics-Performance","Диспетчер окон рабочего стола испытывает недостаток ресурсов. 
    Сценарий	:	Не хватает ресурсов видеопамяти, что приводит к пробуксовке. Уменьшение количества запущенных программ и открытых окон может исправить эту ситуацию."
"16.05.2025 7:38:26","100","Ошибка","Microsoft-Windows-Diagnostics-Performance","Windows запущена: 
     Длительность загрузки		:	63932ms
     IsDegradation		:	false
     Время события (UTC)	:	‎2025‎-‎05‎-‎16T02:36:17.859806700Z"
"14.05.2025 16:43:46","101","Предупреждение","Microsoft-Windows-Diagnostics-Performance","Это приложение загружалось дольше обычного, что привело к замедлению процесса запуска системы: 
    Имя файла		:	DeepL.exe
    Понятное имя		:	
    Версия		:	
    Общее время		:	12028мс
    Время замедления	:	7028мс
    Время события (UTC)	:	‎2025‎-‎05‎-‎14T11:41:30.875543200Z"
"14.05.2025 16:43:46","100","Предупреждение","Microsoft-Windows-Diagnostics-Performance","Windows запущена: 
     Длительность загрузки		:	65399ms
     IsDegradation		:	false
     Время события (UTC)	:	‎2025‎-‎05‎-‎14T11:41:30.875543200Z"
"14.05.2025 10:22:26","101","Предупреждение","Microsoft-Windows-Diagnostics-Performance","Это приложение загружалось дольше обычного, что привело к замедлению процесса запуска системы: 
    Имя файла		:	Telegram.exe
    Понятное имя		:	
    Версия		:	
    Общее время		:	10069мс
    Время замедления	:	5069мс
    Время события (UTC)	:	‎2025‎-‎05‎-‎14T05:20:04.860344700Z"
"14.05.2025 10:22:26","101","Предупреждение","Microsoft-Windows-Diagnostics-Performance","Это приложение загружалось дольше обычного, что привело к замедлению процесса запуска системы: 
    Имя файла		:	DeepL.exe
    Понятное имя		:	
    Версия		:	
    Общее время		:	14446мс
    Время замедления	:	9446мс
    Время события (UTC)	:	‎2025‎-‎05‎-‎14T05:20:04.860344700Z"
"14.05.2025 10:22:26","100","Ошибка","Microsoft-Windows-Diagnostics-Performance","Windows запущена: 
     Длительность загрузки		:	73456ms
     IsDegradation		:	false
     Время события (UTC)	:	‎2025‎-‎05‎-‎14T05:20:04.860344700Z"
"13.05.2025 13:38:30","101","Предупреждение","Microsoft-Windows-Diagnostics-Performance","Это приложение загружалось дольше обычного, что привело к замедлению процесса запуска системы: 
    Имя файла		:	DeepL.exe
    Понятное имя		:	
    Версия		:	
    Общее время		:	13825мс
    Время замедления	:	8825мс
    Время события (UTC)	:	‎2025‎-‎05‎-‎13T08:36:23.891112400Z"
"13.05.2025 13:38:30","100","Ошибка","Microsoft-Windows-Diagnostics-Performance","Windows запущена: 
     Длительность загрузки		:	62923ms
     IsDegradation		:	false
     Время события (UTC)	:	‎2025‎-‎05‎-‎13T08:36:23.891112400Z"
"12.05.2025 21:45:06","100","Критический","Microsoft-Windows-Diagnostics-Performance","Windows запущена: 
     Длительность загрузки		:	120303ms
     IsDegradation		:	false
     Время события (UTC)	:	‎2025‎-‎05‎-‎12T16:43:02.859779100Z"
"12.05.2025 21:45:04","200","Предупреждение","Microsoft-Windows-Diagnostics-Performance","Завершение работы Windows 
    Продолжительность завершения работы	:	9790мс
    IsDegradation		:	true
    Время события (UTC)	:	‎2025‎-‎05‎-‎12T16:42:34.982154900Z"
"12.05.2025 19:30:21","101","Предупреждение","Microsoft-Windows-Diagnostics-Performance","Это приложение загружалось дольше обычного, что привело к замедлению процесса запуска системы: 
    Имя файла		:	svchost.exe
    Понятное имя		:	Хост-процесс для служб Windows
    Версия		:	10.0.19041.4522 (WinBuild.160101.0800)
    Общее время		:	3886мс
    Время замедления	:	946мс
    Время события (UTC)	:	‎2025‎-‎05‎-‎12T14:28:14.063300000Z"
"12.05.2025 19:30:21","100","Предупреждение","Microsoft-Windows-Diagnostics-Performance","Windows запущена: 
     Длительность загрузки		:	57349ms
     IsDegradation		:	false
     Время события (UTC)	:	‎2025‎-‎05‎-‎12T14:28:14.063300000Z"
"12.05.2025 9:58:29","100","Ошибка","Microsoft-Windows-Diagnostics-Performance","Windows запущена: 
     Длительность загрузки		:	84114ms
     IsDegradation		:	false
     Время события (UTC)	:	‎2025‎-‎05‎-‎12T04:55:50.860069600Z"
"11.05.2025 10:55:02","101","Предупреждение","Microsoft-Windows-Diagnostics-Performance","Это приложение загружалось дольше обычного, что привело к замедлению процесса запуска системы: 
    Имя файла		:	AdGuardVpnSvc.exe
    Понятное имя		:	AdGuard VPN for Windows
    Версия		:	2.5.1700.0
    Общее время		:	2099мс
    Время замедления	:	509мс
    Время события (UTC)	:	‎2025‎-‎05‎-‎11T05:52:52.875731800Z"
"11.05.2025 10:55:02","100","Предупреждение","Microsoft-Windows-Diagnostics-Performance","Windows запущена: 
     Длительность загрузки		:	58306ms
     IsDegradation		:	false
     Время события (UTC)	:	‎2025‎-‎05‎-‎11T05:52:52.875731800Z"
"08.05.2025 17:34:04","500","Предупреждение","Microsoft-Windows-Diagnostics-Performance","Диспетчер окон рабочего стола испытывает недостаток ресурсов. 
    Сценарий	:	Не хватает ресурсов видеопамяти, что приводит к пробуксовке. Уменьшение количества запущенных программ и открытых окон может исправить эту ситуацию."
"08.05.2025 16:26:33","101","Предупреждение","Microsoft-Windows-Diagnostics-Performance","Это приложение загружалось дольше обычного, что привело к замедлению процесса запуска системы: 
    Имя файла		:	dwm.exe
    Понятное имя		:	Диспетчер окон рабочего стола
    Версия		:	10.0.19041.4522 (WinBuild.160101.0800)
    Общее время		:	1029мс
    Время замедления	:	29мс
    Время события (UTC)	:	‎2025‎-‎05‎-‎08T11:24:30.859830300Z"
"08.05.2025 16:26:33","100","Ошибка","Microsoft-Windows-Diagnostics-Performance","Windows запущена: 
     Длительность загрузки		:	86831ms
     IsDegradation		:	false
     Время события (UTC)	:	‎2025‎-‎05‎-‎08T11:24:30.859830300Z"
"08.05.2025 16:26:32","200","Предупреждение","Microsoft-Windows-Diagnostics-Performance","Завершение работы Windows 
    Продолжительность завершения работы	:	17212мс
    IsDegradation		:	false
    Время события (UTC)	:	‎2025‎-‎05‎-‎08T11:23:53.345803700Z"
"08.05.2025 14:22:27","101","Предупреждение","Microsoft-Windows-Diagnostics-Performance","Это приложение загружалось дольше обычного, что привело к замедлению процесса запуска системы: 
    Имя файла		:	OfficeClickToRun.exe
    Понятное имя		:	Microsoft Office Click-to-Run (SxS)
    Версия		:	16.0.18730.20122
    Общее время		:	1006мс
    Время замедления	:	6мс
    Время события (UTC)	:	‎2025‎-‎05‎-‎08T09:20:05.860188000Z"
"08.05.2025 14:22:27","101","Предупреждение","Microsoft-Windows-Diagnostics-Performance","Это приложение загружалось дольше обычного, что привело к замедлению процесса запуска системы: 
    Имя файла		:	nvcontainer.exe
    Понятное имя		:	NVIDIA Container
    Версия		:	gcomp_rel 34853667
    Общее время		:	1213мс
    Время замедления	:	213мс
    Время события (UTC)	:	‎2025‎-‎05‎-‎08T09:20:05.860188000Z"
"08.05.2025 14:22:27","100","Ошибка","Microsoft-Windows-Diagnostics-Performance","Windows запущена: 
     Длительность загрузки		:	103779ms
     IsDegradation		:	false
     Время события (UTC)	:	‎2025‎-‎05‎-‎08T09:20:05.860188000Z"
"08.05.2025 14:22:26","200","Предупреждение","Microsoft-Windows-Diagnostics-Performance","Завершение работы Windows 
    Продолжительность завершения работы	:	7328мс
    IsDegradation		:	false
    Время события (UTC)	:	‎2025‎-‎05‎-‎08T09:19:41.149923300Z"
"08.05.2025 8:21:32","100","Ошибка","Microsoft-Windows-Diagnostics-Performance","Windows запущена: 
     Длительность загрузки		:	63093ms
     IsDegradation		:	false
     Время события (UTC)	:	‎2025‎-‎05‎-‎08T03:19:25.859875200Z"
"07.05.2025 9:05:07","100","Предупреждение","Microsoft-Windows-Diagnostics-Performance","Windows запущена: 
     Длительность загрузки		:	62253ms
     IsDegradation		:	false
     Время события (UTC)	:	‎2025‎-‎05‎-‎07T04:02:53.860129500Z"
"06.05.2025 19:37:06","100","Ошибка","Microsoft-Windows-Diagnostics-Performance","Windows запущена: 
     Длительность загрузки		:	85332ms
     IsDegradation		:	false
     Время события (UTC)	:	‎2025‎-‎05‎-‎06T14:34:08.875485200Z"
"06.05.2025 9:37:54","100","Предупреждение","Microsoft-Windows-Diagnostics-Performance","Windows запущена: 
     Длительность загрузки		:	81057ms
     IsDegradation		:	false
     Время события (UTC)	:	‎2025‎-‎05‎-‎06T04:33:18.859879400Z"
"05.05.2025 17:27:16","100","Предупреждение","Microsoft-Windows-Diagnostics-Performance","Windows запущена: 
     Длительность загрузки		:	78256ms
     IsDegradation		:	false
     Время события (UTC)	:	‎2025‎-‎05‎-‎05T11:56:53.078633200Z"
"05.05.2025 15:44:47","500","Предупреждение","Microsoft-Windows-Diagnostics-Performance","Диспетчер окон рабочего стола испытывает недостаток ресурсов. 
    Сценарий	:	Не хватает ресурсов видеопамяти, что приводит к пробуксовке. Уменьшение количества запущенных программ и открытых окон может исправить эту ситуацию."
"05.05.2025 14:31:14","500","Предупреждение","Microsoft-Windows-Diagnostics-Performance","Диспетчер окон рабочего стола испытывает недостаток ресурсов. 
    Сценарий	:	Не хватает ресурсов видеопамяти, что приводит к пробуксовке. Уменьшение количества запущенных программ и открытых окон может исправить эту ситуацию."
"05.05.2025 13:53:08","500","Предупреждение","Microsoft-Windows-Diagnostics-Performance","Диспетчер окон рабочего стола испытывает недостаток ресурсов. 
    Сценарий	:	Не хватает ресурсов видеопамяти, что приводит к пробуксовке. Уменьшение количества запущенных программ и открытых окон может исправить эту ситуацию."
"05.05.2025 8:55:02","100","Предупреждение","Microsoft-Windows-Diagnostics-Performance","Windows запущена: 
     Длительность загрузки		:	80785ms
     IsDegradation		:	false
     Время события (UTC)	:	‎2025‎-‎05‎-‎05T03:45:25.859857800Z"
"04.05.2025 19:56:44","100","Ошибка","Microsoft-Windows-Diagnostics-Performance","Windows запущена: 
     Длительность загрузки		:	56877ms
     IsDegradation		:	false
     Время события (UTC)	:	‎2025‎-‎05‎-‎04T14:54:40.906687300Z"
"04.05.2025 14:11:34","101","Предупреждение","Microsoft-Windows-Diagnostics-Performance","Это приложение загружалось дольше обычного, что привело к замедлению процесса запуска системы: 
    Имя файла		:	sppsvc.exe
    Понятное имя		:	Служба платформы защиты программного обеспечения Майкрософт
    Версия		:	10.0.19041.4522 (WinBuild.160101.0800)
    Общее время		:	691мс
    Время замедления	:	170мс
    Время события (UTC)	:	‎2025‎-‎05‎-‎04T09:09:22.860061300Z"
"04.05.2025 14:11:34","100","Предупреждение","Microsoft-Windows-Diagnostics-Performance","Windows запущена: 
     Длительность загрузки		:	63614ms
     IsDegradation		:	false
     Время события (UTC)	:	‎2025‎-‎05‎-‎04T09:09:22.860061300Z"
"03.05.2025 9:33:12","101","Предупреждение","Microsoft-Windows-Diagnostics-Performance","Это приложение загружалось дольше обычного, что привело к замедлению процесса запуска системы: 
    Имя файла		:	csrss.exe
    Понятное имя		:	Процесс исполнения клиент-сервер
    Версия		:	10.0.19041.4522 (WinBuild.160101.0800)
    Общее время		:	1540мс
    Время замедления	:	540мс
    Время события (UTC)	:	‎2025‎-‎05‎-‎03T04:15:03.859844600Z"
"03.05.2025 9:33:12","100","Предупреждение","Microsoft-Windows-Diagnostics-Performance","Windows запущена: 
     Длительность загрузки		:	79905ms
     IsDegradation		:	false
     Время события (UTC)	:	‎2025‎-‎05‎-‎03T04:15:03.859844600Z"
"01.05.2025 9:30:56","100","Предупреждение","Microsoft-Windows-Diagnostics-Performance","Windows запущена: 
     Длительность загрузки		:	80120ms
     IsDegradation		:	false
     Время события (UTC)	:	‎2025‎-‎05‎-‎01T03:50:59.875418900Z"
"30.04.2025 16:24:24","100","Ошибка","Microsoft-Windows-Diagnostics-Performance","Windows запущена: 
     Длительность загрузки		:	72125ms
     IsDegradation		:	false
     Время события (UTC)	:	‎2025‎-‎04‎-‎30T11:22:05.859889900Z"
"30.04.2025 11:31:12","100","Ошибка","Microsoft-Windows-Diagnostics-Performance","Windows запущена: 
     Длительность загрузки		:	66319ms
     IsDegradation		:	false
     Время события (UTC)	:	‎2025‎-‎04‎-‎30T06:29:02.859814100Z"
"30.04.2025 10:59:49","100","Ошибка","Microsoft-Windows-Diagnostics-Performance","Windows запущена: 
     Длительность загрузки		:	82811ms
     IsDegradation		:	false
     Время события (UTC)	:	‎2025‎-‎04‎-‎30T05:55:11.859896900Z"
"29.04.2025 20:21:20","100","Предупреждение","Microsoft-Windows-Diagnostics-Performance","Windows запущена: 
     Длительность загрузки		:	80289ms
     IsDegradation		:	false
     Время события (UTC)	:	‎2025‎-‎04‎-‎29T15:18:09.875455500Z"
"29.04.2025 17:25:59","100","Предупреждение","Microsoft-Windows-Diagnostics-Performance","Windows запущена: 
     Длительность загрузки		:	65608ms
     IsDegradation		:	false
     Время события (UTC)	:	‎2025‎-‎04‎-‎29T12:21:51.875499300Z"
"28.04.2025 9:37:22","100","Предупреждение","Microsoft-Windows-Diagnostics-Performance","Windows запущена: 
     Длительность загрузки		:	58478ms
     IsDegradation		:	false
     Время события (UTC)	:	‎2025‎-‎04‎-‎28T04:29:06.062928000Z"
"27.04.2025 9:26:49","101","Предупреждение","Microsoft-Windows-Diagnostics-Performance","Это приложение загружалось дольше обычного, что привело к замедлению процесса запуска системы: 
    Имя файла		:	svchost.exe
    Понятное имя		:	Хост-процесс для служб Windows
    Версия		:	10.0.19041.4522 (WinBuild.160101.0800)
    Общее время		:	1742мс
    Время замедления	:	537мс
    Время события (UTC)	:	‎2025‎-‎04‎-‎27T03:55:22.875454700Z"
"27.04.2025 9:26:49","100","Ошибка","Microsoft-Windows-Diagnostics-Performance","Windows запущена: 
     Длительность загрузки		:	82011ms
     IsDegradation		:	false
     Время события (UTC)	:	‎2025‎-‎04‎-‎27T03:55:22.875454700Z"
"25.04.2025 10:21:55","100","Ошибка","Microsoft-Windows-Diagnostics-Performance","Windows запущена: 
     Длительность загрузки		:	67990ms
     IsDegradation		:	false
     Время события (UTC)	:	‎2025‎-‎04‎-‎25T05:19:04.859802800Z"
"24.04.2025 20:51:19","100","Ошибка","Microsoft-Windows-Diagnostics-Performance","Windows запущена: 
     Длительность загрузки		:	91667ms
     IsDegradation		:	false
     Время события (UTC)	:	‎2025‎-‎04‎-‎24T15:36:06.859860400Z"
"24.04.2025 6:02:19","101","Предупреждение","Microsoft-Windows-Diagnostics-Performance","Это приложение загружалось дольше обычного, что привело к замедлению процесса запуска системы: 
    Имя файла		:	AdGuardVpnSvc.exe
    Понятное имя		:	AdGuard VPN for Windows
    Версия		:	2.5.1700.0
    Общее время		:	1991мс
    Время замедления	:	1129мс
    Время события (UTC)	:	‎2025‎-‎04‎-‎24T01:00:03.859833500Z"
"24.04.2025 6:02:19","100","Ошибка","Microsoft-Windows-Diagnostics-Performance","Windows запущена: 
     Длительность загрузки		:	76225ms
     IsDegradation		:	false
     Время события (UTC)	:	‎2025‎-‎04‎-‎24T01:00:03.859833500Z"
"23.04.2025 9:51:36","100","Ошибка","Microsoft-Windows-Diagnostics-Performance","Windows запущена: 
     Длительность загрузки		:	74177ms
     IsDegradation		:	true
     Время события (UTC)	:	‎2025‎-‎04‎-‎23T04:49:14.859810000Z"
"22.04.2025 8:12:19","100","Ошибка","Microsoft-Windows-Diagnostics-Performance","Windows запущена: 
     Длительность загрузки		:	83642ms
     IsDegradation		:	false
     Время события (UTC)	:	‎2025‎-‎04‎-‎22T03:09:11.875474300Z"
"20.04.2025 17:42:35","100","Ошибка","Microsoft-Windows-Diagnostics-Performance","Windows запущена: 
     Длительность загрузки		:	74089ms
     IsDegradation		:	false
     Время события (UTC)	:	‎2025‎-‎04‎-‎20T12:39:37.875484800Z"
"19.04.2025 9:44:02","100","Ошибка","Microsoft-Windows-Diagnostics-Performance","Windows запущена: 
     Длительность загрузки		:	82931ms
     IsDegradation		:	false
     Время события (UTC)	:	‎2025‎-‎04‎-‎19T04:37:06.859956700Z"
"18.04.2025 10:21:57","101","Предупреждение","Microsoft-Windows-Diagnostics-Performance","Это приложение загружалось дольше обычного, что привело к замедлению процесса запуска системы: 
    Имя файла		:	DeepL.exe
    Понятное имя		:	
    Версия		:	
    Общее время		:	11825мс
    Время замедления	:	6825мс
    Время события (UTC)	:	‎2025‎-‎04‎-‎18T05:15:34.859838600Z"
"18.04.2025 10:21:57","100","Ошибка","Microsoft-Windows-Diagnostics-Performance","Windows запущена: 
     Длительность загрузки		:	85821ms
     IsDegradation		:	false
     Время события (UTC)	:	‎2025‎-‎04‎-‎18T05:15:34.859838600Z"
"17.04.2025 11:57:26","101","Предупреждение","Microsoft-Windows-Diagnostics-Performance","Это приложение загружалось дольше обычного, что привело к замедлению процесса запуска системы: 
    Имя файла		:	DeepL.exe
    Понятное имя		:	
    Версия		:	
    Общее время		:	12022мс
    Время замедления	:	7022мс
    Время события (UTC)	:	‎2025‎-‎04‎-‎17T06:55:12.859805300Z"
"17.04.2025 11:57:26","100","Ошибка","Microsoft-Windows-Diagnostics-Performance","Windows запущена: 
     Длительность загрузки		:	57738ms
     IsDegradation		:	false
     Время события (UTC)	:	‎2025‎-‎04‎-‎17T06:55:12.859805300Z"
"16.04.2025 10:13:15","500","Предупреждение","Microsoft-Windows-Diagnostics-Performance","Диспетчер окон рабочего стола испытывает недостаток ресурсов. 
    Сценарий	:	Не хватает ресурсов видеопамяти, что приводит к пробуксовке. Уменьшение количества запущенных программ и открытых окон может исправить эту ситуацию."
"16.04.2025 9:40:14","101","Предупреждение","Microsoft-Windows-Diagnostics-Performance","Это приложение загружалось дольше обычного, что привело к замедлению процесса запуска системы: 
    Имя файла		:	NVIDIA Overlay.exe
    Понятное имя		:	NVIDIA app
    Версия		:	103.0.12.8
    Общее время		:	5006мс
    Время замедления	:	6мс
    Время события (UTC)	:	‎2025‎-‎04‎-‎16T04:38:07.875465500Z"
"16.04.2025 9:40:14","101","Предупреждение","Microsoft-Windows-Diagnostics-Performance","Это приложение загружалось дольше обычного, что привело к замедлению процесса запуска системы: 
    Имя файла		:	spoolsv.exe
    Понятное имя		:	Диспетчер очереди печати
    Версия		:	10.0.19041.4522 (WinBuild.160101.0800)
    Общее время		:	6691мс
    Время замедления	:	1691мс
    Время события (UTC)	:	‎2025‎-‎04‎-‎16T04:38:07.875465500Z"
"16.04.2025 9:40:14","101","Предупреждение","Microsoft-Windows-Diagnostics-Performance","Это приложение загружалось дольше обычного, что привело к замедлению процесса запуска системы: 
    Имя файла		:	setup.exe
    Понятное имя		:	
    Версия		:	
    Общее время		:	9415мс
    Время замедления	:	4415мс
    Время события (UTC)	:	‎2025‎-‎04‎-‎16T04:38:07.875465500Z"
"16.04.2025 9:40:14","101","Предупреждение","Microsoft-Windows-Diagnostics-Performance","Это приложение загружалось дольше обычного, что привело к замедлению процесса запуска системы: 
    Имя файла		:	DeepL.exe
    Понятное имя		:	
    Версия		:	
    Общее время		:	15242мс
    Время замедления	:	10242мс
    Время события (UTC)	:	‎2025‎-‎04‎-‎16T04:38:07.875465500Z"
"16.04.2025 9:40:14","101","Ошибка","Microsoft-Windows-Diagnostics-Performance","Это приложение загружалось дольше обычного, что привело к замедлению процесса запуска системы: 
    Имя файла		:	Photoshop.exe
    Понятное имя		:	Adobe Photoshop 2025
    Версия		:	26.4 (20250225.r.194 4c5f14b)
    Общее время		:	28393мс
    Время замедления	:	23393мс
    Время события (UTC)	:	‎2025‎-‎04‎-‎16T04:38:07.875465500Z"
"16.04.2025 9:40:14","100","Ошибка","Microsoft-Windows-Diagnostics-Performance","Windows запущена: 
     Длительность загрузки		:	72585ms
     IsDegradation		:	false
     Время события (UTC)	:	‎2025‎-‎04‎-‎16T04:38:07.875465500Z"
"15.04.2025 15:28:34","500","Предупреждение","Microsoft-Windows-Diagnostics-Performance","Диспетчер окон рабочего стола испытывает недостаток ресурсов. 
    Сценарий	:	Не хватает ресурсов видеопамяти, что приводит к пробуксовке. Уменьшение количества запущенных программ и открытых окон может исправить эту ситуацию."
"15.04.2025 15:06:05","500","Предупреждение","Microsoft-Windows-Diagnostics-Performance","Диспетчер окон рабочего стола испытывает недостаток ресурсов. 
    Сценарий	:	Не хватает ресурсов видеопамяти, что приводит к пробуксовке. Уменьшение количества запущенных программ и открытых окон может исправить эту ситуацию."
"15.04.2025 8:35:38","101","Предупреждение","Microsoft-Windows-Diagnostics-Performance","Это приложение загружалось дольше обычного, что привело к замедлению процесса запуска системы: 
    Имя файла		:	DeepL.exe
    Понятное имя		:	
    Версия		:	
    Общее время		:	11789мс
    Время замедления	:	6789мс
    Время события (UTC)	:	‎2025‎-‎04‎-‎15T03:31:07.859857800Z"
"15.04.2025 8:35:38","100","Ошибка","Microsoft-Windows-Diagnostics-Performance","Windows запущена: 
     Длительность загрузки		:	82452ms
     IsDegradation		:	false
     Время события (UTC)	:	‎2025‎-‎04‎-‎15T03:31:07.859857800Z"
"14.04.2025 22:28:56","500","Предупреждение","Microsoft-Windows-Diagnostics-Performance","Диспетчер окон рабочего стола испытывает недостаток ресурсов. 
    Сценарий	:	Не хватает ресурсов видеопамяти, что приводит к пробуксовке. Уменьшение количества запущенных программ и открытых окон может исправить эту ситуацию."
"14.04.2025 21:44:38","500","Предупреждение","Microsoft-Windows-Diagnostics-Performance","Диспетчер окон рабочего стола испытывает недостаток ресурсов. 
    Сценарий	:	Не хватает ресурсов видеопамяти, что приводит к пробуксовке. Уменьшение количества запущенных программ и открытых окон может исправить эту ситуацию."
"14.04.2025 20:59:57","500","Предупреждение","Microsoft-Windows-Diagnostics-Performance","Диспетчер окон рабочего стола испытывает недостаток ресурсов. 
    Сценарий	:	Не хватает ресурсов видеопамяти, что приводит к пробуксовке. Уменьшение количества запущенных программ и открытых окон может исправить эту ситуацию."
"14.04.2025 20:19:27","500","Предупреждение","Microsoft-Windows-Diagnostics-Performance","Диспетчер окон рабочего стола испытывает недостаток ресурсов. 
    Сценарий	:	Не хватает ресурсов видеопамяти, что приводит к пробуксовке. Уменьшение количества запущенных программ и открытых окон может исправить эту ситуацию."
"14.04.2025 19:46:22","500","Предупреждение","Microsoft-Windows-Diagnostics-Performance","Диспетчер окон рабочего стола испытывает недостаток ресурсов. 
    Сценарий	:	Не хватает ресурсов видеопамяти, что приводит к пробуксовке. Уменьшение количества запущенных программ и открытых окон может исправить эту ситуацию."
"14.04.2025 19:05:00","500","Предупреждение","Microsoft-Windows-Diagnostics-Performance","Диспетчер окон рабочего стола испытывает недостаток ресурсов. 
    Сценарий	:	Не хватает ресурсов видеопамяти, что приводит к пробуксовке. Уменьшение количества запущенных программ и открытых окон может исправить эту ситуацию."
"14.04.2025 8:14:06","101","Предупреждение","Microsoft-Windows-Diagnostics-Performance","Это приложение загружалось дольше обычного, что привело к замедлению процесса запуска системы: 
    Имя файла		:	svchost.exe
    Понятное имя		:	Хост-процесс для служб Windows
    Версия		:	10.0.19041.4522 (WinBuild.160101.0800)
    Общее время		:	1365мс
    Время замедления	:	414мс
    Время события (UTC)	:	‎2025‎-‎04‎-‎14T03:11:50.844223800Z"
"14.04.2025 8:14:06","101","Предупреждение","Microsoft-Windows-Diagnostics-Performance","Это приложение загружалось дольше обычного, что привело к замедлению процесса запуска системы: 
    Имя файла		:	AdGuardVpnSvc.exe
    Понятное имя		:	AdGuard VPN for Windows
    Версия		:	2.5.1700.0
    Общее время		:	3293мс
    Время замедления	:	793мс
    Время события (UTC)	:	‎2025‎-‎04‎-‎14T03:11:50.844223800Z"
"14.04.2025 8:14:06","100","Ошибка","Microsoft-Windows-Diagnostics-Performance","Windows запущена: 
     Длительность загрузки		:	73379ms
     IsDegradation		:	false
     Время события (UTC)	:	‎2025‎-‎04‎-‎14T03:11:50.844223800Z"
"13.04.2025 23:23:17","108","Предупреждение","Microsoft-Windows-Diagnostics-Performance","Применение политики пользователя вызвало замедление процесса запуска системы: 
    Имя		:	PreShellInit
    Общее время		:	1574мс
    Время замедления	:	486мс
    Время события (UTC)	:	‎2025‎-‎04‎-‎13T18:21:14.859831800Z"
"13.04.2025 23:23:17","100","Ошибка","Microsoft-Windows-Diagnostics-Performance","Windows запущена: 
     Длительность загрузки		:	61471ms
     IsDegradation		:	false
     Время события (UTC)	:	‎2025‎-‎04‎-‎13T18:21:14.859831800Z"
"13.04.2025 11:10:48","108","Предупреждение","Microsoft-Windows-Diagnostics-Performance","Применение политики пользователя вызвало замедление процесса запуска системы: 
    Имя		:	PreShellInit
    Общее время		:	1593мс
    Время замедления	:	809мс
    Время события (UTC)	:	‎2025‎-‎04‎-‎13T06:08:07.891066800Z"
"13.04.2025 11:10:48","101","Предупреждение","Microsoft-Windows-Diagnostics-Performance","Это приложение загружалось дольше обычного, что привело к замедлению процесса запуска системы: 
    Имя файла		:	svchost.exe
    Понятное имя		:	Хост-процесс для служб Windows
    Версия		:	10.0.19041.4522 (WinBuild.160101.0800)
    Общее время		:	1255мс
    Время замедления	:	754мс
    Время события (UTC)	:	‎2025‎-‎04‎-‎13T06:08:07.891066800Z"
"13.04.2025 11:10:48","100","Ошибка","Microsoft-Windows-Diagnostics-Performance","Windows запущена: 
     Длительность загрузки		:	81968ms
     IsDegradation		:	false
     Время события (UTC)	:	‎2025‎-‎04‎-‎13T06:08:07.891066800Z"
"13.04.2025 11:10:47","200","Предупреждение","Microsoft-Windows-Diagnostics-Performance","Завершение работы Windows 
    Продолжительность завершения работы	:	6871мс
    IsDegradation		:	false
    Время события (UTC)	:	‎2025‎-‎04‎-‎12T20:30:21.934768700Z"
"12.04.2025 11:09:54","100","Ошибка","Microsoft-Windows-Diagnostics-Performance","Windows запущена: 
     Длительность загрузки		:	67246ms
     IsDegradation		:	false
     Время события (UTC)	:	‎2025‎-‎04‎-‎12T06:07:51.047284900Z"
"11.04.2025 8:49:03","100","Ошибка","Microsoft-Windows-Diagnostics-Performance","Windows запущена: 
     Длительность загрузки		:	84161ms
     IsDegradation		:	false
     Время события (UTC)	:	‎2025‎-‎04‎-‎11T03:45:26.859840500Z"
"10.04.2025 9:41:24","100","Ошибка","Microsoft-Windows-Diagnostics-Performance","Windows запущена: 
     Длительность загрузки		:	66607ms
     IsDegradation		:	false
     Время события (UTC)	:	‎2025‎-‎04‎-‎10T04:39:17.875392500Z"
"09.04.2025 8:12:33","100","Ошибка","Microsoft-Windows-Diagnostics-Performance","Windows запущена: 
     Длительность загрузки		:	70483ms
     IsDegradation		:	false
     Время события (UTC)	:	‎2025‎-‎04‎-‎09T03:10:17.860118600Z"
"08.04.2025 10:45:38","100","Ошибка","Microsoft-Windows-Diagnostics-Performance","Windows запущена: 
     Длительность загрузки		:	81225ms
     IsDegradation		:	false
     Время события (UTC)	:	‎2025‎-‎04‎-‎08T05:37:37.875433300Z"
"05.04.2025 18:45:31","101","Предупреждение","Microsoft-Windows-Diagnostics-Performance","Это приложение загружалось дольше обычного, что привело к замедлению процесса запуска системы: 
    Имя файла		:	Photoshop.exe
    Понятное имя		:	Adobe Photoshop 2025
    Версия		:	26.4 (20250225.r.194 4c5f14b)
    Общее время		:	24316мс
    Время замедления	:	19316мс
    Время события (UTC)	:	‎2025‎-‎04‎-‎05T13:41:57.844222500Z"
"05.04.2025 18:45:31","100","Ошибка","Microsoft-Windows-Diagnostics-Performance","Windows запущена: 
     Длительность загрузки		:	84483ms
     IsDegradation		:	false
     Время события (UTC)	:	‎2025‎-‎04‎-‎05T13:41:57.844222500Z"
"05.04.2025 12:43:34","101","Критический","Microsoft-Windows-Diagnostics-Performance","Это приложение загружалось дольше обычного, что привело к замедлению процесса запуска системы: 
    Имя файла		:	Arms Trade Tycoon Tanks.exe
    Понятное имя		:	
    Версия		:	2021.3.35.1407814
    Общее время		:	146132мс
    Время замедления	:	141132мс
    Время события (UTC)	:	‎2025‎-‎04‎-‎05T07:41:30.844208600Z"
"05.04.2025 12:43:34","100","Критический","Microsoft-Windows-Diagnostics-Performance","Windows запущена: 
     Длительность загрузки		:	114513ms
     IsDegradation		:	false
     Время события (UTC)	:	‎2025‎-‎04‎-‎05T07:41:30.844208600Z"
"05.04.2025 8:51:25","100","Ошибка","Microsoft-Windows-Diagnostics-Performance","Windows запущена: 
     Длительность загрузки		:	60185ms
     IsDegradation		:	false
     Время события (UTC)	:	‎2025‎-‎04‎-‎05T03:48:57.047367000Z"
"03.04.2025 13:40:49","100","Ошибка","Microsoft-Windows-Diagnostics-Performance","Windows запущена: 
     Длительность загрузки		:	81562ms
     IsDegradation		:	false
     Время события (UTC)	:	‎2025‎-‎04‎-‎03T08:36:41.875399000Z"
"01.04.2025 9:55:51","100","Ошибка","Microsoft-Windows-Diagnostics-Performance","Windows запущена: 
     Длительность загрузки		:	65175ms
     IsDegradation		:	false
     Время события (UTC)	:	‎2025‎-‎04‎-‎01T04:52:08.859820800Z"
"31.03.2025 12:56:13","100","Ошибка","Microsoft-Windows-Diagnostics-Performance","Windows запущена: 
     Длительность загрузки		:	81968ms
     IsDegradation		:	false
     Время события (UTC)	:	‎2025‎-‎03‎-‎31T07:23:24.875639500Z"
"30.03.2025 19:42:50","100","Ошибка","Microsoft-Windows-Diagnostics-Performance","Windows запущена: 
     Длительность загрузки		:	82738ms
     IsDegradation		:	false
     Время события (UTC)	:	‎2025‎-‎03‎-‎30T14:40:14.859846900Z"
"28.03.2025 23:32:23","100","Ошибка","Microsoft-Windows-Diagnostics-Performance","Windows запущена: 
     Длительность загрузки		:	64882ms
     IsDegradation		:	false
     Время события (UTC)	:	‎2025‎-‎03‎-‎28T18:30:20.844561100Z"
"28.03.2025 8:45:28","101","Предупреждение","Microsoft-Windows-Diagnostics-Performance","Это приложение загружалось дольше обычного, что привело к замедлению процесса запуска системы: 
    Имя файла		:	steamwebhelper.exe
    Понятное имя		:	Steam Client WebHelper
    Версия		:	09.59.77.46
    Общее время		:	28216мс
    Время замедления	:	23216мс
    Время события (UTC)	:	‎2025‎-‎03‎-‎28T03:26:22.078621200Z"
"28.03.2025 8:45:28","100","Критический","Microsoft-Windows-Diagnostics-Performance","Windows запущена: 
     Длительность загрузки		:	115869ms
     IsDegradation		:	false
     Время события (UTC)	:	‎2025‎-‎03‎-‎28T03:26:22.078621200Z"
"28.03.2025 8:45:25","200","Предупреждение","Microsoft-Windows-Diagnostics-Performance","Завершение работы Windows 
    Продолжительность завершения работы	:	9192мс
    IsDegradation		:	false
    Время события (UTC)	:	‎2025‎-‎03‎-‎27T18:53:37.324898900Z"
"27.03.2025 10:15:18","110","Предупреждение","Microsoft-Windows-Diagnostics-Performance","Инициализация диспетчера сеанса вызвала замедление процесса запуска: 
    Имя		:	SMSSInit
    Общее время		:	10720мс
    Время замедления	:	5886мс
    Время события (UTC)	:	‎2025‎-‎03‎-‎27T05:12:38.859841200Z"
"27.03.2025 10:15:18","100","Ошибка","Microsoft-Windows-Diagnostics-Performance","Windows запущена: 
     Длительность загрузки		:	82658ms
     IsDegradation		:	false
     Время события (UTC)	:	‎2025‎-‎03‎-‎27T05:12:38.859841200Z"
"26.03.2025 16:55:50","110","Предупреждение","Microsoft-Windows-Diagnostics-Performance","Инициализация диспетчера сеанса вызвала замедление процесса запуска: 
    Имя		:	SMSSInit
    Общее время		:	10682мс
    Время замедления	:	6191мс
    Время события (UTC)	:	‎2025‎-‎03‎-‎26T11:53:41.875484400Z"
"26.03.2025 16:55:50","101","Предупреждение","Microsoft-Windows-Diagnostics-Performance","Это приложение загружалось дольше обычного, что привело к замедлению процесса запуска системы: 
    Имя файла		:	AdGuardVpnSvc.exe
    Понятное имя		:	AdGuard VPN for Windows
    Версия		:	2.5.1700.0
    Общее время		:	4494мс
    Время замедления	:	994мс
    Время события (UTC)	:	‎2025‎-‎03‎-‎26T11:53:41.875484400Z"
"26.03.2025 16:55:50","100","Ошибка","Microsoft-Windows-Diagnostics-Performance","Windows запущена: 
     Длительность загрузки		:	68628ms
     IsDegradation		:	false
     Время события (UTC)	:	‎2025‎-‎03‎-‎26T11:53:41.875484400Z"
"26.03.2025 12:20:52","100","Ошибка","Microsoft-Windows-Diagnostics-Performance","Windows запущена: 
     Длительность загрузки		:	83438ms
     IsDegradation		:	false
     Время события (UTC)	:	‎2025‎-‎03‎-‎26T07:15:50.860253700Z"
"25.03.2025 8:40:54","100","Ошибка","Microsoft-Windows-Diagnostics-Performance","Windows запущена: 
     Длительность загрузки		:	80099ms
     IsDegradation		:	false
     Время события (UTC)	:	‎2025‎-‎03‎-‎25T03:38:23.859803300Z"
"24.03.2025 17:17:38","100","Ошибка","Microsoft-Windows-Diagnostics-Performance","Windows запущена: 
     Длительность загрузки		:	57646ms
     IsDegradation		:	false
     Время события (UTC)	:	‎2025‎-‎03‎-‎24T12:15:35.859868200Z"
"24.03.2025 16:27:45","100","Предупреждение","Microsoft-Windows-Diagnostics-Performance","Windows запущена: 
     Длительность загрузки		:	72370ms
     IsDegradation		:	false
     Время события (UTC)	:	‎2025‎-‎03‎-‎24T11:21:59.859833900Z"
"24.03.2025 8:07:51","100","Ошибка","Microsoft-Windows-Diagnostics-Performance","Windows запущена: 
     Длительность загрузки		:	76599ms
     IsDegradation		:	false
     Время события (UTC)	:	‎2025‎-‎03‎-‎24T02:54:41.859840100Z"
"23.03.2025 18:44:34","100","Ошибка","Microsoft-Windows-Diagnostics-Performance","Windows запущена: 
     Длительность загрузки		:	61634ms
     IsDegradation		:	false
     Время события (UTC)	:	‎2025‎-‎03‎-‎23T13:41:29.863732800Z"
"23.03.2025 10:36:43","101","Предупреждение","Microsoft-Windows-Diagnostics-Performance","Это приложение загружалось дольше обычного, что привело к замедлению процесса запуска системы: 
    Имя файла		:	explorer.exe
    Понятное имя		:	Проводник
    Версия		:	10.0.19041.4522 (WinBuild.160101.0800)
    Общее время		:	7847мс
    Время замедления	:	2847мс
    Время события (UTC)	:	‎2025‎-‎03‎-‎23T05:34:40.859834800Z"
"23.03.2025 10:36:43","100","Ошибка","Microsoft-Windows-Diagnostics-Performance","Windows запущена: 
     Длительность загрузки		:	58128ms
     IsDegradation		:	false
     Время события (UTC)	:	‎2025‎-‎03‎-‎23T05:34:40.859834800Z"
"22.03.2025 8:55:29","100","Ошибка","Microsoft-Windows-Diagnostics-Performance","Windows запущена: 
     Длительность загрузки		:	75226ms
     IsDegradation		:	false
     Время события (UTC)	:	‎2025‎-‎03‎-‎22T03:31:36.844670000Z"
"21.03.2025 9:21:02","100","Ошибка","Microsoft-Windows-Diagnostics-Performance","Windows запущена: 
     Длительность загрузки		:	53944ms
     IsDegradation		:	false
     Время события (UTC)	:	‎2025‎-‎03‎-‎21T04:18:10.859878500Z"
"20.03.2025 16:35:19","101","Предупреждение","Microsoft-Windows-Diagnostics-Performance","Это приложение загружалось дольше обычного, что привело к замедлению процесса запуска системы: 
    Имя файла		:	AdGuardVpnSvc.exe
    Понятное имя		:	AdGuard VPN for Windows
    Версия		:	2.5.1700.0
    Общее время		:	3388мс
    Время замедления	:	888мс
    Время события (UTC)	:	‎2025‎-‎03‎-‎20T11:33:04.047354100Z"
"20.03.2025 16:35:19","101","Предупреждение","Microsoft-Windows-Diagnostics-Performance","Это приложение загружалось дольше обычного, что привело к замедлению процесса запуска системы: 
    Имя файла		:	NVDisplay.Container.exe
    Понятное имя		:	NVIDIA Container
    Версия		:	gcomp_rel 33231171
    Общее время		:	3136мс
    Время замедления	:	2136мс
    Время события (UTC)	:	‎2025‎-‎03‎-‎20T11:33:04.047354100Z"
"20.03.2025 16:35:19","100","Ошибка","Microsoft-Windows-Diagnostics-Performance","Windows запущена: 
     Длительность загрузки		:	83816ms
     IsDegradation		:	false
     Время события (UTC)	:	‎2025‎-‎03‎-‎20T11:33:04.047354100Z"
"20.03.2025 16:35:18","200","Предупреждение","Microsoft-Windows-Diagnostics-Performance","Завершение работы Windows 
    Продолжительность завершения работы	:	6629мс
    IsDegradation		:	false
    Время события (UTC)	:	‎2025‎-‎03‎-‎20T11:32:39.403089900Z"
"20.03.2025 13:37:34","101","Предупреждение","Microsoft-Windows-Diagnostics-Performance","Это приложение загружалось дольше обычного, что привело к замедлению процесса запуска системы: 
    Имя файла		:	NVDisplay.Container.exe
    Понятное имя		:	NVIDIA Container
    Версия		:	gcomp_rel 33231171
    Общее время		:	2928мс
    Время замедления	:	1928мс
    Время события (UTC)	:	‎2025‎-‎03‎-‎20T08:35:31.875500200Z"
"20.03.2025 13:37:34","101","Предупреждение","Microsoft-Windows-Diagnostics-Performance","Это приложение загружалось дольше обычного, что привело к замедлению процесса запуска системы: 
    Имя файла		:	AdGuardVpnSvc.exe
    Понятное имя		:	AdGuard VPN for Windows
    Версия		:	2.5.1700.0
    Общее время		:	13218мс
    Время замедления	:	8218мс
    Время события (UTC)	:	‎2025‎-‎03‎-‎20T08:35:31.875500200Z"
"20.03.2025 13:37:34","100","Ошибка","Microsoft-Windows-Diagnostics-Performance","Windows запущена: 
     Длительность загрузки		:	64447ms
     IsDegradation		:	false
     Время события (UTC)	:	‎2025‎-‎03‎-‎20T08:35:31.875500200Z"
"20.03.2025 13:37:33","200","Предупреждение","Microsoft-Windows-Diagnostics-Performance","Завершение работы Windows 
    Продолжительность завершения работы	:	4917мс
    IsDegradation		:	false
    Время события (UTC)	:	‎2025‎-‎03‎-‎20T08:35:09.761524100Z"
"20.03.2025 8:09:33","101","Предупреждение","Microsoft-Windows-Diagnostics-Performance","Это приложение загружалось дольше обычного, что привело к замедлению процесса запуска системы: 
    Имя файла		:	nvcontainer.exe
    Понятное имя		:	NVIDIA Container
    Версия		:	gcomp_rel 34853667
    Общее время		:	6116мс
    Время замедления	:	2003мс
    Время события (UTC)	:	‎2025‎-‎03‎-‎20T03:06:35.844184200Z"
"20.03.2025 8:09:33","100","Предупреждение","Microsoft-Windows-Diagnostics-Performance","Windows запущена: 
     Длительность загрузки		:	66509ms
     IsDegradation		:	false
     Время события (UTC)	:	‎2025‎-‎03‎-‎20T03:06:35.844184200Z"
"19.03.2025 8:56:26","100","Предупреждение","Microsoft-Windows-Diagnostics-Performance","Windows запущена: 
     Длительность загрузки		:	70121ms
     IsDegradation		:	false
     Время события (UTC)	:	‎2025‎-‎03‎-‎19T03:53:18.859904500Z"
"18.03.2025 8:53:16","100","Предупреждение","Microsoft-Windows-Diagnostics-Performance","Windows запущена: 
     Длительность загрузки		:	68353ms
     IsDegradation		:	false
     Время события (UTC)	:	‎2025‎-‎03‎-‎18T03:50:52.859787600Z"
"17.03.2025 8:26:28","101","Предупреждение","Microsoft-Windows-Diagnostics-Performance","Это приложение загружалось дольше обычного, что привело к замедлению процесса запуска системы: 
    Имя файла		:	Discord.exe
    Понятное имя		:	
    Версия		:	
    Общее время		:	8908мс
    Время замедления	:	3908мс
    Время события (UTC)	:	‎2025‎-‎03‎-‎17T03:21:02.844340300Z"
"17.03.2025 8:26:28","101","Предупреждение","Microsoft-Windows-Diagnostics-Performance","Это приложение загружалось дольше обычного, что привело к замедлению процесса запуска системы: 
    Имя файла		:	svchost.exe
    Понятное имя		:	Хост-процесс для служб Windows
    Версия		:	10.0.19041.4522 (WinBuild.160101.0800)
    Общее время		:	10151мс
    Время замедления	:	5151мс
    Время события (UTC)	:	‎2025‎-‎03‎-‎17T03:21:02.844340300Z"
"17.03.2025 8:26:28","100","Ошибка","Microsoft-Windows-Diagnostics-Performance","Windows запущена: 
     Длительность загрузки		:	83735ms
     IsDegradation		:	false
     Время события (UTC)	:	‎2025‎-‎03‎-‎17T03:21:02.844340300Z"
"16.03.2025 9:50:21","101","Предупреждение","Microsoft-Windows-Diagnostics-Performance","Это приложение загружалось дольше обычного, что привело к замедлению процесса запуска системы: 
    Имя файла		:	explorer.exe
    Понятное имя		:	Проводник
    Версия		:	10.0.19041.4522 (WinBuild.160101.0800)
    Общее время		:	22743мс
    Время замедления	:	17743мс
    Время события (UTC)	:	‎2025‎-‎03‎-‎16T04:35:25.875512400Z"
"16.03.2025 9:50:21","101","Предупреждение","Microsoft-Windows-Diagnostics-Performance","Это приложение загружалось дольше обычного, что привело к замедлению процесса запуска системы: 
    Имя файла		:	chrome.exe
    Понятное имя		:	Google Chrome
    Версия		:	134.0.6998.89
    Общее время		:	25066мс
    Время замедления	:	20066мс
    Время события (UTC)	:	‎2025‎-‎03‎-‎16T04:35:25.875512400Z"
"16.03.2025 9:50:21","100","Ошибка","Microsoft-Windows-Diagnostics-Performance","Windows запущена: 
     Длительность загрузки		:	98262ms
     IsDegradation		:	false
     Время события (UTC)	:	‎2025‎-‎03‎-‎16T04:35:25.875512400Z"
"16.03.2025 9:50:19","203","Ошибка","Microsoft-Windows-Diagnostics-Performance","Эта служба вызвала замедление процесса завершения работы системы: 
    Имя файла		:	EventLog
    Понятное имя		:	Служба протоколирования событий
    Версия		:	10.0.19041.4522 (WinBuild.160101.0800)
    Общее время		:	4957мс
    Время замедления	:	957мс
    Время события (UTC)	:	‎2025‎-‎03‎-‎15T21:08:54.470996800Z"
"16.03.2025 9:50:19","200","Предупреждение","Microsoft-Windows-Diagnostics-Performance","Завершение работы Windows 
    Продолжительность завершения работы	:	9851мс
    IsDegradation		:	true
    Время события (UTC)	:	‎2025‎-‎03‎-‎15T21:08:54.470996800Z"
"16.03.2025 1:35:18","101","Предупреждение","Microsoft-Windows-Diagnostics-Performance","Это приложение загружалось дольше обычного, что привело к замедлению процесса запуска системы: 
    Имя файла		:	nvcontainer.exe
    Понятное имя		:	NVIDIA Container
    Версия		:	gcomp_rel 34853667
    Общее время		:	10036мс
    Время замедления	:	5036мс
    Время события (UTC)	:	‎2025‎-‎03‎-‎15T20:33:16.859851200Z"
