"TimeCreated","Id","LevelDisplayName","ProviderName","Message"
"08.09.2026 21:59:52","203","Ошибка","Microsoft-Windows-Diagnostics-Performance","Эта служба вызвала замедление процесса завершения работы системы: 
    Имя файла		:	DPS
    Понятное имя		:	Служба политики диагностики WDI
    Версия		:	10.0.19041.4522 (WinBuild.160101.0800)
    Общее время		:	4959мс
    Время замедления	:	4543мс
    Время события (UTC)	:	‎2026‎-‎09‎-‎08T16:52:25.168346400Z"
"08.09.2026 21:59:52","200","Предупреждение","Microsoft-Windows-Diagnostics-Performance","Завершение работы Windows 
    Продолжительность завершения работы	:	13197мс
    IsDegradation		:	false
    Время события (UTC)	:	‎2026‎-‎09‎-‎08T16:52:25.168346400Z"
"04.09.2026 21:28:28","200","Предупреждение","Microsoft-Windows-Diagnostics-Performance","Завершение работы Windows 
    Продолжительность завершения работы	:	18187мс
    IsDegradation		:	false
    Время события (UTC)	:	‎2026‎-‎09‎-‎04T09:14:32.808851900Z"
"01.09.2026 1:59:45","200","Предупреждение","Microsoft-Windows-Diagnostics-Performance","Завершение работы Windows 
    Продолжительность завершения работы	:	16767мс
    IsDegradation		:	false
    Время события (UTC)	:	‎2026‎-‎08‎-‎31T20:56:25.652236000Z"
"28.08.2026 14:18:19","101","Предупреждение","Microsoft-Windows-Diagnostics-Performance","Это приложение загружалось дольше обычного, что привело к замедлению процесса запуска системы: 
    Имя файла		:	nvngx_update.exe
    Понятное имя		:	NGX Updater
    Версия		:	32.0.15.9144
    Общее время		:	2902мс
    Время замедления	:	1638мс
    Время события (UTC)	:	‎2026‎-‎08‎-‎28T09:15:04.954235500Z"
"28.08.2026 14:18:19","100","Ошибка","Microsoft-Windows-Diagnostics-Performance","Windows запущена: 
     Длительность загрузки		:	118010ms
     IsDegradation		:	false
     Время события (UTC)	:	‎2026‎-‎08‎-‎28T09:15:04.954235500Z"
"28.08.2026 14:18:08","200","Предупреждение","Microsoft-Windows-Diagnostics-Performance","Завершение работы Windows 
    Продолжительность завершения работы	:	19648мс
    IsDegradation		:	false
    Время события (UTC)	:	‎2026‎-‎08‎-‎28T09:14:21.806666700Z"
"27.08.2026 13:46:44","101","Предупреждение","Microsoft-Windows-Diagnostics-Performance","Это приложение загружалось дольше обычного, что привело к замедлению процесса запуска системы: 
    Имя файла		:	uTorrent.exe
    Понятное имя		:	
    Версия		:	
    Общее время		:	44312мс
    Время замедления	:	39312мс
    Время события (UTC)	:	‎2026‎-‎08‎-‎27T08:43:34.953728200Z"
"27.08.2026 13:46:44","100","Критический","Microsoft-Windows-Diagnostics-Performance","Windows запущена: 
     Длительность загрузки		:	181308ms
     IsDegradation		:	true
     Время события (UTC)	:	‎2026‎-‎08‎-‎27T08:43:34.953728200Z"
"27.08.2026 13:46:39","200","Предупреждение","Microsoft-Windows-Diagnostics-Performance","Завершение работы Windows 
    Продолжительность завершения работы	:	15366мс
    IsDegradation		:	true
    Время события (UTC)	:	‎2026‎-‎08‎-‎27T08:42:54.849948900Z"
"26.08.2026 9:21:06","110","Предупреждение","Microsoft-Windows-Diagnostics-Performance","Инициализация диспетчера сеанса вызвала замедление процесса запуска: 
    Имя		:	SMSSInit
    Общее время		:	24481мс
    Время замедления	:	18569мс
    Время события (UTC)	:	‎2026‎-‎08‎-‎26T04:18:19.969515700Z"
"26.08.2026 9:21:06","100","Ошибка","Microsoft-Windows-Diagnostics-Performance","Windows запущена: 
     Длительность загрузки		:	92437ms
     IsDegradation		:	false
     Время события (UTC)	:	‎2026‎-‎08‎-‎26T04:18:19.969515700Z"
"26.08.2026 9:21:02","200","Предупреждение","Microsoft-Windows-Diagnostics-Performance","Завершение работы Windows 
    Продолжительность завершения работы	:	36237мс
    IsDegradation		:	false
    Время события (UTC)	:	‎2026‎-‎08‎-‎25T22:00:17.166097100Z"
"26.08.2026 2:58:39","101","Предупреждение","Microsoft-Windows-Diagnostics-Performance","Это приложение загружалось дольше обычного, что привело к замедлению процесса запуска системы: 
    Имя файла		:	svchost.exe
    Понятное имя		:	Хост-процесс для служб Windows
    Версия		:	10.0.19041.4522 (WinBuild.160101.0800)
    Общее время		:	29256мс
    Время замедления	:	14034мс
    Время события (UTC)	:	‎2026‎-‎08‎-‎25T21:55:55.953812400Z"
"26.08.2026 2:58:39","100","Ошибка","Microsoft-Windows-Diagnostics-Performance","Windows запущена: 
     Длительность загрузки		:	93297ms
     IsDegradation		:	false
     Время события (UTC)	:	‎2026‎-‎08‎-‎25T21:55:55.953812400Z"
"26.08.2026 2:58:33","200","Предупреждение","Microsoft-Windows-Diagnostics-Performance","Завершение работы Windows 
    Продолжительность завершения работы	:	16656мс
    IsDegradation		:	false
    Время события (UTC)	:	‎2026‎-‎08‎-‎25T21:55:18.317250200Z"
"25.08.2026 17:55:51","203","Предупреждение","Microsoft-Windows-Diagnostics-Performance","Эта служба вызвала замедление процесса завершения работы системы: 
    Имя файла		:	UsoSvc
    Понятное имя		:	Обновление службы сеанса оркестратора
    Версия		:	10.0.19041.4522 (WinBuild.160101.0800)
    Общее время		:	1341мс
    Время замедления	:	1016мс
    Время события (UTC)	:	‎2026‎-‎08‎-‎25T12:52:16.507824900Z"
"25.08.2026 17:55:51","200","Предупреждение","Microsoft-Windows-Diagnostics-Performance","Завершение работы Windows 
    Продолжительность завершения работы	:	30505мс
    IsDegradation		:	true
    Время события (UTC)	:	‎2026‎-‎08‎-‎25T12:52:16.507824900Z"
"23.08.2026 12:35:13","101","Предупреждение","Microsoft-Windows-Diagnostics-Performance","Это приложение загружалось дольше обычного, что привело к замедлению процесса запуска системы: 
    Имя файла		:	svchost.exe
    Понятное имя		:	Хост-процесс для служб Windows
    Версия		:	10.0.19041.4522 (WinBuild.160101.0800)
    Общее время		:	4056мс
    Время замедления	:	1959мс
    Время события (UTC)	:	‎2026‎-‎08‎-‎23T07:32:21.203938500Z"
"23.08.2026 12:35:13","101","Предупреждение","Microsoft-Windows-Diagnostics-Performance","Это приложение загружалось дольше обычного, что привело к замедлению процесса запуска системы: 
    Имя файла		:	MsMpEng.exe
    Понятное имя		:	Antimalware Service Executable
    Версия		:	4.18.26070.9 (797b3603749206dfffe67a1cc891531b0a2cf438)
    Общее время		:	25439мс
    Время замедления	:	9588мс
    Время события (UTC)	:	‎2026‎-‎08‎-‎23T07:32:21.203938500Z"
"23.08.2026 12:35:13","100","Ошибка","Microsoft-Windows-Diagnostics-Performance","Windows запущена: 
     Длительность загрузки		:	105313ms
     IsDegradation		:	false
     Время события (UTC)	:	‎2026‎-‎08‎-‎23T07:32:21.203938500Z"
"23.08.2026 12:35:09","200","Предупреждение","Microsoft-Windows-Diagnostics-Performance","Завершение работы Windows 
    Продолжительность завершения работы	:	21652мс
    IsDegradation		:	false
    Время события (UTC)	:	‎2026‎-‎08‎-‎23T07:31:21.627933400Z"
"19.08.2026 1:00:53","500","Предупреждение","Microsoft-Windows-Diagnostics-Performance","Диспетчер окон рабочего стола испытывает недостаток ресурсов. 
    Сценарий	:	Не хватает ресурсов видеопамяти, что приводит к пробуксовке. Уменьшение количества запущенных программ и открытых окон может исправить эту ситуацию."
"15.08.2026 22:05:22","101","Предупреждение","Microsoft-Windows-Diagnostics-Performance","Это приложение загружалось дольше обычного, что привело к замедлению процесса запуска системы: 
    Имя файла		:	nvngx_update.exe
    Понятное имя		:	NGX Updater
    Версия		:	32.0.15.9144
    Общее время		:	2938мс
    Время замедления	:	1888мс
    Время события (UTC)	:	‎2026‎-‎08‎-‎15T17:02:37.235017100Z"
"15.08.2026 22:05:22","100","Ошибка","Microsoft-Windows-Diagnostics-Performance","Windows запущена: 
     Длительность загрузки		:	99358ms
     IsDegradation		:	false
     Время события (UTC)	:	‎2026‎-‎08‎-‎15T17:02:37.235017100Z"
"15.08.2026 22:05:16","200","Предупреждение","Microsoft-Windows-Diagnostics-Performance","Завершение работы Windows 
    Продолжительность завершения работы	:	14983мс
    IsDegradation		:	false
    Время события (UTC)	:	‎2026‎-‎08‎-‎15T17:01:58.103578000Z"
"15.08.2026 4:27:22","500","Предупреждение","Microsoft-Windows-Diagnostics-Performance","Диспетчер окон рабочего стола испытывает недостаток ресурсов. 
    Сценарий	:	Не хватает ресурсов видеопамяти, что приводит к пробуксовке. Уменьшение количества запущенных программ и открытых окон может исправить эту ситуацию."
"15.08.2026 3:56:15","500","Предупреждение","Microsoft-Windows-Diagnostics-Performance","Диспетчер окон рабочего стола испытывает недостаток ресурсов. 
    Сценарий	:	Не хватает ресурсов видеопамяти, что приводит к пробуксовке. Уменьшение количества запущенных программ и открытых окон может исправить эту ситуацию."
"15.08.2026 2:56:07","500","Предупреждение","Microsoft-Windows-Diagnostics-Performance","Диспетчер окон рабочего стола испытывает недостаток ресурсов. 
    Сценарий	:	Не хватает ресурсов видеопамяти, что приводит к пробуксовке. Уменьшение количества запущенных программ и открытых окон может исправить эту ситуацию."
"14.08.2026 8:41:38","500","Предупреждение","Microsoft-Windows-Diagnostics-Performance","Диспетчер окон рабочего стола испытывает недостаток ресурсов. 
    Сценарий	:	Не хватает ресурсов видеопамяти, что приводит к пробуксовке. Уменьшение количества запущенных программ и открытых окон может исправить эту ситуацию."
"13.08.2026 23:58:43","101","Предупреждение","Microsoft-Windows-Diagnostics-Performance","Это приложение загружалось дольше обычного, что привело к замедлению процесса запуска системы: 
    Имя файла		:	SearchApp.exe
    Понятное имя		:	Search application
    Версия		:	10.0.19041.6282 (WinBuild.160101.0800)
    Общее время		:	1731мс
    Время замедления	:	934мс
    Время события (UTC)	:	‎2026‎-‎08‎-‎13T18:56:18.954262300Z"
"13.08.2026 23:58:43","100","Предупреждение","Microsoft-Windows-Diagnostics-Performance","Windows запущена: 
     Длительность загрузки		:	74977ms
     IsDegradation		:	false
     Время события (UTC)	:	‎2026‎-‎08‎-‎13T18:56:18.954262300Z"
"13.08.2026 23:58:39","200","Предупреждение","Microsoft-Windows-Diagnostics-Performance","Завершение работы Windows 
    Продолжительность завершения работы	:	15494мс
    IsDegradation		:	false
    Время события (UTC)	:	‎2026‎-‎08‎-‎13T18:55:31.756024300Z"
"10.08.2026 3:42:52","101","Предупреждение","Microsoft-Windows-Diagnostics-Performance","Это приложение загружалось дольше обычного, что привело к замедлению процесса запуска системы: 
    Имя файла		:	SearchIndexer.exe
    Понятное имя		:	Индексатор службы Microsoft Windows Search
    Версия		:	7.0.19041.4522 (WinBuild.160101.0800)
    Общее время		:	975мс
    Время замедления	:	262мс
    Время события (UTC)	:	‎2026‎-‎08‎-‎09T22:40:22.954020500Z"
"10.08.2026 3:42:52","100","Предупреждение","Microsoft-Windows-Diagnostics-Performance","Windows запущена: 
     Длительность загрузки		:	77124ms
     IsDegradation		:	false
     Время события (UTC)	:	‎2026‎-‎08‎-‎09T22:40:22.954020500Z"
"09.08.2026 20:28:12","101","Ошибка","Microsoft-Windows-Diagnostics-Performance","Это приложение загружалось дольше обычного, что привело к замедлению процесса запуска системы: 
    Имя файла		:	MsMpEng.exe
    Понятное имя		:	Antimalware Service Executable
    Версия		:	4.18.26070.9 (797b3603749206dfffe67a1cc891531b0a2cf438)
    Общее время		:	73161мс
    Время замедления	:	65661мс
    Время события (UTC)	:	‎2026‎-‎08‎-‎09T15:25:31.938443700Z"
"09.08.2026 20:28:12","100","Ошибка","Microsoft-Windows-Diagnostics-Performance","Windows запущена: 
     Длительность загрузки		:	91488ms
     IsDegradation		:	false
     Время события (UTC)	:	‎2026‎-‎08‎-‎09T15:25:31.938443700Z"
"09.08.2026 20:28:08","200","Предупреждение","Microsoft-Windows-Diagnostics-Performance","Завершение работы Windows 
    Продолжительность завершения работы	:	18707мс
    IsDegradation		:	true
    Время события (UTC)	:	‎2026‎-‎08‎-‎09T01:53:10.258029800Z"
"09.08.2026 0:51:15","101","Ошибка","Microsoft-Windows-Diagnostics-Performance","Это приложение загружалось дольше обычного, что привело к замедлению процесса запуска системы: 
    Имя файла		:	MsMpEng.exe
    Понятное имя		:	Antimalware Service Executable
    Версия		:	4.18.26070.9 (797b3603749206dfffe67a1cc891531b0a2cf438)
    Общее время		:	63603мс
    Время замедления	:	56103мс
    Время события (UTC)	:	‎2026‎-‎08‎-‎08T19:48:47.954141700Z"
"09.08.2026 0:51:15","100","Предупреждение","Microsoft-Windows-Diagnostics-Performance","Windows запущена: 
     Длительность загрузки		:	80364ms
     IsDegradation		:	false
     Время события (UTC)	:	‎2026‎-‎08‎-‎08T19:48:47.954141700Z"
"09.08.2026 0:51:11","200","Предупреждение","Microsoft-Windows-Diagnostics-Performance","Завершение работы Windows 
    Продолжительность завершения работы	:	20520мс
    IsDegradation		:	false
    Время события (UTC)	:	‎2026‎-‎08‎-‎08T19:48:05.508671500Z"
"08.08.2026 19:58:57","101","Ошибка","Microsoft-Windows-Diagnostics-Performance","Это приложение загружалось дольше обычного, что привело к замедлению процесса запуска системы: 
    Имя файла		:	MsMpEng.exe
    Понятное имя		:	Antimalware Service Executable
    Версия		:	4.18.26070.9 (797b3603749206dfffe67a1cc891531b0a2cf438)
    Общее время		:	60652мс
    Время замедления	:	53152мс
    Время события (UTC)	:	‎2026‎-‎08‎-‎08T14:56:27.954032400Z"
"08.08.2026 19:58:57","100","Предупреждение","Microsoft-Windows-Diagnostics-Performance","Windows запущена: 
     Длительность загрузки		:	76768ms
     IsDegradation		:	false
     Время события (UTC)	:	‎2026‎-‎08‎-‎08T14:56:27.954032400Z"
"04.08.2026 11:04:50","101","Ошибка","Microsoft-Windows-Diagnostics-Performance","Это приложение загружалось дольше обычного, что привело к замедлению процесса запуска системы: 
    Имя файла		:	MsMpEng.exe
    Понятное имя		:	Antimalware Service Executable
    Версия		:	4.18.1909.6 (WinBuild.160101.0800)
    Общее время		:	57278мс
    Время замедления	:	49778мс
    Время события (UTC)	:	‎2026‎-‎08‎-‎04T06:02:05.985255500Z"
"04.08.2026 11:04:50","100","Ошибка","Microsoft-Windows-Diagnostics-Performance","Windows запущена: 
     Длительность загрузки		:	98136ms
     IsDegradation		:	false
     Время события (UTC)	:	‎2026‎-‎08‎-‎04T06:02:05.985255500Z"
"04.08.2026 11:04:46","203","Предупреждение","Microsoft-Windows-Diagnostics-Performance","Эта служба вызвала замедление процесса завершения работы системы: 
    Имя файла		:	WinDefend
    Понятное имя		:	
    Версия		:	
    Общее время		:	4965мс
    Время замедления	:	965мс
    Время события (UTC)	:	‎2026‎-‎08‎-‎04T06:01:24.028295200Z"
"04.08.2026 11:04:46","200","Предупреждение","Microsoft-Windows-Diagnostics-Performance","Завершение работы Windows 
    Продолжительность завершения работы	:	21123мс
    IsDegradation		:	false
    Время события (UTC)	:	‎2026‎-‎08‎-‎04T06:01:24.028295200Z"
"03.08.2026 13:04:18","101","Предупреждение","Microsoft-Windows-Diagnostics-Performance","Это приложение загружалось дольше обычного, что привело к замедлению процесса запуска системы: 
    Имя файла		:	taskhostw.exe
    Понятное имя		:	Realtek HD Audio
    Версия		:	0.06.05.2026
    Общее время		:	9282мс
    Время замедления	:	4282мс
    Время события (UTC)	:	‎2026‎-‎08‎-‎03T08:01:47.969752900Z"
"03.08.2026 13:04:18","100","Критический","Microsoft-Windows-Diagnostics-Performance","Windows запущена: 
     Длительность загрузки		:	142167ms
     IsDegradation		:	false
     Время события (UTC)	:	‎2026‎-‎08‎-‎03T08:01:47.969752900Z"
"03.08.2026 13:04:12","200","Предупреждение","Microsoft-Windows-Diagnostics-Performance","Завершение работы Windows 
    Продолжительность завершения работы	:	12487мс
    IsDegradation		:	false
    Время события (UTC)	:	‎2026‎-‎08‎-‎03T08:01:12.479821100Z"
"01.08.2026 11:09:25","101","Предупреждение","Microsoft-Windows-Diagnostics-Performance","Это приложение загружалось дольше обычного, что привело к замедлению процесса запуска системы: 
    Имя файла		:	opencode.exe
    Понятное имя		:	
    Версия		:	
    Общее время		:	14259мс
    Время замедления	:	9259мс
    Время события (UTC)	:	‎2026‎-‎08‎-‎01T06:07:01.938440900Z"
"01.08.2026 11:09:25","101","Предупреждение","Microsoft-Windows-Diagnostics-Performance","Это приложение загружалось дольше обычного, что привело к замедлению процесса запуска системы: 
    Имя файла		:	browser.exe
    Понятное имя		:	Yandex with voice assistant Alice
    Версия		:	26.6.3.870
    Общее время		:	32171мс
    Время замедления	:	18051мс
    Время события (UTC)	:	‎2026‎-‎08‎-‎01T06:07:01.938440900Z"
"01.08.2026 11:09:25","100","Критический","Microsoft-Windows-Diagnostics-Performance","Windows запущена: 
     Длительность загрузки		:	131806ms
     IsDegradation		:	false
     Время события (UTC)	:	‎2026‎-‎08‎-‎01T06:07:01.938440900Z"
"01.08.2026 11:09:17","203","Предупреждение","Microsoft-Windows-Diagnostics-Performance","Эта служба вызвала замедление процесса завершения работы системы: 
    Имя файла		:	AmneziaWGTunnel$AmneziaVPN
    Понятное имя		:	
    Версия		:	
    Общее время		:	4966мс
    Время замедления	:	966мс
    Время события (UTC)	:	‎2026‎-‎08‎-‎01T06:06:14.455391800Z"
"01.08.2026 11:09:17","200","Предупреждение","Microsoft-Windows-Diagnostics-Performance","Завершение работы Windows 
    Продолжительность завершения работы	:	27108мс
    IsDegradation		:	false
    Время события (UTC)	:	‎2026‎-‎08‎-‎01T06:06:14.455391800Z"
"01.08.2026 11:03:02","101","Предупреждение","Microsoft-Windows-Diagnostics-Performance","Это приложение загружалось дольше обычного, что привело к замедлению процесса запуска системы: 
    Имя файла		:	explorer.exe
    Понятное имя		:	Проводник
    Версия		:	10.0.19041.4522 (WinBuild.160101.0800)
    Общее время		:	15235мс
    Время замедления	:	5001мс
    Время события (UTC)	:	‎2026‎-‎08‎-‎01T06:00:29.969975400Z"
"01.08.2026 11:03:02","100","Критический","Microsoft-Windows-Diagnostics-Performance","Windows запущена: 
     Длительность загрузки		:	136788ms
     IsDegradation		:	false
     Время события (UTC)	:	‎2026‎-‎08‎-‎01T06:00:29.969975400Z"
"01.08.2026 11:02:57","200","Предупреждение","Microsoft-Windows-Diagnostics-Performance","Завершение работы Windows 
    Продолжительность завершения работы	:	10792мс
    IsDegradation		:	false
    Время события (UTC)	:	‎2026‎-‎07‎-‎31T23:08:29.169050600Z"
"01.08.2026 3:34:42","200","Предупреждение","Microsoft-Windows-Diagnostics-Performance","Завершение работы Windows 
    Продолжительность завершения работы	:	15152мс
    IsDegradation		:	false
    Время события (UTC)	:	‎2026‎-‎07‎-‎31T16:01:13.066970900Z"
"30.07.2026 19:05:28","100","Критический","Microsoft-Windows-Diagnostics-Performance","Windows запущена: 
     Длительность загрузки		:	171719ms
     IsDegradation		:	false
     Время события (UTC)	:	‎2026‎-‎07‎-‎30T14:02:22.938401500Z"
"29.07.2026 19:29:04","200","Предупреждение","Microsoft-Windows-Diagnostics-Performance","Завершение работы Windows 
    Продолжительность завершения работы	:	12311мс
    IsDegradation		:	false
    Время события (UTC)	:	‎2026‎-‎07‎-‎29T14:25:37.087118600Z"
"23.07.2026 20:28:08","100","Критический","Microsoft-Windows-Diagnostics-Performance","Windows запущена: 
     Длительность загрузки		:	133081ms
     IsDegradation		:	false
     Время события (UTC)	:	‎2026‎-‎07‎-‎23T15:25:48.938459500Z"
"23.07.2026 20:28:03","203","Предупреждение","Microsoft-Windows-Diagnostics-Performance","Эта служба вызвала замедление процесса завершения работы системы: 
    Имя файла		:	wisvc
    Понятное имя		:	Параметры цикла тестирования
    Версия		:	10.0.19041.4522 (WinBuild.160101.0800)
    Общее время		:	4971мс
    Время замедления	:	971мс
    Время события (UTC)	:	‎2026‎-‎07‎-‎23T15:24:34.414508900Z"
"23.07.2026 20:28:03","203","Предупреждение","Microsoft-Windows-Diagnostics-Performance","Эта служба вызвала замедление процесса завершения работы системы: 
    Имя файла		:	WlanSvc
    Понятное имя		:	Библиотека DLL службы автоматической настройки беспроводной локальной сети Windows
    Версия		:	10.0.19041.4522 (WinBuild.160101.0800)
    Общее время		:	4969мс
    Время замедления	:	2148мс
    Время события (UTC)	:	‎2026‎-‎07‎-‎23T15:24:34.414508900Z"
"23.07.2026 20:28:03","200","Предупреждение","Microsoft-Windows-Diagnostics-Performance","Завершение работы Windows 
    Продолжительность завершения работы	:	53976мс
    IsDegradation		:	false
    Время события (UTC)	:	‎2026‎-‎07‎-‎23T15:24:34.414508900Z"
"23.07.2026 15:33:27","101","Предупреждение","Microsoft-Windows-Diagnostics-Performance","Это приложение загружалось дольше обычного, что привело к замедлению процесса запуска системы: 
    Имя файла		:	Photoshop.exe
    Понятное имя		:	Adobe Photoshop 2025
    Версия		:	26.11 (20250918.r.18 a87e57f)
    Общее время		:	25925мс
    Время замедления	:	20925мс
    Время события (UTC)	:	‎2026‎-‎07‎-‎23T10:30:58.938472000Z"
"23.07.2026 15:33:27","100","Критический","Microsoft-Windows-Diagnostics-Performance","Windows запущена: 
     Длительность загрузки		:	135400ms
     IsDegradation		:	false
     Время события (UTC)	:	‎2026‎-‎07‎-‎23T10:30:58.938472000Z"
"22.07.2026 21:33:16","100","Критический","Microsoft-Windows-Diagnostics-Performance","Windows запущена: 
     Длительность загрузки		:	139246ms
     IsDegradation		:	false
     Время события (UTC)	:	‎2026‎-‎07‎-‎22T16:28:39.938420200Z"
"21.07.2026 12:57:47","101","Предупреждение","Microsoft-Windows-Diagnostics-Performance","Это приложение загружалось дольше обычного, что привело к замедлению процесса запуска системы: 
    Имя файла		:	sppsvc.exe
    Понятное имя		:	Служба платформы защиты программного обеспечения Майкрософт
    Версия		:	10.0.19041.4522 (WinBuild.160101.0800)
    Общее время		:	2954мс
    Время замедления	:	1287мс
    Время события (UTC)	:	‎2026‎-‎07‎-‎21T07:55:29.938507900Z"
"21.07.2026 12:57:47","101","Предупреждение","Microsoft-Windows-Diagnostics-Performance","Это приложение загружалось дольше обычного, что привело к замедлению процесса запуска системы: 
    Имя файла		:	AmneziaVPN_4.8.21.0_windows_x64.exe
    Понятное имя		:	
    Версия		:	
    Общее время		:	12954мс
    Время замедления	:	7954мс
    Время события (UTC)	:	‎2026‎-‎07‎-‎21T07:55:29.938507900Z"
"21.07.2026 12:57:47","100","Критический","Microsoft-Windows-Diagnostics-Performance","Windows запущена: 
     Длительность загрузки		:	130914ms
     IsDegradation		:	false
     Время события (UTC)	:	‎2026‎-‎07‎-‎21T07:55:29.938507900Z"
"21.07.2026 12:57:42","203","Ошибка","Microsoft-Windows-Diagnostics-Performance","Эта служба вызвала замедление процесса завершения работы системы: 
    Имя файла		:	DPS
    Понятное имя		:	Служба политики диагностики WDI
    Версия		:	10.0.19041.4522 (WinBuild.160101.0800)
    Общее время		:	4969мс
    Время замедления	:	4727мс
    Время события (UTC)	:	‎2026‎-‎07‎-‎21T07:55:00.154058600Z"
"21.07.2026 12:57:42","200","Предупреждение","Microsoft-Windows-Diagnostics-Performance","Завершение работы Windows 
    Продолжительность завершения работы	:	10053мс
    IsDegradation		:	false
    Время события (UTC)	:	‎2026‎-‎07‎-‎21T07:55:00.154058600Z"
"19.07.2026 5:54:03","200","Предупреждение","Microsoft-Windows-Diagnostics-Performance","Завершение работы Windows 
    Продолжительность завершения работы	:	15438мс
    IsDegradation		:	false
    Время события (UTC)	:	‎2026‎-‎07‎-‎18T22:38:52.471720900Z"
"17.07.2026 19:47:29","101","Предупреждение","Microsoft-Windows-Diagnostics-Performance","Это приложение загружалось дольше обычного, что привело к замедлению процесса запуска системы: 
    Имя файла		:	sppsvc.exe
    Понятное имя		:	Служба платформы защиты программного обеспечения Майкрософт
    Версия		:	10.0.19041.4522 (WinBuild.160101.0800)
    Общее время		:	3396мс
    Время замедления	:	1312мс
    Время события (UTC)	:	‎2026‎-‎07‎-‎17T14:45:05.172820900Z"
"17.07.2026 19:47:29","100","Критический","Microsoft-Windows-Diagnostics-Performance","Windows запущена: 
     Длительность загрузки		:	136442ms
     IsDegradation		:	false
     Время события (UTC)	:	‎2026‎-‎07‎-‎17T14:45:05.172820900Z"
"17.07.2026 19:47:25","203","Предупреждение","Microsoft-Windows-Diagnostics-Performance","Эта служба вызвала замедление процесса завершения работы системы: 
    Имя файла		:	UsoSvc
    Понятное имя		:	Обновление службы сеанса оркестратора
    Версия		:	10.0.19041.4522 (WinBuild.160101.0800)
    Общее время		:	1330мс
    Время замедления	:	1003мс
    Время события (UTC)	:	‎2026‎-‎07‎-‎17T14:44:24.782532800Z"
"17.07.2026 19:47:25","200","Предупреждение","Microsoft-Windows-Diagnostics-Performance","Завершение работы Windows 
    Продолжительность завершения работы	:	15797мс
    IsDegradation		:	false
    Время события (UTC)	:	‎2026‎-‎07‎-‎17T14:44:24.782532800Z"
"15.07.2026 16:18:24","101","Предупреждение","Microsoft-Windows-Diagnostics-Performance","Это приложение загружалось дольше обычного, что привело к замедлению процесса запуска системы: 
    Имя файла		:	nvcontainer.exe
    Понятное имя		:	NVIDIA Container
    Версия		:	gcomp_rel 35816461
    Общее время		:	7873мс
    Время замедления	:	13309мс
    Время события (UTC)	:	‎2026‎-‎07‎-‎15T11:11:42.969601800Z"
"15.07.2026 16:18:24","100","Критический","Microsoft-Windows-Diagnostics-Performance","Windows запущена: 
     Длительность загрузки		:	146748ms
     IsDegradation		:	false
     Время события (UTC)	:	‎2026‎-‎07‎-‎15T11:11:42.969601800Z"
"11.07.2026 0:58:04","108","Предупреждение","Microsoft-Windows-Diagnostics-Performance","Применение политики пользователя вызвало замедление процесса запуска системы: 
    Имя		:	PreShellInit
    Общее время		:	21410мс
    Время замедления	:	7421мс
    Время события (UTC)	:	‎2026‎-‎07‎-‎10T19:55:40.938433400Z"
"11.07.2026 0:58:04","101","Предупреждение","Microsoft-Windows-Diagnostics-Performance","Это приложение загружалось дольше обычного, что привело к замедлению процесса запуска системы: 
    Имя файла		:	svchost.exe
    Понятное имя		:	Хост-процесс для служб Windows
    Версия		:	10.0.19041.4522 (WinBuild.160101.0800)
    Общее время		:	20712мс
    Время замедления	:	7050мс
    Время события (UTC)	:	‎2026‎-‎07‎-‎10T19:55:40.938433400Z"
"11.07.2026 0:58:04","100","Критический","Microsoft-Windows-Diagnostics-Performance","Windows запущена: 
     Длительность загрузки		:	109578ms
     IsDegradation		:	false
     Время события (UTC)	:	‎2026‎-‎07‎-‎10T19:55:40.938433400Z"
"09.07.2026 22:35:17","108","Предупреждение","Microsoft-Windows-Diagnostics-Performance","Применение политики пользователя вызвало замедление процесса запуска системы: 
    Имя		:	PreShellInit
    Общее время		:	20442мс
    Время замедления	:	12034мс
    Время события (UTC)	:	‎2026‎-‎07‎-‎09T17:32:42.157181400Z"
"09.07.2026 22:35:17","101","Предупреждение","Microsoft-Windows-Diagnostics-Performance","Это приложение загружалось дольше обычного, что привело к замедлению процесса запуска системы: 
    Имя файла		:	SearchApp.exe
    Понятное имя		:	Search application
    Версия		:	10.0.19041.6282 (WinBuild.160101.0800)
    Общее время		:	1365мс
    Время замедления	:	444мс
    Время события (UTC)	:	‎2026‎-‎07‎-‎09T17:32:42.157181400Z"
"09.07.2026 22:35:17","101","Предупреждение","Microsoft-Windows-Diagnostics-Performance","Это приложение загружалось дольше обычного, что привело к замедлению процесса запуска системы: 
    Имя файла		:	explorer.exe
    Понятное имя		:	Проводник
    Версия		:	10.0.19041.4522 (WinBuild.160101.0800)
    Общее время		:	6342мс
    Время замедления	:	3180мс
    Время события (UTC)	:	‎2026‎-‎07‎-‎09T17:32:42.157181400Z"
"09.07.2026 22:35:17","101","Ошибка","Microsoft-Windows-Diagnostics-Performance","Это приложение загружалось дольше обычного, что привело к замедлению процесса запуска системы: 
    Имя файла		:	OllamaSetup.tmp
    Понятное имя		:	
    Версия		:	
    Общее время		:	72752мс
    Время замедления	:	67752мс
    Время события (UTC)	:	‎2026‎-‎07‎-‎09T17:32:42.157181400Z"
"09.07.2026 22:35:17","100","Критический","Microsoft-Windows-Diagnostics-Performance","Windows запущена: 
     Длительность загрузки		:	136314ms
     IsDegradation		:	false
     Время события (UTC)	:	‎2026‎-‎07‎-‎09T17:32:42.157181400Z"
"09.07.2026 22:35:12","200","Предупреждение","Microsoft-Windows-Diagnostics-Performance","Завершение работы Windows 
    Продолжительность завершения работы	:	21705мс
    IsDegradation		:	false
    Время события (UTC)	:	‎2026‎-‎07‎-‎09T12:11:24.943181400Z"
"03.07.2026 17:07:26","100","Критический","Microsoft-Windows-Diagnostics-Performance","Windows запущена: 
     Длительность загрузки		:	152271ms
     IsDegradation		:	false
     Время события (UTC)	:	‎2026‎-‎07‎-‎03T12:04:39.938445000Z"
"01.07.2026 10:17:49","200","Предупреждение","Microsoft-Windows-Diagnostics-Performance","Завершение работы Windows 
    Продолжительность завершения работы	:	23923мс
    IsDegradation		:	true
    Время события (UTC)	:	‎2026‎-‎07‎-‎01T05:14:02.718692300Z"
"01.07.2026 8:10:52","500","Предупреждение","Microsoft-Windows-Diagnostics-Performance","Диспетчер окон рабочего стола испытывает недостаток ресурсов. 
    Сценарий	:	Не хватает ресурсов видеопамяти, что приводит к пробуксовке. Уменьшение количества запущенных программ и открытых окон может исправить эту ситуацию."
"22.06.2026 22:43:57","100","Критический","Microsoft-Windows-Diagnostics-Performance","Windows запущена: 
     Длительность загрузки		:	158105ms
     IsDegradation		:	false
     Время события (UTC)	:	‎2026‎-‎06‎-‎22T17:41:07.938569800Z"
"22.06.2026 22:43:55","200","Предупреждение","Microsoft-Windows-Diagnostics-Performance","Завершение работы Windows 
    Продолжительность завершения работы	:	34664мс
    IsDegradation		:	true
    Время события (UTC)	:	‎2026‎-‎06‎-‎22T12:12:00.985532200Z"
"22.06.2026 16:31:10","101","Предупреждение","Microsoft-Windows-Diagnostics-Performance","Это приложение загружалось дольше обычного, что привело к замедлению процесса запуска системы: 
    Имя файла		:	Codex.exe
    Понятное имя		:	Codex
    Версия		:	149.0.7827.115
    Общее время		:	32319мс
    Время замедления	:	27319мс
    Время события (UTC)	:	‎2026‎-‎06‎-‎22T11:28:38.938519000Z"
"22.06.2026 16:31:10","101","Ошибка","Microsoft-Windows-Diagnostics-Performance","Это приложение загружалось дольше обычного, что привело к замедлению процесса запуска системы: 
    Имя файла		:	OllamaSetup.tmp
    Понятное имя		:	
    Версия		:	
    Общее время		:	71872мс
    Время замедления	:	66872мс
    Время события (UTC)	:	‎2026‎-‎06‎-‎22T11:28:38.938519000Z"
"22.06.2026 16:31:10","100","Критический","Microsoft-Windows-Diagnostics-Performance","Windows запущена: 
     Длительность загрузки		:	139739ms
     IsDegradation		:	false
     Время события (UTC)	:	‎2026‎-‎06‎-‎22T11:28:38.938519000Z"
"22.06.2026 16:31:05","200","Предупреждение","Microsoft-Windows-Diagnostics-Performance","Завершение работы Windows 
    Продолжительность завершения работы	:	17996мс
    IsDegradation		:	false
    Время события (UTC)	:	‎2026‎-‎06‎-‎22T09:34:15.788532600Z"
"18.06.2026 6:38:42","200","Предупреждение","Microsoft-Windows-Diagnostics-Performance","Завершение работы Windows 
    Продолжительность завершения работы	:	24338мс
    IsDegradation		:	false
    Время события (UTC)	:	‎2026‎-‎06‎-‎18T01:35:27.090414300Z"
"17.06.2026 10:18:46","200","Предупреждение","Microsoft-Windows-Diagnostics-Performance","Завершение работы Windows 
    Продолжительность завершения работы	:	13203мс
    IsDegradation		:	false
    Время события (UTC)	:	‎2026‎-‎06‎-‎16T16:20:35.429082200Z"
"16.06.2026 11:10:52","100","Критический","Microsoft-Windows-Diagnostics-Performance","Windows запущена: 
     Длительность загрузки		:	159253ms
     IsDegradation		:	true
     Время события (UTC)	:	‎2026‎-‎06‎-‎16T06:08:05.938480100Z"
"16.06.2026 11:10:50","200","Предупреждение","Microsoft-Windows-Diagnostics-Performance","Завершение работы Windows 
    Продолжительность завершения работы	:	11780мс
    IsDegradation		:	true
    Время события (UTC)	:	‎2026‎-‎06‎-‎16T06:07:35.307756000Z"
"16.06.2026 10:50:37","101","Предупреждение","Microsoft-Windows-Diagnostics-Performance","Это приложение загружалось дольше обычного, что привело к замедлению процесса запуска системы: 
    Имя файла		:	svchost.exe
    Понятное имя		:	Хост-процесс для служб Windows
    Версия		:	10.0.19041.4522 (WinBuild.160101.0800)
    Общее время		:	14716мс
    Время замедления	:	6980мс
    Время события (UTC)	:	‎2026‎-‎06‎-‎16T05:47:48.953854900Z"
"16.06.2026 10:50:37","100","Критический","Microsoft-Windows-Diagnostics-Performance","Windows запущена: 
     Длительность загрузки		:	162934ms
     IsDegradation		:	false
     Время события (UTC)	:	‎2026‎-‎06‎-‎16T05:47:48.953854900Z"
"16.06.2026 10:50:34","200","Предупреждение","Microsoft-Windows-Diagnostics-Performance","Завершение работы Windows 
    Продолжительность завершения работы	:	11114мс
    IsDegradation		:	false
    Время события (UTC)	:	‎2026‎-‎06‎-‎16T05:47:17.064219100Z"
"15.06.2026 21:28:14","101","Предупреждение","Microsoft-Windows-Diagnostics-Performance","Это приложение загружалось дольше обычного, что привело к замедлению процесса запуска системы: 
    Имя файла		:	Koala Clash.exe
    Понятное имя		:	Koala Clash
    Версия		:	1.3.1
    Общее время		:	9285мс
    Время замедления	:	4285мс
    Время события (UTC)	:	‎2026‎-‎06‎-‎15T16:25:19.938544000Z"
"15.06.2026 21:28:14","100","Критический","Microsoft-Windows-Diagnostics-Performance","Windows запущена: 
     Длительность загрузки		:	162911ms
     IsDegradation		:	false
     Время события (UTC)	:	‎2026‎-‎06‎-‎15T16:25:19.938544000Z"
"15.06.2026 21:28:11","200","Предупреждение","Microsoft-Windows-Diagnostics-Performance","Завершение работы Windows 
    Продолжительность завершения работы	:	15221мс
    IsDegradation		:	false
    Время события (UTC)	:	‎2026‎-‎06‎-‎15T16:24:45.001384700Z"
"14.06.2026 16:34:37","200","Предупреждение","Microsoft-Windows-Diagnostics-Performance","Завершение работы Windows 
    Продолжительность завершения работы	:	13498мс
    IsDegradation		:	false
    Время события (UTC)	:	‎2026‎-‎06‎-‎13T10:45:39.453673300Z"
"12.06.2026 16:21:06","101","Предупреждение","Microsoft-Windows-Diagnostics-Performance","Это приложение загружалось дольше обычного, что привело к замедлению процесса запуска системы: 
    Имя файла		:	SWVisualize.Queue.Server.exe
    Понятное имя		:	SOLIDWORKS Visualize Queue Server
    Версия		:	32.5.0.0048
    Общее время		:	3653мс
    Время замедления	:	965мс
    Время события (UTC)	:	‎2026‎-‎06‎-‎12T11:18:38.938611800Z"
"12.06.2026 16:21:06","101","Предупреждение","Microsoft-Windows-Diagnostics-Performance","Это приложение загружалось дольше обычного, что привело к замедлению процесса запуска системы: 
    Имя файла		:	AdGuardVpnSvc.exe
    Понятное имя		:	AdGuard VPN for Windows
    Версия		:	2.7.1800.0
    Общее время		:	9187мс
    Время замедления	:	3613мс
    Время события (UTC)	:	‎2026‎-‎06‎-‎12T11:18:38.938611800Z"
"12.06.2026 16:21:06","100","Критический","Microsoft-Windows-Diagnostics-Performance","Windows запущена: 
     Длительность загрузки		:	143228ms
     IsDegradation		:	false
     Время события (UTC)	:	‎2026‎-‎06‎-‎12T11:18:38.938611800Z"
"12.06.2026 16:21:03","200","Предупреждение","Microsoft-Windows-Diagnostics-Performance","Завершение работы Windows 
    Продолжительность завершения работы	:	11776мс
    IsDegradation		:	false
    Время события (UTC)	:	‎2026‎-‎06‎-‎12T11:18:08.693920600Z"
"12.06.2026 16:12:46","100","Критический","Microsoft-Windows-Diagnostics-Performance","Windows запущена: 
     Длительность загрузки		:	149295ms
     IsDegradation		:	false
     Время события (UTC)	:	‎2026‎-‎06‎-‎12T11:10:12.907645800Z"
"12.06.2026 16:12:44","203","Предупреждение","Microsoft-Windows-Diagnostics-Performance","Эта служба вызвала замедление процесса завершения работы системы: 
    Имя файла		:	WlanSvc
    Понятное имя		:	Библиотека DLL службы автоматической настройки беспроводной локальной сети Windows
    Версия		:	10.0.19041.4522 (WinBuild.160101.0800)
    Общее время		:	6016мс
    Время замедления	:	4199мс
    Время события (UTC)	:	‎2026‎-‎06‎-‎12T11:09:30.143669500Z"
"12.06.2026 16:12:44","200","Предупреждение","Microsoft-Windows-Diagnostics-Performance","Завершение работы Windows 
    Продолжительность завершения работы	:	20552мс
    IsDegradation		:	false
    Время события (UTC)	:	‎2026‎-‎06‎-‎12T11:09:30.143669500Z"
"11.06.2026 9:53:10","100","Критический","Microsoft-Windows-Diagnostics-Performance","Windows запущена: 
     Длительность загрузки		:	164229ms
     IsDegradation		:	false
     Время события (UTC)	:	‎2026‎-‎06‎-‎11T04:50:19.923243100Z"
"11.06.2026 9:53:07","203","Ошибка","Microsoft-Windows-Diagnostics-Performance","Эта служба вызвала замедление процесса завершения работы системы: 
    Имя файла		:	WlanSvc
    Понятное имя		:	Библиотека DLL службы автоматической настройки беспроводной локальной сети Windows
    Версия		:	10.0.19041.4522 (WinBuild.160101.0800)
    Общее время		:	13178мс
    Время замедления	:	6390мс
    Время события (UTC)	:	‎2026‎-‎06‎-‎11T04:49:36.667297300Z"
"11.06.2026 9:53:07","200","Предупреждение","Microsoft-Windows-Diagnostics-Performance","Завершение работы Windows 
    Продолжительность завершения работы	:	22679мс
    IsDegradation		:	false
    Время события (UTC)	:	‎2026‎-‎06‎-‎11T04:49:36.667297300Z"
"09.06.2026 22:25:13","101","Предупреждение","Microsoft-Windows-Diagnostics-Performance","Это приложение загружалось дольше обычного, что привело к замедлению процесса запуска системы: 
    Имя файла		:	Koala Clash.exe
    Понятное имя		:	Koala Clash
    Версия		:	1.3.1
    Общее время		:	13899мс
    Время замедления	:	8899мс
    Время события (UTC)	:	‎2026‎-‎06‎-‎09T17:22:05.125734600Z"
"09.06.2026 22:25:13","101","Ошибка","Microsoft-Windows-Diagnostics-Performance","Это приложение загружалось дольше обычного, что привело к замедлению процесса запуска системы: 
    Имя файла		:	OllamaSetup.tmp
    Понятное имя		:	
    Версия		:	
    Общее время		:	63016мс
    Время замедления	:	58016мс
    Время события (UTC)	:	‎2026‎-‎06‎-‎09T17:22:05.125734600Z"
"09.06.2026 22:25:13","100","Критический","Microsoft-Windows-Diagnostics-Performance","Windows запущена: 
     Длительность загрузки		:	159866ms
     IsDegradation		:	false
     Время события (UTC)	:	‎2026‎-‎06‎-‎09T17:22:05.125734600Z"
"06.06.2026 0:22:30","101","Предупреждение","Microsoft-Windows-Diagnostics-Performance","Это приложение загружалось дольше обычного, что привело к замедлению процесса запуска системы: 
    Имя файла		:	Koala Clash.exe
    Понятное имя		:	Koala Clash
    Версия		:	1.3.1
    Общее время		:	9094мс
    Время замедления	:	4094мс
    Время события (UTC)	:	‎2026‎-‎06‎-‎05T19:20:05.906957600Z"
"06.06.2026 0:22:30","100","Критический","Microsoft-Windows-Diagnostics-Performance","Windows запущена: 
     Длительность загрузки		:	140009ms
     IsDegradation		:	false
     Время события (UTC)	:	‎2026‎-‎06‎-‎05T19:20:05.906957600Z"
"06.06.2026 0:22:27","200","Предупреждение","Microsoft-Windows-Diagnostics-Performance","Завершение работы Windows 
    Продолжительность завершения работы	:	14301мс
    IsDegradation		:	false
    Время события (UTC)	:	‎2026‎-‎06‎-‎05T19:19:32.680663000Z"
"05.06.2026 15:33:45","101","Ошибка","Microsoft-Windows-Diagnostics-Performance","Это приложение загружалось дольше обычного, что привело к замедлению процесса запуска системы: 
    Имя файла		:	OllamaSetup.tmp
    Понятное имя		:	
    Версия		:	
    Общее время		:	71917мс
    Время замедления	:	66917мс
    Время события (UTC)	:	‎2026‎-‎06‎-‎05T10:31:16.906964900Z"
"05.06.2026 15:33:45","100","Критический","Microsoft-Windows-Diagnostics-Performance","Windows запущена: 
     Длительность загрузки		:	137317ms
     IsDegradation		:	false
     Время события (UTC)	:	‎2026‎-‎06‎-‎05T10:31:16.906964900Z"
"05.06.2026 15:33:42","200","Предупреждение","Microsoft-Windows-Diagnostics-Performance","Завершение работы Windows 
    Продолжительность завершения работы	:	14736мс
    IsDegradation		:	false
    Время события (UTC)	:	‎2026‎-‎06‎-‎05T09:35:18.633569300Z"
"03.06.2026 19:14:44","100","Критический","Microsoft-Windows-Diagnostics-Performance","Windows запущена: 
     Длительность загрузки		:	168366ms
     IsDegradation		:	false
     Время события (UTC)	:	‎2026‎-‎06‎-‎03T14:11:24.922437700Z"
"03.06.2026 11:57:10","101","Предупреждение","Microsoft-Windows-Diagnostics-Performance","Это приложение загружалось дольше обычного, что привело к замедлению процесса запуска системы: 
    Имя файла		:	Docker Desktop.exe
    Понятное имя		:	Docker Desktop
    Версия		:	4.75.0.227598
    Общее время		:	10362мс
    Время замедления	:	4035мс
    Время события (UTC)	:	‎2026‎-‎06‎-‎03T06:54:24.906983500Z"
"03.06.2026 11:57:10","100","Критический","Microsoft-Windows-Diagnostics-Performance","Windows запущена: 
     Длительность загрузки		:	149945ms
     IsDegradation		:	false
     Время события (UTC)	:	‎2026‎-‎06‎-‎03T06:54:24.906983500Z"
"31.05.2026 22:01:13","100","Критический","Microsoft-Windows-Diagnostics-Performance","Windows запущена: 
     Длительность загрузки		:	188322ms
     IsDegradation		:	true
     Время события (UTC)	:	‎2026‎-‎05‎-‎31T16:57:30.906948700Z"
"31.05.2026 18:58:50","100","Критический","Microsoft-Windows-Diagnostics-Performance","Windows запущена: 
     Длительность загрузки		:	148740ms
     IsDegradation		:	false
     Время события (UTC)	:	‎2026‎-‎05‎-‎31T13:56:16.125795300Z"
"31.05.2026 18:58:47","200","Предупреждение","Microsoft-Windows-Diagnostics-Performance","Завершение работы Windows 
    Продолжительность завершения работы	:	17682мс
    IsDegradation		:	false
    Время события (UTC)	:	‎2026‎-‎05‎-‎31T13:55:35.289259800Z"
"30.05.2026 13:37:30","110","Предупреждение","Microsoft-Windows-Diagnostics-Performance","Инициализация диспетчера сеанса вызвала замедление процесса запуска: 
    Имя		:	SMSSInit
    Общее время		:	25048мс
    Время замедления	:	19496мс
    Время события (UTC)	:	‎2026‎-‎05‎-‎30T08:34:39.907091400Z"
"30.05.2026 13:37:30","101","Предупреждение","Microsoft-Windows-Diagnostics-Performance","Это приложение загружалось дольше обычного, что привело к замедлению процесса запуска системы: 
    Имя файла		:	CorelDRW.exe
    Понятное имя		:	CorelDRAW 2024 (64-Bit)
    Версия		:	25.2.1.313
    Общее время		:	9280мс
    Время замедления	:	4280мс
    Время события (UTC)	:	‎2026‎-‎05‎-‎30T08:34:39.907091400Z"
"30.05.2026 13:37:30","100","Критический","Microsoft-Windows-Diagnostics-Performance","Windows запущена: 
     Длительность загрузки		:	154025ms
     IsDegradation		:	true
     Время события (UTC)	:	‎2026‎-‎05‎-‎30T08:34:39.907091400Z"
"30.05.2026 13:37:27","200","Предупреждение","Microsoft-Windows-Diagnostics-Performance","Завершение работы Windows 
    Продолжительность завершения работы	:	27118мс
    IsDegradation		:	false
    Время события (UTC)	:	‎2026‎-‎05‎-‎30T08:33:44.374623900Z"
"30.05.2026 13:31:48","100","Критический","Microsoft-Windows-Diagnostics-Performance","Windows запущена: 
     Длительность загрузки		:	98066ms
     IsDegradation		:	false
     Время события (UTC)	:	‎2026‎-‎05‎-‎30T08:29:39.906789100Z"
"28.05.2026 17:00:54","101","Предупреждение","Microsoft-Windows-Diagnostics-Performance","Это приложение загружалось дольше обычного, что привело к замедлению процесса запуска системы: 
    Имя файла		:	SyncLight.exe
    Понятное имя		:	SyncLight
    Версия		:	2.17.1
    Общее время		:	17387мс
    Время замедления	:	8222мс
    Время события (UTC)	:	‎2026‎-‎05‎-‎28T11:54:17.891395600Z"
"28.05.2026 17:00:54","100","Критический","Microsoft-Windows-Diagnostics-Performance","Windows запущена: 
     Длительность загрузки		:	161534ms
     IsDegradation		:	false
     Время события (UTC)	:	‎2026‎-‎05‎-‎28T11:54:17.891395600Z"
"27.05.2026 17:55:23","100","Критический","Microsoft-Windows-Diagnostics-Performance","Windows запущена: 
     Длительность загрузки		:	116878ms
     IsDegradation		:	false
     Время события (UTC)	:	‎2026‎-‎05‎-‎27T12:52:49.922592400Z"
"25.05.2026 12:05:04","108","Предупреждение","Microsoft-Windows-Diagnostics-Performance","Применение политики пользователя вызвало замедление процесса запуска системы: 
    Имя		:	PreShellInit
    Общее время		:	13009мс
    Время замедления	:	3077мс
    Время события (UTC)	:	‎2026‎-‎05‎-‎25T07:02:16.907001100Z"
"25.05.2026 12:05:04","101","Предупреждение","Microsoft-Windows-Diagnostics-Performance","Это приложение загружалось дольше обычного, что привело к замедлению процесса запуска системы: 
    Имя файла		:	AdGuardVpnSvc.exe
    Понятное имя		:	AdGuard VPN for Windows
    Версия		:	2.7.1800.0
    Общее время		:	9717мс
    Время замедления	:	4723мс
    Время события (UTC)	:	‎2026‎-‎05‎-‎25T07:02:16.907001100Z"
"25.05.2026 12:05:04","101","Предупреждение","Microsoft-Windows-Diagnostics-Performance","Это приложение загружалось дольше обычного, что привело к замедлению процесса запуска системы: 
    Имя файла		:	SyncLight.exe
    Понятное имя		:	SyncLight
    Версия		:	2.17.1
    Общее время		:	15738мс
    Время замедления	:	9579мс
    Время события (UTC)	:	‎2026‎-‎05‎-‎25T07:02:16.907001100Z"
"25.05.2026 12:05:04","100","Критический","Microsoft-Windows-Diagnostics-Performance","Windows запущена: 
     Длительность загрузки		:	158379ms
     IsDegradation		:	true
     Время события (UTC)	:	‎2026‎-‎05‎-‎25T07:02:16.907001100Z"
"25.05.2026 12:05:02","200","Предупреждение","Microsoft-Windows-Diagnostics-Performance","Завершение работы Windows 
    Продолжительность завершения работы	:	16513мс
    IsDegradation		:	false
    Время события (UTC)	:	‎2026‎-‎05‎-‎25T07:01:37.824827400Z"
"24.05.2026 21:19:53","101","Предупреждение","Microsoft-Windows-Diagnostics-Performance","Это приложение загружалось дольше обычного, что привело к замедлению процесса запуска системы: 
    Имя файла		:	NVIDIA Overlay.exe
    Понятное имя		:	NVIDIA App
    Версия		:	128.4.13.14
    Общее время		:	3646мс
    Время замедления	:	1558мс
    Время события (UTC)	:	‎2026‎-‎05‎-‎24T16:17:43.906917400Z"
"24.05.2026 21:19:53","101","Предупреждение","Microsoft-Windows-Diagnostics-Performance","Это приложение загружалось дольше обычного, что привело к замедлению процесса запуска системы: 
    Имя файла		:	explorer.exe
    Понятное имя		:	Проводник
    Версия		:	10.0.19041.4522 (WinBuild.160101.0800)
    Общее время		:	5083мс
    Время замедления	:	2232мс
    Время события (UTC)	:	‎2026‎-‎05‎-‎24T16:17:43.906917400Z"
"24.05.2026 21:19:53","101","Предупреждение","Microsoft-Windows-Diagnostics-Performance","Это приложение загружалось дольше обычного, что привело к замедлению процесса запуска системы: 
    Имя файла		:	svchost.exe
    Понятное имя		:	Хост-процесс для служб Windows
    Версия		:	10.0.19041.4522 (WinBuild.160101.0800)
    Общее время		:	12366мс
    Время замедления	:	2916мс
    Время события (UTC)	:	‎2026‎-‎05‎-‎24T16:17:43.906917400Z"
"24.05.2026 21:19:53","100","Критический","Microsoft-Windows-Diagnostics-Performance","Windows запущена: 
     Длительность загрузки		:	120138ms
     IsDegradation		:	false
     Время события (UTC)	:	‎2026‎-‎05‎-‎24T16:17:43.906917400Z"
"24.05.2026 21:19:50","200","Предупреждение","Microsoft-Windows-Diagnostics-Performance","Завершение работы Windows 
    Продолжительность завершения работы	:	7633мс
    IsDegradation		:	false
    Время события (UTC)	:	‎2026‎-‎05‎-‎24T16:17:16.575172200Z"
"24.05.2026 21:10:06","101","Предупреждение","Microsoft-Windows-Diagnostics-Performance","Это приложение загружалось дольше обычного, что привело к замедлению процесса запуска системы: 
    Имя файла		:	SWVisualize.BoostService.exe
    Понятное имя		:	VizBoostService
    Версия		:	32.5.0.0048
    Общее время		:	1616мс
    Время замедления	:	608мс
    Время события (UTC)	:	‎2026‎-‎05‎-‎24T16:07:38.938102800Z"
"24.05.2026 21:10:06","100","Критический","Microsoft-Windows-Diagnostics-Performance","Windows запущена: 
     Длительность загрузки		:	141408ms
     IsDegradation		:	false
     Время события (UTC)	:	‎2026‎-‎05‎-‎24T16:07:38.938102800Z"
"24.05.2026 21:10:04","203","Предупреждение","Microsoft-Windows-Diagnostics-Performance","Эта служба вызвала замедление процесса завершения работы системы: 
    Имя файла		:	UsoSvc
    Понятное имя		:	Обновление службы сеанса оркестратора
    Версия		:	10.0.19041.4522 (WinBuild.160101.0800)
    Общее время		:	1313мс
    Время замедления	:	1011мс
    Время события (UTC)	:	‎2026‎-‎05‎-‎24T16:06:51.742740500Z"
"24.05.2026 21:10:04","200","Предупреждение","Microsoft-Windows-Diagnostics-Performance","Завершение работы Windows 
    Продолжительность завершения работы	:	20775мс
    IsDegradation		:	true
    Время события (UTC)	:	‎2026‎-‎05‎-‎24T16:06:51.742740500Z"
"24.05.2026 0:38:02","101","Предупреждение","Microsoft-Windows-Diagnostics-Performance","Это приложение загружалось дольше обычного, что привело к замедлению процесса запуска системы: 
    Имя файла		:	codex.exe
    Понятное имя		:	codex-windows-sandbox
    Версия		:	0.133.0-alpha.1
    Общее время		:	9168мс
    Время замедления	:	4168мс
    Время события (UTC)	:	‎2026‎-‎05‎-‎23T19:35:43.125807700Z"
"24.05.2026 0:38:02","101","Предупреждение","Microsoft-Windows-Diagnostics-Performance","Это приложение загружалось дольше обычного, что привело к замедлению процесса запуска системы: 
    Имя файла		:	Code.exe
    Понятное имя		:	Visual Studio Code
    Версия		:	1.115.0
    Общее время		:	23203мс
    Время замедления	:	18203мс
    Время события (UTC)	:	‎2026‎-‎05‎-‎23T19:35:43.125807700Z"
"24.05.2026 0:38:02","100","Критический","Microsoft-Windows-Diagnostics-Performance","Windows запущена: 
     Длительность загрузки		:	122782ms
     IsDegradation		:	false
     Время события (UTC)	:	‎2026‎-‎05‎-‎23T19:35:43.125807700Z"
"24.05.2026 0:37:57","200","Предупреждение","Microsoft-Windows-Diagnostics-Performance","Завершение работы Windows 
    Продолжительность завершения работы	:	17372мс
    IsDegradation		:	false
    Время события (UTC)	:	‎2026‎-‎05‎-‎23T18:19:32.624851700Z"
"16.05.2026 7:25:34","101","Предупреждение","Microsoft-Windows-Diagnostics-Performance","Это приложение загружалось дольше обычного, что привело к замедлению процесса запуска системы: 
    Имя файла		:	Integrator.exe
    Понятное имя		:	Microsoft Office Click-to-Run Integrator
    Версия		:	16.0.19929.20172
    Общее время		:	6104мс
    Время замедления	:	1104мс
    Время события (UTC)	:	‎2026‎-‎05‎-‎16T02:23:15.891322000Z"
