"04.08.2026 11:01:37","811","Сведения","Microsoft-Windows-Winlogon","Подписчик уведомлений winlogon <Profiles> начал обработку события уведомления (3)."
"04.08.2026 11:01:37","812","Сведения","Microsoft-Windows-Winlogon","Подписчик уведомлений winlogon <GPClient> закончил обработку события уведомления (3)."
"04.08.2026 11:01:37","811","Сведения","Microsoft-Windows-Winlogon","Подписчик уведомлений winlogon <GPClient> начал обработку события уведомления (3)."
"04.08.2026 11:01:37","812","Сведения","Microsoft-Windows-Winlogon","Подписчик уведомлений winlogon <TermSrv> закончил обработку события уведомления (3)."
"04.08.2026 11:01:37","811","Сведения","Microsoft-Windows-Winlogon","Подписчик уведомлений winlogon <TermSrv> начал обработку события уведомления (3)."
"04.08.2026 11:01:37","812","Сведения","Microsoft-Windows-Winlogon","Подписчик уведомлений winlogon <Sens> закончил обработку события уведомления (3)."
"04.08.2026 11:01:37","811","Сведения","Microsoft-Windows-Winlogon","Подписчик уведомлений winlogon <Sens> начал обработку события уведомления (3)."
"04.08.2026 11:01:37","812","Сведения","Microsoft-Windows-Winlogon","Подписчик уведомлений winlogon <TermSrv> закончил обработку события уведомления (13)."
"04.08.2026 11:01:37","811","Сведения","Microsoft-Windows-Winlogon","Подписчик уведомлений winlogon <TermSrv> начал обработку события уведомления (13)."
"04.08.2026 11:01:37","812","Сведения","Microsoft-Windows-Winlogon","Подписчик уведомлений winlogon <GPClient> закончил обработку события уведомления (13)."
