"TimeCreated","Id","LevelDisplayName","ProviderName","Message"
"09.09.2026 8:19:59","217","Сведения","Microsoft-Windows-AppModel-Runtime","Удален контейнер Desktop AppX 8de1317b-abf6-11f1-87c6-c0252fb4e988 для пакета Microsoft.WindowsTerminal_1.24.11911.0_x64__8wekyb3d8bbwe."
"09.09.2026 8:19:54","201","Сведения","Microsoft-Windows-AppModel-Runtime","Создан процесс 16028 для приложения OpenAI.Codex_2p2nqsd0c76g0!App в пакете OpenAI.Codex_26.901.6511.0_x64__2p2nqsd0c76g0. [LaunchProcess]"
"09.09.2026 8:19:54","211","Сведения","Microsoft-Windows-AppModel-Runtime","Добавлен процесс 16028 к контейнеру Desktop AppX 8de13177-abf6-11f1-87c6-c0252fb4e988 для пакета OpenAI.Codex_26.901.6511.0_x64__2p2nqsd0c76g0."
"09.09.2026 8:19:51","211","Сведения","Microsoft-Windows-AppModel-Runtime","Добавлен процесс 14072 к контейнеру Desktop AppX 8de1317b-abf6-11f1-87c6-c0252fb4e988 для пакета Microsoft.WindowsTerminal_1.24.11911.0_x64__8wekyb3d8bbwe."
"09.09.2026 8:19:51","210","Сведения","Microsoft-Windows-AppModel-Runtime","Создан контейнер Desktop AppX 8de1317b-abf6-11f1-87c6-c0252fb4e988 для пакета Microsoft.WindowsTerminal_1.24.11911.0_x64__8wekyb3d8bbwe."
"09.09.2026 8:19:51","211","Сведения","Microsoft-Windows-AppModel-Runtime","Добавлен процесс 19868 к контейнеру Desktop AppX 8de13177-abf6-11f1-87c6-c0252fb4e988 для пакета OpenAI.Codex_26.901.6511.0_x64__2p2nqsd0c76g0."
"09.09.2026 8:19:51","210","Сведения","Microsoft-Windows-AppModel-Runtime","Создан контейнер Desktop AppX 8de13177-abf6-11f1-87c6-c0252fb4e988 для пакета OpenAI.Codex_26.901.6511.0_x64__2p2nqsd0c76g0."
"09.09.2026 8:19:37","217","Сведения","Microsoft-Windows-AppModel-Runtime","Удален контейнер Desktop AppX 8de1316e-abf6-11f1-87c6-c0252fb4e988 для пакета OpenAI.Codex_26.901.6511.0_x64__2p2nqsd0c76g0."
"09.09.2026 8:19:37","217","Сведения","Microsoft-Windows-AppModel-Runtime","Удален контейнер Desktop AppX 8de13172-abf6-11f1-87c6-c0252fb4e988 для пакета Microsoft.WindowsTerminal_1.24.11911.0_x64__8wekyb3d8bbwe."
"09.09.2026 8:19:24","211","Сведения","Microsoft-Windows-AppModel-Runtime","Добавлен процесс 2588 к контейнеру Desktop AppX 8de13172-abf6-11f1-87c6-c0252fb4e988 для пакета Microsoft.WindowsTerminal_1.24.11911.0_x64__8wekyb3d8bbwe."
"09.09.2026 8:19:24","210","Сведения","Microsoft-Windows-AppModel-Runtime","Создан контейнер Desktop AppX 8de13172-abf6-11f1-87c6-c0252fb4e988 для пакета Microsoft.WindowsTerminal_1.24.11911.0_x64__8wekyb3d8bbwe."
"09.09.2026 8:19:24","211","Сведения","Microsoft-Windows-AppModel-Runtime","Добавлен процесс 20288 к контейнеру Desktop AppX 8de1316e-abf6-11f1-87c6-c0252fb4e988 для пакета OpenAI.Codex_26.901.6511.0_x64__2p2nqsd0c76g0."
"09.09.2026 8:19:24","210","Сведения","Microsoft-Windows-AppModel-Runtime","Создан контейнер Desktop AppX 8de1316e-abf6-11f1-87c6-c0252fb4e988 для пакета OpenAI.Codex_26.901.6511.0_x64__2p2nqsd0c76g0."
"09.09.2026 8:17:22","217","Сведения","Microsoft-Windows-AppModel-Runtime","Удален контейнер Desktop AppX bf24de5b-aba5-11f1-87c6-c0252fb4e988 для пакета OpenAI.Codex_26.901.6511.0_x64__2p2nqsd0c76g0."
"09.09.2026 8:16:31","217","Сведения","Microsoft-Windows-AppModel-Runtime","Удален контейнер Desktop AppX 8de13139-abf6-11f1-87c6-c0252fb4e988 для пакета Microsoft.WindowsTerminal_1.24.11911.0_x64__8wekyb3d8bbwe."
"09.09.2026 8:16:23","211","Сведения","Microsoft-Windows-AppModel-Runtime","Добавлен процесс 19404 к контейнеру Desktop AppX 8de13139-abf6-11f1-87c6-c0252fb4e988 для пакета Microsoft.WindowsTerminal_1.24.11911.0_x64__8wekyb3d8bbwe."
"09.09.2026 8:16:23","210","Сведения","Microsoft-Windows-AppModel-Runtime","Создан контейнер Desktop AppX 8de13139-abf6-11f1-87c6-c0252fb4e988 для пакета Microsoft.WindowsTerminal_1.24.11911.0_x64__8wekyb3d8bbwe."
"09.09.2026 8:16:23","211","Сведения","Microsoft-Windows-AppModel-Runtime","Добавлен процесс 10396 к контейнеру Desktop AppX bf24de5b-aba5-11f1-87c6-c0252fb4e988 для пакета OpenAI.Codex_26.901.6511.0_x64__2p2nqsd0c76g0."
"09.09.2026 8:14:42","217","Сведения","Microsoft-Windows-AppModel-Runtime","Удален контейнер Desktop AppX 8de1311b-abf6-11f1-87c6-c0252fb4e988 для пакета Microsoft.WindowsTerminal_1.24.11911.0_x64__8wekyb3d8bbwe."
"09.09.2026 8:14:37","211","Сведения","Microsoft-Windows-AppModel-Runtime","Добавлен процесс 7300 к контейнеру Desktop AppX 8de1311b-abf6-11f1-87c6-c0252fb4e988 для пакета Microsoft.WindowsTerminal_1.24.11911.0_x64__8wekyb3d8bbwe."
"09.09.2026 8:14:37","210","Сведения","Microsoft-Windows-AppModel-Runtime","Создан контейнер Desktop AppX 8de1311b-abf6-11f1-87c6-c0252fb4e988 для пакета Microsoft.WindowsTerminal_1.24.11911.0_x64__8wekyb3d8bbwe."
"09.09.2026 8:14:37","211","Сведения","Microsoft-Windows-AppModel-Runtime","Добавлен процесс 3408 к контейнеру Desktop AppX bf24de5b-aba5-11f1-87c6-c0252fb4e988 для пакета OpenAI.Codex_26.901.6511.0_x64__2p2nqsd0c76g0."
"09.09.2026 8:14:36","217","Сведения","Microsoft-Windows-AppModel-Runtime","Удален контейнер Desktop AppX 8de1310f-abf6-11f1-87c6-c0252fb4e988 для пакета Microsoft.WindowsTerminal_1.24.11911.0_x64__8wekyb3d8bbwe."
"09.09.2026 8:14:24","211","Сведения","Microsoft-Windows-AppModel-Runtime","Добавлен процесс 18892 к контейнеру Desktop AppX 8de1310f-abf6-11f1-87c6-c0252fb4e988 для пакета Microsoft.WindowsTerminal_1.24.11911.0_x64__8wekyb3d8bbwe."
"09.09.2026 8:14:24","210","Сведения","Microsoft-Windows-AppModel-Runtime","Создан контейнер Desktop AppX 8de1310f-abf6-11f1-87c6-c0252fb4e988 для пакета Microsoft.WindowsTerminal_1.24.11911.0_x64__8wekyb3d8bbwe."
"09.09.2026 8:14:23","211","Сведения","Microsoft-Windows-AppModel-Runtime","Добавлен процесс 13484 к контейнеру Desktop AppX bf24de5b-aba5-11f1-87c6-c0252fb4e988 для пакета OpenAI.Codex_26.901.6511.0_x64__2p2nqsd0c76g0."
"09.09.2026 8:14:21","217","Сведения","Microsoft-Windows-AppModel-Runtime","Удален контейнер Desktop AppX 8de13108-abf6-11f1-87c6-c0252fb4e988 для пакета Microsoft.WindowsTerminal_1.24.11911.0_x64__8wekyb3d8bbwe."
"09.09.2026 8:14:11","211","Сведения","Microsoft-Windows-AppModel-Runtime","Добавлен процесс 18944 к контейнеру Desktop AppX 8de13108-abf6-11f1-87c6-c0252fb4e988 для пакета Microsoft.WindowsTerminal_1.24.11911.0_x64__8wekyb3d8bbwe."
"09.09.2026 8:14:11","210","Сведения","Microsoft-Windows-AppModel-Runtime","Создан контейнер Desktop AppX 8de13108-abf6-11f1-87c6-c0252fb4e988 для пакета Microsoft.WindowsTerminal_1.24.11911.0_x64__8wekyb3d8bbwe."
"09.09.2026 8:14:11","211","Сведения","Microsoft-Windows-AppModel-Runtime","Добавлен процесс 13592 к контейнеру Desktop AppX bf24de5b-aba5-11f1-87c6-c0252fb4e988 для пакета OpenAI.Codex_26.901.6511.0_x64__2p2nqsd0c76g0."
"09.09.2026 8:10:59","201","Сведения","Microsoft-Windows-AppModel-Runtime","Создан процесс 11260 для приложения Microsoft.Office.ActionsServer_8wekyb3d8bbwe!Microsoft.Office.ActionsServer в пакете Microsoft.Office.ActionsServer_16.0.20326.20132_neutral__8wekyb3d8bbwe. [FinishPackageActivation]"
"09.09.2026 7:30:31","217","Сведения","Microsoft-Windows-AppModel-Runtime","Удален контейнер Desktop AppX bf24f532-aba5-11f1-87c6-c0252fb4e988 для пакета Microsoft.WindowsTerminal_1.24.11911.0_x64__8wekyb3d8bbwe."
"09.09.2026 7:30:22","211","Сведения","Microsoft-Windows-AppModel-Runtime","Добавлен процесс 10676 к контейнеру Desktop AppX bf24f532-aba5-11f1-87c6-c0252fb4e988 для пакета Microsoft.WindowsTerminal_1.24.11911.0_x64__8wekyb3d8bbwe."
"09.09.2026 7:30:22","210","Сведения","Microsoft-Windows-AppModel-Runtime","Создан контейнер Desktop AppX bf24f532-aba5-11f1-87c6-c0252fb4e988 для пакета Microsoft.WindowsTerminal_1.24.11911.0_x64__8wekyb3d8bbwe."
"09.09.2026 7:30:22","211","Сведения","Microsoft-Windows-AppModel-Runtime","Добавлен процесс 9508 к контейнеру Desktop AppX bf24de5b-aba5-11f1-87c6-c0252fb4e988 для пакета OpenAI.Codex_26.901.6511.0_x64__2p2nqsd0c76g0."
"09.09.2026 7:29:37","217","Сведения","Microsoft-Windows-AppModel-Runtime","Удален контейнер Desktop AppX bf24f4df-aba5-11f1-87c6-c0252fb4e988 для пакета Microsoft.WindowsTerminal_1.24.11911.0_x64__8wekyb3d8bbwe."
"09.09.2026 7:29:28","211","Сведения","Microsoft-Windows-AppModel-Runtime","Добавлен процесс 17648 к контейнеру Desktop AppX bf24f4df-aba5-11f1-87c6-c0252fb4e988 для пакета Microsoft.WindowsTerminal_1.24.11911.0_x64__8wekyb3d8bbwe."
"09.09.2026 7:29:28","210","Сведения","Microsoft-Windows-AppModel-Runtime","Создан контейнер Desktop AppX bf24f4df-aba5-11f1-87c6-c0252fb4e988 для пакета Microsoft.WindowsTerminal_1.24.11911.0_x64__8wekyb3d8bbwe."
"09.09.2026 7:29:28","211","Сведения","Microsoft-Windows-AppModel-Runtime","Добавлен процесс 7308 к контейнеру Desktop AppX bf24de5b-aba5-11f1-87c6-c0252fb4e988 для пакета OpenAI.Codex_26.901.6511.0_x64__2p2nqsd0c76g0."
"09.09.2026 7:29:24","217","Сведения","Microsoft-Windows-AppModel-Runtime","Удален контейнер Desktop AppX bf24f4a6-aba5-11f1-87c6-c0252fb4e988 для пакета Microsoft.WindowsTerminal_1.24.11911.0_x64__8wekyb3d8bbwe."
"09.09.2026 7:29:16","211","Сведения","Microsoft-Windows-AppModel-Runtime","Добавлен процесс 17736 к контейнеру Desktop AppX bf24f4a6-aba5-11f1-87c6-c0252fb4e988 для пакета Microsoft.WindowsTerminal_1.24.11911.0_x64__8wekyb3d8bbwe."
"09.09.2026 7:29:16","210","Сведения","Microsoft-Windows-AppModel-Runtime","Создан контейнер Desktop AppX bf24f4a6-aba5-11f1-87c6-c0252fb4e988 для пакета Microsoft.WindowsTerminal_1.24.11911.0_x64__8wekyb3d8bbwe."
"09.09.2026 7:29:16","211","Сведения","Microsoft-Windows-AppModel-Runtime","Добавлен процесс 4852 к контейнеру Desktop AppX bf24de5b-aba5-11f1-87c6-c0252fb4e988 для пакета OpenAI.Codex_26.901.6511.0_x64__2p2nqsd0c76g0."
"09.09.2026 7:24:39","217","Сведения","Microsoft-Windows-AppModel-Runtime","Удален контейнер Desktop AppX bf24f3b9-aba5-11f1-87c6-c0252fb4e988 для пакета Microsoft.WindowsTerminal_1.24.11911.0_x64__8wekyb3d8bbwe."
"09.09.2026 7:24:32","211","Сведения","Microsoft-Windows-AppModel-Runtime","Добавлен процесс 19688 к контейнеру Desktop AppX bf24f3b9-aba5-11f1-87c6-c0252fb4e988 для пакета Microsoft.WindowsTerminal_1.24.11911.0_x64__8wekyb3d8bbwe."
"09.09.2026 7:24:32","210","Сведения","Microsoft-Windows-AppModel-Runtime","Создан контейнер Desktop AppX bf24f3b9-aba5-11f1-87c6-c0252fb4e988 для пакета Microsoft.WindowsTerminal_1.24.11911.0_x64__8wekyb3d8bbwe."
"09.09.2026 7:24:32","211","Сведения","Microsoft-Windows-AppModel-Runtime","Добавлен процесс 20256 к контейнеру Desktop AppX bf24de5b-aba5-11f1-87c6-c0252fb4e988 для пакета OpenAI.Codex_26.901.6511.0_x64__2p2nqsd0c76g0."
"09.09.2026 7:23:45","217","Сведения","Microsoft-Windows-AppModel-Runtime","Удален контейнер Desktop AppX bf24f39f-aba5-11f1-87c6-c0252fb4e988 для пакета Microsoft.WindowsTerminal_1.24.11911.0_x64__8wekyb3d8bbwe."
"09.09.2026 7:23:40","211","Сведения","Microsoft-Windows-AppModel-Runtime","Добавлен процесс 19088 к контейнеру Desktop AppX bf24f39f-aba5-11f1-87c6-c0252fb4e988 для пакета Microsoft.WindowsTerminal_1.24.11911.0_x64__8wekyb3d8bbwe."
"09.09.2026 7:23:40","210","Сведения","Microsoft-Windows-AppModel-Runtime","Создан контейнер Desktop AppX bf24f39f-aba5-11f1-87c6-c0252fb4e988 для пакета Microsoft.WindowsTerminal_1.24.11911.0_x64__8wekyb3d8bbwe."
"09.09.2026 7:23:40","211","Сведения","Microsoft-Windows-AppModel-Runtime","Добавлен процесс 16564 к контейнеру Desktop AppX bf24de5b-aba5-11f1-87c6-c0252fb4e988 для пакета OpenAI.Codex_26.901.6511.0_x64__2p2nqsd0c76g0."
"09.09.2026 3:43:23","201","Сведения","Microsoft-Windows-AppModel-Runtime","Создан процесс 11168 для приложения Microsoft.OfficePushNotificationUtility_8wekyb3d8bbwe!OPushUtil в пакете Microsoft.OfficePushNotificationUtility_16.0.20326.20132_neutral__8wekyb3d8bbwe. [FinishPackageActivation]"
"09.09.2026 2:37:20","217","Сведения","Microsoft-Windows-AppModel-Runtime","Удален контейнер Desktop AppX bf24de5f-aba5-11f1-87c6-c0252fb4e988 для пакета Microsoft.WindowsTerminal_1.24.11911.0_x64__8wekyb3d8bbwe."
"09.09.2026 2:37:15","201","Сведения","Microsoft-Windows-AppModel-Runtime","Создан процесс 12472 для приложения OpenAI.Codex_2p2nqsd0c76g0!App в пакете OpenAI.Codex_26.901.6511.0_x64__2p2nqsd0c76g0. [LaunchProcess]"
"09.09.2026 2:37:15","211","Сведения","Microsoft-Windows-AppModel-Runtime","Добавлен процесс 12472 к контейнеру Desktop AppX bf24de5b-aba5-11f1-87c6-c0252fb4e988 для пакета OpenAI.Codex_26.901.6511.0_x64__2p2nqsd0c76g0."
"09.09.2026 2:37:00","211","Сведения","Microsoft-Windows-AppModel-Runtime","Добавлен процесс 10728 к контейнеру Desktop AppX bf24de5f-aba5-11f1-87c6-c0252fb4e988 для пакета Microsoft.WindowsTerminal_1.24.11911.0_x64__8wekyb3d8bbwe."
"09.09.2026 2:37:00","210","Сведения","Microsoft-Windows-AppModel-Runtime","Создан контейнер Desktop AppX bf24de5f-aba5-11f1-87c6-c0252fb4e988 для пакета Microsoft.WindowsTerminal_1.24.11911.0_x64__8wekyb3d8bbwe."
"09.09.2026 2:37:00","211","Сведения","Microsoft-Windows-AppModel-Runtime","Добавлен процесс 13760 к контейнеру Desktop AppX bf24de5b-aba5-11f1-87c6-c0252fb4e988 для пакета OpenAI.Codex_26.901.6511.0_x64__2p2nqsd0c76g0."
"09.09.2026 2:37:00","210","Сведения","Microsoft-Windows-AppModel-Runtime","Создан контейнер Desktop AppX bf24de5b-aba5-11f1-87c6-c0252fb4e988 для пакета OpenAI.Codex_26.901.6511.0_x64__2p2nqsd0c76g0."
"09.09.2026 2:36:52","217","Сведения","Microsoft-Windows-AppModel-Runtime","Удален контейнер Desktop AppX bf24de4c-aba5-11f1-87c6-c0252fb4e988 для пакета Microsoft.WindowsTerminal_1.24.11911.0_x64__8wekyb3d8bbwe."
"09.09.2026 2:36:27","217","Сведения","Microsoft-Windows-AppModel-Runtime","Удален контейнер Desktop AppX bf24de48-aba5-11f1-87c6-c0252fb4e988 для пакета OpenAI.Codex_26.901.6511.0_x64__2p2nqsd0c76g0."
"09.09.2026 2:36:17","211","Сведения","Microsoft-Windows-AppModel-Runtime","Добавлен процесс 14200 к контейнеру Desktop AppX bf24de4c-aba5-11f1-87c6-c0252fb4e988 для пакета Microsoft.WindowsTerminal_1.24.11911.0_x64__8wekyb3d8bbwe."
"09.09.2026 2:36:17","210","Сведения","Microsoft-Windows-AppModel-Runtime","Создан контейнер Desktop AppX bf24de4c-aba5-11f1-87c6-c0252fb4e988 для пакета Microsoft.WindowsTerminal_1.24.11911.0_x64__8wekyb3d8bbwe."
"09.09.2026 2:36:17","211","Сведения","Microsoft-Windows-AppModel-Runtime","Добавлен процесс 8316 к контейнеру Desktop AppX bf24de48-aba5-11f1-87c6-c0252fb4e988 для пакета OpenAI.Codex_26.901.6511.0_x64__2p2nqsd0c76g0."
"09.09.2026 2:36:17","210","Сведения","Microsoft-Windows-AppModel-Runtime","Создан контейнер Desktop AppX bf24de48-aba5-11f1-87c6-c0252fb4e988 для пакета OpenAI.Codex_26.901.6511.0_x64__2p2nqsd0c76g0."
"09.09.2026 2:36:03","217","Сведения","Microsoft-Windows-AppModel-Runtime","Удален контейнер Desktop AppX bf24da7d-aba5-11f1-87c6-c0252fb4e988 для пакета OpenAI.Codex_26.901.6511.0_x64__2p2nqsd0c76g0."
"09.09.2026 2:33:03","217","Сведения","Microsoft-Windows-AppModel-Runtime","Удален контейнер Desktop AppX bf24dd88-aba5-11f1-87c6-c0252fb4e988 для пакета Microsoft.DesktopAppInstaller_1.29.290.0_x64__8wekyb3d8bbwe."
"09.09.2026 2:33:03","217","Сведения","Microsoft-Windows-AppModel-Runtime","Удален контейнер Desktop AppX bf24dd9a-aba5-11f1-87c6-c0252fb4e988 для пакета Microsoft.WindowsTerminal_1.24.11911.0_x64__8wekyb3d8bbwe."
"09.09.2026 2:32:58","211","Сведения","Microsoft-Windows-AppModel-Runtime","Добавлен процесс 17152 к контейнеру Desktop AppX bf24dd9a-aba5-11f1-87c6-c0252fb4e988 для пакета Microsoft.WindowsTerminal_1.24.11911.0_x64__8wekyb3d8bbwe."
"09.09.2026 2:32:58","210","Сведения","Microsoft-Windows-AppModel-Runtime","Создан контейнер Desktop AppX bf24dd9a-aba5-11f1-87c6-c0252fb4e988 для пакета Microsoft.WindowsTerminal_1.24.11911.0_x64__8wekyb3d8bbwe."
"09.09.2026 2:32:57","211","Сведения","Microsoft-Windows-AppModel-Runtime","Добавлен процесс 10580 к контейнеру Desktop AppX bf24da7d-aba5-11f1-87c6-c0252fb4e988 для пакета OpenAI.Codex_26.901.6511.0_x64__2p2nqsd0c76g0."
"09.09.2026 2:32:57","70","Сведения","Microsoft-Windows-AppModel-Runtime","Состояние среды выполнения AppModel для пакета Microsoft.Winget.Source_2026.908.2120.24_neutral__8wekyb3d8bbwe для пользователя S-1-5-21-239302790-3235067425-44167425-1001 успешно обновлено до 0x0 (предыдущее состояние = 0x20)."
"09.09.2026 2:32:57","42","Сведения","Microsoft-Windows-AppModel-Runtime","AppContainer Microsoft.Winget.Source_8wekyb3d8bbwe успешно обновлен."
"09.09.2026 2:32:57","69","Сведения","Microsoft-Windows-AppModel-Runtime","Произошла ошибка 0x490 при изменении состояния среды выполнения AppModel для пакета Microsoft.Winget.Source_2026.908.2120.24_neutral__8wekyb3d8bbwe для пользователя S-1-5-21-239302790-3235067425-44167425-1001 (текущее состояние = 0x0, необходимое состояние = 0x20)."
"09.09.2026 2:32:57","70","Сведения","Microsoft-Windows-AppModel-Runtime","Состояние среды выполнения AppModel для пакета Microsoft.Winget.Source_2026.615.1608.21_neutral__8wekyb3d8bbwe для пользователя S-1-5-21-239302790-3235067425-44167425-1001 успешно обновлено до 0x20 (предыдущее состояние = 0x0)."
"09.09.2026 2:31:39","201","Сведения","Microsoft-Windows-AppModel-Runtime","Создан процесс 6544 для приложения Microsoft.DesktopAppInstaller_8wekyb3d8bbwe!winget в пакете Microsoft.DesktopAppInstaller_1.29.290.0_x64__8wekyb3d8bbwe. [FinishPackageActivation]"
"09.09.2026 2:31:39","211","Сведения","Microsoft-Windows-AppModel-Runtime","Добавлен процесс 6544 к контейнеру Desktop AppX bf24dd88-aba5-11f1-87c6-c0252fb4e988 для пакета Microsoft.DesktopAppInstaller_1.29.290.0_x64__8wekyb3d8bbwe."
"09.09.2026 2:31:39","210","Сведения","Microsoft-Windows-AppModel-Runtime","Создан контейнер Desktop AppX bf24dd88-aba5-11f1-87c6-c0252fb4e988 для пакета Microsoft.DesktopAppInstaller_1.29.290.0_x64__8wekyb3d8bbwe."
"09.09.2026 2:27:15","217","Сведения","Microsoft-Windows-AppModel-Runtime","Удален контейнер Desktop AppX bf24da81-aba5-11f1-87c6-c0252fb4e988 для пакета Microsoft.WindowsTerminal_1.24.11911.0_x64__8wekyb3d8bbwe."
"09.09.2026 2:27:10","201","Сведения","Microsoft-Windows-AppModel-Runtime","Создан процесс 15076 для приложения OpenAI.Codex_2p2nqsd0c76g0!App в пакете OpenAI.Codex_26.901.6511.0_x64__2p2nqsd0c76g0. [LaunchProcess]"
"09.09.2026 2:27:10","211","Сведения","Microsoft-Windows-AppModel-Runtime","Добавлен процесс 15076 к контейнеру Desktop AppX bf24da7d-aba5-11f1-87c6-c0252fb4e988 для пакета OpenAI.Codex_26.901.6511.0_x64__2p2nqsd0c76g0."
"09.09.2026 2:27:00","211","Сведения","Microsoft-Windows-AppModel-Runtime","Добавлен процесс 17236 к контейнеру Desktop AppX bf24da81-aba5-11f1-87c6-c0252fb4e988 для пакета Microsoft.WindowsTerminal_1.24.11911.0_x64__8wekyb3d8bbwe."
"09.09.2026 2:27:00","210","Сведения","Microsoft-Windows-AppModel-Runtime","Создан контейнер Desktop AppX bf24da81-aba5-11f1-87c6-c0252fb4e988 для пакета Microsoft.WindowsTerminal_1.24.11911.0_x64__8wekyb3d8bbwe."
"09.09.2026 2:27:00","211","Сведения","Microsoft-Windows-AppModel-Runtime","Добавлен процесс 15312 к контейнеру Desktop AppX bf24da7d-aba5-11f1-87c6-c0252fb4e988 для пакета OpenAI.Codex_26.901.6511.0_x64__2p2nqsd0c76g0."
"09.09.2026 2:27:00","210","Сведения","Microsoft-Windows-AppModel-Runtime","Создан контейнер Desktop AppX bf24da7d-aba5-11f1-87c6-c0252fb4e988 для пакета OpenAI.Codex_26.901.6511.0_x64__2p2nqsd0c76g0."
"09.09.2026 2:25:59","217","Сведения","Microsoft-Windows-AppModel-Runtime","Удален контейнер Desktop AppX bf24da72-aba5-11f1-87c6-c0252fb4e988 для пакета OpenAI.Codex_26.901.6511.0_x64__2p2nqsd0c76g0."
"09.09.2026 2:25:59","217","Сведения","Microsoft-Windows-AppModel-Runtime","Удален контейнер Desktop AppX bf24da76-aba5-11f1-87c6-c0252fb4e988 для пакета Microsoft.WindowsTerminal_1.24.11911.0_x64__8wekyb3d8bbwe."
"09.09.2026 2:25:54","211","Сведения","Microsoft-Windows-AppModel-Runtime","Добавлен процесс 17020 к контейнеру Desktop AppX bf24da76-aba5-11f1-87c6-c0252fb4e988 для пакета Microsoft.WindowsTerminal_1.24.11911.0_x64__8wekyb3d8bbwe."
"09.09.2026 2:25:54","210","Сведения","Microsoft-Windows-AppModel-Runtime","Создан контейнер Desktop AppX bf24da76-aba5-11f1-87c6-c0252fb4e988 для пакета Microsoft.WindowsTerminal_1.24.11911.0_x64__8wekyb3d8bbwe."
"09.09.2026 2:25:54","211","Сведения","Microsoft-Windows-AppModel-Runtime","Добавлен процесс 15124 к контейнеру Desktop AppX bf24da72-aba5-11f1-87c6-c0252fb4e988 для пакета OpenAI.Codex_26.901.6511.0_x64__2p2nqsd0c76g0."
"09.09.2026 2:25:54","210","Сведения","Microsoft-Windows-AppModel-Runtime","Создан контейнер Desktop AppX bf24da72-aba5-11f1-87c6-c0252fb4e988 для пакета OpenAI.Codex_26.901.6511.0_x64__2p2nqsd0c76g0."
"09.09.2026 2:25:50","217","Сведения","Microsoft-Windows-AppModel-Runtime","Удален контейнер Desktop AppX bf24da6e-aba5-11f1-87c6-c0252fb4e988 для пакета Microsoft.WindowsTerminal_1.24.11911.0_x64__8wekyb3d8bbwe."
"09.09.2026 2:25:50","217","Сведения","Microsoft-Windows-AppModel-Runtime","Удален контейнер Desktop AppX bf24da6a-aba5-11f1-87c6-c0252fb4e988 для пакета OpenAI.Codex_26.901.6511.0_x64__2p2nqsd0c76g0."
"09.09.2026 2:25:45","211","Сведения","Microsoft-Windows-AppModel-Runtime","Добавлен процесс 8316 к контейнеру Desktop AppX bf24da6e-aba5-11f1-87c6-c0252fb4e988 для пакета Microsoft.WindowsTerminal_1.24.11911.0_x64__8wekyb3d8bbwe."
"09.09.2026 2:25:45","210","Сведения","Microsoft-Windows-AppModel-Runtime","Создан контейнер Desktop AppX bf24da6e-aba5-11f1-87c6-c0252fb4e988 для пакета Microsoft.WindowsTerminal_1.24.11911.0_x64__8wekyb3d8bbwe."
"09.09.2026 2:25:45","211","Сведения","Microsoft-Windows-AppModel-Runtime","Добавлен процесс 16628 к контейнеру Desktop AppX bf24da6a-aba5-11f1-87c6-c0252fb4e988 для пакета OpenAI.Codex_26.901.6511.0_x64__2p2nqsd0c76g0."
"09.09.2026 2:25:45","210","Сведения","Microsoft-Windows-AppModel-Runtime","Создан контейнер Desktop AppX bf24da6a-aba5-11f1-87c6-c0252fb4e988 для пакета OpenAI.Codex_26.901.6511.0_x64__2p2nqsd0c76g0."
"09.09.2026 2:25:39","217","Сведения","Microsoft-Windows-AppModel-Runtime","Удален контейнер Desktop AppX bf24da62-aba5-11f1-87c6-c0252fb4e988 для пакета OpenAI.Codex_26.901.6511.0_x64__2p2nqsd0c76g0."
"09.09.2026 2:25:39","217","Сведения","Microsoft-Windows-AppModel-Runtime","Удален контейнер Desktop AppX bf24da66-aba5-11f1-87c6-c0252fb4e988 для пакета Microsoft.WindowsTerminal_1.24.11911.0_x64__8wekyb3d8bbwe."
"09.09.2026 2:25:34","211","Сведения","Microsoft-Windows-AppModel-Runtime","Добавлен процесс 4228 к контейнеру Desktop AppX bf24da66-aba5-11f1-87c6-c0252fb4e988 для пакета Microsoft.WindowsTerminal_1.24.11911.0_x64__8wekyb3d8bbwe."
"09.09.2026 2:25:34","210","Сведения","Microsoft-Windows-AppModel-Runtime","Создан контейнер Desktop AppX bf24da66-aba5-11f1-87c6-c0252fb4e988 для пакета Microsoft.WindowsTerminal_1.24.11911.0_x64__8wekyb3d8bbwe."
"09.09.2026 2:25:34","211","Сведения","Microsoft-Windows-AppModel-Runtime","Добавлен процесс 14556 к контейнеру Desktop AppX bf24da62-aba5-11f1-87c6-c0252fb4e988 для пакета OpenAI.Codex_26.901.6511.0_x64__2p2nqsd0c76g0."
"09.09.2026 2:25:34","210","Сведения","Microsoft-Windows-AppModel-Runtime","Создан контейнер Desktop AppX bf24da62-aba5-11f1-87c6-c0252fb4e988 для пакета OpenAI.Codex_26.901.6511.0_x64__2p2nqsd0c76g0."
"09.09.2026 2:24:49","217","Сведения","Microsoft-Windows-AppModel-Runtime","Удален контейнер Desktop AppX bf24da4c-aba5-11f1-87c6-c0252fb4e988 для пакета OpenAI.Codex_26.901.6511.0_x64__2p2nqsd0c76g0."
"09.09.2026 2:24:49","217","Сведения","Microsoft-Windows-AppModel-Runtime","Удален контейнер Desktop AppX bf24da50-aba5-11f1-87c6-c0252fb4e988 для пакета Microsoft.WindowsTerminal_1.24.11911.0_x64__8wekyb3d8bbwe."
"09.09.2026 2:24:44","211","Сведения","Microsoft-Windows-AppModel-Runtime","Добавлен процесс 6016 к контейнеру Desktop AppX bf24da50-aba5-11f1-87c6-c0252fb4e988 для пакета Microsoft.WindowsTerminal_1.24.11911.0_x64__8wekyb3d8bbwe."
"09.09.2026 2:24:44","210","Сведения","Microsoft-Windows-AppModel-Runtime","Создан контейнер Desktop AppX bf24da50-aba5-11f1-87c6-c0252fb4e988 для пакета Microsoft.WindowsTerminal_1.24.11911.0_x64__8wekyb3d8bbwe."
"09.09.2026 2:24:44","211","Сведения","Microsoft-Windows-AppModel-Runtime","Добавлен процесс 13580 к контейнеру Desktop AppX bf24da4c-aba5-11f1-87c6-c0252fb4e988 для пакета OpenAI.Codex_26.901.6511.0_x64__2p2nqsd0c76g0."
"09.09.2026 2:24:44","210","Сведения","Microsoft-Windows-AppModel-Runtime","Создан контейнер Desktop AppX bf24da4c-aba5-11f1-87c6-c0252fb4e988 для пакета OpenAI.Codex_26.901.6511.0_x64__2p2nqsd0c76g0."
"09.09.2026 2:24:34","217","Сведения","Microsoft-Windows-AppModel-Runtime","Удален контейнер Desktop AppX bf24da43-aba5-11f1-87c6-c0252fb4e988 для пакета OpenAI.Codex_26.901.6511.0_x64__2p2nqsd0c76g0."
"09.09.2026 2:24:34","217","Сведения","Microsoft-Windows-AppModel-Runtime","Удален контейнер Desktop AppX bf24da47-aba5-11f1-87c6-c0252fb4e988 для пакета Microsoft.WindowsTerminal_1.24.11911.0_x64__8wekyb3d8bbwe."
"09.09.2026 2:24:27","211","Сведения","Microsoft-Windows-AppModel-Runtime","Добавлен процесс 16944 к контейнеру Desktop AppX bf24da47-aba5-11f1-87c6-c0252fb4e988 для пакета Microsoft.WindowsTerminal_1.24.11911.0_x64__8wekyb3d8bbwe."
"09.09.2026 2:24:27","210","Сведения","Microsoft-Windows-AppModel-Runtime","Создан контейнер Desktop AppX bf24da47-aba5-11f1-87c6-c0252fb4e988 для пакета Microsoft.WindowsTerminal_1.24.11911.0_x64__8wekyb3d8bbwe."
"09.09.2026 2:24:27","211","Сведения","Microsoft-Windows-AppModel-Runtime","Добавлен процесс 13984 к контейнеру Desktop AppX bf24da43-aba5-11f1-87c6-c0252fb4e988 для пакета OpenAI.Codex_26.901.6511.0_x64__2p2nqsd0c76g0."
"09.09.2026 2:24:27","210","Сведения","Microsoft-Windows-AppModel-Runtime","Создан контейнер Desktop AppX bf24da43-aba5-11f1-87c6-c0252fb4e988 для пакета OpenAI.Codex_26.901.6511.0_x64__2p2nqsd0c76g0."
"09.09.2026 2:24:27","217","Сведения","Microsoft-Windows-AppModel-Runtime","Удален контейнер Desktop AppX bf24da3e-aba5-11f1-87c6-c0252fb4e988 для пакета Microsoft.WindowsTerminal_1.24.11911.0_x64__8wekyb3d8bbwe."
"09.09.2026 2:24:27","217","Сведения","Microsoft-Windows-AppModel-Runtime","Удален контейнер Desktop AppX bf24da3a-aba5-11f1-87c6-c0252fb4e988 для пакета OpenAI.Codex_26.901.6511.0_x64__2p2nqsd0c76g0."
"09.09.2026 2:24:18","211","Сведения","Microsoft-Windows-AppModel-Runtime","Добавлен процесс 14496 к контейнеру Desktop AppX bf24da3e-aba5-11f1-87c6-c0252fb4e988 для пакета Microsoft.WindowsTerminal_1.24.11911.0_x64__8wekyb3d8bbwe."
"09.09.2026 2:24:18","210","Сведения","Microsoft-Windows-AppModel-Runtime","Создан контейнер Desktop AppX bf24da3e-aba5-11f1-87c6-c0252fb4e988 для пакета Microsoft.WindowsTerminal_1.24.11911.0_x64__8wekyb3d8bbwe."
"09.09.2026 2:24:17","211","Сведения","Microsoft-Windows-AppModel-Runtime","Добавлен процесс 6100 к контейнеру Desktop AppX bf24da3a-aba5-11f1-87c6-c0252fb4e988 для пакета OpenAI.Codex_26.901.6511.0_x64__2p2nqsd0c76g0."
"09.09.2026 2:24:17","210","Сведения","Microsoft-Windows-AppModel-Runtime","Создан контейнер Desktop AppX bf24da3a-aba5-11f1-87c6-c0252fb4e988 для пакета OpenAI.Codex_26.901.6511.0_x64__2p2nqsd0c76g0."
"09.09.2026 2:23:50","217","Сведения","Microsoft-Windows-AppModel-Runtime","Удален контейнер Desktop AppX bf24da31-aba5-11f1-87c6-c0252fb4e988 для пакета OpenAI.Codex_26.901.6511.0_x64__2p2nqsd0c76g0."
"09.09.2026 2:23:50","217","Сведения","Microsoft-Windows-AppModel-Runtime","Удален контейнер Desktop AppX bf24da35-aba5-11f1-87c6-c0252fb4e988 для пакета Microsoft.WindowsTerminal_1.24.11911.0_x64__8wekyb3d8bbwe."
"09.09.2026 2:23:45","211","Сведения","Microsoft-Windows-AppModel-Runtime","Добавлен процесс 14344 к контейнеру Desktop AppX bf24da35-aba5-11f1-87c6-c0252fb4e988 для пакета Microsoft.WindowsTerminal_1.24.11911.0_x64__8wekyb3d8bbwe."
"09.09.2026 2:23:45","210","Сведения","Microsoft-Windows-AppModel-Runtime","Создан контейнер Desktop AppX bf24da35-aba5-11f1-87c6-c0252fb4e988 для пакета Microsoft.WindowsTerminal_1.24.11911.0_x64__8wekyb3d8bbwe."
"09.09.2026 2:23:45","211","Сведения","Microsoft-Windows-AppModel-Runtime","Добавлен процесс 15604 к контейнеру Desktop AppX bf24da31-aba5-11f1-87c6-c0252fb4e988 для пакета OpenAI.Codex_26.901.6511.0_x64__2p2nqsd0c76g0."
"09.09.2026 2:23:45","210","Сведения","Microsoft-Windows-AppModel-Runtime","Создан контейнер Desktop AppX bf24da31-aba5-11f1-87c6-c0252fb4e988 для пакета OpenAI.Codex_26.901.6511.0_x64__2p2nqsd0c76g0."
"09.09.2026 2:23:42","217","Сведения","Microsoft-Windows-AppModel-Runtime","Удален контейнер Desktop AppX bf24da27-aba5-11f1-87c6-c0252fb4e988 для пакета OpenAI.Codex_26.901.6511.0_x64__2p2nqsd0c76g0."
"09.09.2026 2:23:42","217","Сведения","Microsoft-Windows-AppModel-Runtime","Удален контейнер Desktop AppX bf24da2b-aba5-11f1-87c6-c0252fb4e988 для пакета Microsoft.WindowsTerminal_1.24.11911.0_x64__8wekyb3d8bbwe."
"09.09.2026 2:23:37","211","Сведения","Microsoft-Windows-AppModel-Runtime","Добавлен процесс 14644 к контейнеру Desktop AppX bf24da2b-aba5-11f1-87c6-c0252fb4e988 для пакета Microsoft.WindowsTerminal_1.24.11911.0_x64__8wekyb3d8bbwe."
"09.09.2026 2:23:37","210","Сведения","Microsoft-Windows-AppModel-Runtime","Создан контейнер Desktop AppX bf24da2b-aba5-11f1-87c6-c0252fb4e988 для пакета Microsoft.WindowsTerminal_1.24.11911.0_x64__8wekyb3d8bbwe."
"09.09.2026 2:23:37","211","Сведения","Microsoft-Windows-AppModel-Runtime","Добавлен процесс 15108 к контейнеру Desktop AppX bf24da27-aba5-11f1-87c6-c0252fb4e988 для пакета OpenAI.Codex_26.901.6511.0_x64__2p2nqsd0c76g0."
"09.09.2026 2:23:37","210","Сведения","Microsoft-Windows-AppModel-Runtime","Создан контейнер Desktop AppX bf24da27-aba5-11f1-87c6-c0252fb4e988 для пакета OpenAI.Codex_26.901.6511.0_x64__2p2nqsd0c76g0."
"09.09.2026 2:23:32","217","Сведения","Microsoft-Windows-AppModel-Runtime","Удален контейнер Desktop AppX bf24da1d-aba5-11f1-87c6-c0252fb4e988 для пакета OpenAI.Codex_26.901.6511.0_x64__2p2nqsd0c76g0."
"09.09.2026 2:23:32","217","Сведения","Microsoft-Windows-AppModel-Runtime","Удален контейнер Desktop AppX bf24da21-aba5-11f1-87c6-c0252fb4e988 для пакета Microsoft.WindowsTerminal_1.24.11911.0_x64__8wekyb3d8bbwe."
"09.09.2026 2:23:25","211","Сведения","Microsoft-Windows-AppModel-Runtime","Добавлен процесс 1676 к контейнеру Desktop AppX bf24da21-aba5-11f1-87c6-c0252fb4e988 для пакета Microsoft.WindowsTerminal_1.24.11911.0_x64__8wekyb3d8bbwe."
"09.09.2026 2:23:25","210","Сведения","Microsoft-Windows-AppModel-Runtime","Создан контейнер Desktop AppX bf24da21-aba5-11f1-87c6-c0252fb4e988 для пакета Microsoft.WindowsTerminal_1.24.11911.0_x64__8wekyb3d8bbwe."
"09.09.2026 2:23:25","211","Сведения","Microsoft-Windows-AppModel-Runtime","Добавлен процесс 15704 к контейнеру Desktop AppX bf24da1d-aba5-11f1-87c6-c0252fb4e988 для пакета OpenAI.Codex_26.901.6511.0_x64__2p2nqsd0c76g0."
"09.09.2026 2:23:25","210","Сведения","Microsoft-Windows-AppModel-Runtime","Создан контейнер Desktop AppX bf24da1d-aba5-11f1-87c6-c0252fb4e988 для пакета OpenAI.Codex_26.901.6511.0_x64__2p2nqsd0c76g0."
"09.09.2026 2:22:23","217","Сведения","Microsoft-Windows-AppModel-Runtime","Удален контейнер Desktop AppX bf24d580-aba5-11f1-87c6-c0252fb4e988 для пакета OpenAI.Codex_26.901.6511.0_x64__2p2nqsd0c76g0."
"09.09.2026 2:01:57","217","Сведения","Microsoft-Windows-AppModel-Runtime","Удален контейнер Desktop AppX bf24d584-aba5-11f1-87c6-c0252fb4e988 для пакета Microsoft.WindowsTerminal_1.24.11911.0_x64__8wekyb3d8bbwe."
"09.09.2026 2:01:52","201","Сведения","Microsoft-Windows-AppModel-Runtime","Создан процесс 9868 для приложения OpenAI.Codex_2p2nqsd0c76g0!App в пакете OpenAI.Codex_26.901.6511.0_x64__2p2nqsd0c76g0. [LaunchProcess]"
"09.09.2026 2:01:52","211","Сведения","Microsoft-Windows-AppModel-Runtime","Добавлен процесс 9868 к контейнеру Desktop AppX bf24d580-aba5-11f1-87c6-c0252fb4e988 для пакета OpenAI.Codex_26.901.6511.0_x64__2p2nqsd0c76g0."
"09.09.2026 2:01:45","211","Сведения","Microsoft-Windows-AppModel-Runtime","Добавлен процесс 6972 к контейнеру Desktop AppX bf24d584-aba5-11f1-87c6-c0252fb4e988 для пакета Microsoft.WindowsTerminal_1.24.11911.0_x64__8wekyb3d8bbwe."
"09.09.2026 2:01:45","210","Сведения","Microsoft-Windows-AppModel-Runtime","Создан контейнер Desktop AppX bf24d584-aba5-11f1-87c6-c0252fb4e988 для пакета Microsoft.WindowsTerminal_1.24.11911.0_x64__8wekyb3d8bbwe."
"09.09.2026 2:01:44","211","Сведения","Microsoft-Windows-AppModel-Runtime","Добавлен процесс 2008 к контейнеру Desktop AppX bf24d580-aba5-11f1-87c6-c0252fb4e988 для пакета OpenAI.Codex_26.901.6511.0_x64__2p2nqsd0c76g0."
"09.09.2026 2:01:44","210","Сведения","Microsoft-Windows-AppModel-Runtime","Создан контейнер Desktop AppX bf24d580-aba5-11f1-87c6-c0252fb4e988 для пакета OpenAI.Codex_26.901.6511.0_x64__2p2nqsd0c76g0."
"09.09.2026 1:59:57","217","Сведения","Microsoft-Windows-AppModel-Runtime","Удален контейнер Desktop AppX bf24d559-aba5-11f1-87c6-c0252fb4e988 для пакета OpenAI.Codex_26.901.6511.0_x64__2p2nqsd0c76g0."
"09.09.2026 1:59:57","217","Сведения","Microsoft-Windows-AppModel-Runtime","Удален контейнер Desktop AppX bf24d55d-aba5-11f1-87c6-c0252fb4e988 для пакета Microsoft.WindowsTerminal_1.24.11911.0_x64__8wekyb3d8bbwe."
"09.09.2026 1:59:52","211","Сведения","Microsoft-Windows-AppModel-Runtime","Добавлен процесс 2588 к контейнеру Desktop AppX bf24d55d-aba5-11f1-87c6-c0252fb4e988 для пакета Microsoft.WindowsTerminal_1.24.11911.0_x64__8wekyb3d8bbwe."
"09.09.2026 1:59:52","210","Сведения","Microsoft-Windows-AppModel-Runtime","Создан контейнер Desktop AppX bf24d55d-aba5-11f1-87c6-c0252fb4e988 для пакета Microsoft.WindowsTerminal_1.24.11911.0_x64__8wekyb3d8bbwe."
"09.09.2026 1:59:52","211","Сведения","Microsoft-Windows-AppModel-Runtime","Добавлен процесс 9316 к контейнеру Desktop AppX bf24d559-aba5-11f1-87c6-c0252fb4e988 для пакета OpenAI.Codex_26.901.6511.0_x64__2p2nqsd0c76g0."
"09.09.2026 1:59:52","210","Сведения","Microsoft-Windows-AppModel-Runtime","Создан контейнер Desktop AppX bf24d559-aba5-11f1-87c6-c0252fb4e988 для пакета OpenAI.Codex_26.901.6511.0_x64__2p2nqsd0c76g0."
"09.09.2026 1:59:47","217","Сведения","Microsoft-Windows-AppModel-Runtime","Удален контейнер Desktop AppX bf24d54b-aba5-11f1-87c6-c0252fb4e988 для пакета OpenAI.Codex_26.901.6511.0_x64__2p2nqsd0c76g0."
"09.09.2026 1:59:47","217","Сведения","Microsoft-Windows-AppModel-Runtime","Удален контейнер Desktop AppX bf24d54f-aba5-11f1-87c6-c0252fb4e988 для пакета Microsoft.WindowsTerminal_1.24.11911.0_x64__8wekyb3d8bbwe."
"09.09.2026 1:59:36","211","Сведения","Microsoft-Windows-AppModel-Runtime","Добавлен процесс 11028 к контейнеру Desktop AppX bf24d54f-aba5-11f1-87c6-c0252fb4e988 для пакета Microsoft.WindowsTerminal_1.24.11911.0_x64__8wekyb3d8bbwe."
"09.09.2026 1:59:36","210","Сведения","Microsoft-Windows-AppModel-Runtime","Создан контейнер Desktop AppX bf24d54f-aba5-11f1-87c6-c0252fb4e988 для пакета Microsoft.WindowsTerminal_1.24.11911.0_x64__8wekyb3d8bbwe."
"09.09.2026 1:59:36","211","Сведения","Microsoft-Windows-AppModel-Runtime","Добавлен процесс 6020 к контейнеру Desktop AppX bf24d54b-aba5-11f1-87c6-c0252fb4e988 для пакета OpenAI.Codex_26.901.6511.0_x64__2p2nqsd0c76g0."
"09.09.2026 1:59:36","210","Сведения","Microsoft-Windows-AppModel-Runtime","Создан контейнер Desktop AppX bf24d54b-aba5-11f1-87c6-c0252fb4e988 для пакета OpenAI.Codex_26.901.6511.0_x64__2p2nqsd0c76g0."
"09.09.2026 1:58:05","217","Сведения","Microsoft-Windows-AppModel-Runtime","Удален контейнер Desktop AppX bf24d53e-aba5-11f1-87c6-c0252fb4e988 для пакета OpenAI.Codex_26.901.6511.0_x64__2p2nqsd0c76g0."
"09.09.2026 1:58:05","217","Сведения","Microsoft-Windows-AppModel-Runtime","Удален контейнер Desktop AppX bf24d542-aba5-11f1-87c6-c0252fb4e988 для пакета Microsoft.WindowsTerminal_1.24.11911.0_x64__8wekyb3d8bbwe."
"09.09.2026 1:58:00","211","Сведения","Microsoft-Windows-AppModel-Runtime","Добавлен процесс 3528 к контейнеру Desktop AppX bf24d542-aba5-11f1-87c6-c0252fb4e988 для пакета Microsoft.WindowsTerminal_1.24.11911.0_x64__8wekyb3d8bbwe."
"09.09.2026 1:58:00","210","Сведения","Microsoft-Windows-AppModel-Runtime","Создан контейнер Desktop AppX bf24d542-aba5-11f1-87c6-c0252fb4e988 для пакета Microsoft.WindowsTerminal_1.24.11911.0_x64__8wekyb3d8bbwe."
"09.09.2026 1:58:00","211","Сведения","Microsoft-Windows-AppModel-Runtime","Добавлен процесс 4688 к контейнеру Desktop AppX bf24d53e-aba5-11f1-87c6-c0252fb4e988 для пакета OpenAI.Codex_26.901.6511.0_x64__2p2nqsd0c76g0."
"09.09.2026 1:58:00","210","Сведения","Microsoft-Windows-AppModel-Runtime","Создан контейнер Desktop AppX bf24d53e-aba5-11f1-87c6-c0252fb4e988 для пакета OpenAI.Codex_26.901.6511.0_x64__2p2nqsd0c76g0."
"09.09.2026 1:57:57","217","Сведения","Microsoft-Windows-AppModel-Runtime","Удален контейнер Desktop AppX bf24d535-aba5-11f1-87c6-c0252fb4e988 для пакета OpenAI.Codex_26.901.6511.0_x64__2p2nqsd0c76g0."
"09.09.2026 1:57:57","217","Сведения","Microsoft-Windows-AppModel-Runtime","Удален контейнер Desktop AppX bf24d539-aba5-11f1-87c6-c0252fb4e988 для пакета Microsoft.WindowsTerminal_1.24.11911.0_x64__8wekyb3d8bbwe."
"09.09.2026 1:57:44","211","Сведения","Microsoft-Windows-AppModel-Runtime","Добавлен процесс 1632 к контейнеру Desktop AppX bf24d539-aba5-11f1-87c6-c0252fb4e988 для пакета Microsoft.WindowsTerminal_1.24.11911.0_x64__8wekyb3d8bbwe."
"09.09.2026 1:57:44","210","Сведения","Microsoft-Windows-AppModel-Runtime","Создан контейнер Desktop AppX bf24d539-aba5-11f1-87c6-c0252fb4e988 для пакета Microsoft.WindowsTerminal_1.24.11911.0_x64__8wekyb3d8bbwe."
"09.09.2026 1:57:44","211","Сведения","Microsoft-Windows-AppModel-Runtime","Добавлен процесс 4468 к контейнеру Desktop AppX bf24d535-aba5-11f1-87c6-c0252fb4e988 для пакета OpenAI.Codex_26.901.6511.0_x64__2p2nqsd0c76g0."
"09.09.2026 1:57:44","210","Сведения","Microsoft-Windows-AppModel-Runtime","Создан контейнер Desktop AppX bf24d535-aba5-11f1-87c6-c0252fb4e988 для пакета OpenAI.Codex_26.901.6511.0_x64__2p2nqsd0c76g0."
"09.09.2026 1:57:15","217","Сведения","Microsoft-Windows-AppModel-Runtime","Удален контейнер Desktop AppX bf24d52d-aba5-11f1-87c6-c0252fb4e988 для пакета Microsoft.WindowsTerminal_1.24.11911.0_x64__8wekyb3d8bbwe."
"09.09.2026 1:57:15","217","Сведения","Microsoft-Windows-AppModel-Runtime","Удален контейнер Desktop AppX bf24d529-aba5-11f1-87c6-c0252fb4e988 для пакета OpenAI.Codex_26.901.6511.0_x64__2p2nqsd0c76g0."
"09.09.2026 1:57:03","211","Сведения","Microsoft-Windows-AppModel-Runtime","Добавлен процесс 956 к контейнеру Desktop AppX bf24d52d-aba5-11f1-87c6-c0252fb4e988 для пакета Microsoft.WindowsTerminal_1.24.11911.0_x64__8wekyb3d8bbwe."
"09.09.2026 1:57:03","210","Сведения","Microsoft-Windows-AppModel-Runtime","Создан контейнер Desktop AppX bf24d52d-aba5-11f1-87c6-c0252fb4e988 для пакета Microsoft.WindowsTerminal_1.24.11911.0_x64__8wekyb3d8bbwe."
"09.09.2026 1:57:03","211","Сведения","Microsoft-Windows-AppModel-Runtime","Добавлен процесс 2716 к контейнеру Desktop AppX bf24d529-aba5-11f1-87c6-c0252fb4e988 для пакета OpenAI.Codex_26.901.6511.0_x64__2p2nqsd0c76g0."
"09.09.2026 1:57:03","210","Сведения","Microsoft-Windows-AppModel-Runtime","Создан контейнер Desktop AppX bf24d529-aba5-11f1-87c6-c0252fb4e988 для пакета OpenAI.Codex_26.901.6511.0_x64__2p2nqsd0c76g0."
"09.09.2026 1:56:55","217","Сведения","Microsoft-Windows-AppModel-Runtime","Удален контейнер Desktop AppX bf24d521-aba5-11f1-87c6-c0252fb4e988 для пакета OpenAI.Codex_26.901.6511.0_x64__2p2nqsd0c76g0."
"09.09.2026 1:56:55","217","Сведения","Microsoft-Windows-AppModel-Runtime","Удален контейнер Desktop AppX bf24d525-aba5-11f1-87c6-c0252fb4e988 для пакета Microsoft.WindowsTerminal_1.24.11911.0_x64__8wekyb3d8bbwe."
"09.09.2026 1:56:48","211","Сведения","Microsoft-Windows-AppModel-Runtime","Добавлен процесс 6152 к контейнеру Desktop AppX bf24d525-aba5-11f1-87c6-c0252fb4e988 для пакета Microsoft.WindowsTerminal_1.24.11911.0_x64__8wekyb3d8bbwe."
"09.09.2026 1:56:48","210","Сведения","Microsoft-Windows-AppModel-Runtime","Создан контейнер Desktop AppX bf24d525-aba5-11f1-87c6-c0252fb4e988 для пакета Microsoft.WindowsTerminal_1.24.11911.0_x64__8wekyb3d8bbwe."
"09.09.2026 1:56:48","211","Сведения","Microsoft-Windows-AppModel-Runtime","Добавлен процесс 6288 к контейнеру Desktop AppX bf24d521-aba5-11f1-87c6-c0252fb4e988 для пакета OpenAI.Codex_26.901.6511.0_x64__2p2nqsd0c76g0."
"09.09.2026 1:56:48","210","Сведения","Microsoft-Windows-AppModel-Runtime","Создан контейнер Desktop AppX bf24d521-aba5-11f1-87c6-c0252fb4e988 для пакета OpenAI.Codex_26.901.6511.0_x64__2p2nqsd0c76g0."
"09.09.2026 1:56:03","217","Сведения","Microsoft-Windows-AppModel-Runtime","Удален контейнер Desktop AppX bf24d516-aba5-11f1-87c6-c0252fb4e988 для пакета Microsoft.WindowsTerminal_1.24.11911.0_x64__8wekyb3d8bbwe."
"09.09.2026 1:56:03","217","Сведения","Microsoft-Windows-AppModel-Runtime","Удален контейнер Desktop AppX bf24d512-aba5-11f1-87c6-c0252fb4e988 для пакета OpenAI.Codex_26.901.6511.0_x64__2p2nqsd0c76g0."
"09.09.2026 1:55:58","211","Сведения","Microsoft-Windows-AppModel-Runtime","Добавлен процесс 12932 к контейнеру Desktop AppX bf24d516-aba5-11f1-87c6-c0252fb4e988 для пакета Microsoft.WindowsTerminal_1.24.11911.0_x64__8wekyb3d8bbwe."
"09.09.2026 1:55:58","210","Сведения","Microsoft-Windows-AppModel-Runtime","Создан контейнер Desktop AppX bf24d516-aba5-11f1-87c6-c0252fb4e988 для пакета Microsoft.WindowsTerminal_1.24.11911.0_x64__8wekyb3d8bbwe."
"09.09.2026 1:55:58","211","Сведения","Microsoft-Windows-AppModel-Runtime","Добавлен процесс 2188 к контейнеру Desktop AppX bf24d512-aba5-11f1-87c6-c0252fb4e988 для пакета OpenAI.Codex_26.901.6511.0_x64__2p2nqsd0c76g0."
"09.09.2026 1:55:58","210","Сведения","Microsoft-Windows-AppModel-Runtime","Создан контейнер Desktop AppX bf24d512-aba5-11f1-87c6-c0252fb4e988 для пакета OpenAI.Codex_26.901.6511.0_x64__2p2nqsd0c76g0."
"09.09.2026 1:55:39","217","Сведения","Microsoft-Windows-AppModel-Runtime","Удален контейнер Desktop AppX bf24d50c-aba5-11f1-87c6-c0252fb4e988 для пакета Microsoft.WindowsTerminal_1.24.11911.0_x64__8wekyb3d8bbwe."
"09.09.2026 1:55:39","217","Сведения","Microsoft-Windows-AppModel-Runtime","Удален контейнер Desktop AppX bf24d508-aba5-11f1-87c6-c0252fb4e988 для пакета OpenAI.Codex_26.901.6511.0_x64__2p2nqsd0c76g0."
"09.09.2026 1:55:27","211","Сведения","Microsoft-Windows-AppModel-Runtime","Добавлен процесс 3728 к контейнеру Desktop AppX bf24d50c-aba5-11f1-87c6-c0252fb4e988 для пакета Microsoft.WindowsTerminal_1.24.11911.0_x64__8wekyb3d8bbwe."
"09.09.2026 1:55:27","210","Сведения","Microsoft-Windows-AppModel-Runtime","Создан контейнер Desktop AppX bf24d50c-aba5-11f1-87c6-c0252fb4e988 для пакета Microsoft.WindowsTerminal_1.24.11911.0_x64__8wekyb3d8bbwe."
"09.09.2026 1:55:27","211","Сведения","Microsoft-Windows-AppModel-Runtime","Добавлен процесс 3752 к контейнеру Desktop AppX bf24d508-aba5-11f1-87c6-c0252fb4e988 для пакета OpenAI.Codex_26.901.6511.0_x64__2p2nqsd0c76g0."
"09.09.2026 1:55:27","210","Сведения","Microsoft-Windows-AppModel-Runtime","Создан контейнер Desktop AppX bf24d508-aba5-11f1-87c6-c0252fb4e988 для пакета OpenAI.Codex_26.901.6511.0_x64__2p2nqsd0c76g0."
"09.09.2026 1:55:02","217","Сведения","Microsoft-Windows-AppModel-Runtime","Удален контейнер Desktop AppX bf24d4fd-aba5-11f1-87c6-c0252fb4e988 для пакета OpenAI.Codex_26.901.6511.0_x64__2p2nqsd0c76g0."
"09.09.2026 1:55:02","217","Сведения","Microsoft-Windows-AppModel-Runtime","Удален контейнер Desktop AppX bf24d501-aba5-11f1-87c6-c0252fb4e988 для пакета Microsoft.WindowsTerminal_1.24.11911.0_x64__8wekyb3d8bbwe."
"09.09.2026 1:54:57","211","Сведения","Microsoft-Windows-AppModel-Runtime","Добавлен процесс 11256 к контейнеру Desktop AppX bf24d501-aba5-11f1-87c6-c0252fb4e988 для пакета Microsoft.WindowsTerminal_1.24.11911.0_x64__8wekyb3d8bbwe."
"09.09.2026 1:54:57","210","Сведения","Microsoft-Windows-AppModel-Runtime","Создан контейнер Desktop AppX bf24d501-aba5-11f1-87c6-c0252fb4e988 для пакета Microsoft.WindowsTerminal_1.24.11911.0_x64__8wekyb3d8bbwe."
"09.09.2026 1:54:57","211","Сведения","Microsoft-Windows-AppModel-Runtime","Добавлен процесс 9512 к контейнеру Desktop AppX bf24d4fd-aba5-11f1-87c6-c0252fb4e988 для пакета OpenAI.Codex_26.901.6511.0_x64__2p2nqsd0c76g0."
"09.09.2026 1:54:57","210","Сведения","Microsoft-Windows-AppModel-Runtime","Создан контейнер Desktop AppX bf24d4fd-aba5-11f1-87c6-c0252fb4e988 для пакета OpenAI.Codex_26.901.6511.0_x64__2p2nqsd0c76g0."
"09.09.2026 1:54:31","217","Сведения","Microsoft-Windows-AppModel-Runtime","Удален контейнер Desktop AppX bf24d4d3-aba5-11f1-87c6-c0252fb4e988 для пакета OpenAI.Codex_26.901.6511.0_x64__2p2nqsd0c76g0."
"09.09.2026 1:54:31","217","Сведения","Microsoft-Windows-AppModel-Runtime","Удален контейнер Desktop AppX bf24d4d7-aba5-11f1-87c6-c0252fb4e988 для пакета Microsoft.WindowsTerminal_1.24.11911.0_x64__8wekyb3d8bbwe."
"09.09.2026 1:54:26","211","Сведения","Microsoft-Windows-AppModel-Runtime","Добавлен процесс 9840 к контейнеру Desktop AppX bf24d4d7-aba5-11f1-87c6-c0252fb4e988 для пакета Microsoft.WindowsTerminal_1.24.11911.0_x64__8wekyb3d8bbwe."
"09.09.2026 1:54:26","210","Сведения","Microsoft-Windows-AppModel-Runtime","Создан контейнер Desktop AppX bf24d4d7-aba5-11f1-87c6-c0252fb4e988 для пакета Microsoft.WindowsTerminal_1.24.11911.0_x64__8wekyb3d8bbwe."
"09.09.2026 1:54:26","211","Сведения","Microsoft-Windows-AppModel-Runtime","Добавлен процесс 6752 к контейнеру Desktop AppX bf24d4d3-aba5-11f1-87c6-c0252fb4e988 для пакета OpenAI.Codex_26.901.6511.0_x64__2p2nqsd0c76g0."
"09.09.2026 1:54:26","210","Сведения","Microsoft-Windows-AppModel-Runtime","Создан контейнер Desktop AppX bf24d4d3-aba5-11f1-87c6-c0252fb4e988 для пакета OpenAI.Codex_26.901.6511.0_x64__2p2nqsd0c76g0."
"08.09.2026 22:28:36","201","Сведения","Microsoft-Windows-AppModel-Runtime","Создан процесс 2960 для приложения Microsoft.Office.ActionsServer_8wekyb3d8bbwe!Microsoft.Office.ActionsServer в пакете Microsoft.Office.ActionsServer_16.0.20326.20132_neutral__8wekyb3d8bbwe. [FinishPackageActivation]"
"08.09.2026 22:23:36","201","Сведения","Microsoft-Windows-AppModel-Runtime","Создан процесс 4348 для приложения Microsoft.Office.ActionsServer_8wekyb3d8bbwe!Microsoft.Office.ActionsServer в пакете Microsoft.Office.ActionsServer_16.0.20326.20132_neutral__8wekyb3d8bbwe. [FinishPackageActivation]"
"08.09.2026 22:13:37","70","Сведения","Microsoft-Windows-AppModel-Runtime","Состояние среды выполнения AppModel для пакета Microsoft.MicrosoftEdge.Stable_152.0.4191.66_neutral__8wekyb3d8bbwe для пользователя S-1-5-21-239302790-3235067425-44167425-1001 успешно обновлено до 0x0 (предыдущее состояние = 0x20)."
"08.09.2026 22:13:37","42","Сведения","Microsoft-Windows-AppModel-Runtime","AppContainer Microsoft.MicrosoftEdge.Stable_8wekyb3d8bbwe успешно обновлен."
"08.09.2026 22:13:37","70","Сведения","Microsoft-Windows-AppModel-Runtime","Состояние среды выполнения AppModel для пакета Microsoft.MicrosoftEdge.Stable_152.0.4191.66_neutral__8wekyb3d8bbwe для пользователя S-1-5-21-239302790-3235067425-44167425-1001 успешно обновлено до 0x820 (предыдущее состояние = 0x800)."
"08.09.2026 22:13:37","70","Сведения","Microsoft-Windows-AppModel-Runtime","Состояние среды выполнения AppModel для пакета Microsoft.MicrosoftEdge.Stable_152.0.4191.53_neutral__8wekyb3d8bbwe для пользователя S-1-5-21-239302790-3235067425-44167425-1001 успешно обновлено до 0x820 (предыдущее состояние = 0x800)."
"08.09.2026 22:13:36","70","Сведения","Microsoft-Windows-AppModel-Runtime","Состояние среды выполнения AppModel для пакета Microsoft.MicrosoftEdge.Stable_152.0.4191.66_neutral__8wekyb3d8bbwe для пользователя S-1-5-21-239302790-3235067425-44167425-1001 успешно обновлено до 0x800 (предыдущее состояние = 0x0)."
"08.09.2026 22:13:36","70","Сведения","Microsoft-Windows-AppModel-Runtime","Состояние среды выполнения AppModel для пакета Microsoft.MicrosoftEdge.Stable_152.0.4191.53_neutral__8wekyb3d8bbwe для пользователя S-1-5-21-239302790-3235067425-44167425-1001 успешно обновлено до 0x800 (предыдущее состояние = 0x0)."
"08.09.2026 22:13:35","201","Сведения","Microsoft-Windows-AppModel-Runtime","Создан процесс 11884 для приложения Microsoft.OfficePushNotificationUtility_8wekyb3d8bbwe!OPushUtil в пакете Microsoft.OfficePushNotificationUtility_16.0.20326.20132_neutral__8wekyb3d8bbwe. [FinishPackageActivation]"
"08.09.2026 22:09:29","40","Сведения","Microsoft-Windows-AppModel-Runtime","AppContainer onecore\ds\security\gina\profile\profext\appcontainer.cpp Line:1813 Usermode Font Driver Host microsoft.windows.fontdrvhost не был создан, так как он уже существует."
"08.09.2026 22:08:05","201","Сведения","Microsoft-Windows-AppModel-Runtime","Создан процесс 4620 для приложения Microsoft.OfficePushNotificationUtility_8wekyb3d8bbwe!OPushUtil в пакете Microsoft.OfficePushNotificationUtility_16.0.20326.20132_neutral__8wekyb3d8bbwe. [FinishPackageActivation]"
"08.09.2026 22:08:05","70","Сведения","Microsoft-Windows-AppModel-Runtime","Состояние среды выполнения AppModel для пакета Microsoft.OfficePushNotificationUtility_16.0.20326.20132_neutral__8wekyb3d8bbwe для пользователя S-1-5-21-239302790-3235067425-44167425-1007 успешно обновлено до 0x0 (предыдущее состояние = 0x20)."
"08.09.2026 22:08:05","39","Сведения","Microsoft-Windows-AppModel-Runtime","AppContainer Microsoft.OfficePushNotificationUtility_8wekyb3d8bbwe успешно создан."
"08.09.2026 22:08:05","70","Сведения","Microsoft-Windows-AppModel-Runtime","Состояние среды выполнения AppModel для пакета Microsoft.OfficePushNotificationUtility_16.0.20326.20132_neutral__8wekyb3d8bbwe для пользователя S-1-5-21-239302790-3235067425-44167425-1007 успешно обновлено до 0x820 (предыдущее состояние = 0x800)."
"08.09.2026 22:07:40","217","Сведения","Microsoft-Windows-AppModel-Runtime","Удален контейнер Desktop AppX bf24d1d6-aba5-11f1-87c6-c0252fb4e988 для пакета Microsoft.WindowsStore_22607.1401.6.0_x64__8wekyb3d8bbwe."
"08.09.2026 22:07:40","201","Сведения","Microsoft-Windows-AppModel-Runtime","Создан процесс 4220 для приложения Microsoft.WindowsStore_8wekyb3d8bbwe!App в пакете Microsoft.WindowsStore_22607.1401.6.0_x64__8wekyb3d8bbwe. [LaunchProcess]"
"08.09.2026 22:07:40","211","Сведения","Microsoft-Windows-AppModel-Runtime","Добавлен процесс 4220 к контейнеру Desktop AppX bf24d1d6-aba5-11f1-87c6-c0252fb4e988 для пакета Microsoft.WindowsStore_22607.1401.6.0_x64__8wekyb3d8bbwe."
"08.09.2026 22:07:40","210","Сведения","Microsoft-Windows-AppModel-Runtime","Создан контейнер Desktop AppX bf24d1d6-aba5-11f1-87c6-c0252fb4e988 для пакета Microsoft.WindowsStore_22607.1401.6.0_x64__8wekyb3d8bbwe."
