"08.09.2026 21:33:38","201","Сведения","Microsoft-Windows-AppModel-Runtime","Создан процесс 13088 для приложения Microsoft.PowerShell_8wekyb3d8bbwe!App в пакете Microsoft.PowerShell_7.6.5.0_x64__8wekyb3d8bbwe. [FinishPackageActivation]"
"08.09.2026 21:33:38","211","Сведения","Microsoft-Windows-AppModel-Runtime","Добавлен процесс 13088 к контейнеру Desktop AppX 749395ec-aba1-11f1-87c5-c0252fb4e988 для пакета Microsoft.PowerShell_7.6.5.0_x64__8wekyb3d8bbwe."
"08.09.2026 21:33:38","210","Сведения","Microsoft-Windows-AppModel-Runtime","Создан контейнер Desktop AppX 749395ec-aba1-11f1-87c5-c0252fb4e988 для пакета Microsoft.PowerShell_7.6.5.0_x64__8wekyb3d8bbwe."
"08.09.2026 21:33:36","217","Сведения","Microsoft-Windows-AppModel-Runtime","Удален контейнер Desktop AppX 749395d9-aba1-11f1-87c5-c0252fb4e988 для пакета Microsoft.PowerShell_7.6.5.0_x64__8wekyb3d8bbwe."
"08.09.2026 21:33:36","201","Сведения","Microsoft-Windows-AppModel-Runtime","Создан процесс 14704 для приложения Microsoft.PowerShell_8wekyb3d8bbwe!App в пакете Microsoft.PowerShell_7.6.5.0_x64__8wekyb3d8bbwe. [FinishPackageActivation]"
"08.09.2026 21:33:36","211","Сведения","Microsoft-Windows-AppModel-Runtime","Добавлен процесс 14704 к контейнеру Desktop AppX 749395d9-aba1-11f1-87c5-c0252fb4e988 для пакета Microsoft.PowerShell_7.6.5.0_x64__8wekyb3d8bbwe."
"08.09.2026 21:33:36","210","Сведения","Microsoft-Windows-AppModel-Runtime","Создан контейнер Desktop AppX 749395d9-aba1-11f1-87c5-c0252fb4e988 для пакета Microsoft.PowerShell_7.6.5.0_x64__8wekyb3d8bbwe."
"08.09.2026 21:33:29","217","Сведения","Microsoft-Windows-AppModel-Runtime","Удален контейнер Desktop AppX 74939574-aba1-11f1-87c5-c0252fb4e988 для пакета Microsoft.PowerShell_7.6.5.0_x64__8wekyb3d8bbwe."
"08.09.2026 21:33:28","201","Сведения","Microsoft-Windows-AppModel-Runtime","Создан процесс 5868 для приложения Microsoft.PowerShell_8wekyb3d8bbwe!App в пакете Microsoft.PowerShell_7.6.5.0_x64__8wekyb3d8bbwe. [FinishPackageActivation]"
"08.09.2026 21:33:28","211","Сведения","Microsoft-Windows-AppModel-Runtime","Добавлен процесс 5868 к контейнеру Desktop AppX 74939574-aba1-11f1-87c5-c0252fb4e988 для пакета Microsoft.PowerShell_7.6.5.0_x64__8wekyb3d8bbwe."
"08.09.2026 21:33:28","210","Сведения","Microsoft-Windows-AppModel-Runtime","Создан контейнер Desktop AppX 74939574-aba1-11f1-87c5-c0252fb4e988 для пакета Microsoft.PowerShell_7.6.5.0_x64__8wekyb3d8bbwe."
"08.09.2026 21:28:20","201","Сведения","Microsoft-Windows-AppModel-Runtime","Создан процесс 8872 для приложения Microsoft.OfficePushNotificationUtility_8wekyb3d8bbwe!OPushUtil в пакете Microsoft.OfficePushNotificationUtility_16.0.20326.20132_neutral__8wekyb3d8bbwe. [FinishPackageActivation]"
"08.09.2026 21:23:05","217","Сведения","Microsoft-Windows-AppModel-Runtime","Удален контейнер Desktop AppX 7493940e-aba1-11f1-87c5-c0252fb4e988 для пакета MicrosoftCorporationII.WindowsSubsystemForLinux_2.7.12.0_x64__8wekyb3d8bbwe."
"08.09.2026 21:23:04","211","Сведения","Microsoft-Windows-AppModel-Runtime","Добавлен процесс 7416 к контейнеру Desktop AppX 7493940e-aba1-11f1-87c5-c0252fb4e988 для пакета MicrosoftCorporationII.WindowsSubsystemForLinux_2.7.12.0_x64__8wekyb3d8bbwe."
"08.09.2026 21:23:04","210","Сведения","Microsoft-Windows-AppModel-Runtime","Создан контейнер Desktop AppX 7493940e-aba1-11f1-87c5-c0252fb4e988 для пакета MicrosoftCorporationII.WindowsSubsystemForLinux_2.7.12.0_x64__8wekyb3d8bbwe."
"08.09.2026 21:23:01","40","Сведения","Microsoft-Windows-AppModel-Runtime","AppContainer onecore\ds\security\gina\profile\profext\appcontainer.cpp Line:1813 Usermode Font Driver Host microsoft.windows.fontdrvhost не был создан, так как он уже существует."
"08.09.2026 21:23:01","40","Сведения","Microsoft-Windows-AppModel-Runtime","AppContainer onecore\ds\security\gina\profile\profext\appcontainer.cpp Line:1813 Usermode Font Driver Host microsoft.windows.fontdrvhost не был создан, так как он уже существует."
"08.09.2026 21:19:58","217","Сведения","Microsoft-Windows-AppModel-Runtime","Удален контейнер Desktop AppX 225b365a-ab91-11f1-87c4-c2252fb4e988 для пакета OpenAI.Codex_26.901.6511.0_x64__2p2nqsd0c76g0."
"08.09.2026 21:19:58","217","Сведения","Microsoft-Windows-AppModel-Runtime","Удален контейнер Desktop AppX 225b365e-ab91-11f1-87c4-c2252fb4e988 для пакета Microsoft.WindowsTerminal_1.24.11911.0_x64__8wekyb3d8bbwe."
"08.09.2026 21:19:53","211","Сведения","Microsoft-Windows-AppModel-Runtime","Добавлен процесс 196 к контейнеру Desktop AppX 225b365e-ab91-11f1-87c4-c2252fb4e988 для пакета Microsoft.WindowsTerminal_1.24.11911.0_x64__8wekyb3d8bbwe."
"08.09.2026 21:19:53","210","Сведения","Microsoft-Windows-AppModel-Runtime","Создан контейнер Desktop AppX 225b365e-ab91-11f1-87c4-c2252fb4e988 для пакета Microsoft.WindowsTerminal_1.24.11911.0_x64__8wekyb3d8bbwe."
"08.09.2026 21:19:53","211","Сведения","Microsoft-Windows-AppModel-Runtime","Добавлен процесс 11124 к контейнеру Desktop AppX 225b365a-ab91-11f1-87c4-c2252fb4e988 для пакета OpenAI.Codex_26.901.6511.0_x64__2p2nqsd0c76g0."
"08.09.2026 21:19:53","210","Сведения","Microsoft-Windows-AppModel-Runtime","Создан контейнер Desktop AppX 225b365a-ab91-11f1-87c4-c2252fb4e988 для пакета OpenAI.Codex_26.901.6511.0_x64__2p2nqsd0c76g0."
"08.09.2026 19:45:58","201","Сведения","Microsoft-Windows-AppModel-Runtime","Создан процесс 5992 для приложения Microsoft.Office.ActionsServer_8wekyb3d8bbwe!Microsoft.Office.ActionsServer в пакете Microsoft.Office.ActionsServer_16.0.20326.20132_neutral__8wekyb3d8bbwe. [FinishPackageActivation]"
"08.09.2026 19:40:58","201","Сведения","Microsoft-Windows-AppModel-Runtime","Создан процесс 6984 для приложения Microsoft.Office.ActionsServer_8wekyb3d8bbwe!Microsoft.Office.ActionsServer в пакете Microsoft.Office.ActionsServer_16.0.20326.20132_neutral__8wekyb3d8bbwe. [FinishPackageActivation]"
"08.09.2026 19:30:58","201","Сведения","Microsoft-Windows-AppModel-Runtime","Создан процесс 1796 для приложения Microsoft.OfficePushNotificationUtility_8wekyb3d8bbwe!OPushUtil в пакете Microsoft.OfficePushNotificationUtility_16.0.20326.20132_neutral__8wekyb3d8bbwe. [FinishPackageActivation]"
"08.09.2026 19:25:56","217","Сведения","Microsoft-Windows-AppModel-Runtime","Удален контейнер Desktop AppX 225b3429-ab91-11f1-87c4-b42e991a90d9 для пакета MicrosoftCorporationII.WindowsSubsystemForLinux_2.7.12.0_x64__8wekyb3d8bbwe."
"08.09.2026 19:25:55","211","Сведения","Microsoft-Windows-AppModel-Runtime","Добавлен процесс 7312 к контейнеру Desktop AppX 225b3429-ab91-11f1-87c4-b42e991a90d9 для пакета MicrosoftCorporationII.WindowsSubsystemForLinux_2.7.12.0_x64__8wekyb3d8bbwe."
"08.09.2026 19:25:55","210","Сведения","Microsoft-Windows-AppModel-Runtime","Создан контейнер Desktop AppX 225b3429-ab91-11f1-87c4-b42e991a90d9 для пакета MicrosoftCorporationII.WindowsSubsystemForLinux_2.7.12.0_x64__8wekyb3d8bbwe."
"08.09.2026 19:25:52","40","Сведения","Microsoft-Windows-AppModel-Runtime","AppContainer onecore\ds\security\gina\profile\profext\appcontainer.cpp Line:1813 Usermode Font Driver Host microsoft.windows.fontdrvhost не был создан, так как он уже существует."
"08.09.2026 19:25:52","40","Сведения","Microsoft-Windows-AppModel-Runtime","AppContainer onecore\ds\security\gina\profile\profext\appcontainer.cpp Line:1813 Usermode Font Driver Host microsoft.windows.fontdrvhost не был создан, так как он уже существует."
"08.09.2026 19:23:34","217","Сведения","Microsoft-Windows-AppModel-Runtime","Удален контейнер Desktop AppX a5b339ef-ab62-11f1-87c2-c2252fb4e988 для пакета OpenAI.Codex_26.901.6511.0_x64__2p2nqsd0c76g0."
"08.09.2026 19:21:08","217","Сведения","Microsoft-Windows-AppModel-Runtime","Удален контейнер Desktop AppX a5b34680-ab62-11f1-87c2-c2252fb4e988 для пакета Microsoft.WindowsTerminal_1.24.11911.0_x64__8wekyb3d8bbwe."
"08.09.2026 19:21:02","211","Сведения","Microsoft-Windows-AppModel-Runtime","Добавлен процесс 14684 к контейнеру Desktop AppX a5b34680-ab62-11f1-87c2-c2252fb4e988 для пакета Microsoft.WindowsTerminal_1.24.11911.0_x64__8wekyb3d8bbwe."
"08.09.2026 19:21:02","210","Сведения","Microsoft-Windows-AppModel-Runtime","Создан контейнер Desktop AppX a5b34680-ab62-11f1-87c2-c2252fb4e988 для пакета Microsoft.WindowsTerminal_1.24.11911.0_x64__8wekyb3d8bbwe."
"08.09.2026 19:21:02","211","Сведения","Microsoft-Windows-AppModel-Runtime","Добавлен процесс 8696 к контейнеру Desktop AppX a5b339ef-ab62-11f1-87c2-c2252fb4e988 для пакета OpenAI.Codex_26.901.6511.0_x64__2p2nqsd0c76g0."
"08.09.2026 19:20:57","217","Сведения","Microsoft-Windows-AppModel-Runtime","Удален контейнер Desktop AppX a5b34663-ab62-11f1-87c2-c2252fb4e988 для пакета Microsoft.WindowsTerminal_1.24.11911.0_x64__8wekyb3d8bbwe."
"08.09.2026 19:20:46","211","Сведения","Microsoft-Windows-AppModel-Runtime","Добавлен процесс 9576 к контейнеру Desktop AppX a5b34663-ab62-11f1-87c2-c2252fb4e988 для пакета Microsoft.WindowsTerminal_1.24.11911.0_x64__8wekyb3d8bbwe."
"08.09.2026 19:20:46","210","Сведения","Microsoft-Windows-AppModel-Runtime","Создан контейнер Desktop AppX a5b34663-ab62-11f1-87c2-c2252fb4e988 для пакета Microsoft.WindowsTerminal_1.24.11911.0_x64__8wekyb3d8bbwe."
"08.09.2026 19:20:45","211","Сведения","Microsoft-Windows-AppModel-Runtime","Добавлен процесс 19828 к контейнеру Desktop AppX a5b339ef-ab62-11f1-87c2-c2252fb4e988 для пакета OpenAI.Codex_26.901.6511.0_x64__2p2nqsd0c76g0."
"08.09.2026 19:13:35","217","Сведения","Microsoft-Windows-AppModel-Runtime","Удален контейнер Desktop AppX a5b3454e-ab62-11f1-87c2-c2252fb4e988 для пакета Microsoft.WindowsTerminal_1.24.11911.0_x64__8wekyb3d8bbwe."
"08.09.2026 19:13:30","211","Сведения","Microsoft-Windows-AppModel-Runtime","Добавлен процесс 16708 к контейнеру Desktop AppX a5b3454e-ab62-11f1-87c2-c2252fb4e988 для пакета Microsoft.WindowsTerminal_1.24.11911.0_x64__8wekyb3d8bbwe."
"08.09.2026 19:13:30","210","Сведения","Microsoft-Windows-AppModel-Runtime","Создан контейнер Desktop AppX a5b3454e-ab62-11f1-87c2-c2252fb4e988 для пакета Microsoft.WindowsTerminal_1.24.11911.0_x64__8wekyb3d8bbwe."
"08.09.2026 19:13:30","211","Сведения","Microsoft-Windows-AppModel-Runtime","Добавлен процесс 19624 к контейнеру Desktop AppX a5b339ef-ab62-11f1-87c2-c2252fb4e988 для пакета OpenAI.Codex_26.901.6511.0_x64__2p2nqsd0c76g0."
"08.09.2026 19:13:27","217","Сведения","Microsoft-Windows-AppModel-Runtime","Удален контейнер Desktop AppX a5b34548-ab62-11f1-87c2-c2252fb4e988 для пакета Microsoft.WindowsTerminal_1.24.11911.0_x64__8wekyb3d8bbwe."
"08.09.2026 19:13:22","211","Сведения","Microsoft-Windows-AppModel-Runtime","Добавлен процесс 12900 к контейнеру Desktop AppX a5b34548-ab62-11f1-87c2-c2252fb4e988 для пакета Microsoft.WindowsTerminal_1.24.11911.0_x64__8wekyb3d8bbwe."
"08.09.2026 19:13:22","210","Сведения","Microsoft-Windows-AppModel-Runtime","Создан контейнер Desktop AppX a5b34548-ab62-11f1-87c2-c2252fb4e988 для пакета Microsoft.WindowsTerminal_1.24.11911.0_x64__8wekyb3d8bbwe."
"08.09.2026 19:13:22","211","Сведения","Microsoft-Windows-AppModel-Runtime","Добавлен процесс 14788 к контейнеру Desktop AppX a5b339ef-ab62-11f1-87c2-c2252fb4e988 для пакета OpenAI.Codex_26.901.6511.0_x64__2p2nqsd0c76g0."
"08.09.2026 19:13:18","217","Сведения","Microsoft-Windows-AppModel-Runtime","Удален контейнер Desktop AppX a5b34540-ab62-11f1-87c2-c2252fb4e988 для пакета Microsoft.WindowsTerminal_1.24.11911.0_x64__8wekyb3d8bbwe."
"08.09.2026 19:13:07","211","Сведения","Microsoft-Windows-AppModel-Runtime","Добавлен процесс 8356 к контейнеру Desktop AppX a5b34540-ab62-11f1-87c2-c2252fb4e988 для пакета Microsoft.WindowsTerminal_1.24.11911.0_x64__8wekyb3d8bbwe."
"08.09.2026 19:13:07","210","Сведения","Microsoft-Windows-AppModel-Runtime","Создан контейнер Desktop AppX a5b34540-ab62-11f1-87c2-c2252fb4e988 для пакета Microsoft.WindowsTerminal_1.24.11911.0_x64__8wekyb3d8bbwe."
"08.09.2026 19:13:07","211","Сведения","Microsoft-Windows-AppModel-Runtime","Добавлен процесс 1824 к контейнеру Desktop AppX a5b339ef-ab62-11f1-87c2-c2252fb4e988 для пакета OpenAI.Codex_26.901.6511.0_x64__2p2nqsd0c76g0."
"08.09.2026 19:13:06","217","Сведения","Microsoft-Windows-AppModel-Runtime","Удален контейнер Desktop AppX a5b3453a-ab62-11f1-87c2-c2252fb4e988 для пакета Microsoft.WindowsTerminal_1.24.11911.0_x64__8wekyb3d8bbwe."
"08.09.2026 19:13:01","211","Сведения","Microsoft-Windows-AppModel-Runtime","Добавлен процесс 19380 к контейнеру Desktop AppX a5b3453a-ab62-11f1-87c2-c2252fb4e988 для пакета Microsoft.WindowsTerminal_1.24.11911.0_x64__8wekyb3d8bbwe."
"08.09.2026 19:13:01","210","Сведения","Microsoft-Windows-AppModel-Runtime","Создан контейнер Desktop AppX a5b3453a-ab62-11f1-87c2-c2252fb4e988 для пакета Microsoft.WindowsTerminal_1.24.11911.0_x64__8wekyb3d8bbwe."
"08.09.2026 19:13:01","211","Сведения","Microsoft-Windows-AppModel-Runtime","Добавлен процесс 21228 к контейнеру Desktop AppX a5b339ef-ab62-11f1-87c2-c2252fb4e988 для пакета OpenAI.Codex_26.901.6511.0_x64__2p2nqsd0c76g0."
"08.09.2026 19:11:43","217","Сведения","Microsoft-Windows-AppModel-Runtime","Удален контейнер Desktop AppX a5b34530-ab62-11f1-87c2-c2252fb4e988 для пакета Microsoft.Windows.Photos_2026.11060.2004.0_x64__8wekyb3d8bbwe."
"08.09.2026 19:11:32","211","Сведения","Microsoft-Windows-AppModel-Runtime","Добавлен процесс 4028 к контейнеру Desktop AppX a5b34530-ab62-11f1-87c2-c2252fb4e988 для пакета Microsoft.Windows.Photos_2026.11060.2004.0_x64__8wekyb3d8bbwe."
"08.09.2026 19:11:32","210","Сведения","Microsoft-Windows-AppModel-Runtime","Создан контейнер Desktop AppX a5b34530-ab62-11f1-87c2-c2252fb4e988 для пакета Microsoft.Windows.Photos_2026.11060.2004.0_x64__8wekyb3d8bbwe."
"08.09.2026 19:11:16","217","Сведения","Microsoft-Windows-AppModel-Runtime","Удален контейнер Desktop AppX a5b34528-ab62-11f1-87c2-c2252fb4e988 для пакета Microsoft.Windows.Photos_2026.11060.2004.0_x64__8wekyb3d8bbwe."
"08.09.2026 19:11:05","211","Сведения","Microsoft-Windows-AppModel-Runtime","Добавлен процесс 14704 к контейнеру Desktop AppX a5b34528-ab62-11f1-87c2-c2252fb4e988 для пакета Microsoft.Windows.Photos_2026.11060.2004.0_x64__8wekyb3d8bbwe."
"08.09.2026 19:11:05","210","Сведения","Microsoft-Windows-AppModel-Runtime","Создан контейнер Desktop AppX a5b34528-ab62-11f1-87c2-c2252fb4e988 для пакета Microsoft.Windows.Photos_2026.11060.2004.0_x64__8wekyb3d8bbwe."
"08.09.2026 19:11:02","217","Сведения","Microsoft-Windows-AppModel-Runtime","Удален контейнер Desktop AppX a5b34524-ab62-11f1-87c2-c2252fb4e988 для пакета Microsoft.WindowsTerminal_1.24.11911.0_x64__8wekyb3d8bbwe."
"08.09.2026 19:10:56","211","Сведения","Microsoft-Windows-AppModel-Runtime","Добавлен процесс 17996 к контейнеру Desktop AppX a5b34524-ab62-11f1-87c2-c2252fb4e988 для пакета Microsoft.WindowsTerminal_1.24.11911.0_x64__8wekyb3d8bbwe."
"08.09.2026 19:10:56","210","Сведения","Microsoft-Windows-AppModel-Runtime","Создан контейнер Desktop AppX a5b34524-ab62-11f1-87c2-c2252fb4e988 для пакета Microsoft.WindowsTerminal_1.24.11911.0_x64__8wekyb3d8bbwe."
"08.09.2026 19:10:56","211","Сведения","Microsoft-Windows-AppModel-Runtime","Добавлен процесс 14732 к контейнеру Desktop AppX a5b339ef-ab62-11f1-87c2-c2252fb4e988 для пакета OpenAI.Codex_26.901.6511.0_x64__2p2nqsd0c76g0."
"08.09.2026 19:09:11","217","Сведения","Microsoft-Windows-AppModel-Runtime","Удален контейнер Desktop AppX a5b34514-ab62-11f1-87c2-c2252fb4e988 для пакета Microsoft.WindowsTerminal_1.24.11911.0_x64__8wekyb3d8bbwe."
"08.09.2026 19:08:44","211","Сведения","Microsoft-Windows-AppModel-Runtime","Добавлен процесс 6304 к контейнеру Desktop AppX a5b34514-ab62-11f1-87c2-c2252fb4e988 для пакета Microsoft.WindowsTerminal_1.24.11911.0_x64__8wekyb3d8bbwe."
"08.09.2026 19:08:44","210","Сведения","Microsoft-Windows-AppModel-Runtime","Создан контейнер Desktop AppX a5b34514-ab62-11f1-87c2-c2252fb4e988 для пакета Microsoft.WindowsTerminal_1.24.11911.0_x64__8wekyb3d8bbwe."
"08.09.2026 19:08:44","211","Сведения","Microsoft-Windows-AppModel-Runtime","Добавлен процесс 16116 к контейнеру Desktop AppX a5b339ef-ab62-11f1-87c2-c2252fb4e988 для пакета OpenAI.Codex_26.901.6511.0_x64__2p2nqsd0c76g0."
"08.09.2026 19:08:26","217","Сведения","Microsoft-Windows-AppModel-Runtime","Удален контейнер Desktop AppX a5b34505-ab62-11f1-87c2-c2252fb4e988 для пакета Microsoft.WindowsTerminal_1.24.11911.0_x64__8wekyb3d8bbwe."
"08.09.2026 19:08:01","211","Сведения","Microsoft-Windows-AppModel-Runtime","Добавлен процесс 7024 к контейнеру Desktop AppX a5b34505-ab62-11f1-87c2-c2252fb4e988 для пакета Microsoft.WindowsTerminal_1.24.11911.0_x64__8wekyb3d8bbwe."
"08.09.2026 19:08:01","210","Сведения","Microsoft-Windows-AppModel-Runtime","Создан контейнер Desktop AppX a5b34505-ab62-11f1-87c2-c2252fb4e988 для пакета Microsoft.WindowsTerminal_1.24.11911.0_x64__8wekyb3d8bbwe."
"08.09.2026 19:08:01","211","Сведения","Microsoft-Windows-AppModel-Runtime","Добавлен процесс 16328 к контейнеру Desktop AppX a5b339ef-ab62-11f1-87c2-c2252fb4e988 для пакета OpenAI.Codex_26.901.6511.0_x64__2p2nqsd0c76g0."
"08.09.2026 19:07:55","217","Сведения","Microsoft-Windows-AppModel-Runtime","Удален контейнер Desktop AppX a5b344f8-ab62-11f1-87c2-c2252fb4e988 для пакета Microsoft.WindowsTerminal_1.24.11911.0_x64__8wekyb3d8bbwe."
"08.09.2026 19:07:50","211","Сведения","Microsoft-Windows-AppModel-Runtime","Добавлен процесс 19176 к контейнеру Desktop AppX a5b344f8-ab62-11f1-87c2-c2252fb4e988 для пакета Microsoft.WindowsTerminal_1.24.11911.0_x64__8wekyb3d8bbwe."
"08.09.2026 19:07:50","210","Сведения","Microsoft-Windows-AppModel-Runtime","Создан контейнер Desktop AppX a5b344f8-ab62-11f1-87c2-c2252fb4e988 для пакета Microsoft.WindowsTerminal_1.24.11911.0_x64__8wekyb3d8bbwe."
"08.09.2026 19:07:50","211","Сведения","Microsoft-Windows-AppModel-Runtime","Добавлен процесс 3440 к контейнеру Desktop AppX a5b339ef-ab62-11f1-87c2-c2252fb4e988 для пакета OpenAI.Codex_26.901.6511.0_x64__2p2nqsd0c76g0."
"08.09.2026 19:07:28","217","Сведения","Microsoft-Windows-AppModel-Runtime","Удален контейнер Desktop AppX a5b344f0-ab62-11f1-87c2-c2252fb4e988 для пакета Microsoft.WindowsTerminal_1.24.11911.0_x64__8wekyb3d8bbwe."
"08.09.2026 19:07:20","211","Сведения","Microsoft-Windows-AppModel-Runtime","Добавлен процесс 22448 к контейнеру Desktop AppX a5b344f0-ab62-11f1-87c2-c2252fb4e988 для пакета Microsoft.WindowsTerminal_1.24.11911.0_x64__8wekyb3d8bbwe."
"08.09.2026 19:07:20","210","Сведения","Microsoft-Windows-AppModel-Runtime","Создан контейнер Desktop AppX a5b344f0-ab62-11f1-87c2-c2252fb4e988 для пакета Microsoft.WindowsTerminal_1.24.11911.0_x64__8wekyb3d8bbwe."
"08.09.2026 19:07:20","211","Сведения","Microsoft-Windows-AppModel-Runtime","Добавлен процесс 21508 к контейнеру Desktop AppX a5b339ef-ab62-11f1-87c2-c2252fb4e988 для пакета OpenAI.Codex_26.901.6511.0_x64__2p2nqsd0c76g0."
"08.09.2026 19:07:13","217","Сведения","Microsoft-Windows-AppModel-Runtime","Удален контейнер Desktop AppX a5b344eb-ab62-11f1-87c2-c2252fb4e988 для пакета Microsoft.WindowsTerminal_1.24.11911.0_x64__8wekyb3d8bbwe."
"08.09.2026 19:07:02","211","Сведения","Microsoft-Windows-AppModel-Runtime","Добавлен процесс 19388 к контейнеру Desktop AppX a5b344eb-ab62-11f1-87c2-c2252fb4e988 для пакета Microsoft.WindowsTerminal_1.24.11911.0_x64__8wekyb3d8bbwe."
"08.09.2026 19:07:02","210","Сведения","Microsoft-Windows-AppModel-Runtime","Создан контейнер Desktop AppX a5b344eb-ab62-11f1-87c2-c2252fb4e988 для пакета Microsoft.WindowsTerminal_1.24.11911.0_x64__8wekyb3d8bbwe."
"08.09.2026 19:07:02","211","Сведения","Microsoft-Windows-AppModel-Runtime","Добавлен процесс 19628 к контейнеру Desktop AppX a5b339ef-ab62-11f1-87c2-c2252fb4e988 для пакета OpenAI.Codex_26.901.6511.0_x64__2p2nqsd0c76g0."
"08.09.2026 19:06:51","217","Сведения","Microsoft-Windows-AppModel-Runtime","Удален контейнер Desktop AppX a5b344e3-ab62-11f1-87c2-c2252fb4e988 для пакета Microsoft.WindowsTerminal_1.24.11911.0_x64__8wekyb3d8bbwe."
"08.09.2026 19:06:46","211","Сведения","Microsoft-Windows-AppModel-Runtime","Добавлен процесс 15436 к контейнеру Desktop AppX a5b344e3-ab62-11f1-87c2-c2252fb4e988 для пакета Microsoft.WindowsTerminal_1.24.11911.0_x64__8wekyb3d8bbwe."
"08.09.2026 19:06:46","210","Сведения","Microsoft-Windows-AppModel-Runtime","Создан контейнер Desktop AppX a5b344e3-ab62-11f1-87c2-c2252fb4e988 для пакета Microsoft.WindowsTerminal_1.24.11911.0_x64__8wekyb3d8bbwe."
"08.09.2026 19:06:45","211","Сведения","Microsoft-Windows-AppModel-Runtime","Добавлен процесс 15956 к контейнеру Desktop AppX a5b339ef-ab62-11f1-87c2-c2252fb4e988 для пакета OpenAI.Codex_26.901.6511.0_x64__2p2nqsd0c76g0."
"08.09.2026 19:06:42","217","Сведения","Microsoft-Windows-AppModel-Runtime","Удален контейнер Desktop AppX a5b344c6-ab62-11f1-87c2-c2252fb4e988 для пакета Microsoft.WindowsTerminal_1.24.11911.0_x64__8wekyb3d8bbwe."
"08.09.2026 19:05:52","211","Сведения","Microsoft-Windows-AppModel-Runtime","Добавлен процесс 6216 к контейнеру Desktop AppX a5b344c6-ab62-11f1-87c2-c2252fb4e988 для пакета Microsoft.WindowsTerminal_1.24.11911.0_x64__8wekyb3d8bbwe."
"08.09.2026 19:05:52","210","Сведения","Microsoft-Windows-AppModel-Runtime","Создан контейнер Desktop AppX a5b344c6-ab62-11f1-87c2-c2252fb4e988 для пакета Microsoft.WindowsTerminal_1.24.11911.0_x64__8wekyb3d8bbwe."
"08.09.2026 19:05:52","211","Сведения","Microsoft-Windows-AppModel-Runtime","Добавлен процесс 1692 к контейнеру Desktop AppX a5b339ef-ab62-11f1-87c2-c2252fb4e988 для пакета OpenAI.Codex_26.901.6511.0_x64__2p2nqsd0c76g0."
"08.09.2026 19:05:23","217","Сведения","Microsoft-Windows-AppModel-Runtime","Удален контейнер Desktop AppX a5b34475-ab62-11f1-87c2-c2252fb4e988 для пакета Microsoft.WindowsTerminal_1.24.11911.0_x64__8wekyb3d8bbwe."
"08.09.2026 19:05:18","211","Сведения","Microsoft-Windows-AppModel-Runtime","Добавлен процесс 17132 к контейнеру Desktop AppX a5b34475-ab62-11f1-87c2-c2252fb4e988 для пакета Microsoft.WindowsTerminal_1.24.11911.0_x64__8wekyb3d8bbwe."
"08.09.2026 19:05:18","210","Сведения","Microsoft-Windows-AppModel-Runtime","Создан контейнер Desktop AppX a5b34475-ab62-11f1-87c2-c2252fb4e988 для пакета Microsoft.WindowsTerminal_1.24.11911.0_x64__8wekyb3d8bbwe."
"08.09.2026 19:05:18","211","Сведения","Microsoft-Windows-AppModel-Runtime","Добавлен процесс 6208 к контейнеру Desktop AppX a5b339ef-ab62-11f1-87c2-c2252fb4e988 для пакета OpenAI.Codex_26.901.6511.0_x64__2p2nqsd0c76g0."
"08.09.2026 19:03:42","217","Сведения","Microsoft-Windows-AppModel-Runtime","Удален контейнер Desktop AppX a5b34456-ab62-11f1-87c2-c2252fb4e988 для пакета Microsoft.WindowsTerminal_1.24.11911.0_x64__8wekyb3d8bbwe."
"08.09.2026 19:03:37","211","Сведения","Microsoft-Windows-AppModel-Runtime","Добавлен процесс 21108 к контейнеру Desktop AppX a5b34456-ab62-11f1-87c2-c2252fb4e988 для пакета Microsoft.WindowsTerminal_1.24.11911.0_x64__8wekyb3d8bbwe."
"08.09.2026 19:03:37","210","Сведения","Microsoft-Windows-AppModel-Runtime","Создан контейнер Desktop AppX a5b34456-ab62-11f1-87c2-c2252fb4e988 для пакета Microsoft.WindowsTerminal_1.24.11911.0_x64__8wekyb3d8bbwe."
"08.09.2026 19:03:37","211","Сведения","Microsoft-Windows-AppModel-Runtime","Добавлен процесс 6880 к контейнеру Desktop AppX a5b339ef-ab62-11f1-87c2-c2252fb4e988 для пакета OpenAI.Codex_26.901.6511.0_x64__2p2nqsd0c76g0."
"08.09.2026 19:03:36","217","Сведения","Microsoft-Windows-AppModel-Runtime","Удален контейнер Desktop AppX a5b3444f-ab62-11f1-87c2-c2252fb4e988 для пакета Microsoft.WindowsTerminal_1.24.11911.0_x64__8wekyb3d8bbwe."
"08.09.2026 19:03:23","211","Сведения","Microsoft-Windows-AppModel-Runtime","Добавлен процесс 20308 к контейнеру Desktop AppX a5b3444f-ab62-11f1-87c2-c2252fb4e988 для пакета Microsoft.WindowsTerminal_1.24.11911.0_x64__8wekyb3d8bbwe."
"08.09.2026 19:03:23","210","Сведения","Microsoft-Windows-AppModel-Runtime","Создан контейнер Desktop AppX a5b3444f-ab62-11f1-87c2-c2252fb4e988 для пакета Microsoft.WindowsTerminal_1.24.11911.0_x64__8wekyb3d8bbwe."
"08.09.2026 19:03:23","211","Сведения","Microsoft-Windows-AppModel-Runtime","Добавлен процесс 15616 к контейнеру Desktop AppX a5b339ef-ab62-11f1-87c2-c2252fb4e988 для пакета OpenAI.Codex_26.901.6511.0_x64__2p2nqsd0c76g0."
"08.09.2026 19:03:17","217","Сведения","Microsoft-Windows-AppModel-Runtime","Удален контейнер Desktop AppX a5b34442-ab62-11f1-87c2-c2252fb4e988 для пакета Microsoft.WindowsTerminal_1.24.11911.0_x64__8wekyb3d8bbwe."
"08.09.2026 19:02:48","211","Сведения","Microsoft-Windows-AppModel-Runtime","Добавлен процесс 22020 к контейнеру Desktop AppX a5b34442-ab62-11f1-87c2-c2252fb4e988 для пакета Microsoft.WindowsTerminal_1.24.11911.0_x64__8wekyb3d8bbwe."
"08.09.2026 19:02:48","210","Сведения","Microsoft-Windows-AppModel-Runtime","Создан контейнер Desktop AppX a5b34442-ab62-11f1-87c2-c2252fb4e988 для пакета Microsoft.WindowsTerminal_1.24.11911.0_x64__8wekyb3d8bbwe."
"08.09.2026 19:02:48","211","Сведения","Microsoft-Windows-AppModel-Runtime","Добавлен процесс 8564 к контейнеру Desktop AppX a5b339ef-ab62-11f1-87c2-c2252fb4e988 для пакета OpenAI.Codex_26.901.6511.0_x64__2p2nqsd0c76g0."
"08.09.2026 19:02:44","217","Сведения","Microsoft-Windows-AppModel-Runtime","Удален контейнер Desktop AppX a5b3443c-ab62-11f1-87c2-c2252fb4e988 для пакета Microsoft.WindowsTerminal_1.24.11911.0_x64__8wekyb3d8bbwe."
"08.09.2026 19:02:34","211","Сведения","Microsoft-Windows-AppModel-Runtime","Добавлен процесс 12052 к контейнеру Desktop AppX a5b3443c-ab62-11f1-87c2-c2252fb4e988 для пакета Microsoft.WindowsTerminal_1.24.11911.0_x64__8wekyb3d8bbwe."
"08.09.2026 19:02:34","210","Сведения","Microsoft-Windows-AppModel-Runtime","Создан контейнер Desktop AppX a5b3443c-ab62-11f1-87c2-c2252fb4e988 для пакета Microsoft.WindowsTerminal_1.24.11911.0_x64__8wekyb3d8bbwe."
"08.09.2026 19:02:34","211","Сведения","Microsoft-Windows-AppModel-Runtime","Добавлен процесс 12684 к контейнеру Desktop AppX a5b339ef-ab62-11f1-87c2-c2252fb4e988 для пакета OpenAI.Codex_26.901.6511.0_x64__2p2nqsd0c76g0."
"08.09.2026 19:02:26","217","Сведения","Microsoft-Windows-AppModel-Runtime","Удален контейнер Desktop AppX a5b34435-ab62-11f1-87c2-c2252fb4e988 для пакета Microsoft.WindowsTerminal_1.24.11911.0_x64__8wekyb3d8bbwe."
"08.09.2026 19:02:12","211","Сведения","Microsoft-Windows-AppModel-Runtime","Добавлен процесс 20420 к контейнеру Desktop AppX a5b34435-ab62-11f1-87c2-c2252fb4e988 для пакета Microsoft.WindowsTerminal_1.24.11911.0_x64__8wekyb3d8bbwe."
"08.09.2026 19:02:12","210","Сведения","Microsoft-Windows-AppModel-Runtime","Создан контейнер Desktop AppX a5b34435-ab62-11f1-87c2-c2252fb4e988 для пакета Microsoft.WindowsTerminal_1.24.11911.0_x64__8wekyb3d8bbwe."
"08.09.2026 19:02:12","211","Сведения","Microsoft-Windows-AppModel-Runtime","Добавлен процесс 13204 к контейнеру Desktop AppX a5b339ef-ab62-11f1-87c2-c2252fb4e988 для пакета OpenAI.Codex_26.901.6511.0_x64__2p2nqsd0c76g0."
"08.09.2026 19:02:04","217","Сведения","Microsoft-Windows-AppModel-Runtime","Удален контейнер Desktop AppX a5b3442f-ab62-11f1-87c2-c2252fb4e988 для пакета Microsoft.WindowsTerminal_1.24.11911.0_x64__8wekyb3d8bbwe."
"08.09.2026 19:01:54","211","Сведения","Microsoft-Windows-AppModel-Runtime","Добавлен процесс 21576 к контейнеру Desktop AppX a5b3442f-ab62-11f1-87c2-c2252fb4e988 для пакета Microsoft.WindowsTerminal_1.24.11911.0_x64__8wekyb3d8bbwe."
"08.09.2026 19:01:54","210","Сведения","Microsoft-Windows-AppModel-Runtime","Создан контейнер Desktop AppX a5b3442f-ab62-11f1-87c2-c2252fb4e988 для пакета Microsoft.WindowsTerminal_1.24.11911.0_x64__8wekyb3d8bbwe."
"08.09.2026 19:01:54","211","Сведения","Microsoft-Windows-AppModel-Runtime","Добавлен процесс 21772 к контейнеру Desktop AppX a5b339ef-ab62-11f1-87c2-c2252fb4e988 для пакета OpenAI.Codex_26.901.6511.0_x64__2p2nqsd0c76g0."
"08.09.2026 19:01:47","217","Сведения","Microsoft-Windows-AppModel-Runtime","Удален контейнер Desktop AppX a5b34429-ab62-11f1-87c2-c2252fb4e988 для пакета Microsoft.WindowsTerminal_1.24.11911.0_x64__8wekyb3d8bbwe."
"08.09.2026 19:01:33","211","Сведения","Microsoft-Windows-AppModel-Runtime","Добавлен процесс 20616 к контейнеру Desktop AppX a5b34429-ab62-11f1-87c2-c2252fb4e988 для пакета Microsoft.WindowsTerminal_1.24.11911.0_x64__8wekyb3d8bbwe."
"08.09.2026 19:01:33","210","Сведения","Microsoft-Windows-AppModel-Runtime","Создан контейнер Desktop AppX a5b34429-ab62-11f1-87c2-c2252fb4e988 для пакета Microsoft.WindowsTerminal_1.24.11911.0_x64__8wekyb3d8bbwe."
"08.09.2026 19:01:33","211","Сведения","Microsoft-Windows-AppModel-Runtime","Добавлен процесс 14228 к контейнеру Desktop AppX a5b339ef-ab62-11f1-87c2-c2252fb4e988 для пакета OpenAI.Codex_26.901.6511.0_x64__2p2nqsd0c76g0."
"08.09.2026 19:01:29","217","Сведения","Microsoft-Windows-AppModel-Runtime","Удален контейнер Desktop AppX a5b34422-ab62-11f1-87c2-c2252fb4e988 для пакета Microsoft.WindowsTerminal_1.24.11911.0_x64__8wekyb3d8bbwe."
"08.09.2026 19:01:12","211","Сведения","Microsoft-Windows-AppModel-Runtime","Добавлен процесс 20276 к контейнеру Desktop AppX a5b34422-ab62-11f1-87c2-c2252fb4e988 для пакета Microsoft.WindowsTerminal_1.24.11911.0_x64__8wekyb3d8bbwe."
"08.09.2026 19:01:12","210","Сведения","Microsoft-Windows-AppModel-Runtime","Создан контейнер Desktop AppX a5b34422-ab62-11f1-87c2-c2252fb4e988 для пакета Microsoft.WindowsTerminal_1.24.11911.0_x64__8wekyb3d8bbwe."
"08.09.2026 19:01:12","211","Сведения","Microsoft-Windows-AppModel-Runtime","Добавлен процесс 14396 к контейнеру Desktop AppX a5b339ef-ab62-11f1-87c2-c2252fb4e988 для пакета OpenAI.Codex_26.901.6511.0_x64__2p2nqsd0c76g0."
"08.09.2026 19:01:09","217","Сведения","Microsoft-Windows-AppModel-Runtime","Удален контейнер Desktop AppX a5b3441c-ab62-11f1-87c2-c2252fb4e988 для пакета Microsoft.WindowsTerminal_1.24.11911.0_x64__8wekyb3d8bbwe."
"08.09.2026 19:01:03","211","Сведения","Microsoft-Windows-AppModel-Runtime","Добавлен процесс 18040 к контейнеру Desktop AppX a5b3441c-ab62-11f1-87c2-c2252fb4e988 для пакета Microsoft.WindowsTerminal_1.24.11911.0_x64__8wekyb3d8bbwe."
"08.09.2026 19:01:03","210","Сведения","Microsoft-Windows-AppModel-Runtime","Создан контейнер Desktop AppX a5b3441c-ab62-11f1-87c2-c2252fb4e988 для пакета Microsoft.WindowsTerminal_1.24.11911.0_x64__8wekyb3d8bbwe."
"08.09.2026 19:01:03","211","Сведения","Microsoft-Windows-AppModel-Runtime","Добавлен процесс 16176 к контейнеру Desktop AppX a5b339ef-ab62-11f1-87c2-c2252fb4e988 для пакета OpenAI.Codex_26.901.6511.0_x64__2p2nqsd0c76g0."
"08.09.2026 19:01:02","217","Сведения","Microsoft-Windows-AppModel-Runtime","Удален контейнер Desktop AppX a5b3440f-ab62-11f1-87c2-c2252fb4e988 для пакета Microsoft.WindowsTerminal_1.24.11911.0_x64__8wekyb3d8bbwe."
"08.09.2026 19:00:35","211","Сведения","Microsoft-Windows-AppModel-Runtime","Добавлен процесс 16104 к контейнеру Desktop AppX a5b3440f-ab62-11f1-87c2-c2252fb4e988 для пакета Microsoft.WindowsTerminal_1.24.11911.0_x64__8wekyb3d8bbwe."
"08.09.2026 19:00:35","210","Сведения","Microsoft-Windows-AppModel-Runtime","Создан контейнер Desktop AppX a5b3440f-ab62-11f1-87c2-c2252fb4e988 для пакета Microsoft.WindowsTerminal_1.24.11911.0_x64__8wekyb3d8bbwe."
"08.09.2026 19:00:35","211","Сведения","Microsoft-Windows-AppModel-Runtime","Добавлен процесс 14892 к контейнеру Desktop AppX a5b339ef-ab62-11f1-87c2-c2252fb4e988 для пакета OpenAI.Codex_26.901.6511.0_x64__2p2nqsd0c76g0."
"08.09.2026 19:00:34","217","Сведения","Microsoft-Windows-AppModel-Runtime","Удален контейнер Desktop AppX a5b343d5-ab62-11f1-87c2-c2252fb4e988 для пакета Microsoft.WindowsTerminal_1.24.11911.0_x64__8wekyb3d8bbwe."
"08.09.2026 19:00:22","211","Сведения","Microsoft-Windows-AppModel-Runtime","Добавлен процесс 8436 к контейнеру Desktop AppX a5b343d5-ab62-11f1-87c2-c2252fb4e988 для пакета Microsoft.WindowsTerminal_1.24.11911.0_x64__8wekyb3d8bbwe."
"08.09.2026 19:00:22","210","Сведения","Microsoft-Windows-AppModel-Runtime","Создан контейнер Desktop AppX a5b343d5-ab62-11f1-87c2-c2252fb4e988 для пакета Microsoft.WindowsTerminal_1.24.11911.0_x64__8wekyb3d8bbwe."
"08.09.2026 19:00:21","211","Сведения","Microsoft-Windows-AppModel-Runtime","Добавлен процесс 8216 к контейнеру Desktop AppX a5b339ef-ab62-11f1-87c2-c2252fb4e988 для пакета OpenAI.Codex_26.901.6511.0_x64__2p2nqsd0c76g0."
"08.09.2026 19:00:02","217","Сведения","Microsoft-Windows-AppModel-Runtime","Удален контейнер Desktop AppX a5b34252-ab62-11f1-87c2-c2252fb4e988 для пакета Microsoft.WindowsTerminal_1.24.11911.0_x64__8wekyb3d8bbwe."
"08.09.2026 18:59:54","211","Сведения","Microsoft-Windows-AppModel-Runtime","Добавлен процесс 15684 к контейнеру Desktop AppX a5b34252-ab62-11f1-87c2-c2252fb4e988 для пакета Microsoft.WindowsTerminal_1.24.11911.0_x64__8wekyb3d8bbwe."
"08.09.2026 18:59:54","210","Сведения","Microsoft-Windows-AppModel-Runtime","Создан контейнер Desktop AppX a5b34252-ab62-11f1-87c2-c2252fb4e988 для пакета Microsoft.WindowsTerminal_1.24.11911.0_x64__8wekyb3d8bbwe."
"08.09.2026 18:59:54","211","Сведения","Microsoft-Windows-AppModel-Runtime","Добавлен процесс 18480 к контейнеру Desktop AppX a5b339ef-ab62-11f1-87c2-c2252fb4e988 для пакета OpenAI.Codex_26.901.6511.0_x64__2p2nqsd0c76g0."
"08.09.2026 18:59:53","217","Сведения","Microsoft-Windows-AppModel-Runtime","Удален контейнер Desktop AppX a5b3424b-ab62-11f1-87c2-c2252fb4e988 для пакета Microsoft.WindowsTerminal_1.24.11911.0_x64__8wekyb3d8bbwe."
"08.09.2026 18:59:42","211","Сведения","Microsoft-Windows-AppModel-Runtime","Добавлен процесс 17552 к контейнеру Desktop AppX a5b3424b-ab62-11f1-87c2-c2252fb4e988 для пакета Microsoft.WindowsTerminal_1.24.11911.0_x64__8wekyb3d8bbwe."
"08.09.2026 18:59:42","210","Сведения","Microsoft-Windows-AppModel-Runtime","Создан контейнер Desktop AppX a5b3424b-ab62-11f1-87c2-c2252fb4e988 для пакета Microsoft.WindowsTerminal_1.24.11911.0_x64__8wekyb3d8bbwe."
"08.09.2026 18:59:41","211","Сведения","Microsoft-Windows-AppModel-Runtime","Добавлен процесс 10372 к контейнеру Desktop AppX a5b339ef-ab62-11f1-87c2-c2252fb4e988 для пакета OpenAI.Codex_26.901.6511.0_x64__2p2nqsd0c76g0."
"08.09.2026 18:59:40","217","Сведения","Microsoft-Windows-AppModel-Runtime","Удален контейнер Desktop AppX a5b3423e-ab62-11f1-87c2-c2252fb4e988 для пакета Microsoft.WindowsTerminal_1.24.11911.0_x64__8wekyb3d8bbwe."
"08.09.2026 18:59:13","211","Сведения","Microsoft-Windows-AppModel-Runtime","Добавлен процесс 1824 к контейнеру Desktop AppX a5b3423e-ab62-11f1-87c2-c2252fb4e988 для пакета Microsoft.WindowsTerminal_1.24.11911.0_x64__8wekyb3d8bbwe."
"08.09.2026 18:59:13","210","Сведения","Microsoft-Windows-AppModel-Runtime","Создан контейнер Desktop AppX a5b3423e-ab62-11f1-87c2-c2252fb4e988 для пакета Microsoft.WindowsTerminal_1.24.11911.0_x64__8wekyb3d8bbwe."
"08.09.2026 18:59:13","211","Сведения","Microsoft-Windows-AppModel-Runtime","Добавлен процесс 18628 к контейнеру Desktop AppX a5b339ef-ab62-11f1-87c2-c2252fb4e988 для пакета OpenAI.Codex_26.901.6511.0_x64__2p2nqsd0c76g0."
"08.09.2026 18:59:08","217","Сведения","Microsoft-Windows-AppModel-Runtime","Удален контейнер Desktop AppX a5b34232-ab62-11f1-87c2-c2252fb4e988 для пакета Microsoft.WindowsTerminal_1.24.11911.0_x64__8wekyb3d8bbwe."
"08.09.2026 18:58:42","211","Сведения","Microsoft-Windows-AppModel-Runtime","Добавлен процесс 7024 к контейнеру Desktop AppX a5b34232-ab62-11f1-87c2-c2252fb4e988 для пакета Microsoft.WindowsTerminal_1.24.11911.0_x64__8wekyb3d8bbwe."
"08.09.2026 18:58:42","210","Сведения","Microsoft-Windows-AppModel-Runtime","Создан контейнер Desktop AppX a5b34232-ab62-11f1-87c2-c2252fb4e988 для пакета Microsoft.WindowsTerminal_1.24.11911.0_x64__8wekyb3d8bbwe."
"08.09.2026 18:58:42","211","Сведения","Microsoft-Windows-AppModel-Runtime","Добавлен процесс 14080 к контейнеру Desktop AppX a5b339ef-ab62-11f1-87c2-c2252fb4e988 для пакета OpenAI.Codex_26.901.6511.0_x64__2p2nqsd0c76g0."
"08.09.2026 18:58:31","217","Сведения","Microsoft-Windows-AppModel-Runtime","Удален контейнер Desktop AppX a5b3420e-ab62-11f1-87c2-c2252fb4e988 для пакета Microsoft.WindowsTerminal_1.24.11911.0_x64__8wekyb3d8bbwe."
"08.09.2026 18:58:24","211","Сведения","Microsoft-Windows-AppModel-Runtime","Добавлен процесс 15400 к контейнеру Desktop AppX a5b3420e-ab62-11f1-87c2-c2252fb4e988 для пакета Microsoft.WindowsTerminal_1.24.11911.0_x64__8wekyb3d8bbwe."
"08.09.2026 18:58:24","210","Сведения","Microsoft-Windows-AppModel-Runtime","Создан контейнер Desktop AppX a5b3420e-ab62-11f1-87c2-c2252fb4e988 для пакета Microsoft.WindowsTerminal_1.24.11911.0_x64__8wekyb3d8bbwe."
"08.09.2026 18:58:24","211","Сведения","Microsoft-Windows-AppModel-Runtime","Добавлен процесс 7092 к контейнеру Desktop AppX a5b339ef-ab62-11f1-87c2-c2252fb4e988 для пакета OpenAI.Codex_26.901.6511.0_x64__2p2nqsd0c76g0."
"08.09.2026 18:58:23","217","Сведения","Microsoft-Windows-AppModel-Runtime","Удален контейнер Desktop AppX a5b341fe-ab62-11f1-87c2-c2252fb4e988 для пакета Microsoft.WindowsTerminal_1.24.11911.0_x64__8wekyb3d8bbwe."
"08.09.2026 18:58:16","211","Сведения","Microsoft-Windows-AppModel-Runtime","Добавлен процесс 18648 к контейнеру Desktop AppX a5b341fe-ab62-11f1-87c2-c2252fb4e988 для пакета Microsoft.WindowsTerminal_1.24.11911.0_x64__8wekyb3d8bbwe."
"08.09.2026 18:58:16","210","Сведения","Microsoft-Windows-AppModel-Runtime","Создан контейнер Desktop AppX a5b341fe-ab62-11f1-87c2-c2252fb4e988 для пакета Microsoft.WindowsTerminal_1.24.11911.0_x64__8wekyb3d8bbwe."
"08.09.2026 18:58:16","211","Сведения","Microsoft-Windows-AppModel-Runtime","Добавлен процесс 20424 к контейнеру Desktop AppX a5b339ef-ab62-11f1-87c2-c2252fb4e988 для пакета OpenAI.Codex_26.901.6511.0_x64__2p2nqsd0c76g0."
"08.09.2026 18:58:15","217","Сведения","Microsoft-Windows-AppModel-Runtime","Удален контейнер Desktop AppX a5b341f8-ab62-11f1-87c2-c2252fb4e988 для пакета Microsoft.WindowsTerminal_1.24.11911.0_x64__8wekyb3d8bbwe."
"08.09.2026 18:57:54","211","Сведения","Microsoft-Windows-AppModel-Runtime","Добавлен процесс 17592 к контейнеру Desktop AppX a5b341f8-ab62-11f1-87c2-c2252fb4e988 для пакета Microsoft.WindowsTerminal_1.24.11911.0_x64__8wekyb3d8bbwe."
"08.09.2026 18:57:54","210","Сведения","Microsoft-Windows-AppModel-Runtime","Создан контейнер Desktop AppX a5b341f8-ab62-11f1-87c2-c2252fb4e988 для пакета Microsoft.WindowsTerminal_1.24.11911.0_x64__8wekyb3d8bbwe."
"08.09.2026 18:57:54","211","Сведения","Microsoft-Windows-AppModel-Runtime","Добавлен процесс 20716 к контейнеру Desktop AppX a5b339ef-ab62-11f1-87c2-c2252fb4e988 для пакета OpenAI.Codex_26.901.6511.0_x64__2p2nqsd0c76g0."
"08.09.2026 18:57:54","217","Сведения","Microsoft-Windows-AppModel-Runtime","Удален контейнер Desktop AppX a5b341f2-ab62-11f1-87c2-c2252fb4e988 для пакета Microsoft.WindowsTerminal_1.24.11911.0_x64__8wekyb3d8bbwe."
"08.09.2026 18:57:43","211","Сведения","Microsoft-Windows-AppModel-Runtime","Добавлен процесс 20656 к контейнеру Desktop AppX a5b341f2-ab62-11f1-87c2-c2252fb4e988 для пакета Microsoft.WindowsTerminal_1.24.11911.0_x64__8wekyb3d8bbwe."
"08.09.2026 18:57:43","210","Сведения","Microsoft-Windows-AppModel-Runtime","Создан контейнер Desktop AppX a5b341f2-ab62-11f1-87c2-c2252fb4e988 для пакета Microsoft.WindowsTerminal_1.24.11911.0_x64__8wekyb3d8bbwe."
"08.09.2026 18:57:43","211","Сведения","Microsoft-Windows-AppModel-Runtime","Добавлен процесс 9864 к контейнеру Desktop AppX a5b339ef-ab62-11f1-87c2-c2252fb4e988 для пакета OpenAI.Codex_26.901.6511.0_x64__2p2nqsd0c76g0."
"08.09.2026 18:57:37","217","Сведения","Microsoft-Windows-AppModel-Runtime","Удален контейнер Desktop AppX a5b341e9-ab62-11f1-87c2-c2252fb4e988 для пакета Microsoft.WindowsTerminal_1.24.11911.0_x64__8wekyb3d8bbwe."
"08.09.2026 18:57:25","211","Сведения","Microsoft-Windows-AppModel-Runtime","Добавлен процесс 21448 к контейнеру Desktop AppX a5b341e9-ab62-11f1-87c2-c2252fb4e988 для пакета Microsoft.WindowsTerminal_1.24.11911.0_x64__8wekyb3d8bbwe."
"08.09.2026 18:57:25","210","Сведения","Microsoft-Windows-AppModel-Runtime","Создан контейнер Desktop AppX a5b341e9-ab62-11f1-87c2-c2252fb4e988 для пакета Microsoft.WindowsTerminal_1.24.11911.0_x64__8wekyb3d8bbwe."
"08.09.2026 18:57:25","211","Сведения","Microsoft-Windows-AppModel-Runtime","Добавлен процесс 12560 к контейнеру Desktop AppX a5b339ef-ab62-11f1-87c2-c2252fb4e988 для пакета OpenAI.Codex_26.901.6511.0_x64__2p2nqsd0c76g0."
"08.09.2026 18:57:22","217","Сведения","Microsoft-Windows-AppModel-Runtime","Удален контейнер Desktop AppX a5b341e3-ab62-11f1-87c2-c2252fb4e988 для пакета Microsoft.WindowsTerminal_1.24.11911.0_x64__8wekyb3d8bbwe."
"08.09.2026 18:57:09","211","Сведения","Microsoft-Windows-AppModel-Runtime","Добавлен процесс 16732 к контейнеру Desktop AppX a5b341e3-ab62-11f1-87c2-c2252fb4e988 для пакета Microsoft.WindowsTerminal_1.24.11911.0_x64__8wekyb3d8bbwe."
"08.09.2026 18:57:09","210","Сведения","Microsoft-Windows-AppModel-Runtime","Создан контейнер Desktop AppX a5b341e3-ab62-11f1-87c2-c2252fb4e988 для пакета Microsoft.WindowsTerminal_1.24.11911.0_x64__8wekyb3d8bbwe."
"08.09.2026 18:57:09","211","Сведения","Microsoft-Windows-AppModel-Runtime","Добавлен процесс 17720 к контейнеру Desktop AppX a5b339ef-ab62-11f1-87c2-c2252fb4e988 для пакета OpenAI.Codex_26.901.6511.0_x64__2p2nqsd0c76g0."
"08.09.2026 18:57:05","217","Сведения","Microsoft-Windows-AppModel-Runtime","Удален контейнер Desktop AppX a5b341d3-ab62-11f1-87c2-c2252fb4e988 для пакета Microsoft.WindowsTerminal_1.24.11911.0_x64__8wekyb3d8bbwe."
"08.09.2026 18:56:57","211","Сведения","Microsoft-Windows-AppModel-Runtime","Добавлен процесс 17548 к контейнеру Desktop AppX a5b341d3-ab62-11f1-87c2-c2252fb4e988 для пакета Microsoft.WindowsTerminal_1.24.11911.0_x64__8wekyb3d8bbwe."
"08.09.2026 18:56:57","210","Сведения","Microsoft-Windows-AppModel-Runtime","Создан контейнер Desktop AppX a5b341d3-ab62-11f1-87c2-c2252fb4e988 для пакета Microsoft.WindowsTerminal_1.24.11911.0_x64__8wekyb3d8bbwe."
"08.09.2026 18:56:57","211","Сведения","Microsoft-Windows-AppModel-Runtime","Добавлен процесс 2748 к контейнеру Desktop AppX a5b339ef-ab62-11f1-87c2-c2252fb4e988 для пакета OpenAI.Codex_26.901.6511.0_x64__2p2nqsd0c76g0."
"08.09.2026 18:56:13","217","Сведения","Microsoft-Windows-AppModel-Runtime","Удален контейнер Desktop AppX a5b341c8-ab62-11f1-87c2-c2252fb4e988 для пакета Microsoft.WindowsTerminal_1.24.11911.0_x64__8wekyb3d8bbwe."
"08.09.2026 18:56:06","211","Сведения","Microsoft-Windows-AppModel-Runtime","Добавлен процесс 20272 к контейнеру Desktop AppX a5b341c8-ab62-11f1-87c2-c2252fb4e988 для пакета Microsoft.WindowsTerminal_1.24.11911.0_x64__8wekyb3d8bbwe."
"08.09.2026 18:56:06","210","Сведения","Microsoft-Windows-AppModel-Runtime","Создан контейнер Desktop AppX a5b341c8-ab62-11f1-87c2-c2252fb4e988 для пакета Microsoft.WindowsTerminal_1.24.11911.0_x64__8wekyb3d8bbwe."
"08.09.2026 18:56:06","211","Сведения","Microsoft-Windows-AppModel-Runtime","Добавлен процесс 12184 к контейнеру Desktop AppX a5b339ef-ab62-11f1-87c2-c2252fb4e988 для пакета OpenAI.Codex_26.901.6511.0_x64__2p2nqsd0c76g0."
"08.09.2026 18:56:03","217","Сведения","Microsoft-Windows-AppModel-Runtime","Удален контейнер Desktop AppX a5b341c0-ab62-11f1-87c2-c2252fb4e988 для пакета Microsoft.WindowsTerminal_1.24.11911.0_x64__8wekyb3d8bbwe."
"08.09.2026 18:55:56","211","Сведения","Microsoft-Windows-AppModel-Runtime","Добавлен процесс 5784 к контейнеру Desktop AppX a5b341c0-ab62-11f1-87c2-c2252fb4e988 для пакета Microsoft.WindowsTerminal_1.24.11911.0_x64__8wekyb3d8bbwe."
"08.09.2026 18:55:56","210","Сведения","Microsoft-Windows-AppModel-Runtime","Создан контейнер Desktop AppX a5b341c0-ab62-11f1-87c2-c2252fb4e988 для пакета Microsoft.WindowsTerminal_1.24.11911.0_x64__8wekyb3d8bbwe."
"08.09.2026 18:55:56","211","Сведения","Microsoft-Windows-AppModel-Runtime","Добавлен процесс 20376 к контейнеру Desktop AppX a5b339ef-ab62-11f1-87c2-c2252fb4e988 для пакета OpenAI.Codex_26.901.6511.0_x64__2p2nqsd0c76g0."
"08.09.2026 18:55:34","217","Сведения","Microsoft-Windows-AppModel-Runtime","Удален контейнер Desktop AppX a5b341a5-ab62-11f1-87c2-c2252fb4e988 для пакета Microsoft.WindowsTerminal_1.24.11911.0_x64__8wekyb3d8bbwe."
"08.09.2026 18:55:22","211","Сведения","Microsoft-Windows-AppModel-Runtime","Добавлен процесс 17396 к контейнеру Desktop AppX a5b341a5-ab62-11f1-87c2-c2252fb4e988 для пакета Microsoft.WindowsTerminal_1.24.11911.0_x64__8wekyb3d8bbwe."
"08.09.2026 18:55:22","210","Сведения","Microsoft-Windows-AppModel-Runtime","Создан контейнер Desktop AppX a5b341a5-ab62-11f1-87c2-c2252fb4e988 для пакета Microsoft.WindowsTerminal_1.24.11911.0_x64__8wekyb3d8bbwe."
"08.09.2026 18:55:22","211","Сведения","Microsoft-Windows-AppModel-Runtime","Добавлен процесс 5196 к контейнеру Desktop AppX a5b339ef-ab62-11f1-87c2-c2252fb4e988 для пакета OpenAI.Codex_26.901.6511.0_x64__2p2nqsd0c76g0."
"08.09.2026 18:55:18","217","Сведения","Microsoft-Windows-AppModel-Runtime","Удален контейнер Desktop AppX a5b3419d-ab62-11f1-87c2-c2252fb4e988 для пакета Microsoft.WindowsTerminal_1.24.11911.0_x64__8wekyb3d8bbwe."
"08.09.2026 18:55:13","211","Сведения","Microsoft-Windows-AppModel-Runtime","Добавлен процесс 20560 к контейнеру Desktop AppX a5b3419d-ab62-11f1-87c2-c2252fb4e988 для пакета Microsoft.WindowsTerminal_1.24.11911.0_x64__8wekyb3d8bbwe."
"08.09.2026 18:55:13","210","Сведения","Microsoft-Windows-AppModel-Runtime","Создан контейнер Desktop AppX a5b3419d-ab62-11f1-87c2-c2252fb4e988 для пакета Microsoft.WindowsTerminal_1.24.11911.0_x64__8wekyb3d8bbwe."
"08.09.2026 18:55:13","211","Сведения","Microsoft-Windows-AppModel-Runtime","Добавлен процесс 10716 к контейнеру Desktop AppX a5b339ef-ab62-11f1-87c2-c2252fb4e988 для пакета OpenAI.Codex_26.901.6511.0_x64__2p2nqsd0c76g0."
"08.09.2026 18:55:06","217","Сведения","Microsoft-Windows-AppModel-Runtime","Удален контейнер Desktop AppX a5b34197-ab62-11f1-87c2-c2252fb4e988 для пакета Microsoft.WindowsTerminal_1.24.11911.0_x64__8wekyb3d8bbwe."
"08.09.2026 18:54:56","211","Сведения","Microsoft-Windows-AppModel-Runtime","Добавлен процесс 17496 к контейнеру Desktop AppX a5b34197-ab62-11f1-87c2-c2252fb4e988 для пакета Microsoft.WindowsTerminal_1.24.11911.0_x64__8wekyb3d8bbwe."
"08.09.2026 18:54:56","210","Сведения","Microsoft-Windows-AppModel-Runtime","Создан контейнер Desktop AppX a5b34197-ab62-11f1-87c2-c2252fb4e988 для пакета Microsoft.WindowsTerminal_1.24.11911.0_x64__8wekyb3d8bbwe."
"08.09.2026 18:54:56","211","Сведения","Microsoft-Windows-AppModel-Runtime","Добавлен процесс 19536 к контейнеру Desktop AppX a5b339ef-ab62-11f1-87c2-c2252fb4e988 для пакета OpenAI.Codex_26.901.6511.0_x64__2p2nqsd0c76g0."
"08.09.2026 18:54:52","217","Сведения","Microsoft-Windows-AppModel-Runtime","Удален контейнер Desktop AppX a5b34190-ab62-11f1-87c2-c2252fb4e988 для пакета Microsoft.WindowsTerminal_1.24.11911.0_x64__8wekyb3d8bbwe."
"08.09.2026 18:54:22","211","Сведения","Microsoft-Windows-AppModel-Runtime","Добавлен процесс 6884 к контейнеру Desktop AppX a5b34190-ab62-11f1-87c2-c2252fb4e988 для пакета Microsoft.WindowsTerminal_1.24.11911.0_x64__8wekyb3d8bbwe."
"08.09.2026 18:54:22","210","Сведения","Microsoft-Windows-AppModel-Runtime","Создан контейнер Desktop AppX a5b34190-ab62-11f1-87c2-c2252fb4e988 для пакета Microsoft.WindowsTerminal_1.24.11911.0_x64__8wekyb3d8bbwe."
"08.09.2026 18:54:21","211","Сведения","Microsoft-Windows-AppModel-Runtime","Добавлен процесс 20620 к контейнеру Desktop AppX a5b339ef-ab62-11f1-87c2-c2252fb4e988 для пакета OpenAI.Codex_26.901.6511.0_x64__2p2nqsd0c76g0."
"08.09.2026 18:54:14","217","Сведения","Microsoft-Windows-AppModel-Runtime","Удален контейнер Desktop AppX a5b34185-ab62-11f1-87c2-c2252fb4e988 для пакета Microsoft.WindowsTerminal_1.24.11911.0_x64__8wekyb3d8bbwe."
"08.09.2026 18:54:01","211","Сведения","Microsoft-Windows-AppModel-Runtime","Добавлен процесс 21576 к контейнеру Desktop AppX a5b34185-ab62-11f1-87c2-c2252fb4e988 для пакета Microsoft.WindowsTerminal_1.24.11911.0_x64__8wekyb3d8bbwe."
"08.09.2026 18:54:01","210","Сведения","Microsoft-Windows-AppModel-Runtime","Создан контейнер Desktop AppX a5b34185-ab62-11f1-87c2-c2252fb4e988 для пакета Microsoft.WindowsTerminal_1.24.11911.0_x64__8wekyb3d8bbwe."
"08.09.2026 18:54:01","211","Сведения","Microsoft-Windows-AppModel-Runtime","Добавлен процесс 18192 к контейнеру Desktop AppX a5b339ef-ab62-11f1-87c2-c2252fb4e988 для пакета OpenAI.Codex_26.901.6511.0_x64__2p2nqsd0c76g0."
"08.09.2026 18:53:26","217","Сведения","Microsoft-Windows-AppModel-Runtime","Удален контейнер Desktop AppX a5b34178-ab62-11f1-87c2-c2252fb4e988 для пакета Microsoft.WindowsTerminal_1.24.11911.0_x64__8wekyb3d8bbwe."
"08.09.2026 18:53:21","211","Сведения","Microsoft-Windows-AppModel-Runtime","Добавлен процесс 19396 к контейнеру Desktop AppX a5b34178-ab62-11f1-87c2-c2252fb4e988 для пакета Microsoft.WindowsTerminal_1.24.11911.0_x64__8wekyb3d8bbwe."
"08.09.2026 18:53:21","210","Сведения","Microsoft-Windows-AppModel-Runtime","Создан контейнер Desktop AppX a5b34178-ab62-11f1-87c2-c2252fb4e988 для пакета Microsoft.WindowsTerminal_1.24.11911.0_x64__8wekyb3d8bbwe."
"08.09.2026 18:53:21","211","Сведения","Microsoft-Windows-AppModel-Runtime","Добавлен процесс 11620 к контейнеру Desktop AppX a5b339ef-ab62-11f1-87c2-c2252fb4e988 для пакета OpenAI.Codex_26.901.6511.0_x64__2p2nqsd0c76g0."
"08.09.2026 18:53:18","217","Сведения","Microsoft-Windows-AppModel-Runtime","Удален контейнер Desktop AppX a5b34168-ab62-11f1-87c2-c2252fb4e988 для пакета Microsoft.WindowsTerminal_1.24.11911.0_x64__8wekyb3d8bbwe."
"08.09.2026 18:53:12","211","Сведения","Microsoft-Windows-AppModel-Runtime","Добавлен процесс 17260 к контейнеру Desktop AppX a5b34168-ab62-11f1-87c2-c2252fb4e988 для пакета Microsoft.WindowsTerminal_1.24.11911.0_x64__8wekyb3d8bbwe."
"08.09.2026 18:53:12","210","Сведения","Microsoft-Windows-AppModel-Runtime","Создан контейнер Desktop AppX a5b34168-ab62-11f1-87c2-c2252fb4e988 для пакета Microsoft.WindowsTerminal_1.24.11911.0_x64__8wekyb3d8bbwe."
"08.09.2026 18:53:12","211","Сведения","Microsoft-Windows-AppModel-Runtime","Добавлен процесс 7352 к контейнеру Desktop AppX a5b339ef-ab62-11f1-87c2-c2252fb4e988 для пакета OpenAI.Codex_26.901.6511.0_x64__2p2nqsd0c76g0."
"08.09.2026 18:51:07","217","Сведения","Microsoft-Windows-AppModel-Runtime","Удален контейнер Desktop AppX a5b3413c-ab62-11f1-87c2-c2252fb4e988 для пакета Microsoft.WindowsTerminal_1.24.11911.0_x64__8wekyb3d8bbwe."
