"08.09.2026 18:51:02","211","Сведения","Microsoft-Windows-AppModel-Runtime","Добавлен процесс 8712 к контейнеру Desktop AppX a5b3413c-ab62-11f1-87c2-c2252fb4e988 для пакета Microsoft.WindowsTerminal_1.24.11911.0_x64__8wekyb3d8bbwe."
"08.09.2026 18:51:02","210","Сведения","Microsoft-Windows-AppModel-Runtime","Создан контейнер Desktop AppX a5b3413c-ab62-11f1-87c2-c2252fb4e988 для пакета Microsoft.WindowsTerminal_1.24.11911.0_x64__8wekyb3d8bbwe."
"08.09.2026 18:51:02","211","Сведения","Microsoft-Windows-AppModel-Runtime","Добавлен процесс 12692 к контейнеру Desktop AppX a5b339ef-ab62-11f1-87c2-c2252fb4e988 для пакета OpenAI.Codex_26.901.6511.0_x64__2p2nqsd0c76g0."
"08.09.2026 15:44:49","201","Сведения","Microsoft-Windows-AppModel-Runtime","Создан процесс 21396 для приложения OpenAI.Codex_2p2nqsd0c76g0!App в пакете OpenAI.Codex_26.901.6511.0_x64__2p2nqsd0c76g0. [LaunchProcess]"
"08.09.2026 15:44:49","211","Сведения","Microsoft-Windows-AppModel-Runtime","Добавлен процесс 21396 к контейнеру Desktop AppX a5b339ef-ab62-11f1-87c2-c2252fb4e988 для пакета OpenAI.Codex_26.901.6511.0_x64__2p2nqsd0c76g0."
"08.09.2026 15:44:18","41","Сведения","Microsoft-Windows-AppModel-Runtime","AppContainer draw.io.draw.ioDiagrams_1zh33159kp73c успешно удален."
"08.09.2026 15:44:18","70","Сведения","Microsoft-Windows-AppModel-Runtime","Состояние среды выполнения AppModel для пакета draw.io.draw.ioDiagrams_31.3.1.0_x64__1zh33159kp73c для пользователя S-1-5-21-239302790-3235067425-44167425-1001 успешно обновлено до 0x20 (предыдущее состояние = 0x0)."
"08.09.2026 15:44:05","41","Сведения","Microsoft-Windows-AppModel-Runtime","AppContainer com.flutter.riveeditor_g2vzrvmhnrrvc успешно удален."
"08.09.2026 15:44:05","70","Сведения","Microsoft-Windows-AppModel-Runtime","Состояние среды выполнения AppModel для пакета com.flutter.riveeditor_1.8.5390.5377_x64__g2vzrvmhnrrvc для пользователя S-1-5-21-239302790-3235067425-44167425-1001 успешно обновлено до 0x20 (предыдущее состояние = 0x0)."
"08.09.2026 15:43:23","201","Сведения","Microsoft-Windows-AppModel-Runtime","Создан процесс 20044 для приложения Microsoft.OfficePushNotificationUtility_8wekyb3d8bbwe!OPushUtil в пакете Microsoft.OfficePushNotificationUtility_16.0.20326.20132_neutral__8wekyb3d8bbwe. [FinishPackageActivation]"
"08.09.2026 15:33:56","201","Сведения","Microsoft-Windows-AppModel-Runtime","Создан процесс 12336 для приложения OpenAI.Codex_2p2nqsd0c76g0!App в пакете OpenAI.Codex_26.901.6511.0_x64__2p2nqsd0c76g0. [LaunchProcess]"
"08.09.2026 15:33:56","211","Сведения","Microsoft-Windows-AppModel-Runtime","Добавлен процесс 12336 к контейнеру Desktop AppX a5b339ef-ab62-11f1-87c2-c2252fb4e988 для пакета OpenAI.Codex_26.901.6511.0_x64__2p2nqsd0c76g0."
"08.09.2026 15:33:56","210","Сведения","Microsoft-Windows-AppModel-Runtime","Создан контейнер Desktop AppX a5b339ef-ab62-11f1-87c2-c2252fb4e988 для пакета OpenAI.Codex_26.901.6511.0_x64__2p2nqsd0c76g0."
"08.09.2026 14:13:07","201","Сведения","Microsoft-Windows-AppModel-Runtime","Создан процесс 19476 для приложения Microsoft.Office.ActionsServer_8wekyb3d8bbwe!Microsoft.Office.ActionsServer в пакете Microsoft.Office.ActionsServer_16.0.20326.20132_neutral__8wekyb3d8bbwe. [FinishPackageActivation]"
"08.09.2026 14:08:07","201","Сведения","Microsoft-Windows-AppModel-Runtime","Создан процесс 19100 для приложения Microsoft.Office.ActionsServer_8wekyb3d8bbwe!Microsoft.Office.ActionsServer в пакете Microsoft.Office.ActionsServer_16.0.20326.20132_neutral__8wekyb3d8bbwe. [FinishPackageActivation]"
"08.09.2026 13:58:06","201","Сведения","Microsoft-Windows-AppModel-Runtime","Создан процесс 8620 для приложения Microsoft.OfficePushNotificationUtility_8wekyb3d8bbwe!OPushUtil в пакете Microsoft.OfficePushNotificationUtility_16.0.20326.20132_neutral__8wekyb3d8bbwe. [FinishPackageActivation]"
"08.09.2026 13:53:02","217","Сведения","Microsoft-Windows-AppModel-Runtime","Удален контейнер Desktop AppX a5b33029-ab62-11f1-87c2-b42e991a90d9 для пакета MicrosoftCorporationII.WindowsSubsystemForLinux_2.7.12.0_x64__8wekyb3d8bbwe."
"08.09.2026 13:53:02","211","Сведения","Microsoft-Windows-AppModel-Runtime","Добавлен процесс 7500 к контейнеру Desktop AppX a5b33029-ab62-11f1-87c2-b42e991a90d9 для пакета MicrosoftCorporationII.WindowsSubsystemForLinux_2.7.12.0_x64__8wekyb3d8bbwe."
"08.09.2026 13:53:02","210","Сведения","Microsoft-Windows-AppModel-Runtime","Создан контейнер Desktop AppX a5b33029-ab62-11f1-87c2-b42e991a90d9 для пакета MicrosoftCorporationII.WindowsSubsystemForLinux_2.7.12.0_x64__8wekyb3d8bbwe."
"08.09.2026 13:52:58","40","Сведения","Microsoft-Windows-AppModel-Runtime","AppContainer onecore\ds\security\gina\profile\profext\appcontainer.cpp Line:1813 Usermode Font Driver Host microsoft.windows.fontdrvhost не был создан, так как он уже существует."
"08.09.2026 13:52:58","40","Сведения","Microsoft-Windows-AppModel-Runtime","AppContainer onecore\ds\security\gina\profile\profext\appcontainer.cpp Line:1813 Usermode Font Driver Host microsoft.windows.fontdrvhost не был создан, так как он уже существует."
"08.09.2026 13:49:27","217","Сведения","Microsoft-Windows-AppModel-Runtime","Удален контейнер Desktop AppX 25a723d5-ab62-11f1-87c1-b42e991a90d9 для пакета MicrosoftCorporationII.WindowsSubsystemForLinux_2.7.12.0_x64__8wekyb3d8bbwe."
"08.09.2026 13:49:27","211","Сведения","Microsoft-Windows-AppModel-Runtime","Добавлен процесс 7344 к контейнеру Desktop AppX 25a723d5-ab62-11f1-87c1-b42e991a90d9 для пакета MicrosoftCorporationII.WindowsSubsystemForLinux_2.7.12.0_x64__8wekyb3d8bbwe."
"08.09.2026 13:49:27","210","Сведения","Microsoft-Windows-AppModel-Runtime","Создан контейнер Desktop AppX 25a723d5-ab62-11f1-87c1-b42e991a90d9 для пакета MicrosoftCorporationII.WindowsSubsystemForLinux_2.7.12.0_x64__8wekyb3d8bbwe."
"08.09.2026 13:49:24","40","Сведения","Microsoft-Windows-AppModel-Runtime","AppContainer onecore\ds\security\gina\profile\profext\appcontainer.cpp Line:1813 Usermode Font Driver Host microsoft.windows.fontdrvhost не был создан, так как он уже существует."
"08.09.2026 13:49:24","40","Сведения","Microsoft-Windows-AppModel-Runtime","AppContainer onecore\ds\security\gina\profile\profext\appcontainer.cpp Line:1813 Usermode Font Driver Host microsoft.windows.fontdrvhost не был создан, так как он уже существует."
"08.09.2026 13:48:17","217","Сведения","Microsoft-Windows-AppModel-Runtime","Удален контейнер Desktop AppX 963c1adb-aa60-11f1-87c0-c0252fb4e988 для пакета Microsoft.PowerShell_7.6.5.0_x64__8wekyb3d8bbwe."
"08.09.2026 13:34:40","217","Сведения","Microsoft-Windows-AppModel-Runtime","Удален контейнер Desktop AppX fce0697a-ab5a-11f1-87c0-c0252fb4e988 для пакета Microsoft.WindowsTerminal_1.24.11911.0_x64__8wekyb3d8bbwe."
"08.09.2026 13:34:34","211","Сведения","Microsoft-Windows-AppModel-Runtime","Добавлен процесс 25404 к контейнеру Desktop AppX fce0697a-ab5a-11f1-87c0-c0252fb4e988 для пакета Microsoft.WindowsTerminal_1.24.11911.0_x64__8wekyb3d8bbwe."
"08.09.2026 13:34:34","210","Сведения","Microsoft-Windows-AppModel-Runtime","Создан контейнер Desktop AppX fce0697a-ab5a-11f1-87c0-c0252fb4e988 для пакета Microsoft.WindowsTerminal_1.24.11911.0_x64__8wekyb3d8bbwe."
"08.09.2026 13:34:32","211","Сведения","Microsoft-Windows-AppModel-Runtime","Добавлен процесс 33484 к контейнеру Desktop AppX 75ae3e69-a976-11f1-87c0-c0252fb4e988 для пакета OpenAI.Codex_26.901.6511.0_x64__2p2nqsd0c76g0."
"08.09.2026 13:33:22","217","Сведения","Microsoft-Windows-AppModel-Runtime","Удален контейнер Desktop AppX fce06940-ab5a-11f1-87c0-c0252fb4e988 для пакета Microsoft.WindowsTerminal_1.24.11911.0_x64__8wekyb3d8bbwe."
"08.09.2026 13:33:17","211","Сведения","Microsoft-Windows-AppModel-Runtime","Добавлен процесс 27872 к контейнеру Desktop AppX fce06940-ab5a-11f1-87c0-c0252fb4e988 для пакета Microsoft.WindowsTerminal_1.24.11911.0_x64__8wekyb3d8bbwe."
"08.09.2026 13:33:17","210","Сведения","Microsoft-Windows-AppModel-Runtime","Создан контейнер Desktop AppX fce06940-ab5a-11f1-87c0-c0252fb4e988 для пакета Microsoft.WindowsTerminal_1.24.11911.0_x64__8wekyb3d8bbwe."
"08.09.2026 13:33:17","211","Сведения","Microsoft-Windows-AppModel-Runtime","Добавлен процесс 18688 к контейнеру Desktop AppX 75ae3e69-a976-11f1-87c0-c0252fb4e988 для пакета OpenAI.Codex_26.901.6511.0_x64__2p2nqsd0c76g0."
"08.09.2026 12:05:39","201","Сведения","Microsoft-Windows-AppModel-Runtime","Создан процесс 17416 для приложения OpenAI.Codex_2p2nqsd0c76g0!App в пакете OpenAI.Codex_26.901.6511.0_x64__2p2nqsd0c76g0. [LaunchProcess]"
"08.09.2026 12:05:39","211","Сведения","Microsoft-Windows-AppModel-Runtime","Добавлен процесс 17416 к контейнеру Desktop AppX 75ae3e69-a976-11f1-87c0-c0252fb4e988 для пакета OpenAI.Codex_26.901.6511.0_x64__2p2nqsd0c76g0."
"08.09.2026 11:40:03","217","Сведения","Microsoft-Windows-AppModel-Runtime","Удален контейнер Desktop AppX 31d08571-ab47-11f1-87c0-c0252fb4e988 для пакета OpenAI.CodexBeta_26.727.4816.0_x64__2p2nqsd0c76g0."
"08.09.2026 11:39:31","201","Сведения","Microsoft-Windows-AppModel-Runtime","Создан процесс 7028 для приложения OpenAI.CodexBeta_2p2nqsd0c76g0!App в пакете OpenAI.CodexBeta_26.727.4816.0_x64__2p2nqsd0c76g0. [LaunchProcess]"
"08.09.2026 11:39:31","211","Сведения","Microsoft-Windows-AppModel-Runtime","Добавлен процесс 7028 к контейнеру Desktop AppX 31d08571-ab47-11f1-87c0-c0252fb4e988 для пакета OpenAI.CodexBeta_26.727.4816.0_x64__2p2nqsd0c76g0."
"08.09.2026 11:39:31","210","Сведения","Microsoft-Windows-AppModel-Runtime","Создан контейнер Desktop AppX 31d08571-ab47-11f1-87c0-c0252fb4e988 для пакета OpenAI.CodexBeta_26.727.4816.0_x64__2p2nqsd0c76g0."
"08.09.2026 10:51:59","217","Сведения","Microsoft-Windows-AppModel-Runtime","Удален контейнер Desktop AppX 31d07981-ab47-11f1-87c0-c0252fb4e988 для пакета Microsoft.WindowsTerminal_1.24.11911.0_x64__8wekyb3d8bbwe."
"08.09.2026 10:51:52","211","Сведения","Microsoft-Windows-AppModel-Runtime","Добавлен процесс 33520 к контейнеру Desktop AppX 31d07981-ab47-11f1-87c0-c0252fb4e988 для пакета Microsoft.WindowsTerminal_1.24.11911.0_x64__8wekyb3d8bbwe."
"08.09.2026 10:51:52","210","Сведения","Microsoft-Windows-AppModel-Runtime","Создан контейнер Desktop AppX 31d07981-ab47-11f1-87c0-c0252fb4e988 для пакета Microsoft.WindowsTerminal_1.24.11911.0_x64__8wekyb3d8bbwe."
"08.09.2026 10:51:52","211","Сведения","Microsoft-Windows-AppModel-Runtime","Добавлен процесс 17924 к контейнеру Desktop AppX 75ae3e69-a976-11f1-87c0-c0252fb4e988 для пакета OpenAI.Codex_26.901.6511.0_x64__2p2nqsd0c76g0."
"08.09.2026 10:51:29","217","Сведения","Microsoft-Windows-AppModel-Runtime","Удален контейнер Desktop AppX 31d07952-ab47-11f1-87c0-c0252fb4e988 для пакета Microsoft.WindowsTerminal_1.24.11911.0_x64__8wekyb3d8bbwe."
"08.09.2026 10:51:22","211","Сведения","Microsoft-Windows-AppModel-Runtime","Добавлен процесс 14580 к контейнеру Desktop AppX 31d07952-ab47-11f1-87c0-c0252fb4e988 для пакета Microsoft.WindowsTerminal_1.24.11911.0_x64__8wekyb3d8bbwe."
"08.09.2026 10:51:22","210","Сведения","Microsoft-Windows-AppModel-Runtime","Создан контейнер Desktop AppX 31d07952-ab47-11f1-87c0-c0252fb4e988 для пакета Microsoft.WindowsTerminal_1.24.11911.0_x64__8wekyb3d8bbwe."
"08.09.2026 10:51:22","211","Сведения","Microsoft-Windows-AppModel-Runtime","Добавлен процесс 29012 к контейнеру Desktop AppX 75ae3e69-a976-11f1-87c0-c0252fb4e988 для пакета OpenAI.Codex_26.901.6511.0_x64__2p2nqsd0c76g0."
"08.09.2026 10:51:14","217","Сведения","Microsoft-Windows-AppModel-Runtime","Удален контейнер Desktop AppX 31d07928-ab47-11f1-87c0-c0252fb4e988 для пакета Microsoft.WindowsTerminal_1.24.11911.0_x64__8wekyb3d8bbwe."
"08.09.2026 10:51:09","211","Сведения","Microsoft-Windows-AppModel-Runtime","Добавлен процесс 30280 к контейнеру Desktop AppX 31d07928-ab47-11f1-87c0-c0252fb4e988 для пакета Microsoft.WindowsTerminal_1.24.11911.0_x64__8wekyb3d8bbwe."
"08.09.2026 10:51:09","210","Сведения","Microsoft-Windows-AppModel-Runtime","Создан контейнер Desktop AppX 31d07928-ab47-11f1-87c0-c0252fb4e988 для пакета Microsoft.WindowsTerminal_1.24.11911.0_x64__8wekyb3d8bbwe."
"08.09.2026 10:51:09","211","Сведения","Microsoft-Windows-AppModel-Runtime","Добавлен процесс 11460 к контейнеру Desktop AppX 75ae3e69-a976-11f1-87c0-c0252fb4e988 для пакета OpenAI.Codex_26.901.6511.0_x64__2p2nqsd0c76g0."
"08.09.2026 10:50:44","217","Сведения","Microsoft-Windows-AppModel-Runtime","Удален контейнер Desktop AppX 31d078ae-ab47-11f1-87c0-c0252fb4e988 для пакета Microsoft.WindowsTerminal_1.24.11911.0_x64__8wekyb3d8bbwe."
"08.09.2026 10:49:53","211","Сведения","Microsoft-Windows-AppModel-Runtime","Добавлен процесс 5792 к контейнеру Desktop AppX 31d078ae-ab47-11f1-87c0-c0252fb4e988 для пакета Microsoft.WindowsTerminal_1.24.11911.0_x64__8wekyb3d8bbwe."
"08.09.2026 10:49:53","210","Сведения","Microsoft-Windows-AppModel-Runtime","Создан контейнер Desktop AppX 31d078ae-ab47-11f1-87c0-c0252fb4e988 для пакета Microsoft.WindowsTerminal_1.24.11911.0_x64__8wekyb3d8bbwe."
"08.09.2026 10:49:53","211","Сведения","Microsoft-Windows-AppModel-Runtime","Добавлен процесс 20668 к контейнеру Desktop AppX 75ae3e69-a976-11f1-87c0-c0252fb4e988 для пакета OpenAI.Codex_26.901.6511.0_x64__2p2nqsd0c76g0."
"08.09.2026 10:49:41","217","Сведения","Microsoft-Windows-AppModel-Runtime","Удален контейнер Desktop AppX 31d0787f-ab47-11f1-87c0-c0252fb4e988 для пакета Microsoft.WindowsTerminal_1.24.11911.0_x64__8wekyb3d8bbwe."
"08.09.2026 10:49:35","211","Сведения","Microsoft-Windows-AppModel-Runtime","Добавлен процесс 29252 к контейнеру Desktop AppX 31d0787f-ab47-11f1-87c0-c0252fb4e988 для пакета Microsoft.WindowsTerminal_1.24.11911.0_x64__8wekyb3d8bbwe."
"08.09.2026 10:49:35","210","Сведения","Microsoft-Windows-AppModel-Runtime","Создан контейнер Desktop AppX 31d0787f-ab47-11f1-87c0-c0252fb4e988 для пакета Microsoft.WindowsTerminal_1.24.11911.0_x64__8wekyb3d8bbwe."
"08.09.2026 10:49:35","211","Сведения","Microsoft-Windows-AppModel-Runtime","Добавлен процесс 27012 к контейнеру Desktop AppX 75ae3e69-a976-11f1-87c0-c0252fb4e988 для пакета OpenAI.Codex_26.901.6511.0_x64__2p2nqsd0c76g0."
"08.09.2026 10:49:30","217","Сведения","Microsoft-Windows-AppModel-Runtime","Удален контейнер Desktop AppX 31d07870-ab47-11f1-87c0-c0252fb4e988 для пакета Microsoft.WindowsTerminal_1.24.11911.0_x64__8wekyb3d8bbwe."
"08.09.2026 10:49:19","211","Сведения","Microsoft-Windows-AppModel-Runtime","Добавлен процесс 30988 к контейнеру Desktop AppX 31d07870-ab47-11f1-87c0-c0252fb4e988 для пакета Microsoft.WindowsTerminal_1.24.11911.0_x64__8wekyb3d8bbwe."
"08.09.2026 10:49:19","210","Сведения","Microsoft-Windows-AppModel-Runtime","Создан контейнер Desktop AppX 31d07870-ab47-11f1-87c0-c0252fb4e988 для пакета Microsoft.WindowsTerminal_1.24.11911.0_x64__8wekyb3d8bbwe."
"08.09.2026 10:49:19","211","Сведения","Microsoft-Windows-AppModel-Runtime","Добавлен процесс 29708 к контейнеру Desktop AppX 75ae3e69-a976-11f1-87c0-c0252fb4e988 для пакета OpenAI.Codex_26.901.6511.0_x64__2p2nqsd0c76g0."
"08.09.2026 10:49:18","217","Сведения","Microsoft-Windows-AppModel-Runtime","Удален контейнер Desktop AppX 31d07849-ab47-11f1-87c0-c0252fb4e988 для пакета Microsoft.WindowsTerminal_1.24.11911.0_x64__8wekyb3d8bbwe."
"08.09.2026 10:48:26","211","Сведения","Microsoft-Windows-AppModel-Runtime","Добавлен процесс 32080 к контейнеру Desktop AppX 31d07849-ab47-11f1-87c0-c0252fb4e988 для пакета Microsoft.WindowsTerminal_1.24.11911.0_x64__8wekyb3d8bbwe."
"08.09.2026 10:48:26","210","Сведения","Microsoft-Windows-AppModel-Runtime","Создан контейнер Desktop AppX 31d07849-ab47-11f1-87c0-c0252fb4e988 для пакета Microsoft.WindowsTerminal_1.24.11911.0_x64__8wekyb3d8bbwe."
"08.09.2026 10:48:26","211","Сведения","Microsoft-Windows-AppModel-Runtime","Добавлен процесс 17944 к контейнеру Desktop AppX 75ae3e69-a976-11f1-87c0-c0252fb4e988 для пакета OpenAI.Codex_26.901.6511.0_x64__2p2nqsd0c76g0."
"08.09.2026 10:48:25","217","Сведения","Microsoft-Windows-AppModel-Runtime","Удален контейнер Desktop AppX 31d07842-ab47-11f1-87c0-c0252fb4e988 для пакета Microsoft.WindowsTerminal_1.24.11911.0_x64__8wekyb3d8bbwe."
"08.09.2026 10:48:20","211","Сведения","Microsoft-Windows-AppModel-Runtime","Добавлен процесс 32196 к контейнеру Desktop AppX 31d07842-ab47-11f1-87c0-c0252fb4e988 для пакета Microsoft.WindowsTerminal_1.24.11911.0_x64__8wekyb3d8bbwe."
"08.09.2026 10:48:20","210","Сведения","Microsoft-Windows-AppModel-Runtime","Создан контейнер Desktop AppX 31d07842-ab47-11f1-87c0-c0252fb4e988 для пакета Microsoft.WindowsTerminal_1.24.11911.0_x64__8wekyb3d8bbwe."
"08.09.2026 10:48:20","211","Сведения","Microsoft-Windows-AppModel-Runtime","Добавлен процесс 20364 к контейнеру Desktop AppX 75ae3e69-a976-11f1-87c0-c0252fb4e988 для пакета OpenAI.Codex_26.901.6511.0_x64__2p2nqsd0c76g0."
"08.09.2026 10:48:13","217","Сведения","Microsoft-Windows-AppModel-Runtime","Удален контейнер Desktop AppX 31d0782b-ab47-11f1-87c0-c0252fb4e988 для пакета Microsoft.WindowsTerminal_1.24.11911.0_x64__8wekyb3d8bbwe."
"08.09.2026 10:48:01","211","Сведения","Microsoft-Windows-AppModel-Runtime","Добавлен процесс 14264 к контейнеру Desktop AppX 31d0782b-ab47-11f1-87c0-c0252fb4e988 для пакета Microsoft.WindowsTerminal_1.24.11911.0_x64__8wekyb3d8bbwe."
"08.09.2026 10:48:01","210","Сведения","Microsoft-Windows-AppModel-Runtime","Создан контейнер Desktop AppX 31d0782b-ab47-11f1-87c0-c0252fb4e988 для пакета Microsoft.WindowsTerminal_1.24.11911.0_x64__8wekyb3d8bbwe."
"08.09.2026 10:48:01","211","Сведения","Microsoft-Windows-AppModel-Runtime","Добавлен процесс 936 к контейнеру Desktop AppX 75ae3e69-a976-11f1-87c0-c0252fb4e988 для пакета OpenAI.Codex_26.901.6511.0_x64__2p2nqsd0c76g0."
"08.09.2026 10:47:58","217","Сведения","Microsoft-Windows-AppModel-Runtime","Удален контейнер Desktop AppX 31d0781a-ab47-11f1-87c0-c0252fb4e988 для пакета Microsoft.WindowsTerminal_1.24.11911.0_x64__8wekyb3d8bbwe."
"08.09.2026 10:47:51","211","Сведения","Microsoft-Windows-AppModel-Runtime","Добавлен процесс 8268 к контейнеру Desktop AppX 31d0781a-ab47-11f1-87c0-c0252fb4e988 для пакета Microsoft.WindowsTerminal_1.24.11911.0_x64__8wekyb3d8bbwe."
"08.09.2026 10:47:51","210","Сведения","Microsoft-Windows-AppModel-Runtime","Создан контейнер Desktop AppX 31d0781a-ab47-11f1-87c0-c0252fb4e988 для пакета Microsoft.WindowsTerminal_1.24.11911.0_x64__8wekyb3d8bbwe."
"08.09.2026 10:47:51","211","Сведения","Microsoft-Windows-AppModel-Runtime","Добавлен процесс 32744 к контейнеру Desktop AppX 75ae3e69-a976-11f1-87c0-c0252fb4e988 для пакета OpenAI.Codex_26.901.6511.0_x64__2p2nqsd0c76g0."
"08.09.2026 10:47:47","217","Сведения","Microsoft-Windows-AppModel-Runtime","Удален контейнер Desktop AppX 31d0780c-ab47-11f1-87c0-c0252fb4e988 для пакета Microsoft.WindowsTerminal_1.24.11911.0_x64__8wekyb3d8bbwe."
"08.09.2026 10:47:41","211","Сведения","Microsoft-Windows-AppModel-Runtime","Добавлен процесс 33248 к контейнеру Desktop AppX 31d0780c-ab47-11f1-87c0-c0252fb4e988 для пакета Microsoft.WindowsTerminal_1.24.11911.0_x64__8wekyb3d8bbwe."
"08.09.2026 10:47:41","210","Сведения","Microsoft-Windows-AppModel-Runtime","Создан контейнер Desktop AppX 31d0780c-ab47-11f1-87c0-c0252fb4e988 для пакета Microsoft.WindowsTerminal_1.24.11911.0_x64__8wekyb3d8bbwe."
"08.09.2026 10:47:41","211","Сведения","Microsoft-Windows-AppModel-Runtime","Добавлен процесс 12020 к контейнеру Desktop AppX 75ae3e69-a976-11f1-87c0-c0252fb4e988 для пакета OpenAI.Codex_26.901.6511.0_x64__2p2nqsd0c76g0."
"08.09.2026 10:47:37","217","Сведения","Microsoft-Windows-AppModel-Runtime","Удален контейнер Desktop AppX 31d07801-ab47-11f1-87c0-c0252fb4e988 для пакета Microsoft.WindowsTerminal_1.24.11911.0_x64__8wekyb3d8bbwe."
"08.09.2026 10:47:32","211","Сведения","Microsoft-Windows-AppModel-Runtime","Добавлен процесс 19904 к контейнеру Desktop AppX 31d07801-ab47-11f1-87c0-c0252fb4e988 для пакета Microsoft.WindowsTerminal_1.24.11911.0_x64__8wekyb3d8bbwe."
"08.09.2026 10:47:32","210","Сведения","Microsoft-Windows-AppModel-Runtime","Создан контейнер Desktop AppX 31d07801-ab47-11f1-87c0-c0252fb4e988 для пакета Microsoft.WindowsTerminal_1.24.11911.0_x64__8wekyb3d8bbwe."
"08.09.2026 10:47:32","211","Сведения","Microsoft-Windows-AppModel-Runtime","Добавлен процесс 9764 к контейнеру Desktop AppX 75ae3e69-a976-11f1-87c0-c0252fb4e988 для пакета OpenAI.Codex_26.901.6511.0_x64__2p2nqsd0c76g0."
"08.09.2026 10:03:05","201","Сведения","Microsoft-Windows-AppModel-Runtime","Создан процесс 1940 для приложения OpenAI.Codex_2p2nqsd0c76g0!App в пакете OpenAI.Codex_26.901.6511.0_x64__2p2nqsd0c76g0. [LaunchProcess]"
"08.09.2026 10:03:05","211","Сведения","Microsoft-Windows-AppModel-Runtime","Добавлен процесс 1940 к контейнеру Desktop AppX 75ae3e69-a976-11f1-87c0-c0252fb4e988 для пакета OpenAI.Codex_26.901.6511.0_x64__2p2nqsd0c76g0."
"08.09.2026 10:00:39","217","Сведения","Microsoft-Windows-AppModel-Runtime","Удален контейнер Desktop AppX bac1b611-ab3e-11f1-87c0-c0252fb4e988 для пакета Microsoft.Windows.Photos_2026.11060.2004.0_x64__8wekyb3d8bbwe."
"08.09.2026 10:00:34","211","Сведения","Microsoft-Windows-AppModel-Runtime","Добавлен процесс 22636 к контейнеру Desktop AppX bac1b611-ab3e-11f1-87c0-c0252fb4e988 для пакета Microsoft.Windows.Photos_2026.11060.2004.0_x64__8wekyb3d8bbwe."
"08.09.2026 10:00:34","210","Сведения","Microsoft-Windows-AppModel-Runtime","Создан контейнер Desktop AppX bac1b611-ab3e-11f1-87c0-c0252fb4e988 для пакета Microsoft.Windows.Photos_2026.11060.2004.0_x64__8wekyb3d8bbwe."
"08.09.2026 9:57:24","217","Сведения","Microsoft-Windows-AppModel-Runtime","Удален контейнер Desktop AppX bac1aec7-ab3e-11f1-87c0-c0252fb4e988 для пакета Microsoft.Windows.Photos_2026.11060.2004.0_x64__8wekyb3d8bbwe."
"08.09.2026 9:57:19","211","Сведения","Microsoft-Windows-AppModel-Runtime","Добавлен процесс 21612 к контейнеру Desktop AppX bac1aec7-ab3e-11f1-87c0-c0252fb4e988 для пакета Microsoft.Windows.Photos_2026.11060.2004.0_x64__8wekyb3d8bbwe."
"08.09.2026 9:57:19","210","Сведения","Microsoft-Windows-AppModel-Runtime","Создан контейнер Desktop AppX bac1aec7-ab3e-11f1-87c0-c0252fb4e988 для пакета Microsoft.Windows.Photos_2026.11060.2004.0_x64__8wekyb3d8bbwe."
"08.09.2026 9:56:59","217","Сведения","Microsoft-Windows-AppModel-Runtime","Удален контейнер Desktop AppX bac1ae54-ab3e-11f1-87c0-c0252fb4e988 для пакета Microsoft.Windows.Photos_2026.11060.2004.0_x64__8wekyb3d8bbwe."
"08.09.2026 9:56:54","211","Сведения","Microsoft-Windows-AppModel-Runtime","Добавлен процесс 6528 к контейнеру Desktop AppX bac1ae54-ab3e-11f1-87c0-c0252fb4e988 для пакета Microsoft.Windows.Photos_2026.11060.2004.0_x64__8wekyb3d8bbwe."
"08.09.2026 9:56:54","210","Сведения","Microsoft-Windows-AppModel-Runtime","Создан контейнер Desktop AppX bac1ae54-ab3e-11f1-87c0-c0252fb4e988 для пакета Microsoft.Windows.Photos_2026.11060.2004.0_x64__8wekyb3d8bbwe."
"08.09.2026 9:39:02","217","Сведения","Microsoft-Windows-AppModel-Runtime","Удален контейнер Desktop AppX bac1a935-ab3e-11f1-87c0-c0252fb4e988 для пакета Microsoft.Windows.Photos_2026.11060.2004.0_x64__8wekyb3d8bbwe."
"08.09.2026 9:38:57","211","Сведения","Microsoft-Windows-AppModel-Runtime","Добавлен процесс 9600 к контейнеру Desktop AppX bac1a935-ab3e-11f1-87c0-c0252fb4e988 для пакета Microsoft.Windows.Photos_2026.11060.2004.0_x64__8wekyb3d8bbwe."
"08.09.2026 9:38:57","210","Сведения","Microsoft-Windows-AppModel-Runtime","Создан контейнер Desktop AppX bac1a935-ab3e-11f1-87c0-c0252fb4e988 для пакета Microsoft.Windows.Photos_2026.11060.2004.0_x64__8wekyb3d8bbwe."
"08.09.2026 9:28:39","217","Сведения","Microsoft-Windows-AppModel-Runtime","Удален контейнер Desktop AppX 24f8a72d-ab1c-11f1-87c0-c0252fb4e988 для пакета Microsoft.Windows.Photos_2026.11060.2004.0_x64__8wekyb3d8bbwe."
"08.09.2026 9:23:38","201","Сведения","Microsoft-Windows-AppModel-Runtime","Создан процесс 19576 для приложения Microsoft.Windows.Photos_8wekyb3d8bbwe!App в пакете Microsoft.Windows.Photos_2026.11060.2004.0_x64__8wekyb3d8bbwe. [LaunchProcess]"
"08.09.2026 9:23:38","211","Сведения","Microsoft-Windows-AppModel-Runtime","Добавлен процесс 19576 к контейнеру Desktop AppX 24f8a72d-ab1c-11f1-87c0-c0252fb4e988 для пакета Microsoft.Windows.Photos_2026.11060.2004.0_x64__8wekyb3d8bbwe."
"08.09.2026 9:23:36","201","Сведения","Microsoft-Windows-AppModel-Runtime","Создан процесс 30092 для приложения Microsoft.Windows.Photos_8wekyb3d8bbwe!App в пакете Microsoft.Windows.Photos_2026.11060.2004.0_x64__8wekyb3d8bbwe. [LaunchProcess]"
"08.09.2026 9:23:36","211","Сведения","Microsoft-Windows-AppModel-Runtime","Добавлен процесс 30092 к контейнеру Desktop AppX 24f8a72d-ab1c-11f1-87c0-c0252fb4e988 для пакета Microsoft.Windows.Photos_2026.11060.2004.0_x64__8wekyb3d8bbwe."
"08.09.2026 9:23:36","211","Сведения","Microsoft-Windows-AppModel-Runtime","Добавлен процесс 12792 к контейнеру Desktop AppX 24f8a72d-ab1c-11f1-87c0-c0252fb4e988 для пакета Microsoft.Windows.Photos_2026.11060.2004.0_x64__8wekyb3d8bbwe."
"08.09.2026 9:23:36","210","Сведения","Microsoft-Windows-AppModel-Runtime","Создан контейнер Desktop AppX 24f8a72d-ab1c-11f1-87c0-c0252fb4e988 для пакета Microsoft.Windows.Photos_2026.11060.2004.0_x64__8wekyb3d8bbwe."
"08.09.2026 9:18:09","217","Сведения","Microsoft-Windows-AppModel-Runtime","Удален контейнер Desktop AppX 24f8a618-ab1c-11f1-87c0-c0252fb4e988 для пакета Microsoft.Windows.Photos_2026.11060.2004.0_x64__8wekyb3d8bbwe."
"08.09.2026 9:17:54","211","Сведения","Microsoft-Windows-AppModel-Runtime","Добавлен процесс 27060 к контейнеру Desktop AppX 24f8a618-ab1c-11f1-87c0-c0252fb4e988 для пакета Microsoft.Windows.Photos_2026.11060.2004.0_x64__8wekyb3d8bbwe."
"08.09.2026 9:17:54","210","Сведения","Microsoft-Windows-AppModel-Runtime","Создан контейнер Desktop AppX 24f8a618-ab1c-11f1-87c0-c0252fb4e988 для пакета Microsoft.Windows.Photos_2026.11060.2004.0_x64__8wekyb3d8bbwe."
"08.09.2026 9:16:52","217","Сведения","Microsoft-Windows-AppModel-Runtime","Удален контейнер Desktop AppX 24f8a1b2-ab1c-11f1-87c0-c0252fb4e988 для пакета Microsoft.Windows.Photos_2026.11060.2004.0_x64__8wekyb3d8bbwe."
"08.09.2026 9:00:08","211","Сведения","Microsoft-Windows-AppModel-Runtime","Добавлен процесс 18012 к контейнеру Desktop AppX 24f8a1b2-ab1c-11f1-87c0-c0252fb4e988 для пакета Microsoft.Windows.Photos_2026.11060.2004.0_x64__8wekyb3d8bbwe."
"08.09.2026 8:51:51","201","Сведения","Microsoft-Windows-AppModel-Runtime","Создан процесс 4716 для приложения Microsoft.Windows.Photos_8wekyb3d8bbwe!App в пакете Microsoft.Windows.Photos_2026.11060.2004.0_x64__8wekyb3d8bbwe. [LaunchProcess]"
"08.09.2026 8:51:51","211","Сведения","Microsoft-Windows-AppModel-Runtime","Добавлен процесс 4716 к контейнеру Desktop AppX 24f8a1b2-ab1c-11f1-87c0-c0252fb4e988 для пакета Microsoft.Windows.Photos_2026.11060.2004.0_x64__8wekyb3d8bbwe."
"08.09.2026 8:51:50","201","Сведения","Microsoft-Windows-AppModel-Runtime","Создан процесс 26564 для приложения Microsoft.Windows.Photos_8wekyb3d8bbwe!App в пакете Microsoft.Windows.Photos_2026.11060.2004.0_x64__8wekyb3d8bbwe. [LaunchProcess]"
"08.09.2026 8:51:50","211","Сведения","Microsoft-Windows-AppModel-Runtime","Добавлен процесс 26564 к контейнеру Desktop AppX 24f8a1b2-ab1c-11f1-87c0-c0252fb4e988 для пакета Microsoft.Windows.Photos_2026.11060.2004.0_x64__8wekyb3d8bbwe."
"08.09.2026 8:51:50","211","Сведения","Microsoft-Windows-AppModel-Runtime","Добавлен процесс 9120 к контейнеру Desktop AppX 24f8a1b2-ab1c-11f1-87c0-c0252fb4e988 для пакета Microsoft.Windows.Photos_2026.11060.2004.0_x64__8wekyb3d8bbwe."
"08.09.2026 8:51:50","210","Сведения","Microsoft-Windows-AppModel-Runtime","Создан контейнер Desktop AppX 24f8a1b2-ab1c-11f1-87c0-c0252fb4e988 для пакета Microsoft.Windows.Photos_2026.11060.2004.0_x64__8wekyb3d8bbwe."
"08.09.2026 8:27:35","201","Сведения","Microsoft-Windows-AppModel-Runtime","Создан процесс 29980 для приложения Microsoft.Office.ActionsServer_8wekyb3d8bbwe!Microsoft.Office.ActionsServer в пакете Microsoft.Office.ActionsServer_16.0.20326.20132_neutral__8wekyb3d8bbwe. [FinishPackageActivation]"
"08.09.2026 3:43:24","201","Сведения","Microsoft-Windows-AppModel-Runtime","Создан процесс 4436 для приложения Microsoft.OfficePushNotificationUtility_8wekyb3d8bbwe!OPushUtil в пакете Microsoft.OfficePushNotificationUtility_16.0.20326.20132_neutral__8wekyb3d8bbwe. [FinishPackageActivation]"
"08.09.2026 2:20:19","217","Сведения","Microsoft-Windows-AppModel-Runtime","Удален контейнер Desktop AppX 6c529c71-aabc-11f1-87c0-c0252fb4e988 для пакета Microsoft.Windows.Photos_2026.11060.2004.0_x64__8wekyb3d8bbwe."
"07.09.2026 21:51:21","217","Сведения","Microsoft-Windows-AppModel-Runtime","Удален контейнер Desktop AppX 0b857795-aad9-11f1-87c0-c0252fb4e988 для пакета Microsoft.WindowsTerminal_1.24.11911.0_x64__8wekyb3d8bbwe."
"07.09.2026 21:51:16","211","Сведения","Microsoft-Windows-AppModel-Runtime","Добавлен процесс 23120 к контейнеру Desktop AppX 0b857795-aad9-11f1-87c0-c0252fb4e988 для пакета Microsoft.WindowsTerminal_1.24.11911.0_x64__8wekyb3d8bbwe."
"07.09.2026 21:51:16","210","Сведения","Microsoft-Windows-AppModel-Runtime","Создан контейнер Desktop AppX 0b857795-aad9-11f1-87c0-c0252fb4e988 для пакета Microsoft.WindowsTerminal_1.24.11911.0_x64__8wekyb3d8bbwe."
"07.09.2026 21:51:16","211","Сведения","Microsoft-Windows-AppModel-Runtime","Добавлен процесс 26828 к контейнеру Desktop AppX 75ae3e69-a976-11f1-87c0-c0252fb4e988 для пакета OpenAI.Codex_26.901.6511.0_x64__2p2nqsd0c76g0."
"07.09.2026 21:36:10","217","Сведения","Microsoft-Windows-AppModel-Runtime","Удален контейнер Desktop AppX 0b8574ae-aad9-11f1-87c0-c0252fb4e988 для пакета Microsoft.WindowsTerminal_1.24.11911.0_x64__8wekyb3d8bbwe."
"07.09.2026 21:36:07","211","Сведения","Microsoft-Windows-AppModel-Runtime","Добавлен процесс 7296 к контейнеру Desktop AppX 6c529c71-aabc-11f1-87c0-c0252fb4e988 для пакета Microsoft.Windows.Photos_2026.11060.2004.0_x64__8wekyb3d8bbwe."
"07.09.2026 21:36:05","211","Сведения","Microsoft-Windows-AppModel-Runtime","Добавлен процесс 8636 к контейнеру Desktop AppX 0b8574ae-aad9-11f1-87c0-c0252fb4e988 для пакета Microsoft.WindowsTerminal_1.24.11911.0_x64__8wekyb3d8bbwe."
"07.09.2026 21:36:05","210","Сведения","Microsoft-Windows-AppModel-Runtime","Создан контейнер Desktop AppX 0b8574ae-aad9-11f1-87c0-c0252fb4e988 для пакета Microsoft.WindowsTerminal_1.24.11911.0_x64__8wekyb3d8bbwe."
"07.09.2026 21:36:05","211","Сведения","Microsoft-Windows-AppModel-Runtime","Добавлен процесс 4948 к контейнеру Desktop AppX 75ae3e69-a976-11f1-87c0-c0252fb4e988 для пакета OpenAI.Codex_26.901.6511.0_x64__2p2nqsd0c76g0."
"07.09.2026 21:33:35","217","Сведения","Microsoft-Windows-AppModel-Runtime","Удален контейнер Desktop AppX 0b85743f-aad9-11f1-87c0-c0252fb4e988 для пакета Microsoft.WindowsTerminal_1.24.11911.0_x64__8wekyb3d8bbwe."
"07.09.2026 21:33:29","211","Сведения","Microsoft-Windows-AppModel-Runtime","Добавлен процесс 30800 к контейнеру Desktop AppX 0b85743f-aad9-11f1-87c0-c0252fb4e988 для пакета Microsoft.WindowsTerminal_1.24.11911.0_x64__8wekyb3d8bbwe."
"07.09.2026 21:33:29","210","Сведения","Microsoft-Windows-AppModel-Runtime","Создан контейнер Desktop AppX 0b85743f-aad9-11f1-87c0-c0252fb4e988 для пакета Microsoft.WindowsTerminal_1.24.11911.0_x64__8wekyb3d8bbwe."
"07.09.2026 21:33:29","211","Сведения","Microsoft-Windows-AppModel-Runtime","Добавлен процесс 27272 к контейнеру Desktop AppX 75ae3e69-a976-11f1-87c0-c0252fb4e988 для пакета OpenAI.Codex_26.901.6511.0_x64__2p2nqsd0c76g0."
"07.09.2026 21:33:26","217","Сведения","Microsoft-Windows-AppModel-Runtime","Удален контейнер Desktop AppX 0b85742f-aad9-11f1-87c0-c0252fb4e988 для пакета Microsoft.WindowsTerminal_1.24.11911.0_x64__8wekyb3d8bbwe."
"07.09.2026 21:33:26","211","Сведения","Microsoft-Windows-AppModel-Runtime","Добавлен процесс 6692 к контейнеру Desktop AppX 6c529c71-aabc-11f1-87c0-c0252fb4e988 для пакета Microsoft.Windows.Photos_2026.11060.2004.0_x64__8wekyb3d8bbwe."
"07.09.2026 21:33:21","211","Сведения","Microsoft-Windows-AppModel-Runtime","Добавлен процесс 31112 к контейнеру Desktop AppX 0b85742f-aad9-11f1-87c0-c0252fb4e988 для пакета Microsoft.WindowsTerminal_1.24.11911.0_x64__8wekyb3d8bbwe."
"07.09.2026 21:33:21","210","Сведения","Microsoft-Windows-AppModel-Runtime","Создан контейнер Desktop AppX 0b85742f-aad9-11f1-87c0-c0252fb4e988 для пакета Microsoft.WindowsTerminal_1.24.11911.0_x64__8wekyb3d8bbwe."
"07.09.2026 21:33:20","211","Сведения","Microsoft-Windows-AppModel-Runtime","Добавлен процесс 9820 к контейнеру Desktop AppX 75ae3e69-a976-11f1-87c0-c0252fb4e988 для пакета OpenAI.Codex_26.901.6511.0_x64__2p2nqsd0c76g0."
"07.09.2026 21:27:07","211","Сведения","Microsoft-Windows-AppModel-Runtime","Добавлен процесс 19196 к контейнеру Desktop AppX 6c529c71-aabc-11f1-87c0-c0252fb4e988 для пакета Microsoft.Windows.Photos_2026.11060.2004.0_x64__8wekyb3d8bbwe."
"07.09.2026 21:16:37","211","Сведения","Microsoft-Windows-AppModel-Runtime","Добавлен процесс 23196 к контейнеру Desktop AppX 6c529c71-aabc-11f1-87c0-c0252fb4e988 для пакета Microsoft.Windows.Photos_2026.11060.2004.0_x64__8wekyb3d8bbwe."
"07.09.2026 21:13:23","211","Сведения","Microsoft-Windows-AppModel-Runtime","Добавлен процесс 19380 к контейнеру Desktop AppX 6c529c71-aabc-11f1-87c0-c0252fb4e988 для пакета Microsoft.Windows.Photos_2026.11060.2004.0_x64__8wekyb3d8bbwe."
"07.09.2026 21:13:09","217","Сведения","Microsoft-Windows-AppModel-Runtime","Удален контейнер Desktop AppX 6c52a166-aabc-11f1-87c0-c0252fb4e988 для пакета Microsoft.WindowsTerminal_1.24.11911.0_x64__8wekyb3d8bbwe."
"07.09.2026 21:13:05","211","Сведения","Microsoft-Windows-AppModel-Runtime","Добавлен процесс 18636 к контейнеру Desktop AppX 6c529c71-aabc-11f1-87c0-c0252fb4e988 для пакета Microsoft.Windows.Photos_2026.11060.2004.0_x64__8wekyb3d8bbwe."
"07.09.2026 21:13:03","211","Сведения","Microsoft-Windows-AppModel-Runtime","Добавлен процесс 9356 к контейнеру Desktop AppX 6c52a166-aabc-11f1-87c0-c0252fb4e988 для пакета Microsoft.WindowsTerminal_1.24.11911.0_x64__8wekyb3d8bbwe."
"07.09.2026 21:13:03","210","Сведения","Microsoft-Windows-AppModel-Runtime","Создан контейнер Desktop AppX 6c52a166-aabc-11f1-87c0-c0252fb4e988 для пакета Microsoft.WindowsTerminal_1.24.11911.0_x64__8wekyb3d8bbwe."
"07.09.2026 21:13:03","211","Сведения","Microsoft-Windows-AppModel-Runtime","Добавлен процесс 31328 к контейнеру Desktop AppX 75ae3e69-a976-11f1-87c0-c0252fb4e988 для пакета OpenAI.Codex_26.901.6511.0_x64__2p2nqsd0c76g0."
"07.09.2026 21:10:05","211","Сведения","Microsoft-Windows-AppModel-Runtime","Добавлен процесс 23284 к контейнеру Desktop AppX 6c529c71-aabc-11f1-87c0-c0252fb4e988 для пакета Microsoft.Windows.Photos_2026.11060.2004.0_x64__8wekyb3d8bbwe."
"07.09.2026 20:55:18","201","Сведения","Microsoft-Windows-AppModel-Runtime","Создан процесс 28336 для приложения Microsoft.Windows.Photos_8wekyb3d8bbwe!App в пакете Microsoft.Windows.Photos_2026.11060.2004.0_x64__8wekyb3d8bbwe. [LaunchProcess]"
"07.09.2026 20:55:18","211","Сведения","Microsoft-Windows-AppModel-Runtime","Добавлен процесс 28336 к контейнеру Desktop AppX 6c529c71-aabc-11f1-87c0-c0252fb4e988 для пакета Microsoft.Windows.Photos_2026.11060.2004.0_x64__8wekyb3d8bbwe."
"07.09.2026 20:55:17","201","Сведения","Microsoft-Windows-AppModel-Runtime","Создан процесс 29312 для приложения Microsoft.Windows.Photos_8wekyb3d8bbwe!App в пакете Microsoft.Windows.Photos_2026.11060.2004.0_x64__8wekyb3d8bbwe. [LaunchProcess]"
"07.09.2026 20:55:17","211","Сведения","Microsoft-Windows-AppModel-Runtime","Добавлен процесс 29312 к контейнеру Desktop AppX 6c529c71-aabc-11f1-87c0-c0252fb4e988 для пакета Microsoft.Windows.Photos_2026.11060.2004.0_x64__8wekyb3d8bbwe."
"07.09.2026 20:55:16","211","Сведения","Microsoft-Windows-AppModel-Runtime","Добавлен процесс 25436 к контейнеру Desktop AppX 6c529c71-aabc-11f1-87c0-c0252fb4e988 для пакета Microsoft.Windows.Photos_2026.11060.2004.0_x64__8wekyb3d8bbwe."
"07.09.2026 20:55:16","210","Сведения","Microsoft-Windows-AppModel-Runtime","Создан контейнер Desktop AppX 6c529c71-aabc-11f1-87c0-c0252fb4e988 для пакета Microsoft.Windows.Photos_2026.11060.2004.0_x64__8wekyb3d8bbwe."
"07.09.2026 20:54:39","217","Сведения","Microsoft-Windows-AppModel-Runtime","Удален контейнер Desktop AppX 6c529b80-aabc-11f1-87c0-c0252fb4e988 для пакета Microsoft.Windows.Photos_2026.11060.2004.0_x64__8wekyb3d8bbwe."
"07.09.2026 20:54:36","217","Сведения","Microsoft-Windows-AppModel-Runtime","Удален контейнер Desktop AppX 6c529c39-aabc-11f1-87c0-c0252fb4e988 для пакета Microsoft.WindowsTerminal_1.24.11911.0_x64__8wekyb3d8bbwe."
"07.09.2026 20:54:31","211","Сведения","Microsoft-Windows-AppModel-Runtime","Добавлен процесс 20360 к контейнеру Desktop AppX 6c529c39-aabc-11f1-87c0-c0252fb4e988 для пакета Microsoft.WindowsTerminal_1.24.11911.0_x64__8wekyb3d8bbwe."
"07.09.2026 20:54:31","210","Сведения","Microsoft-Windows-AppModel-Runtime","Создан контейнер Desktop AppX 6c529c39-aabc-11f1-87c0-c0252fb4e988 для пакета Microsoft.WindowsTerminal_1.24.11911.0_x64__8wekyb3d8bbwe."
"07.09.2026 20:54:31","211","Сведения","Microsoft-Windows-AppModel-Runtime","Добавлен процесс 19108 к контейнеру Desktop AppX 75ae3e69-a976-11f1-87c0-c0252fb4e988 для пакета OpenAI.Codex_26.901.6511.0_x64__2p2nqsd0c76g0."
"07.09.2026 20:50:26","211","Сведения","Microsoft-Windows-AppModel-Runtime","Добавлен процесс 20384 к контейнеру Desktop AppX 6c529b80-aabc-11f1-87c0-c0252fb4e988 для пакета Microsoft.Windows.Photos_2026.11060.2004.0_x64__8wekyb3d8bbwe."
"07.09.2026 20:50:26","210","Сведения","Microsoft-Windows-AppModel-Runtime","Создан контейнер Desktop AppX 6c529b80-aabc-11f1-87c0-c0252fb4e988 для пакета Microsoft.Windows.Photos_2026.11060.2004.0_x64__8wekyb3d8bbwe."
"07.09.2026 20:50:25","217","Сведения","Microsoft-Windows-AppModel-Runtime","Удален контейнер Desktop AppX 6c52999d-aabc-11f1-87c0-c0252fb4e988 для пакета Microsoft.Windows.Photos_2026.11060.2004.0_x64__8wekyb3d8bbwe."
"07.09.2026 20:43:19","211","Сведения","Microsoft-Windows-AppModel-Runtime","Добавлен процесс 5184 к контейнеру Desktop AppX 6c52999d-aabc-11f1-87c0-c0252fb4e988 для пакета Microsoft.Windows.Photos_2026.11060.2004.0_x64__8wekyb3d8bbwe."
"07.09.2026 20:39:08","201","Сведения","Microsoft-Windows-AppModel-Runtime","Создан процесс 30532 для приложения Microsoft.Windows.Photos_8wekyb3d8bbwe!App в пакете Microsoft.Windows.Photos_2026.11060.2004.0_x64__8wekyb3d8bbwe. [LaunchProcess]"
"07.09.2026 20:39:08","211","Сведения","Microsoft-Windows-AppModel-Runtime","Добавлен процесс 30532 к контейнеру Desktop AppX 6c52999d-aabc-11f1-87c0-c0252fb4e988 для пакета Microsoft.Windows.Photos_2026.11060.2004.0_x64__8wekyb3d8bbwe."
"07.09.2026 20:39:07","201","Сведения","Microsoft-Windows-AppModel-Runtime","Создан процесс 9224 для приложения Microsoft.Windows.Photos_8wekyb3d8bbwe!App в пакете Microsoft.Windows.Photos_2026.11060.2004.0_x64__8wekyb3d8bbwe. [LaunchProcess]"
"07.09.2026 20:39:07","211","Сведения","Microsoft-Windows-AppModel-Runtime","Добавлен процесс 9224 к контейнеру Desktop AppX 6c52999d-aabc-11f1-87c0-c0252fb4e988 для пакета Microsoft.Windows.Photos_2026.11060.2004.0_x64__8wekyb3d8bbwe."
"07.09.2026 20:39:07","211","Сведения","Microsoft-Windows-AppModel-Runtime","Добавлен процесс 6644 к контейнеру Desktop AppX 6c52999d-aabc-11f1-87c0-c0252fb4e988 для пакета Microsoft.Windows.Photos_2026.11060.2004.0_x64__8wekyb3d8bbwe."
"07.09.2026 20:38:54","201","Сведения","Microsoft-Windows-AppModel-Runtime","Создан процесс 26408 для приложения Microsoft.Windows.Photos_8wekyb3d8bbwe!App в пакете Microsoft.Windows.Photos_2026.11060.2004.0_x64__8wekyb3d8bbwe. [LaunchProcess]"
"07.09.2026 20:38:54","211","Сведения","Microsoft-Windows-AppModel-Runtime","Добавлен процесс 26408 к контейнеру Desktop AppX 6c52999d-aabc-11f1-87c0-c0252fb4e988 для пакета Microsoft.Windows.Photos_2026.11060.2004.0_x64__8wekyb3d8bbwe."
"07.09.2026 20:38:53","201","Сведения","Microsoft-Windows-AppModel-Runtime","Создан процесс 30640 для приложения Microsoft.Windows.Photos_8wekyb3d8bbwe!App в пакете Microsoft.Windows.Photos_2026.11060.2004.0_x64__8wekyb3d8bbwe. [LaunchProcess]"
"07.09.2026 20:38:53","211","Сведения","Microsoft-Windows-AppModel-Runtime","Добавлен процесс 30640 к контейнеру Desktop AppX 6c52999d-aabc-11f1-87c0-c0252fb4e988 для пакета Microsoft.Windows.Photos_2026.11060.2004.0_x64__8wekyb3d8bbwe."
"07.09.2026 20:38:53","211","Сведения","Microsoft-Windows-AppModel-Runtime","Добавлен процесс 27836 к контейнеру Desktop AppX 6c52999d-aabc-11f1-87c0-c0252fb4e988 для пакета Microsoft.Windows.Photos_2026.11060.2004.0_x64__8wekyb3d8bbwe."
"07.09.2026 20:38:43","201","Сведения","Microsoft-Windows-AppModel-Runtime","Создан процесс 22232 для приложения Microsoft.Windows.Photos_8wekyb3d8bbwe!App в пакете Microsoft.Windows.Photos_2026.11060.2004.0_x64__8wekyb3d8bbwe. [LaunchProcess]"
"07.09.2026 20:38:43","211","Сведения","Microsoft-Windows-AppModel-Runtime","Добавлен процесс 22232 к контейнеру Desktop AppX 6c52999d-aabc-11f1-87c0-c0252fb4e988 для пакета Microsoft.Windows.Photos_2026.11060.2004.0_x64__8wekyb3d8bbwe."
"07.09.2026 20:38:42","217","Сведения","Microsoft-Windows-AppModel-Runtime","Удален контейнер Desktop AppX 6c529997-aabc-11f1-87c0-c0252fb4e988 для пакета Microsoft.WindowsTerminal_1.24.11911.0_x64__8wekyb3d8bbwe."
"07.09.2026 20:38:41","201","Сведения","Microsoft-Windows-AppModel-Runtime","Создан процесс 8632 для приложения Microsoft.Windows.Photos_8wekyb3d8bbwe!App в пакете Microsoft.Windows.Photos_2026.11060.2004.0_x64__8wekyb3d8bbwe. [LaunchProcess]"
"07.09.2026 20:38:41","211","Сведения","Microsoft-Windows-AppModel-Runtime","Добавлен процесс 8632 к контейнеру Desktop AppX 6c52999d-aabc-11f1-87c0-c0252fb4e988 для пакета Microsoft.Windows.Photos_2026.11060.2004.0_x64__8wekyb3d8bbwe."
"07.09.2026 20:38:41","211","Сведения","Microsoft-Windows-AppModel-Runtime","Добавлен процесс 18600 к контейнеру Desktop AppX 6c52999d-aabc-11f1-87c0-c0252fb4e988 для пакета Microsoft.Windows.Photos_2026.11060.2004.0_x64__8wekyb3d8bbwe."
"07.09.2026 20:38:41","210","Сведения","Microsoft-Windows-AppModel-Runtime","Создан контейнер Desktop AppX 6c52999d-aabc-11f1-87c0-c0252fb4e988 для пакета Microsoft.Windows.Photos_2026.11060.2004.0_x64__8wekyb3d8bbwe."
"07.09.2026 20:38:36","211","Сведения","Microsoft-Windows-AppModel-Runtime","Добавлен процесс 3056 к контейнеру Desktop AppX 6c529997-aabc-11f1-87c0-c0252fb4e988 для пакета Microsoft.WindowsTerminal_1.24.11911.0_x64__8wekyb3d8bbwe."
"07.09.2026 20:38:36","210","Сведения","Microsoft-Windows-AppModel-Runtime","Создан контейнер Desktop AppX 6c529997-aabc-11f1-87c0-c0252fb4e988 для пакета Microsoft.WindowsTerminal_1.24.11911.0_x64__8wekyb3d8bbwe."
"07.09.2026 20:38:36","211","Сведения","Microsoft-Windows-AppModel-Runtime","Добавлен процесс 25672 к контейнеру Desktop AppX 75ae3e69-a976-11f1-87c0-c0252fb4e988 для пакета OpenAI.Codex_26.901.6511.0_x64__2p2nqsd0c76g0."
"07.09.2026 20:34:21","217","Сведения","Microsoft-Windows-AppModel-Runtime","Удален контейнер Desktop AppX 6c5298e6-aabc-11f1-87c0-c0252fb4e988 для пакета Microsoft.Windows.Photos_2026.11060.2004.0_x64__8wekyb3d8bbwe."
"07.09.2026 20:34:12","211","Сведения","Microsoft-Windows-AppModel-Runtime","Добавлен процесс 29592 к контейнеру Desktop AppX 6c5298e6-aabc-11f1-87c0-c0252fb4e988 для пакета Microsoft.Windows.Photos_2026.11060.2004.0_x64__8wekyb3d8bbwe."
"07.09.2026 20:34:12","210","Сведения","Microsoft-Windows-AppModel-Runtime","Создан контейнер Desktop AppX 6c5298e6-aabc-11f1-87c0-c0252fb4e988 для пакета Microsoft.Windows.Photos_2026.11060.2004.0_x64__8wekyb3d8bbwe."
"07.09.2026 20:29:32","217","Сведения","Microsoft-Windows-AppModel-Runtime","Удален контейнер Desktop AppX 6c5297fd-aabc-11f1-87c0-c0252fb4e988 для пакета Microsoft.Windows.Photos_2026.11060.2004.0_x64__8wekyb3d8bbwe."
"07.09.2026 20:27:54","211","Сведения","Microsoft-Windows-AppModel-Runtime","Добавлен процесс 28088 к контейнеру Desktop AppX 6c5297fd-aabc-11f1-87c0-c0252fb4e988 для пакета Microsoft.Windows.Photos_2026.11060.2004.0_x64__8wekyb3d8bbwe."
"07.09.2026 20:27:54","210","Сведения","Microsoft-Windows-AppModel-Runtime","Создан контейнер Desktop AppX 6c5297fd-aabc-11f1-87c0-c0252fb4e988 для пакета Microsoft.Windows.Photos_2026.11060.2004.0_x64__8wekyb3d8bbwe."
"07.09.2026 20:27:50","217","Сведения","Microsoft-Windows-AppModel-Runtime","Удален контейнер Desktop AppX 6c5297dc-aabc-11f1-87c0-c0252fb4e988 для пакета Microsoft.Windows.Photos_2026.11060.2004.0_x64__8wekyb3d8bbwe."
"07.09.2026 20:27:29","211","Сведения","Microsoft-Windows-AppModel-Runtime","Добавлен процесс 30272 к контейнеру Desktop AppX 6c5297dc-aabc-11f1-87c0-c0252fb4e988 для пакета Microsoft.Windows.Photos_2026.11060.2004.0_x64__8wekyb3d8bbwe."
"07.09.2026 20:27:29","210","Сведения","Microsoft-Windows-AppModel-Runtime","Создан контейнер Desktop AppX 6c5297dc-aabc-11f1-87c0-c0252fb4e988 для пакета Microsoft.Windows.Photos_2026.11060.2004.0_x64__8wekyb3d8bbwe."
"07.09.2026 20:23:19","217","Сведения","Microsoft-Windows-AppModel-Runtime","Удален контейнер Desktop AppX 6c529526-aabc-11f1-87c0-c0252fb4e988 для пакета Microsoft.Windows.Photos_2026.11060.2004.0_x64__8wekyb3d8bbwe."
"07.09.2026 20:23:14","211","Сведения","Microsoft-Windows-AppModel-Runtime","Добавлен процесс 30776 к контейнеру Desktop AppX 6c529526-aabc-11f1-87c0-c0252fb4e988 для пакета Microsoft.Windows.Photos_2026.11060.2004.0_x64__8wekyb3d8bbwe."
"07.09.2026 20:23:14","210","Сведения","Microsoft-Windows-AppModel-Runtime","Создан контейнер Desktop AppX 6c529526-aabc-11f1-87c0-c0252fb4e988 для пакета Microsoft.Windows.Photos_2026.11060.2004.0_x64__8wekyb3d8bbwe."
"07.09.2026 20:20:43","217","Сведения","Microsoft-Windows-AppModel-Runtime","Удален контейнер Desktop AppX 6c5294a1-aabc-11f1-87c0-c0252fb4e988 для пакета Microsoft.Windows.Photos_2026.11060.2004.0_x64__8wekyb3d8bbwe."
"07.09.2026 20:20:07","211","Сведения","Microsoft-Windows-AppModel-Runtime","Добавлен процесс 31712 к контейнеру Desktop AppX 6c5294a1-aabc-11f1-87c0-c0252fb4e988 для пакета Microsoft.Windows.Photos_2026.11060.2004.0_x64__8wekyb3d8bbwe."
