"08.09.2026 22:07:32","70","Сведения","Microsoft-Windows-AppModel-Runtime","Состояние среды выполнения AppModel для пакета Microsoft.XboxIdentityProvider_12.130.16001.0_x64__8wekyb3d8bbwe для пользователя S-1-5-21-239302790-3235067425-44167425-1007 успешно обновлено до 0x0 (предыдущее состояние = 0x20)."
"08.09.2026 22:07:32","39","Сведения","Microsoft-Windows-AppModel-Runtime","AppContainer Microsoft.XboxIdentityProvider_8wekyb3d8bbwe успешно создан."
"08.09.2026 22:07:32","70","Сведения","Microsoft-Windows-AppModel-Runtime","Состояние среды выполнения AppModel для пакета Microsoft.XboxIdentityProvider_12.130.16001.0_x64__8wekyb3d8bbwe для пользователя S-1-5-21-239302790-3235067425-44167425-1007 успешно обновлено до 0x820 (предыдущее состояние = 0x800)."
"08.09.2026 22:07:32","70","Сведения","Microsoft-Windows-AppModel-Runtime","Состояние среды выполнения AppModel для пакета Microsoft.Microsoft3DViewer_7.2602.8012.0_x64__8wekyb3d8bbwe для пользователя S-1-5-21-239302790-3235067425-44167425-1007 успешно обновлено до 0x800 (предыдущее состояние = 0x820)."
"08.09.2026 22:07:32","70","Сведения","Microsoft-Windows-AppModel-Runtime","Состояние среды выполнения AppModel для пакета Microsoft.WindowsMaps_11.2506.3.0_x64__8wekyb3d8bbwe для пользователя S-1-5-21-239302790-3235067425-44167425-1007 успешно обновлено до 0x800 (предыдущее состояние = 0x820)."
"08.09.2026 22:07:32","70","Сведения","Microsoft-Windows-AppModel-Runtime","Состояние среды выполнения AppModel для пакета microsoft.windowscommunicationsapps_16005.14326.22342.0_x64__8wekyb3d8bbwe для пользователя S-1-5-21-239302790-3235067425-44167425-1007 успешно обновлено до 0x0 (предыдущее состояние = 0x20)."
"08.09.2026 22:07:32","70","Сведения","Microsoft-Windows-AppModel-Runtime","Состояние среды выполнения AppModel для пакета Microsoft.UI.Xaml.2.7_7.2409.9001.0_x64__8wekyb3d8bbwe для пользователя S-1-5-21-239302790-3235067425-44167425-1007 успешно обновлено до 0x0 (предыдущее состояние = 0x20)."
"08.09.2026 22:07:32","70","Сведения","Microsoft-Windows-AppModel-Runtime","Состояние среды выполнения AppModel для пакета Microsoft.UI.Xaml.2.7_7.2409.9001.0_x86__8wekyb3d8bbwe для пользователя S-1-5-21-239302790-3235067425-44167425-1007 успешно обновлено до 0x0 (предыдущее состояние = 0x20)."
"08.09.2026 22:07:32","39","Сведения","Microsoft-Windows-AppModel-Runtime","AppContainer microsoft.windowscommunicationsapps_8wekyb3d8bbwe успешно создан."
"08.09.2026 22:07:28","70","Сведения","Microsoft-Windows-AppModel-Runtime","Состояние среды выполнения AppModel для пакета Microsoft.WindowsStore_22607.1401.6.0_x64__8wekyb3d8bbwe для пользователя S-1-5-21-239302790-3235067425-44167425-1007 успешно обновлено до 0x0 (предыдущее состояние = 0x20)."
"08.09.2026 22:07:28","40","Сведения","Microsoft-Windows-AppModel-Runtime","AppContainer onecore\ds\security\gina\profile\profext\appcontainer.cpp Line:1813 Microsoft.UI.Xaml.2.7 Microsoft.UI.Xaml.2.7_8wekyb3d8bbwe не был создан, так как он уже существует."
"08.09.2026 22:07:28","39","Сведения","Microsoft-Windows-AppModel-Runtime","AppContainer Microsoft.UI.Xaml.2.7_8wekyb3d8bbwe успешно создан."
"08.09.2026 22:07:28","39","Сведения","Microsoft-Windows-AppModel-Runtime","AppContainer Microsoft.WindowsStore_8wekyb3d8bbwe успешно создан."
"08.09.2026 22:07:27","70","Сведения","Microsoft-Windows-AppModel-Runtime","Состояние среды выполнения AppModel для пакета Microsoft.Microsoft3DViewer_7.2602.8012.0_x64__8wekyb3d8bbwe для пользователя S-1-5-21-239302790-3235067425-44167425-1007 успешно обновлено до 0x820 (предыдущее состояние = 0x800)."
"08.09.2026 22:07:27","70","Сведения","Microsoft-Windows-AppModel-Runtime","Состояние среды выполнения AppModel для пакета Microsoft.WindowsMaps_11.2506.3.0_x64__8wekyb3d8bbwe для пользователя S-1-5-21-239302790-3235067425-44167425-1007 успешно обновлено до 0x820 (предыдущее состояние = 0x800)."
"08.09.2026 22:07:27","70","Сведения","Microsoft-Windows-AppModel-Runtime","Состояние среды выполнения AppModel для пакета microsoft.windowscommunicationsapps_16005.14326.22342.0_x64__8wekyb3d8bbwe для пользователя S-1-5-21-239302790-3235067425-44167425-1007 успешно обновлено до 0x820 (предыдущее состояние = 0x800)."
"08.09.2026 22:07:27","69","Сведения","Microsoft-Windows-AppModel-Runtime","Произошла ошибка 0x490 при изменении состояния среды выполнения AppModel для пакета Microsoft.UI.Xaml.2.7_7.2409.9001.0_x64__8wekyb3d8bbwe для пользователя S-1-5-21-239302790-3235067425-44167425-1007 (текущее состояние = 0x0, необходимое состояние = 0x20)."
"08.09.2026 22:07:27","69","Сведения","Microsoft-Windows-AppModel-Runtime","Произошла ошибка 0x490 при изменении состояния среды выполнения AppModel для пакета Microsoft.UI.Xaml.2.7_7.2409.9001.0_x86__8wekyb3d8bbwe для пользователя S-1-5-21-239302790-3235067425-44167425-1007 (текущее состояние = 0x0, необходимое состояние = 0x20)."
"08.09.2026 22:07:27","70","Сведения","Microsoft-Windows-AppModel-Runtime","Состояние среды выполнения AppModel для пакета Microsoft.WindowsStore_22607.1401.6.0_x64__8wekyb3d8bbwe для пользователя S-1-5-21-239302790-3235067425-44167425-1007 успешно обновлено до 0x820 (предыдущее состояние = 0x800)."
"08.09.2026 22:07:27","70","Сведения","Microsoft-Windows-AppModel-Runtime","Состояние среды выполнения AppModel для пакета Microsoft.WindowsStore_22607.1401.6.0_x64__8wekyb3d8bbwe для пользователя S-1-5-21-239302790-3235067425-44167425-1007 успешно обновлено до 0x800 (предыдущее состояние = 0x820)."
"08.09.2026 22:07:27","70","Сведения","Microsoft-Windows-AppModel-Runtime","Состояние среды выполнения AppModel для пакета Microsoft.StorePurchaseApp_22607.1401.2.0_x64__8wekyb3d8bbwe для пользователя S-1-5-21-239302790-3235067425-44167425-1007 успешно обновлено до 0x800 (предыдущее состояние = 0x820)."
"08.09.2026 22:07:27","70","Сведения","Microsoft-Windows-AppModel-Runtime","Состояние среды выполнения AppModel для пакета Microsoft.XboxGamingOverlay_7.326.8061.0_x64__8wekyb3d8bbwe для пользователя S-1-5-21-239302790-3235067425-44167425-1007 успешно обновлено до 0x800 (предыдущее состояние = 0x820)."
"08.09.2026 22:07:27","70","Сведения","Microsoft-Windows-AppModel-Runtime","Состояние среды выполнения AppModel для пакета Microsoft.ZuneVideo_10.26061.10051.0_x64__8wekyb3d8bbwe для пользователя S-1-5-21-239302790-3235067425-44167425-1007 успешно обновлено до 0x800 (предыдущее состояние = 0x820)."
"08.09.2026 22:07:27","70","Сведения","Microsoft-Windows-AppModel-Runtime","Состояние среды выполнения AppModel для пакета Microsoft.WindowsFeedbackHub_1.2608.17301.0_x64__8wekyb3d8bbwe для пользователя S-1-5-21-239302790-3235067425-44167425-1007 успешно обновлено до 0x800 (предыдущее состояние = 0x820)."
"08.09.2026 22:07:27","70","Сведения","Microsoft-Windows-AppModel-Runtime","Состояние среды выполнения AppModel для пакета Microsoft.WindowsAlarms_11.2606.11.0_x64__8wekyb3d8bbwe для пользователя S-1-5-21-239302790-3235067425-44167425-1007 успешно обновлено до 0x800 (предыдущее состояние = 0x820)."
"08.09.2026 22:07:27","70","Сведения","Microsoft-Windows-AppModel-Runtime","Состояние среды выполнения AppModel для пакета Microsoft.WindowsCalculator_11.2606.0.0_x64__8wekyb3d8bbwe для пользователя S-1-5-21-239302790-3235067425-44167425-1007 успешно обновлено до 0x800 (предыдущее состояние = 0x820)."
"08.09.2026 22:07:27","70","Сведения","Microsoft-Windows-AppModel-Runtime","Состояние среды выполнения AppModel для пакета Microsoft.ZuneMusic_11.2606.19.0_x64__8wekyb3d8bbwe для пользователя S-1-5-21-239302790-3235067425-44167425-1007 успешно обновлено до 0x800 (предыдущее состояние = 0x820)."
"08.09.2026 22:07:27","70","Сведения","Microsoft-Windows-AppModel-Runtime","Состояние среды выполнения AppModel для пакета Microsoft.MicrosoftSolitaireCollection_4.25.4020.0_x64__8wekyb3d8bbwe для пользователя S-1-5-21-239302790-3235067425-44167425-1007 успешно обновлено до 0x800 (предыдущее состояние = 0x820)."
"08.09.2026 22:07:27","70","Сведения","Microsoft-Windows-AppModel-Runtime","Состояние среды выполнения AppModel для пакета Microsoft.Microsoft3DViewer_7.2602.8012.0_x64__8wekyb3d8bbwe для пользователя S-1-5-21-239302790-3235067425-44167425-1007 успешно обновлено до 0x800 (предыдущее состояние = 0x820)."
"08.09.2026 22:07:27","70","Сведения","Microsoft-Windows-AppModel-Runtime","Состояние среды выполнения AppModel для пакета Microsoft.XboxIdentityProvider_12.130.16001.0_x64__8wekyb3d8bbwe для пользователя S-1-5-21-239302790-3235067425-44167425-1007 успешно обновлено до 0x800 (предыдущее состояние = 0x820)."
"08.09.2026 22:07:27","70","Сведения","Microsoft-Windows-AppModel-Runtime","Состояние среды выполнения AppModel для пакета Microsoft.BingWeather_4.54.63029.0_x64__8wekyb3d8bbwe для пользователя S-1-5-21-239302790-3235067425-44167425-1007 успешно обновлено до 0x800 (предыдущее состояние = 0x820)."
"08.09.2026 22:07:27","70","Сведения","Microsoft-Windows-AppModel-Runtime","Состояние среды выполнения AppModel для пакета Microsoft.WindowsMaps_11.2506.3.0_x64__8wekyb3d8bbwe для пользователя S-1-5-21-239302790-3235067425-44167425-1007 успешно обновлено до 0x800 (предыдущее состояние = 0x820)."
"08.09.2026 22:07:27","70","Сведения","Microsoft-Windows-AppModel-Runtime","Состояние среды выполнения AppModel для пакета Microsoft.MicrosoftStickyNotes_6.1.4.0_x64__8wekyb3d8bbwe для пользователя S-1-5-21-239302790-3235067425-44167425-1007 успешно обновлено до 0x800 (предыдущее состояние = 0x820)."
"08.09.2026 22:07:27","70","Сведения","Microsoft-Windows-AppModel-Runtime","Состояние среды выполнения AppModel для пакета Microsoft.Xbox.TCUI_1.24.10001.0_x64__8wekyb3d8bbwe для пользователя S-1-5-21-239302790-3235067425-44167425-1007 успешно обновлено до 0x800 (предыдущее состояние = 0x820)."
"08.09.2026 22:07:27","70","Сведения","Microsoft-Windows-AppModel-Runtime","Состояние среды выполнения AppModel для пакета Microsoft.Getstarted_10.2312.1.0_x64__8wekyb3d8bbwe для пользователя S-1-5-21-239302790-3235067425-44167425-1007 успешно обновлено до 0x800 (предыдущее состояние = 0x820)."
"08.09.2026 22:07:27","70","Сведения","Microsoft-Windows-AppModel-Runtime","Состояние среды выполнения AppModel для пакета Microsoft.Wallet_2.4.18324.0_x64__8wekyb3d8bbwe для пользователя S-1-5-21-239302790-3235067425-44167425-1007 успешно обновлено до 0x800 (предыдущее состояние = 0x820)."
"08.09.2026 22:07:27","70","Сведения","Microsoft-Windows-AppModel-Runtime","Состояние среды выполнения AppModel для пакета Microsoft.WindowsCamera_2026.2605.7.0_x64__8wekyb3d8bbwe для пользователя S-1-5-21-239302790-3235067425-44167425-1007 успешно обновлено до 0x0 (предыдущее состояние = 0x20)."
"08.09.2026 22:07:27","70","Сведения","Microsoft-Windows-AppModel-Runtime","Состояние среды выполнения AppModel для пакета Microsoft.UI.Xaml.2.8_8.2501.31001.0_x64__8wekyb3d8bbwe для пользователя S-1-5-21-239302790-3235067425-44167425-1007 успешно обновлено до 0x0 (предыдущее состояние = 0x20)."
"08.09.2026 22:07:27","70","Сведения","Microsoft-Windows-AppModel-Runtime","Состояние среды выполнения AppModel для пакета Microsoft.UI.Xaml.2.8_8.2501.31001.0_x86__8wekyb3d8bbwe для пользователя S-1-5-21-239302790-3235067425-44167425-1007 успешно обновлено до 0x0 (предыдущее состояние = 0x20)."
"08.09.2026 22:07:27","70","Сведения","Microsoft-Windows-AppModel-Runtime","Состояние среды выполнения AppModel для пакета Microsoft.NET.Native.Framework.2.2_2.2.29512.0_x64__8wekyb3d8bbwe для пользователя S-1-5-21-239302790-3235067425-44167425-1007 успешно обновлено до 0x0 (предыдущее состояние = 0x20)."
"08.09.2026 22:07:27","70","Сведения","Microsoft-Windows-AppModel-Runtime","Состояние среды выполнения AppModel для пакета Microsoft.NET.Native.Framework.2.2_2.2.29512.0_x86__8wekyb3d8bbwe для пользователя S-1-5-21-239302790-3235067425-44167425-1007 успешно обновлено до 0x0 (предыдущее состояние = 0x20)."
"08.09.2026 22:07:27","70","Сведения","Microsoft-Windows-AppModel-Runtime","Состояние среды выполнения AppModel для пакета Microsoft.NET.Native.Runtime.2.2_2.2.28604.0_x64__8wekyb3d8bbwe для пользователя S-1-5-21-239302790-3235067425-44167425-1007 успешно обновлено до 0x0 (предыдущее состояние = 0x20)."
"08.09.2026 22:07:27","70","Сведения","Microsoft-Windows-AppModel-Runtime","Состояние среды выполнения AppModel для пакета Microsoft.NET.Native.Runtime.2.2_2.2.28604.0_x86__8wekyb3d8bbwe для пользователя S-1-5-21-239302790-3235067425-44167425-1007 успешно обновлено до 0x0 (предыдущее состояние = 0x20)."
"08.09.2026 22:07:27","39","Сведения","Microsoft-Windows-AppModel-Runtime","AppContainer Microsoft.WindowsCamera_8wekyb3d8bbwe успешно создан."
"08.09.2026 22:07:27","40","Сведения","Microsoft-Windows-AppModel-Runtime","AppContainer onecore\ds\security\gina\profile\profext\appcontainer.cpp Line:1813 Microsoft.UI.Xaml.2.8 Microsoft.UI.Xaml.2.8_8wekyb3d8bbwe не был создан, так как он уже существует."
"08.09.2026 22:07:27","39","Сведения","Microsoft-Windows-AppModel-Runtime","AppContainer Microsoft.UI.Xaml.2.8_8wekyb3d8bbwe успешно создан."
"08.09.2026 22:07:27","40","Сведения","Microsoft-Windows-AppModel-Runtime","AppContainer onecore\ds\security\gina\profile\profext\appcontainer.cpp Line:1813 Microsoft .Net Native Framework Package 2.2 Microsoft.NET.Native.Framework.2.2_8wekyb3d8bbwe не был создан, так как он уже существует."
"08.09.2026 22:07:27","39","Сведения","Microsoft-Windows-AppModel-Runtime","AppContainer Microsoft.NET.Native.Framework.2.2_8wekyb3d8bbwe успешно создан."
"08.09.2026 22:07:27","40","Сведения","Microsoft-Windows-AppModel-Runtime","AppContainer onecore\ds\security\gina\profile\profext\appcontainer.cpp Line:1813 Microsoft .Net Native Runtime Package 2.2 Microsoft.NET.Native.Runtime.2.2_8wekyb3d8bbwe не был создан, так как он уже существует."
"08.09.2026 22:07:26","39","Сведения","Microsoft-Windows-AppModel-Runtime","AppContainer Microsoft.NET.Native.Runtime.2.2_8wekyb3d8bbwe успешно создан."
"08.09.2026 22:07:26","70","Сведения","Microsoft-Windows-AppModel-Runtime","Состояние среды выполнения AppModel для пакета Microsoft.WindowsStore_22607.1401.6.0_x64__8wekyb3d8bbwe для пользователя S-1-5-21-239302790-3235067425-44167425-1007 успешно обновлено до 0x820 (предыдущее состояние = 0x800)."
"08.09.2026 22:07:26","70","Сведения","Microsoft-Windows-AppModel-Runtime","Состояние среды выполнения AppModel для пакета Microsoft.StorePurchaseApp_22607.1401.2.0_x64__8wekyb3d8bbwe для пользователя S-1-5-21-239302790-3235067425-44167425-1007 успешно обновлено до 0x820 (предыдущее состояние = 0x800)."
"08.09.2026 22:07:26","70","Сведения","Microsoft-Windows-AppModel-Runtime","Состояние среды выполнения AppModel для пакета Microsoft.XboxGamingOverlay_7.326.8061.0_x64__8wekyb3d8bbwe для пользователя S-1-5-21-239302790-3235067425-44167425-1007 успешно обновлено до 0x820 (предыдущее состояние = 0x800)."
"08.09.2026 22:07:26","70","Сведения","Microsoft-Windows-AppModel-Runtime","Состояние среды выполнения AppModel для пакета Microsoft.ZuneVideo_10.26061.10051.0_x64__8wekyb3d8bbwe для пользователя S-1-5-21-239302790-3235067425-44167425-1007 успешно обновлено до 0x820 (предыдущее состояние = 0x800)."
"08.09.2026 22:07:26","70","Сведения","Microsoft-Windows-AppModel-Runtime","Состояние среды выполнения AppModel для пакета Microsoft.WindowsFeedbackHub_1.2608.17301.0_x64__8wekyb3d8bbwe для пользователя S-1-5-21-239302790-3235067425-44167425-1007 успешно обновлено до 0x820 (предыдущее состояние = 0x800)."
"08.09.2026 22:07:26","70","Сведения","Microsoft-Windows-AppModel-Runtime","Состояние среды выполнения AppModel для пакета Microsoft.WindowsAlarms_11.2606.11.0_x64__8wekyb3d8bbwe для пользователя S-1-5-21-239302790-3235067425-44167425-1007 успешно обновлено до 0x820 (предыдущее состояние = 0x800)."
"08.09.2026 22:07:26","70","Сведения","Microsoft-Windows-AppModel-Runtime","Состояние среды выполнения AppModel для пакета Microsoft.WindowsCalculator_11.2606.0.0_x64__8wekyb3d8bbwe для пользователя S-1-5-21-239302790-3235067425-44167425-1007 успешно обновлено до 0x820 (предыдущее состояние = 0x800)."
"08.09.2026 22:07:26","70","Сведения","Microsoft-Windows-AppModel-Runtime","Состояние среды выполнения AppModel для пакета Microsoft.ZuneMusic_11.2606.19.0_x64__8wekyb3d8bbwe для пользователя S-1-5-21-239302790-3235067425-44167425-1007 успешно обновлено до 0x820 (предыдущее состояние = 0x800)."
"08.09.2026 22:07:26","70","Сведения","Microsoft-Windows-AppModel-Runtime","Состояние среды выполнения AppModel для пакета Microsoft.MicrosoftSolitaireCollection_4.25.4020.0_x64__8wekyb3d8bbwe для пользователя S-1-5-21-239302790-3235067425-44167425-1007 успешно обновлено до 0x820 (предыдущее состояние = 0x800)."
"08.09.2026 22:07:26","70","Сведения","Microsoft-Windows-AppModel-Runtime","Состояние среды выполнения AppModel для пакета Microsoft.Microsoft3DViewer_7.2602.8012.0_x64__8wekyb3d8bbwe для пользователя S-1-5-21-239302790-3235067425-44167425-1007 успешно обновлено до 0x820 (предыдущее состояние = 0x800)."
"08.09.2026 22:07:26","70","Сведения","Microsoft-Windows-AppModel-Runtime","Состояние среды выполнения AppModel для пакета Microsoft.XboxIdentityProvider_12.130.16001.0_x64__8wekyb3d8bbwe для пользователя S-1-5-21-239302790-3235067425-44167425-1007 успешно обновлено до 0x820 (предыдущее состояние = 0x800)."
"08.09.2026 22:07:26","70","Сведения","Microsoft-Windows-AppModel-Runtime","Состояние среды выполнения AppModel для пакета Microsoft.BingWeather_4.54.63029.0_x64__8wekyb3d8bbwe для пользователя S-1-5-21-239302790-3235067425-44167425-1007 успешно обновлено до 0x820 (предыдущее состояние = 0x800)."
"08.09.2026 22:07:26","70","Сведения","Microsoft-Windows-AppModel-Runtime","Состояние среды выполнения AppModel для пакета Microsoft.WindowsMaps_11.2506.3.0_x64__8wekyb3d8bbwe для пользователя S-1-5-21-239302790-3235067425-44167425-1007 успешно обновлено до 0x820 (предыдущее состояние = 0x800)."
"08.09.2026 22:07:26","70","Сведения","Microsoft-Windows-AppModel-Runtime","Состояние среды выполнения AppModel для пакета Microsoft.MicrosoftStickyNotes_6.1.4.0_x64__8wekyb3d8bbwe для пользователя S-1-5-21-239302790-3235067425-44167425-1007 успешно обновлено до 0x820 (предыдущее состояние = 0x800)."
"08.09.2026 22:07:26","70","Сведения","Microsoft-Windows-AppModel-Runtime","Состояние среды выполнения AppModel для пакета Microsoft.Xbox.TCUI_1.24.10001.0_x64__8wekyb3d8bbwe для пользователя S-1-5-21-239302790-3235067425-44167425-1007 успешно обновлено до 0x820 (предыдущее состояние = 0x800)."
"08.09.2026 22:07:26","70","Сведения","Microsoft-Windows-AppModel-Runtime","Состояние среды выполнения AppModel для пакета Microsoft.Getstarted_10.2312.1.0_x64__8wekyb3d8bbwe для пользователя S-1-5-21-239302790-3235067425-44167425-1007 успешно обновлено до 0x820 (предыдущее состояние = 0x800)."
"08.09.2026 22:07:26","70","Сведения","Microsoft-Windows-AppModel-Runtime","Состояние среды выполнения AppModel для пакета Microsoft.Wallet_2.4.18324.0_x64__8wekyb3d8bbwe для пользователя S-1-5-21-239302790-3235067425-44167425-1007 успешно обновлено до 0x820 (предыдущее состояние = 0x800)."
"08.09.2026 22:07:26","70","Сведения","Microsoft-Windows-AppModel-Runtime","Состояние среды выполнения AppModel для пакета Microsoft.WindowsCamera_2026.2605.7.0_x64__8wekyb3d8bbwe для пользователя S-1-5-21-239302790-3235067425-44167425-1007 успешно обновлено до 0x820 (предыдущее состояние = 0x800)."
"08.09.2026 22:07:26","69","Сведения","Microsoft-Windows-AppModel-Runtime","Произошла ошибка 0x490 при изменении состояния среды выполнения AppModel для пакета Microsoft.UI.Xaml.2.8_8.2501.31001.0_x64__8wekyb3d8bbwe для пользователя S-1-5-21-239302790-3235067425-44167425-1007 (текущее состояние = 0x0, необходимое состояние = 0x20)."
"08.09.2026 22:07:26","69","Сведения","Microsoft-Windows-AppModel-Runtime","Произошла ошибка 0x490 при изменении состояния среды выполнения AppModel для пакета Microsoft.UI.Xaml.2.8_8.2501.31001.0_x86__8wekyb3d8bbwe для пользователя S-1-5-21-239302790-3235067425-44167425-1007 (текущее состояние = 0x0, необходимое состояние = 0x20)."
"08.09.2026 22:07:26","69","Сведения","Microsoft-Windows-AppModel-Runtime","Произошла ошибка 0x490 при изменении состояния среды выполнения AppModel для пакета Microsoft.NET.Native.Framework.2.2_2.2.29512.0_x64__8wekyb3d8bbwe для пользователя S-1-5-21-239302790-3235067425-44167425-1007 (текущее состояние = 0x0, необходимое состояние = 0x20)."
"08.09.2026 22:07:26","69","Сведения","Microsoft-Windows-AppModel-Runtime","Произошла ошибка 0x490 при изменении состояния среды выполнения AppModel для пакета Microsoft.NET.Native.Framework.2.2_2.2.29512.0_x86__8wekyb3d8bbwe для пользователя S-1-5-21-239302790-3235067425-44167425-1007 (текущее состояние = 0x0, необходимое состояние = 0x20)."
"08.09.2026 22:07:26","69","Сведения","Microsoft-Windows-AppModel-Runtime","Произошла ошибка 0x490 при изменении состояния среды выполнения AppModel для пакета Microsoft.NET.Native.Runtime.2.2_2.2.28604.0_x64__8wekyb3d8bbwe для пользователя S-1-5-21-239302790-3235067425-44167425-1007 (текущее состояние = 0x0, необходимое состояние = 0x20)."
"08.09.2026 22:07:26","69","Сведения","Microsoft-Windows-AppModel-Runtime","Произошла ошибка 0x490 при изменении состояния среды выполнения AppModel для пакета Microsoft.NET.Native.Runtime.2.2_2.2.28604.0_x86__8wekyb3d8bbwe для пользователя S-1-5-21-239302790-3235067425-44167425-1007 (текущее состояние = 0x0, необходимое состояние = 0x20)."
"08.09.2026 22:07:26","70","Сведения","Microsoft-Windows-AppModel-Runtime","Состояние среды выполнения AppModel для пакета Microsoft.Windows.Photos_2026.11060.2004.0_x64__8wekyb3d8bbwe для пользователя S-1-5-21-239302790-3235067425-44167425-1007 успешно обновлено до 0x0 (предыдущее состояние = 0x20)."
"08.09.2026 22:07:26","70","Сведения","Microsoft-Windows-AppModel-Runtime","Состояние среды выполнения AppModel для пакета Microsoft.WindowsAppRuntime.2_2.4.0.0_x64__8wekyb3d8bbwe для пользователя S-1-5-21-239302790-3235067425-44167425-1007 успешно обновлено до 0x0 (предыдущее состояние = 0x20)."
"08.09.2026 22:07:26","70","Сведения","Microsoft-Windows-AppModel-Runtime","Состояние среды выполнения AppModel для пакета Microsoft.WindowsAppRuntime.2_2.4.0.0_x86__8wekyb3d8bbwe для пользователя S-1-5-21-239302790-3235067425-44167425-1007 успешно обновлено до 0x0 (предыдущее состояние = 0x20)."
"08.09.2026 22:07:26","39","Сведения","Microsoft-Windows-AppModel-Runtime","AppContainer Microsoft.Windows.Photos_8wekyb3d8bbwe успешно создан."
"08.09.2026 22:07:26","40","Сведения","Microsoft-Windows-AppModel-Runtime","AppContainer onecore\ds\security\gina\profile\profext\appcontainer.cpp Line:1813 WindowsAppRuntime.2 Microsoft.WindowsAppRuntime.2_8wekyb3d8bbwe не был создан, так как он уже существует."
"08.09.2026 22:07:26","39","Сведения","Microsoft-Windows-AppModel-Runtime","AppContainer Microsoft.WindowsAppRuntime.2_8wekyb3d8bbwe успешно создан."
"08.09.2026 22:07:26","70","Сведения","Microsoft-Windows-AppModel-Runtime","Состояние среды выполнения AppModel для пакета Microsoft.Windows.Photos_2026.11060.2004.0_x64__8wekyb3d8bbwe для пользователя S-1-5-21-239302790-3235067425-44167425-1007 успешно обновлено до 0x820 (предыдущее состояние = 0x800)."
"08.09.2026 22:07:26","69","Сведения","Microsoft-Windows-AppModel-Runtime","Произошла ошибка 0x490 при изменении состояния среды выполнения AppModel для пакета Microsoft.WindowsAppRuntime.2_2.4.0.0_x64__8wekyb3d8bbwe для пользователя S-1-5-21-239302790-3235067425-44167425-1007 (текущее состояние = 0x0, необходимое состояние = 0x20)."
"08.09.2026 22:07:26","69","Сведения","Microsoft-Windows-AppModel-Runtime","Произошла ошибка 0x490 при изменении состояния среды выполнения AppModel для пакета Microsoft.WindowsAppRuntime.2_2.4.0.0_x86__8wekyb3d8bbwe для пользователя S-1-5-21-239302790-3235067425-44167425-1007 (текущее состояние = 0x0, необходимое состояние = 0x20)."
"08.09.2026 22:07:25","70","Сведения","Microsoft-Windows-AppModel-Runtime","Состояние среды выполнения AppModel для пакета Microsoft.WindowsFeedbackHub_1.2608.17301.0_x64__8wekyb3d8bbwe для пользователя S-1-5-21-239302790-3235067425-44167425-1007 успешно обновлено до 0x800 (предыдущее состояние = 0x820)."
"08.09.2026 22:07:25","70","Сведения","Microsoft-Windows-AppModel-Runtime","Состояние среды выполнения AppModel для пакета Microsoft.YourPhone_1.25072.81.0_x64__8wekyb3d8bbwe для пользователя S-1-5-21-239302790-3235067425-44167425-1007 успешно обновлено до 0x800 (предыдущее состояние = 0x820)."
"08.09.2026 22:07:25","70","Сведения","Microsoft-Windows-AppModel-Runtime","Состояние среды выполнения AppModel для пакета Microsoft.XboxGamingOverlay_7.326.8061.0_x64__8wekyb3d8bbwe для пользователя S-1-5-21-239302790-3235067425-44167425-1007 успешно обновлено до 0x800 (предыдущее состояние = 0x820)."
"08.09.2026 22:07:25","70","Сведения","Microsoft-Windows-AppModel-Runtime","Состояние среды выполнения AppModel для пакета Microsoft.WindowsAlarms_11.2606.11.0_x64__8wekyb3d8bbwe для пользователя S-1-5-21-239302790-3235067425-44167425-1007 успешно обновлено до 0x800 (предыдущее состояние = 0x820)."
"08.09.2026 22:07:25","70","Сведения","Microsoft-Windows-AppModel-Runtime","Состояние среды выполнения AppModel для пакета Microsoft.WindowsCalculator_11.2606.0.0_x64__8wekyb3d8bbwe для пользователя S-1-5-21-239302790-3235067425-44167425-1007 успешно обновлено до 0x800 (предыдущее состояние = 0x820)."
"08.09.2026 22:07:25","70","Сведения","Microsoft-Windows-AppModel-Runtime","Состояние среды выполнения AppModel для пакета Microsoft.ZuneVideo_10.26061.10051.0_x64__8wekyb3d8bbwe для пользователя S-1-5-21-239302790-3235067425-44167425-1007 успешно обновлено до 0x800 (предыдущее состояние = 0x820)."
"08.09.2026 22:07:25","70","Сведения","Microsoft-Windows-AppModel-Runtime","Состояние среды выполнения AppModel для пакета Microsoft.Windows.Photos_2026.11060.2004.0_x64__8wekyb3d8bbwe для пользователя S-1-5-21-239302790-3235067425-44167425-1007 успешно обновлено до 0x800 (предыдущее состояние = 0x820)."
"08.09.2026 22:07:25","70","Сведения","Microsoft-Windows-AppModel-Runtime","Состояние среды выполнения AppModel для пакета Microsoft.GetHelp_10.2409.41132.0_x64__8wekyb3d8bbwe для пользователя S-1-5-21-239302790-3235067425-44167425-1007 успешно обновлено до 0x800 (предыдущее состояние = 0x820)."
"08.09.2026 22:07:25","70","Сведения","Microsoft-Windows-AppModel-Runtime","Состояние среды выполнения AppModel для пакета Microsoft.MicrosoftSolitaireCollection_4.25.4020.0_x64__8wekyb3d8bbwe для пользователя S-1-5-21-239302790-3235067425-44167425-1007 успешно обновлено до 0x800 (предыдущее состояние = 0x820)."
"08.09.2026 22:07:25","70","Сведения","Microsoft-Windows-AppModel-Runtime","Состояние среды выполнения AppModel для пакета Microsoft.Microsoft3DViewer_7.2602.8012.0_x64__8wekyb3d8bbwe для пользователя S-1-5-21-239302790-3235067425-44167425-1007 успешно обновлено до 0x800 (предыдущее состояние = 0x820)."
"08.09.2026 22:07:25","70","Сведения","Microsoft-Windows-AppModel-Runtime","Состояние среды выполнения AppModel для пакета Microsoft.BingWeather_4.54.63029.0_x64__8wekyb3d8bbwe для пользователя S-1-5-21-239302790-3235067425-44167425-1007 успешно обновлено до 0x800 (предыдущее состояние = 0x820)."
"08.09.2026 22:07:25","70","Сведения","Microsoft-Windows-AppModel-Runtime","Состояние среды выполнения AppModel для пакета Microsoft.XboxApp_48.104.4001.0_x64__8wekyb3d8bbwe для пользователя S-1-5-21-239302790-3235067425-44167425-1007 успешно обновлено до 0x800 (предыдущее состояние = 0x820)."
"08.09.2026 22:07:25","70","Сведения","Microsoft-Windows-AppModel-Runtime","Состояние среды выполнения AppModel для пакета Microsoft.Getstarted_10.2312.1.0_x64__8wekyb3d8bbwe для пользователя S-1-5-21-239302790-3235067425-44167425-1007 успешно обновлено до 0x800 (предыдущее состояние = 0x820)."
"08.09.2026 22:07:25","70","Сведения","Microsoft-Windows-AppModel-Runtime","Состояние среды выполнения AppModel для пакета Microsoft.DesktopAppInstaller_1.29.290.0_x64__8wekyb3d8bbwe для пользователя S-1-5-21-239302790-3235067425-44167425-1007 успешно обновлено до 0x0 (предыдущее состояние = 0x20)."
"08.09.2026 22:07:25","70","Сведения","Microsoft-Windows-AppModel-Runtime","Состояние среды выполнения AppModel для пакета Microsoft.WindowsAppRuntime.1.8_8000.946.1701.0_x64__8wekyb3d8bbwe для пользователя S-1-5-21-239302790-3235067425-44167425-1007 успешно обновлено до 0x0 (предыдущее состояние = 0x20)."
"08.09.2026 22:07:25","70","Сведения","Microsoft-Windows-AppModel-Runtime","Состояние среды выполнения AppModel для пакета Microsoft.WindowsAppRuntime.1.8_8000.946.1701.0_x86__8wekyb3d8bbwe для пользователя S-1-5-21-239302790-3235067425-44167425-1007 успешно обновлено до 0x0 (предыдущее состояние = 0x20)."
"08.09.2026 22:07:25","70","Сведения","Microsoft-Windows-AppModel-Runtime","Состояние среды выполнения AppModel для пакета Microsoft.VCLibs.140.00_14.0.33519.0_x86__8wekyb3d8bbwe для пользователя S-1-5-21-239302790-3235067425-44167425-1007 успешно обновлено до 0x0 (предыдущее состояние = 0x20)."
"08.09.2026 22:07:25","70","Сведения","Microsoft-Windows-AppModel-Runtime","Состояние среды выполнения AppModel для пакета Microsoft.VCLibs.140.00.UWPDesktop_14.0.33728.0_x64__8wekyb3d8bbwe для пользователя S-1-5-21-239302790-3235067425-44167425-1007 успешно обновлено до 0x0 (предыдущее состояние = 0x20)."
"08.09.2026 22:07:25","70","Сведения","Microsoft-Windows-AppModel-Runtime","Состояние среды выполнения AppModel для пакета Microsoft.VCLibs.140.00.UWPDesktop_14.0.33728.0_x86__8wekyb3d8bbwe для пользователя S-1-5-21-239302790-3235067425-44167425-1007 успешно обновлено до 0x0 (предыдущее состояние = 0x20)."
"08.09.2026 22:07:25","39","Сведения","Microsoft-Windows-AppModel-Runtime","AppContainer Microsoft.DesktopAppInstaller_8wekyb3d8bbwe успешно создан."
"08.09.2026 22:07:25","40","Сведения","Microsoft-Windows-AppModel-Runtime","AppContainer onecore\ds\security\gina\profile\profext\appcontainer.cpp Line:1813 WindowsAppRuntime.1.8 Microsoft.WindowsAppRuntime.1.8_8wekyb3d8bbwe не был создан, так как он уже существует."
"08.09.2026 22:07:25","39","Сведения","Microsoft-Windows-AppModel-Runtime","AppContainer Microsoft.WindowsAppRuntime.1.8_8wekyb3d8bbwe успешно создан."
"08.09.2026 22:07:25","40","Сведения","Microsoft-Windows-AppModel-Runtime","AppContainer onecore\ds\security\gina\profile\profext\appcontainer.cpp Line:1813 Microsoft Visual C++ 2015 UWP Runtime Package Microsoft.VCLibs.140.00_8wekyb3d8bbwe не был создан, так как он уже существует."
"08.09.2026 22:07:25","40","Сведения","Microsoft-Windows-AppModel-Runtime","AppContainer onecore\ds\security\gina\profile\profext\appcontainer.cpp Line:1813 Microsoft Visual C++ 2015 UWP Desktop Runtime Package Microsoft.VCLibs.140.00.UWPDesktop_8wekyb3d8bbwe не был создан, так как он уже существует."
"08.09.2026 22:07:25","39","Сведения","Microsoft-Windows-AppModel-Runtime","AppContainer Microsoft.VCLibs.140.00.UWPDesktop_8wekyb3d8bbwe успешно создан."
"08.09.2026 22:07:25","70","Сведения","Microsoft-Windows-AppModel-Runtime","Состояние среды выполнения AppModel для пакета Microsoft.WindowsFeedbackHub_1.2608.17301.0_x64__8wekyb3d8bbwe для пользователя S-1-5-21-239302790-3235067425-44167425-1007 успешно обновлено до 0x820 (предыдущее состояние = 0x800)."
"08.09.2026 22:07:25","70","Сведения","Microsoft-Windows-AppModel-Runtime","Состояние среды выполнения AppModel для пакета Microsoft.YourPhone_1.25072.81.0_x64__8wekyb3d8bbwe для пользователя S-1-5-21-239302790-3235067425-44167425-1007 успешно обновлено до 0x820 (предыдущее состояние = 0x800)."
"08.09.2026 22:07:25","70","Сведения","Microsoft-Windows-AppModel-Runtime","Состояние среды выполнения AppModel для пакета Microsoft.XboxGamingOverlay_7.326.8061.0_x64__8wekyb3d8bbwe для пользователя S-1-5-21-239302790-3235067425-44167425-1007 успешно обновлено до 0x820 (предыдущее состояние = 0x800)."
"08.09.2026 22:07:25","70","Сведения","Microsoft-Windows-AppModel-Runtime","Состояние среды выполнения AppModel для пакета Microsoft.WindowsAlarms_11.2606.11.0_x64__8wekyb3d8bbwe для пользователя S-1-5-21-239302790-3235067425-44167425-1007 успешно обновлено до 0x820 (предыдущее состояние = 0x800)."
"08.09.2026 22:07:25","70","Сведения","Microsoft-Windows-AppModel-Runtime","Состояние среды выполнения AppModel для пакета Microsoft.WindowsCalculator_11.2606.0.0_x64__8wekyb3d8bbwe для пользователя S-1-5-21-239302790-3235067425-44167425-1007 успешно обновлено до 0x820 (предыдущее состояние = 0x800)."
"08.09.2026 22:07:25","70","Сведения","Microsoft-Windows-AppModel-Runtime","Состояние среды выполнения AppModel для пакета Microsoft.ZuneVideo_10.26061.10051.0_x64__8wekyb3d8bbwe для пользователя S-1-5-21-239302790-3235067425-44167425-1007 успешно обновлено до 0x820 (предыдущее состояние = 0x800)."
"08.09.2026 22:07:25","70","Сведения","Microsoft-Windows-AppModel-Runtime","Состояние среды выполнения AppModel для пакета Microsoft.Windows.Photos_2026.11060.2004.0_x64__8wekyb3d8bbwe для пользователя S-1-5-21-239302790-3235067425-44167425-1007 успешно обновлено до 0x820 (предыдущее состояние = 0x800)."
"08.09.2026 22:07:25","70","Сведения","Microsoft-Windows-AppModel-Runtime","Состояние среды выполнения AppModel для пакета Microsoft.GetHelp_10.2409.41132.0_x64__8wekyb3d8bbwe для пользователя S-1-5-21-239302790-3235067425-44167425-1007 успешно обновлено до 0x820 (предыдущее состояние = 0x800)."
"08.09.2026 22:07:25","70","Сведения","Microsoft-Windows-AppModel-Runtime","Состояние среды выполнения AppModel для пакета Microsoft.MicrosoftSolitaireCollection_4.25.4020.0_x64__8wekyb3d8bbwe для пользователя S-1-5-21-239302790-3235067425-44167425-1007 успешно обновлено до 0x820 (предыдущее состояние = 0x800)."
"08.09.2026 22:07:25","70","Сведения","Microsoft-Windows-AppModel-Runtime","Состояние среды выполнения AppModel для пакета Microsoft.Microsoft3DViewer_7.2602.8012.0_x64__8wekyb3d8bbwe для пользователя S-1-5-21-239302790-3235067425-44167425-1007 успешно обновлено до 0x820 (предыдущее состояние = 0x800)."
"08.09.2026 22:07:25","70","Сведения","Microsoft-Windows-AppModel-Runtime","Состояние среды выполнения AppModel для пакета Microsoft.BingWeather_4.54.63029.0_x64__8wekyb3d8bbwe для пользователя S-1-5-21-239302790-3235067425-44167425-1007 успешно обновлено до 0x820 (предыдущее состояние = 0x800)."
"08.09.2026 22:07:25","70","Сведения","Microsoft-Windows-AppModel-Runtime","Состояние среды выполнения AppModel для пакета Microsoft.XboxApp_48.104.4001.0_x64__8wekyb3d8bbwe для пользователя S-1-5-21-239302790-3235067425-44167425-1007 успешно обновлено до 0x820 (предыдущее состояние = 0x800)."
"08.09.2026 22:07:25","70","Сведения","Microsoft-Windows-AppModel-Runtime","Состояние среды выполнения AppModel для пакета Microsoft.Getstarted_10.2312.1.0_x64__8wekyb3d8bbwe для пользователя S-1-5-21-239302790-3235067425-44167425-1007 успешно обновлено до 0x820 (предыдущее состояние = 0x800)."
"08.09.2026 22:07:25","70","Сведения","Microsoft-Windows-AppModel-Runtime","Состояние среды выполнения AppModel для пакета Microsoft.DesktopAppInstaller_1.29.290.0_x64__8wekyb3d8bbwe для пользователя S-1-5-21-239302790-3235067425-44167425-1007 успешно обновлено до 0x820 (предыдущее состояние = 0x800)."
"08.09.2026 22:07:25","69","Сведения","Microsoft-Windows-AppModel-Runtime","Произошла ошибка 0x490 при изменении состояния среды выполнения AppModel для пакета Microsoft.WindowsAppRuntime.1.8_8000.946.1701.0_x64__8wekyb3d8bbwe для пользователя S-1-5-21-239302790-3235067425-44167425-1007 (текущее состояние = 0x0, необходимое состояние = 0x20)."
"08.09.2026 22:07:25","69","Сведения","Microsoft-Windows-AppModel-Runtime","Произошла ошибка 0x490 при изменении состояния среды выполнения AppModel для пакета Microsoft.WindowsAppRuntime.1.8_8000.946.1701.0_x86__8wekyb3d8bbwe для пользователя S-1-5-21-239302790-3235067425-44167425-1007 (текущее состояние = 0x0, необходимое состояние = 0x20)."
"08.09.2026 22:07:25","69","Сведения","Microsoft-Windows-AppModel-Runtime","Произошла ошибка 0x490 при изменении состояния среды выполнения AppModel для пакета Microsoft.VCLibs.140.00_14.0.33519.0_x86__8wekyb3d8bbwe для пользователя S-1-5-21-239302790-3235067425-44167425-1007 (текущее состояние = 0x0, необходимое состояние = 0x20)."
"08.09.2026 22:07:25","69","Сведения","Microsoft-Windows-AppModel-Runtime","Произошла ошибка 0x490 при изменении состояния среды выполнения AppModel для пакета Microsoft.VCLibs.140.00.UWPDesktop_14.0.33728.0_x64__8wekyb3d8bbwe для пользователя S-1-5-21-239302790-3235067425-44167425-1007 (текущее состояние = 0x0, необходимое состояние = 0x20)."
"08.09.2026 22:07:25","69","Сведения","Microsoft-Windows-AppModel-Runtime","Произошла ошибка 0x490 при изменении состояния среды выполнения AppModel для пакета Microsoft.VCLibs.140.00.UWPDesktop_14.0.33728.0_x86__8wekyb3d8bbwe для пользователя S-1-5-21-239302790-3235067425-44167425-1007 (текущее состояние = 0x0, необходимое состояние = 0x20)."
"08.09.2026 22:07:24","70","Сведения","Microsoft-Windows-AppModel-Runtime","Состояние среды выполнения AppModel для пакета RealtekSemiconductorCorp.RealtekAudioControl_1.1.137.0_x64__dt26b99r8h8gj для пользователя S-1-5-21-239302790-3235067425-44167425-1007 успешно обновлено до 0x800 (предыдущее состояние = 0x0)."
"08.09.2026 22:07:24","70","Сведения","Microsoft-Windows-AppModel-Runtime","Состояние среды выполнения AppModel для пакета NVIDIACorp.NVIDIAControlPanel_8.1.969.0_x64__56jybvy8sckqj для пользователя S-1-5-21-239302790-3235067425-44167425-1007 успешно обновлено до 0x800 (предыдущее состояние = 0x0)."
"08.09.2026 22:07:24","70","Сведения","Microsoft-Windows-AppModel-Runtime","Состояние среды выполнения AppModel для пакета Microsoft.ZuneVideo_10.26061.10051.0_x64__8wekyb3d8bbwe для пользователя S-1-5-21-239302790-3235067425-44167425-1007 успешно обновлено до 0x800 (предыдущее состояние = 0x0)."
"08.09.2026 22:07:24","70","Сведения","Microsoft-Windows-AppModel-Runtime","Состояние среды выполнения AppModel для пакета Microsoft.ZuneMusic_11.2606.19.0_x64__8wekyb3d8bbwe для пользователя S-1-5-21-239302790-3235067425-44167425-1007 успешно обновлено до 0x800 (предыдущее состояние = 0x0)."
"08.09.2026 22:07:24","70","Сведения","Microsoft-Windows-AppModel-Runtime","Состояние среды выполнения AppModel для пакета Microsoft.YourPhone_1.25072.81.0_x64__8wekyb3d8bbwe для пользователя S-1-5-21-239302790-3235067425-44167425-1007 успешно обновлено до 0x800 (предыдущее состояние = 0x0)."
"08.09.2026 22:07:24","70","Сведения","Microsoft-Windows-AppModel-Runtime","Состояние среды выполнения AppModel для пакета Microsoft.XboxSpeechToTextOverlay_1.21.13002.0_x64__8wekyb3d8bbwe для пользователя S-1-5-21-239302790-3235067425-44167425-1007 успешно обновлено до 0x800 (предыдущее состояние = 0x0)."
"08.09.2026 22:07:24","70","Сведения","Microsoft-Windows-AppModel-Runtime","Состояние среды выполнения AppModel для пакета Microsoft.XboxIdentityProvider_12.130.16001.0_x64__8wekyb3d8bbwe для пользователя S-1-5-21-239302790-3235067425-44167425-1007 успешно обновлено до 0x800 (предыдущее состояние = 0x0)."
"08.09.2026 22:07:24","70","Сведения","Microsoft-Windows-AppModel-Runtime","Состояние среды выполнения AppModel для пакета Microsoft.XboxGamingOverlay_7.326.8061.0_x64__8wekyb3d8bbwe для пользователя S-1-5-21-239302790-3235067425-44167425-1007 успешно обновлено до 0x800 (предыдущее состояние = 0x0)."
"08.09.2026 22:07:24","70","Сведения","Microsoft-Windows-AppModel-Runtime","Состояние среды выполнения AppModel для пакета Microsoft.XboxGameOverlay_1.54.4001.0_x64__8wekyb3d8bbwe для пользователя S-1-5-21-239302790-3235067425-44167425-1007 успешно обновлено до 0x800 (предыдущее состояние = 0x0)."
"08.09.2026 22:07:24","70","Сведения","Microsoft-Windows-AppModel-Runtime","Состояние среды выполнения AppModel для пакета Microsoft.XboxApp_48.104.4001.0_x64__8wekyb3d8bbwe для пользователя S-1-5-21-239302790-3235067425-44167425-1007 успешно обновлено до 0x800 (предыдущее состояние = 0x0)."
"08.09.2026 22:07:24","70","Сведения","Microsoft-Windows-AppModel-Runtime","Состояние среды выполнения AppModel для пакета Microsoft.Xbox.TCUI_1.24.10001.0_x64__8wekyb3d8bbwe для пользователя S-1-5-21-239302790-3235067425-44167425-1007 успешно обновлено до 0x800 (предыдущее состояние = 0x0)."
"08.09.2026 22:07:24","70","Сведения","Microsoft-Windows-AppModel-Runtime","Состояние среды выполнения AppModel для пакета Microsoft.WindowsStore_22607.1401.6.0_x64__8wekyb3d8bbwe для пользователя S-1-5-21-239302790-3235067425-44167425-1007 успешно обновлено до 0x800 (предыдущее состояние = 0x0)."
"08.09.2026 22:07:24","70","Сведения","Microsoft-Windows-AppModel-Runtime","Состояние среды выполнения AppModel для пакета Microsoft.WindowsSoundRecorder_10.2103.28.0_x64__8wekyb3d8bbwe для пользователя S-1-5-21-239302790-3235067425-44167425-1007 успешно обновлено до 0x800 (предыдущее состояние = 0x0)."
"08.09.2026 22:07:24","70","Сведения","Microsoft-Windows-AppModel-Runtime","Состояние среды выполнения AppModel для пакета Microsoft.WindowsMaps_11.2506.3.0_x64__8wekyb3d8bbwe для пользователя S-1-5-21-239302790-3235067425-44167425-1007 успешно обновлено до 0x800 (предыдущее состояние = 0x0)."
"08.09.2026 22:07:24","70","Сведения","Microsoft-Windows-AppModel-Runtime","Состояние среды выполнения AppModel для пакета Microsoft.WindowsFeedbackHub_1.2608.17301.0_x64__8wekyb3d8bbwe для пользователя S-1-5-21-239302790-3235067425-44167425-1007 успешно обновлено до 0x800 (предыдущее состояние = 0x0)."
"08.09.2026 22:07:24","70","Сведения","Microsoft-Windows-AppModel-Runtime","Состояние среды выполнения AppModel для пакета microsoft.windowscommunicationsapps_16005.14326.22342.0_x64__8wekyb3d8bbwe для пользователя S-1-5-21-239302790-3235067425-44167425-1007 успешно обновлено до 0x800 (предыдущее состояние = 0x0)."
"08.09.2026 22:07:24","70","Сведения","Microsoft-Windows-AppModel-Runtime","Состояние среды выполнения AppModel для пакета Microsoft.WindowsCamera_2026.2605.7.0_x64__8wekyb3d8bbwe для пользователя S-1-5-21-239302790-3235067425-44167425-1007 успешно обновлено до 0x800 (предыдущее состояние = 0x0)."
"08.09.2026 22:07:24","70","Сведения","Microsoft-Windows-AppModel-Runtime","Состояние среды выполнения AppModel для пакета Microsoft.WindowsCalculator_11.2606.0.0_x64__8wekyb3d8bbwe для пользователя S-1-5-21-239302790-3235067425-44167425-1007 успешно обновлено до 0x800 (предыдущее состояние = 0x0)."
"08.09.2026 22:07:24","70","Сведения","Microsoft-Windows-AppModel-Runtime","Состояние среды выполнения AppModel для пакета Microsoft.WindowsAlarms_11.2606.11.0_x64__8wekyb3d8bbwe для пользователя S-1-5-21-239302790-3235067425-44167425-1007 успешно обновлено до 0x800 (предыдущее состояние = 0x0)."
"08.09.2026 22:07:24","70","Сведения","Microsoft-Windows-AppModel-Runtime","Состояние среды выполнения AppModel для пакета Microsoft.Windows.Photos_2026.11060.2004.0_x64__8wekyb3d8bbwe для пользователя S-1-5-21-239302790-3235067425-44167425-1007 успешно обновлено до 0x800 (предыдущее состояние = 0x0)."
"08.09.2026 22:07:24","70","Сведения","Microsoft-Windows-AppModel-Runtime","Состояние среды выполнения AppModel для пакета Microsoft.Windows.DevHome_0.2100.858.0_x64__8wekyb3d8bbwe для пользователя S-1-5-21-239302790-3235067425-44167425-1007 успешно обновлено до 0x800 (предыдущее состояние = 0x0)."
"08.09.2026 22:07:24","70","Сведения","Microsoft-Windows-AppModel-Runtime","Состояние среды выполнения AppModel для пакета Microsoft.WebpImageExtension_1.2.31.0_x64__8wekyb3d8bbwe для пользователя S-1-5-21-239302790-3235067425-44167425-1007 успешно обновлено до 0x800 (предыдущее состояние = 0x0)."
"08.09.2026 22:07:24","70","Сведения","Microsoft-Windows-AppModel-Runtime","Состояние среды выполнения AppModel для пакета Microsoft.WebMediaExtensions_1.2.29.0_x64__8wekyb3d8bbwe для пользователя S-1-5-21-239302790-3235067425-44167425-1007 успешно обновлено до 0x800 (предыдущее состояние = 0x0)."
"08.09.2026 22:07:24","70","Сведения","Microsoft-Windows-AppModel-Runtime","Состояние среды выполнения AppModel для пакета Microsoft.Wallet_2.4.18324.0_x64__8wekyb3d8bbwe для пользователя S-1-5-21-239302790-3235067425-44167425-1007 успешно обновлено до 0x800 (предыдущее состояние = 0x0)."
"08.09.2026 22:07:24","70","Сведения","Microsoft-Windows-AppModel-Runtime","Состояние среды выполнения AppModel для пакета Microsoft.VP9VideoExtensions_1.2.20.0_x64__8wekyb3d8bbwe для пользователя S-1-5-21-239302790-3235067425-44167425-1007 успешно обновлено до 0x800 (предыдущее состояние = 0x0)."
"08.09.2026 22:07:24","70","Сведения","Microsoft-Windows-AppModel-Runtime","Состояние среды выполнения AppModel для пакета Microsoft.StorePurchaseApp_22607.1401.2.0_x64__8wekyb3d8bbwe для пользователя S-1-5-21-239302790-3235067425-44167425-1007 успешно обновлено до 0x800 (предыдущее состояние = 0x0)."
"08.09.2026 22:07:24","70","Сведения","Microsoft-Windows-AppModel-Runtime","Состояние среды выполнения AppModel для пакета Microsoft.SkypeApp_15.150.3125.0_x64__kzf8qxf38zg5c для пользователя S-1-5-21-239302790-3235067425-44167425-1007 успешно обновлено до 0x800 (предыдущее состояние = 0x0)."
"08.09.2026 22:07:24","70","Сведения","Microsoft-Windows-AppModel-Runtime","Состояние среды выполнения AppModel для пакета Microsoft.ScreenSketch_10.2008.3001.0_x64__8wekyb3d8bbwe для пользователя S-1-5-21-239302790-3235067425-44167425-1007 успешно обновлено до 0x800 (предыдущее состояние = 0x0)."
"08.09.2026 22:07:24","70","Сведения","Microsoft-Windows-AppModel-Runtime","Состояние среды выполнения AppModel для пакета Microsoft.OutlookForWindows_1.2025.828.402_x64__8wekyb3d8bbwe для пользователя S-1-5-21-239302790-3235067425-44167425-1007 успешно обновлено до 0x800 (предыдущее состояние = 0x0)."
"08.09.2026 22:07:24","70","Сведения","Microsoft-Windows-AppModel-Runtime","Состояние среды выполнения AppModel для пакета Microsoft.OfficePushNotificationUtility_16.0.20326.20132_neutral__8wekyb3d8bbwe для пользователя S-1-5-21-239302790-3235067425-44167425-1007 успешно обновлено до 0x800 (предыдущее состояние = 0x0)."
"08.09.2026 22:07:24","70","Сведения","Microsoft-Windows-AppModel-Runtime","Состояние среды выполнения AppModel для пакета Microsoft.Office.ActionsServer_16.0.20326.20132_neutral__8wekyb3d8bbwe для пользователя S-1-5-21-239302790-3235067425-44167425-1007 успешно обновлено до 0x800 (предыдущее состояние = 0x0)."
"08.09.2026 22:07:24","70","Сведения","Microsoft-Windows-AppModel-Runtime","Состояние среды выполнения AppModel для пакета Microsoft.MSPaint_6.1907.29027.0_x64__8wekyb3d8bbwe для пользователя S-1-5-21-239302790-3235067425-44167425-1007 успешно обновлено до 0x800 (предыдущее состояние = 0x0)."
"08.09.2026 22:07:24","70","Сведения","Microsoft-Windows-AppModel-Runtime","Состояние среды выполнения AppModel для пакета Microsoft.MicrosoftStickyNotes_6.1.4.0_x64__8wekyb3d8bbwe для пользователя S-1-5-21-239302790-3235067425-44167425-1007 успешно обновлено до 0x800 (предыдущее состояние = 0x0)."
"08.09.2026 22:07:24","70","Сведения","Microsoft-Windows-AppModel-Runtime","Состояние среды выполнения AppModel для пакета Microsoft.MicrosoftSolitaireCollection_4.25.4020.0_x64__8wekyb3d8bbwe для пользователя S-1-5-21-239302790-3235067425-44167425-1007 успешно обновлено до 0x800 (предыдущее состояние = 0x0)."
"08.09.2026 22:07:24","70","Сведения","Microsoft-Windows-AppModel-Runtime","Состояние среды выполнения AppModel для пакета Microsoft.Microsoft3DViewer_7.2602.8012.0_x64__8wekyb3d8bbwe для пользователя S-1-5-21-239302790-3235067425-44167425-1007 успешно обновлено до 0x800 (предыдущее состояние = 0x0)."
"08.09.2026 22:07:24","70","Сведения","Microsoft-Windows-AppModel-Runtime","Состояние среды выполнения AppModel для пакета Microsoft.HEIFImageExtension_1.2.48.0_x64__8wekyb3d8bbwe для пользователя S-1-5-21-239302790-3235067425-44167425-1007 успешно обновлено до 0x800 (предыдущее состояние = 0x0)."
"08.09.2026 22:07:24","70","Сведения","Microsoft-Windows-AppModel-Runtime","Состояние среды выполнения AppModel для пакета Microsoft.Getstarted_10.2312.1.0_x64__8wekyb3d8bbwe для пользователя S-1-5-21-239302790-3235067425-44167425-1007 успешно обновлено до 0x800 (предыдущее состояние = 0x0)."
"08.09.2026 22:07:24","70","Сведения","Microsoft-Windows-AppModel-Runtime","Состояние среды выполнения AppModel для пакета Microsoft.GetHelp_10.2409.41132.0_x64__8wekyb3d8bbwe для пользователя S-1-5-21-239302790-3235067425-44167425-1007 успешно обновлено до 0x800 (предыдущее состояние = 0x0)."
"08.09.2026 22:07:24","70","Сведения","Microsoft-Windows-AppModel-Runtime","Состояние среды выполнения AppModel для пакета Microsoft.DesktopAppInstaller_1.29.290.0_x64__8wekyb3d8bbwe для пользователя S-1-5-21-239302790-3235067425-44167425-1007 успешно обновлено до 0x800 (предыдущее состояние = 0x0)."
"08.09.2026 22:07:24","70","Сведения","Microsoft-Windows-AppModel-Runtime","Состояние среды выполнения AppModel для пакета Microsoft.BingWeather_4.54.63029.0_x64__8wekyb3d8bbwe для пользователя S-1-5-21-239302790-3235067425-44167425-1007 успешно обновлено до 0x800 (предыдущее состояние = 0x0)."
"08.09.2026 22:07:24","70","Сведения","Microsoft-Windows-AppModel-Runtime","Состояние среды выполнения AppModel для пакета aimgr_0.20.61.0_x64__8wekyb3d8bbwe для пользователя S-1-5-21-239302790-3235067425-44167425-1007 успешно обновлено до 0x800 (предыдущее состояние = 0x0)."
"08.09.2026 22:07:23","70","Сведения","Microsoft-Windows-AppModel-Runtime","Состояние среды выполнения AppModel для пакета Microsoft.MicrosoftEdge.Stable_152.0.4191.66_neutral__8wekyb3d8bbwe для пользователя S-1-5-21-239302790-3235067425-44167425-1007 успешно обновлено до 0x0 (предыдущее состояние = 0x20)."
"08.09.2026 22:07:22","42","Сведения","Microsoft-Windows-AppModel-Runtime","AppContainer Microsoft.MicrosoftEdge.Stable_8wekyb3d8bbwe успешно обновлен."
"08.09.2026 22:07:22","69","Сведения","Microsoft-Windows-AppModel-Runtime","Произошла ошибка 0x490 при изменении состояния среды выполнения AppModel для пакета Microsoft.MicrosoftEdge.Stable_152.0.4191.66_neutral__8wekyb3d8bbwe для пользователя S-1-5-21-239302790-3235067425-44167425-1007 (текущее состояние = 0x0, необходимое состояние = 0x20)."
