"08.09.2026 22:07:26","10001","Подробно","Microsoft-Windows-AppXDeployment-Server","Обслуживание пакета Microsoft.Windows.Photos_2026.11060.2004.0_x64__8wekyb3d8bbwe завершено. При изменении состояния пакета на ""включен"" было возвращено 0x0."
"08.09.2026 22:07:26","10001","Подробно","Microsoft-Windows-AppXDeployment-Server","Обслуживание пакета Microsoft.Windows.Photos_2026.11060.2004.0_x64__8wekyb3d8bbwe завершено. При изменении состояния пакета на ""включен"" было возвращено 0x0."
"08.09.2026 22:07:26","10001","Подробно","Microsoft-Windows-AppXDeployment-Server","Обслуживание пакета Microsoft.WindowsAppRuntime.2_2.4.0.0_x64__8wekyb3d8bbwe завершено. При изменении состояния пакета на ""включен"" было возвращено 0x0."
"08.09.2026 22:07:26","10001","Подробно","Microsoft-Windows-AppXDeployment-Server","Обслуживание пакета Microsoft.WindowsAppRuntime.2_2.4.0.0_x64__8wekyb3d8bbwe завершено. При изменении состояния пакета на ""включен"" было возвращено 0x0."
"08.09.2026 22:07:26","10001","Подробно","Microsoft-Windows-AppXDeployment-Server","Обслуживание пакета Microsoft.WindowsAppRuntime.2_2.4.0.0_x86__8wekyb3d8bbwe завершено. При изменении состояния пакета на ""включен"" было возвращено 0x0."
"08.09.2026 22:07:26","10001","Подробно","Microsoft-Windows-AppXDeployment-Server","Обслуживание пакета Microsoft.WindowsAppRuntime.2_2.4.0.0_x86__8wekyb3d8bbwe завершено. При изменении состояния пакета на ""включен"" было возвращено 0x0."
"08.09.2026 22:07:26","10001","Подробно","Microsoft-Windows-AppXDeployment-Server","Обслуживание пакета Microsoft.Windows.Photos_2026.11060.2004.0_x64__8wekyb3d8bbwe завершено. При изменении состояния пакета на ""включен"" было возвращено 0x0."
"08.09.2026 22:07:26","10001","Подробно","Microsoft-Windows-AppXDeployment-Server","Обслуживание пакета Microsoft.Windows.Photos_2026.11060.2004.0_x64__8wekyb3d8bbwe завершено. При изменении состояния пакета на ""включен"" было возвращено 0x0."
"08.09.2026 22:07:26","10001","Подробно","Microsoft-Windows-AppXDeployment-Server","Обслуживание пакета Microsoft.WindowsAppRuntime.2_2.4.0.0_x64__8wekyb3d8bbwe завершено. При изменении состояния пакета на ""включен"" было возвращено 0x0."
"08.09.2026 22:07:26","10001","Подробно","Microsoft-Windows-AppXDeployment-Server","Обслуживание пакета Microsoft.WindowsAppRuntime.2_2.4.0.0_x64__8wekyb3d8bbwe завершено. При изменении состояния пакета на ""включен"" было возвращено 0x0."
"08.09.2026 22:07:26","10001","Подробно","Microsoft-Windows-AppXDeployment-Server","Обслуживание пакета Microsoft.WindowsAppRuntime.2_2.4.0.0_x86__8wekyb3d8bbwe завершено. При изменении состояния пакета на ""включен"" было возвращено 0x0."
"08.09.2026 22:07:26","10001","Подробно","Microsoft-Windows-AppXDeployment-Server","Обслуживание пакета Microsoft.WindowsAppRuntime.2_2.4.0.0_x86__8wekyb3d8bbwe завершено. При изменении состояния пакета на ""включен"" было возвращено 0x0."
"08.09.2026 22:07:26","813","Подробно","Microsoft-Windows-AppXDeployment-Server","Хранилище всех пользователей успешно обновлено пакетом Microsoft.Windows.Photos_2026.11060.2004.0_neutral_~_8wekyb3d8bbwe."
"08.09.2026 22:07:26","5507","Подробно","Microsoft-Windows-AppXDeployment-Server","Microsoft.Windows.Photos_2026.11060.2004.0_x64__8wekyb3d8bbwe : C:\Program Files\WindowsApps\Microsoft.Windows.Photos_2026.11060.2004.0_x64__8wekyb3d8bbwe\microsoft.system.package.metadata\Resources.????????.pri : No shared merged files found"
"08.09.2026 22:07:26","5507","Подробно","Microsoft-Windows-AppXDeployment-Server","Microsoft.Windows.Photos_2026.11060.2004.0_x64__8wekyb3d8bbwe : C:\Program Files\WindowsApps\Microsoft.Windows.Photos_2026.11060.2004.0_x64__8wekyb3d8bbwe\microsoft.system.package.metadata\S-1-5-21-239302790-3235067425-44167425-1007-MergedResources-*.pri : No user-specific merged files found"
"08.09.2026 22:07:26","5507","Подробно","Microsoft-Windows-AppXDeployment-Server","Microsoft.Windows.Photos_2026.11060.2004.0_x64__8wekyb3d8bbwe : C:\Program Files\WindowsApps\Microsoft.Windows.Photos_2026.11060.2004.0_x64__8wekyb3d8bbwe\microsoft.system.package.metadata\Resources.????????.pri : No shared merged files found"
"08.09.2026 22:07:26","5507","Подробно","Microsoft-Windows-AppXDeployment-Server","Microsoft.Windows.Photos_2026.11060.2004.0_x64__8wekyb3d8bbwe : C:\Program Files\WindowsApps\Microsoft.Windows.Photos_2026.11060.2004.0_x64__8wekyb3d8bbwe\microsoft.system.package.metadata\S-1-5-21-239302790-3235067425-44167425-1007-MergedResources-*.pri : No user-specific merged files found"
"08.09.2026 22:07:26","8101","Подробно","Microsoft-Windows-AppXDeployment-Server","Проверка и установка метки доверия для пакета Microsoft.Windows.Photos_2026.11060.2004.0_x64__8wekyb3d8bbwe с флагами 0x9 завершена."
"08.09.2026 22:07:26","8106","Подробно","Microsoft-Windows-AppXDeployment-Server","У пакета Microsoft.Windows.Photos_2026.11060.2004.0_x64__8wekyb3d8bbwe уже есть метка доверия. Флаги: 0x9"
"08.09.2026 22:07:26","8100","Подробно","Microsoft-Windows-AppXDeployment-Server","Начинается проверка и установка метки доверия для пакета Microsoft.Windows.Photos_2026.11060.2004.0_x64__8wekyb3d8bbwe с флагами 0x9."
"08.09.2026 22:07:26","8101","Подробно","Microsoft-Windows-AppXDeployment-Server","Проверка и установка метки доверия для пакета Microsoft.WindowsAppRuntime.2_2.4.0.0_x64__8wekyb3d8bbwe с флагами 0x5 завершена."
"08.09.2026 22:07:26","8106","Подробно","Microsoft-Windows-AppXDeployment-Server","У пакета Microsoft.WindowsAppRuntime.2_2.4.0.0_x64__8wekyb3d8bbwe уже есть метка доверия. Флаги: 0x5"
"08.09.2026 22:07:26","8100","Подробно","Microsoft-Windows-AppXDeployment-Server","Начинается проверка и установка метки доверия для пакета Microsoft.WindowsAppRuntime.2_2.4.0.0_x64__8wekyb3d8bbwe с флагами 0x5."
"08.09.2026 22:07:26","8101","Подробно","Microsoft-Windows-AppXDeployment-Server","Проверка и установка метки доверия для пакета Microsoft.WindowsAppRuntime.2_2.4.0.0_x86__8wekyb3d8bbwe с флагами 0x5 завершена."
"08.09.2026 22:07:26","8106","Подробно","Microsoft-Windows-AppXDeployment-Server","У пакета Microsoft.WindowsAppRuntime.2_2.4.0.0_x86__8wekyb3d8bbwe уже есть метка доверия. Флаги: 0x5"
"08.09.2026 22:07:26","8100","Подробно","Microsoft-Windows-AppXDeployment-Server","Начинается проверка и установка метки доверия для пакета Microsoft.WindowsAppRuntime.2_2.4.0.0_x86__8wekyb3d8bbwe с флагами 0x5."
"08.09.2026 22:07:26","603","Сведения","Microsoft-Windows-AppXDeployment-Server","Начата операция развертывания ""Register"" для пакета. Основной параметр: AppxBundleManifest.xml. Необязательные параметры: ForceTargetApplicationShutdownOption,SkipReregisterIfPackageStatusOk,NormalPriorityRequest,ImmediatePriorityRequest,FirstLogonInstall и SkipDeploymentOperationRpcCallerIsAdminCheck. Дополнительные сведения о диагностике проблем с развертыванием приложений см. на странице http://go.microsoft.com/fwlink/?LinkId=235160."
"08.09.2026 22:07:26","613","Сведения","Microsoft-Windows-AppXDeployment-Server","Сводка по эффективности операции развертывания ""StageUserData"" для пакета Microsoft.WindowsCamera_2022.2605.7.0_neutral_~_8wekyb3d8bbwe: 
Overall time: 141 ms
Enqueue cost: 16 ms
Dequeue delay: 0 ms
Bundle processing cost: 15 ms
Indexing cost: 63 ms
Resolve dependency cost: 0 ms
Check approval cost: 0 ms
Evaluation cost: 0 ms
Hardlinking evaluation cost: 0 ms
Stage required cost: 0 ms
Flushing and closing files cost: 0 ms
Machine register cost: 0 ms
Stage user data cost: 0 ms
Registration cost: 0 ms
Repository commit transaction cost: 0 ms
Data flush cost: 0 ms
Post DeStage repository commit transaction cost: 47 ms
Remaining cost: 0 ms
"
"08.09.2026 22:07:26","10000","Подробно","Microsoft-Windows-AppXDeployment-Server","Будет выполнено обслуживание пакета Microsoft.Windows.Photos_2026.11060.2004.0_x64__8wekyb3d8bbwe. При изменении состояния пакета на ""отключен"" было возвращено 0x0."
"08.09.2026 22:07:26","10000","Подробно","Microsoft-Windows-AppXDeployment-Server","Будет выполнено обслуживание пакета Microsoft.WindowsAppRuntime.2_2.4.0.0_x64__8wekyb3d8bbwe. При изменении состояния пакета на ""отключен"" было возвращено 0x0."
"08.09.2026 22:07:26","10000","Подробно","Microsoft-Windows-AppXDeployment-Server","Будет выполнено обслуживание пакета Microsoft.WindowsAppRuntime.2_2.4.0.0_x86__8wekyb3d8bbwe. При изменении состояния пакета на ""отключен"" было возвращено 0x0."
"08.09.2026 22:07:26","649","Сведения","Microsoft-Windows-AppXDeployment-Server","Операция развертывания ""StageUserData"" для пакета Microsoft.WindowsCamera_2022.2605.7.0_neutral_~_8wekyb3d8bbwe: PostDeploymentOperationCheck cost: 0 ms"
"08.09.2026 22:07:26","478","Подробно","Microsoft-Windows-AppXDeployment-Server","Операция развертывания StageUserData с конечным томом C: для пакета Microsoft.WindowsCamera_2026.2605.7.0_x64__8wekyb3d8bbwe из  (AppxBundleManifest.xml)  завершена успешно."
"08.09.2026 22:07:26","400","Сведения","Microsoft-Windows-AppXDeployment-Server","Операция развертывания StageUserData с конечным томом C: для пакета Microsoft.WindowsCamera_2022.2605.7.0_neutral_~_8wekyb3d8bbwe из  (AppxBundleManifest.xml)  завершена успешно."
"08.09.2026 22:07:26","855","Сведения","Microsoft-Windows-AppXDeployment-Server","Завершено разрешение списков действий. Списки действий DeploymentRequest:  addPackageList: Microsoft.WindowsAppRuntime.2_2.4.0.0_x86__8wekyb3d8bbwe Microsoft.WindowsAppRuntime.2_2.4.0.0_x64__8wekyb3d8bbwe Microsoft.Windows.Photos_2026.11060.2004.0_x64__8wekyb3d8bbwe Microsoft.Windows.Photos_2026.11060.2004.0_neutral_~_8wekyb3d8bbwe."
"08.09.2026 22:07:26","854","Сведения","Microsoft-Windows-AppXDeployment-Server","Успешно добавлены следующие универсальные коды ресурсов (URI), которые нужно обработать:  C:\Program Files\WindowsApps\Microsoft.WindowsCamera_2022.2605.7.0_neutral_~_8wekyb3d8bbwe\AppxMetadata\AppxBundleManifest.xml C:\Program Files\WindowsApps\Microsoft.WindowsCamera_2026.2605.7.0_x64__8wekyb3d8bbwe\AppxManifest.xml C:\Program Files\WindowsApps\Microsoft.WindowsCamera_2026.2605.7.0_neutral_split.language-ru_8wekyb3d8bbwe\AppxManifest.xml."
"08.09.2026 22:07:26","607","Сведения","Microsoft-Windows-AppXDeployment-Server","Операция развертывания StageUserData в отношении пакета Microsoft.WindowsCamera_2022.2605.7.0_neutral_~_8wekyb3d8bbwe выведена из очереди и выполняется для SID пользователя S-1-5-21-239302790-3235067425-44167425-1007."
"08.09.2026 22:07:26","10002","Подробно","Microsoft-Windows-AppXDeployment-Server","Создание файла устойчивости C:\ProgramData\Microsoft\Windows\AppRepository\4b941eda-7998-4f15-a1db-00b2c5a17261_S-1-5-21-239302790-3235067425-44167425-1007_57.rslc для операции StageUserData с пакетом Microsoft.WindowsCamera_2022.2605.7.0_neutral_~_8wekyb3d8bbwe."
"08.09.2026 22:07:26","603","Сведения","Microsoft-Windows-AppXDeployment-Server","Начата операция развертывания ""StageUserData"" для пакета. Основной параметр: Microsoft.WindowsCamera_2022.2605.7.0_neutral_~_8wekyb3d8bbwe. Необязательные параметры: ImmediatePriorityRequest,FirstLogonInstall и 0. Дополнительные сведения о диагностике проблем с развертыванием приложений см. на странице http://go.microsoft.com/fwlink/?LinkId=235160."
"08.09.2026 22:07:26","854","Сведения","Microsoft-Windows-AppXDeployment-Server","Успешно добавлены следующие универсальные коды ресурсов (URI), которые нужно обработать:  C:\Program Files\WindowsApps\Microsoft.Windows.Photos_2026.11060.2004.0_neutral_~_8wekyb3d8bbwe\AppxMetadata\AppxBundleManifest.xml C:\Program Files\WindowsApps\Microsoft.Windows.Photos_2026.11060.2004.0_x64__8wekyb3d8bbwe\AppxManifest.xml."
"08.09.2026 22:07:26","822","Подробно","Microsoft-Windows-AppXDeployment-Server","Обновление реестра для пакета Microsoft.DesktopAppInstaller_2026.728.1707.0_neutral_~_8wekyb3d8bbwe завершилось со следующим результатом: 0x0."
"08.09.2026 22:07:26","821","Подробно","Microsoft-Windows-AppXDeployment-Server","Выполняемая при входе регистрация пакета Microsoft.DesktopAppInstaller_2026.728.1707.0_neutral_~_8wekyb3d8bbwe для пользователя S-1-5-21-239302790-3235067425-44167425-1007 завершилась со следующим результатом: 0x0; обновление реестра..."
"08.09.2026 22:07:26","607","Сведения","Microsoft-Windows-AppXDeployment-Server","Операция развертывания Register в отношении пакета Microsoft.Windows.Photos_2026.11060.2004.0_neutral_~_8wekyb3d8bbwe выведена из очереди и выполняется для SID пользователя S-1-5-21-239302790-3235067425-44167425-1007."
"08.09.2026 22:07:26","10002","Подробно","Microsoft-Windows-AppXDeployment-Server","Создание файла устойчивости C:\ProgramData\Microsoft\Windows\AppRepository\4b941eda-7998-4f15-a1db-00b2c5a17261_S-1-5-21-239302790-3235067425-44167425-1007_56.rslc для операции Register с пакетом Microsoft.Windows.Photos_2026.11060.2004.0_neutral_~_8wekyb3d8bbwe."
"08.09.2026 22:07:26","613","Сведения","Microsoft-Windows-AppXDeployment-Server","Сводка по эффективности операции развертывания ""Register"" для пакета Microsoft.DesktopAppInstaller_2026.728.1707.0_neutral_~_8wekyb3d8bbwe: 
Overall time: 1109 ms
Enqueue cost: 16 ms
Dequeue delay: 0 ms
Bundle processing cost: 15 ms
Indexing cost: 94 ms
Resolve dependency cost: 109 ms
Gap: 16 ms
Check approval cost: 0 ms
Evaluation cost: 0 ms
Hardlinking evaluation cost: 0 ms
Stage required cost: 31 ms
Flushing and closing files cost: 0 ms
Machine register cost: 0 ms
Stage user data cost: 0 ms
Gap: 78 ms
Registration cost: 594 ms
Repository commit transaction cost: 109 ms
Gap: 32 ms
Data flush cost: 0 ms
Post DeStage repository commit transaction cost: 0 ms
Remaining cost: 15 ms
"
"08.09.2026 22:07:26","649","Сведения","Microsoft-Windows-AppXDeployment-Server","Операция развертывания ""Register"" для пакета Microsoft.DesktopAppInstaller_2026.728.1707.0_neutral_~_8wekyb3d8bbwe: PostDeploymentOperationCheck cost: 0 ms"
"08.09.2026 22:07:26","478","Подробно","Microsoft-Windows-AppXDeployment-Server","Операция развертывания Register с конечным томом C: для пакета Microsoft.DesktopAppInstaller_1.29.290.0_x64__8wekyb3d8bbwe из  (AppxBundleManifest.xml)  завершена успешно."
"08.09.2026 22:07:26","400","Сведения","Microsoft-Windows-AppXDeployment-Server","Операция развертывания Register с конечным томом C: для пакета Microsoft.DesktopAppInstaller_2026.728.1707.0_neutral_~_8wekyb3d8bbwe из  (AppxBundleManifest.xml)  завершена успешно."
"08.09.2026 22:07:25","10001","Подробно","Microsoft-Windows-AppXDeployment-Server","Обслуживание пакета Microsoft.DesktopAppInstaller_2026.728.1707.0_neutral_~_8wekyb3d8bbwe завершено. При изменении состояния пакета на ""включен"" было возвращено 0x0."
"08.09.2026 22:07:25","10001","Подробно","Microsoft-Windows-AppXDeployment-Server","Обслуживание пакета Microsoft.DesktopAppInstaller_2026.728.1707.0_neutral_~_8wekyb3d8bbwe завершено. При изменении состояния пакета на ""включен"" было возвращено 0x0."
"08.09.2026 22:07:25","10001","Подробно","Microsoft-Windows-AppXDeployment-Server","Обслуживание пакета Microsoft.DesktopAppInstaller_1.29.290.0_x64__8wekyb3d8bbwe завершено. При изменении состояния пакета на ""включен"" было возвращено 0x0."
"08.09.2026 22:07:25","10001","Подробно","Microsoft-Windows-AppXDeployment-Server","Обслуживание пакета Microsoft.DesktopAppInstaller_1.29.290.0_x64__8wekyb3d8bbwe завершено. При изменении состояния пакета на ""включен"" было возвращено 0x0."
"08.09.2026 22:07:25","10001","Подробно","Microsoft-Windows-AppXDeployment-Server","Обслуживание пакета Microsoft.DesktopAppInstaller_1.29.290.0_neutral_split.language-ru_8wekyb3d8bbwe завершено. При изменении состояния пакета на ""включен"" было возвращено 0x0."
"08.09.2026 22:07:25","10001","Подробно","Microsoft-Windows-AppXDeployment-Server","Обслуживание пакета Microsoft.DesktopAppInstaller_1.29.290.0_neutral_split.language-ru_8wekyb3d8bbwe завершено. При изменении состояния пакета на ""включен"" было возвращено 0x0."
"08.09.2026 22:07:25","10001","Подробно","Microsoft-Windows-AppXDeployment-Server","Обслуживание пакета Microsoft.WindowsAppRuntime.1.8_8000.946.1701.0_x64__8wekyb3d8bbwe завершено. При изменении состояния пакета на ""включен"" было возвращено 0x0."
"08.09.2026 22:07:25","10001","Подробно","Microsoft-Windows-AppXDeployment-Server","Обслуживание пакета Microsoft.WindowsAppRuntime.1.8_8000.946.1701.0_x64__8wekyb3d8bbwe завершено. При изменении состояния пакета на ""включен"" было возвращено 0x0."
"08.09.2026 22:07:25","10001","Подробно","Microsoft-Windows-AppXDeployment-Server","Обслуживание пакета Microsoft.WindowsAppRuntime.1.8_8000.946.1701.0_x86__8wekyb3d8bbwe завершено. При изменении состояния пакета на ""включен"" было возвращено 0x0."
"08.09.2026 22:07:25","10001","Подробно","Microsoft-Windows-AppXDeployment-Server","Обслуживание пакета Microsoft.WindowsAppRuntime.1.8_8000.946.1701.0_x86__8wekyb3d8bbwe завершено. При изменении состояния пакета на ""включен"" было возвращено 0x0."
"08.09.2026 22:07:25","10001","Подробно","Microsoft-Windows-AppXDeployment-Server","Обслуживание пакета Microsoft.VCLibs.140.00_14.0.33519.0_x86__8wekyb3d8bbwe завершено. При изменении состояния пакета на ""включен"" было возвращено 0x0."
"08.09.2026 22:07:25","10001","Подробно","Microsoft-Windows-AppXDeployment-Server","Обслуживание пакета Microsoft.VCLibs.140.00_14.0.33519.0_x86__8wekyb3d8bbwe завершено. При изменении состояния пакета на ""включен"" было возвращено 0x0."
"08.09.2026 22:07:25","10001","Подробно","Microsoft-Windows-AppXDeployment-Server","Обслуживание пакета Microsoft.VCLibs.140.00.UWPDesktop_14.0.33728.0_x64__8wekyb3d8bbwe завершено. При изменении состояния пакета на ""включен"" было возвращено 0x0."
"08.09.2026 22:07:25","10001","Подробно","Microsoft-Windows-AppXDeployment-Server","Обслуживание пакета Microsoft.VCLibs.140.00.UWPDesktop_14.0.33728.0_x64__8wekyb3d8bbwe завершено. При изменении состояния пакета на ""включен"" было возвращено 0x0."
"08.09.2026 22:07:25","10001","Подробно","Microsoft-Windows-AppXDeployment-Server","Обслуживание пакета Microsoft.VCLibs.140.00.UWPDesktop_14.0.33728.0_x86__8wekyb3d8bbwe завершено. При изменении состояния пакета на ""включен"" было возвращено 0x0."
"08.09.2026 22:07:25","10001","Подробно","Microsoft-Windows-AppXDeployment-Server","Обслуживание пакета Microsoft.VCLibs.140.00.UWPDesktop_14.0.33728.0_x86__8wekyb3d8bbwe завершено. При изменении состояния пакета на ""включен"" было возвращено 0x0."
"08.09.2026 22:07:25","10001","Подробно","Microsoft-Windows-AppXDeployment-Server","Обслуживание пакета Microsoft.WindowsFeedbackHub_1.2608.17301.0_x64__8wekyb3d8bbwe завершено. При изменении состояния пакета на ""включен"" было возвращено 0x0."
"08.09.2026 22:07:25","10001","Подробно","Microsoft-Windows-AppXDeployment-Server","Обслуживание пакета Microsoft.WindowsFeedbackHub_1.2608.17301.0_x64__8wekyb3d8bbwe завершено. При изменении состояния пакета на ""включен"" было возвращено 0x0."
"08.09.2026 22:07:25","10001","Подробно","Microsoft-Windows-AppXDeployment-Server","Обслуживание пакета Microsoft.YourPhone_1.25072.81.0_x64__8wekyb3d8bbwe завершено. При изменении состояния пакета на ""включен"" было возвращено 0x0."
"08.09.2026 22:07:25","10001","Подробно","Microsoft-Windows-AppXDeployment-Server","Обслуживание пакета Microsoft.YourPhone_1.25072.81.0_x64__8wekyb3d8bbwe завершено. При изменении состояния пакета на ""включен"" было возвращено 0x0."
"08.09.2026 22:07:25","10001","Подробно","Microsoft-Windows-AppXDeployment-Server","Обслуживание пакета Microsoft.XboxGamingOverlay_7.326.8061.0_x64__8wekyb3d8bbwe завершено. При изменении состояния пакета на ""включен"" было возвращено 0x0."
"08.09.2026 22:07:25","10001","Подробно","Microsoft-Windows-AppXDeployment-Server","Обслуживание пакета Microsoft.XboxGamingOverlay_7.326.8061.0_x64__8wekyb3d8bbwe завершено. При изменении состояния пакета на ""включен"" было возвращено 0x0."
"08.09.2026 22:07:25","10001","Подробно","Microsoft-Windows-AppXDeployment-Server","Обслуживание пакета Microsoft.WindowsAlarms_11.2606.11.0_x64__8wekyb3d8bbwe завершено. При изменении состояния пакета на ""включен"" было возвращено 0x0."
"08.09.2026 22:07:25","10001","Подробно","Microsoft-Windows-AppXDeployment-Server","Обслуживание пакета Microsoft.WindowsAlarms_11.2606.11.0_x64__8wekyb3d8bbwe завершено. При изменении состояния пакета на ""включен"" было возвращено 0x0."
"08.09.2026 22:07:25","10001","Подробно","Microsoft-Windows-AppXDeployment-Server","Обслуживание пакета Microsoft.WindowsCalculator_11.2606.0.0_x64__8wekyb3d8bbwe завершено. При изменении состояния пакета на ""включен"" было возвращено 0x0."
"08.09.2026 22:07:25","10001","Подробно","Microsoft-Windows-AppXDeployment-Server","Обслуживание пакета Microsoft.WindowsCalculator_11.2606.0.0_x64__8wekyb3d8bbwe завершено. При изменении состояния пакета на ""включен"" было возвращено 0x0."
"08.09.2026 22:07:25","10001","Подробно","Microsoft-Windows-AppXDeployment-Server","Обслуживание пакета Microsoft.ZuneVideo_10.26061.10051.0_x64__8wekyb3d8bbwe завершено. При изменении состояния пакета на ""включен"" было возвращено 0x0."
"08.09.2026 22:07:25","10001","Подробно","Microsoft-Windows-AppXDeployment-Server","Обслуживание пакета Microsoft.ZuneVideo_10.26061.10051.0_x64__8wekyb3d8bbwe завершено. При изменении состояния пакета на ""включен"" было возвращено 0x0."
"08.09.2026 22:07:25","10001","Подробно","Microsoft-Windows-AppXDeployment-Server","Обслуживание пакета Microsoft.Windows.Photos_2026.11060.2004.0_x64__8wekyb3d8bbwe завершено. При изменении состояния пакета на ""включен"" было возвращено 0x0."
"08.09.2026 22:07:25","10001","Подробно","Microsoft-Windows-AppXDeployment-Server","Обслуживание пакета Microsoft.Windows.Photos_2026.11060.2004.0_x64__8wekyb3d8bbwe завершено. При изменении состояния пакета на ""включен"" было возвращено 0x0."
"08.09.2026 22:07:25","10001","Подробно","Microsoft-Windows-AppXDeployment-Server","Обслуживание пакета Microsoft.GetHelp_10.2409.41132.0_x64__8wekyb3d8bbwe завершено. При изменении состояния пакета на ""включен"" было возвращено 0x0."
"08.09.2026 22:07:25","10001","Подробно","Microsoft-Windows-AppXDeployment-Server","Обслуживание пакета Microsoft.GetHelp_10.2409.41132.0_x64__8wekyb3d8bbwe завершено. При изменении состояния пакета на ""включен"" было возвращено 0x0."
"08.09.2026 22:07:25","10001","Подробно","Microsoft-Windows-AppXDeployment-Server","Обслуживание пакета Microsoft.MicrosoftSolitaireCollection_4.25.4020.0_x64__8wekyb3d8bbwe завершено. При изменении состояния пакета на ""включен"" было возвращено 0x0."
"08.09.2026 22:07:25","10001","Подробно","Microsoft-Windows-AppXDeployment-Server","Обслуживание пакета Microsoft.MicrosoftSolitaireCollection_4.25.4020.0_x64__8wekyb3d8bbwe завершено. При изменении состояния пакета на ""включен"" было возвращено 0x0."
"08.09.2026 22:07:25","10001","Подробно","Microsoft-Windows-AppXDeployment-Server","Обслуживание пакета Microsoft.Microsoft3DViewer_7.2602.8012.0_x64__8wekyb3d8bbwe завершено. При изменении состояния пакета на ""включен"" было возвращено 0x0."
"08.09.2026 22:07:25","10001","Подробно","Microsoft-Windows-AppXDeployment-Server","Обслуживание пакета Microsoft.Microsoft3DViewer_7.2602.8012.0_x64__8wekyb3d8bbwe завершено. При изменении состояния пакета на ""включен"" было возвращено 0x0."
"08.09.2026 22:07:25","10001","Подробно","Microsoft-Windows-AppXDeployment-Server","Обслуживание пакета Microsoft.BingWeather_4.54.63029.0_x64__8wekyb3d8bbwe завершено. При изменении состояния пакета на ""включен"" было возвращено 0x0."
"08.09.2026 22:07:25","10001","Подробно","Microsoft-Windows-AppXDeployment-Server","Обслуживание пакета Microsoft.BingWeather_4.54.63029.0_x64__8wekyb3d8bbwe завершено. При изменении состояния пакета на ""включен"" было возвращено 0x0."
"08.09.2026 22:07:25","10001","Подробно","Microsoft-Windows-AppXDeployment-Server","Обслуживание пакета Microsoft.XboxApp_48.104.4001.0_x64__8wekyb3d8bbwe завершено. При изменении состояния пакета на ""включен"" было возвращено 0x0."
"08.09.2026 22:07:25","10001","Подробно","Microsoft-Windows-AppXDeployment-Server","Обслуживание пакета Microsoft.XboxApp_48.104.4001.0_x64__8wekyb3d8bbwe завершено. При изменении состояния пакета на ""включен"" было возвращено 0x0."
"08.09.2026 22:07:25","10001","Подробно","Microsoft-Windows-AppXDeployment-Server","Обслуживание пакета Microsoft.Getstarted_10.2312.1.0_x64__8wekyb3d8bbwe завершено. При изменении состояния пакета на ""включен"" было возвращено 0x0."
"08.09.2026 22:07:25","10001","Подробно","Microsoft-Windows-AppXDeployment-Server","Обслуживание пакета Microsoft.Getstarted_10.2312.1.0_x64__8wekyb3d8bbwe завершено. При изменении состояния пакета на ""включен"" было возвращено 0x0."
"08.09.2026 22:07:25","10001","Подробно","Microsoft-Windows-AppXDeployment-Server","Обслуживание пакета Microsoft.DesktopAppInstaller_1.29.290.0_x64__8wekyb3d8bbwe завершено. При изменении состояния пакета на ""включен"" было возвращено 0x0."
"08.09.2026 22:07:25","10001","Подробно","Microsoft-Windows-AppXDeployment-Server","Обслуживание пакета Microsoft.DesktopAppInstaller_1.29.290.0_x64__8wekyb3d8bbwe завершено. При изменении состояния пакета на ""включен"" было возвращено 0x0."
"08.09.2026 22:07:25","10001","Подробно","Microsoft-Windows-AppXDeployment-Server","Обслуживание пакета Microsoft.WindowsAppRuntime.1.8_8000.946.1701.0_x64__8wekyb3d8bbwe завершено. При изменении состояния пакета на ""включен"" было возвращено 0x0."
"08.09.2026 22:07:25","10001","Подробно","Microsoft-Windows-AppXDeployment-Server","Обслуживание пакета Microsoft.WindowsAppRuntime.1.8_8000.946.1701.0_x64__8wekyb3d8bbwe завершено. При изменении состояния пакета на ""включен"" было возвращено 0x0."
"08.09.2026 22:07:25","10001","Подробно","Microsoft-Windows-AppXDeployment-Server","Обслуживание пакета Microsoft.WindowsAppRuntime.1.8_8000.946.1701.0_x86__8wekyb3d8bbwe завершено. При изменении состояния пакета на ""включен"" было возвращено 0x0."
"08.09.2026 22:07:25","10001","Подробно","Microsoft-Windows-AppXDeployment-Server","Обслуживание пакета Microsoft.WindowsAppRuntime.1.8_8000.946.1701.0_x86__8wekyb3d8bbwe завершено. При изменении состояния пакета на ""включен"" было возвращено 0x0."
"08.09.2026 22:07:25","10001","Подробно","Microsoft-Windows-AppXDeployment-Server","Обслуживание пакета Microsoft.VCLibs.140.00_14.0.33519.0_x86__8wekyb3d8bbwe завершено. При изменении состояния пакета на ""включен"" было возвращено 0x0."
"08.09.2026 22:07:25","10001","Подробно","Microsoft-Windows-AppXDeployment-Server","Обслуживание пакета Microsoft.VCLibs.140.00_14.0.33519.0_x86__8wekyb3d8bbwe завершено. При изменении состояния пакета на ""включен"" было возвращено 0x0."
"08.09.2026 22:07:25","10001","Подробно","Microsoft-Windows-AppXDeployment-Server","Обслуживание пакета Microsoft.VCLibs.140.00.UWPDesktop_14.0.33728.0_x64__8wekyb3d8bbwe завершено. При изменении состояния пакета на ""включен"" было возвращено 0x0."
"08.09.2026 22:07:25","10001","Подробно","Microsoft-Windows-AppXDeployment-Server","Обслуживание пакета Microsoft.VCLibs.140.00.UWPDesktop_14.0.33728.0_x64__8wekyb3d8bbwe завершено. При изменении состояния пакета на ""включен"" было возвращено 0x0."
"08.09.2026 22:07:25","10001","Подробно","Microsoft-Windows-AppXDeployment-Server","Обслуживание пакета Microsoft.VCLibs.140.00.UWPDesktop_14.0.33728.0_x86__8wekyb3d8bbwe завершено. При изменении состояния пакета на ""включен"" было возвращено 0x0."
"08.09.2026 22:07:25","10001","Подробно","Microsoft-Windows-AppXDeployment-Server","Обслуживание пакета Microsoft.VCLibs.140.00.UWPDesktop_14.0.33728.0_x86__8wekyb3d8bbwe завершено. При изменении состояния пакета на ""включен"" было возвращено 0x0."
"08.09.2026 22:07:25","813","Подробно","Microsoft-Windows-AppXDeployment-Server","Хранилище всех пользователей успешно обновлено пакетом Microsoft.DesktopAppInstaller_2026.728.1707.0_neutral_~_8wekyb3d8bbwe."
"08.09.2026 22:07:25","5507","Подробно","Microsoft-Windows-AppXDeployment-Server","Microsoft.DesktopAppInstaller_1.29.290.0_x64__8wekyb3d8bbwe : resources.ba9e93b4.pri : Current shared merged PRI file ignored"
"08.09.2026 22:07:25","5507","Подробно","Microsoft-Windows-AppXDeployment-Server","Microsoft.DesktopAppInstaller_1.29.290.0_x64__8wekyb3d8bbwe : C:\Program Files\WindowsApps\Microsoft.DesktopAppInstaller_1.29.290.0_x64__8wekyb3d8bbwe\microsoft.system.package.metadata\resources.6c5651e8.pri : Shared merged file still in use"
"08.09.2026 22:07:25","5507","Подробно","Microsoft-Windows-AppXDeployment-Server","Microsoft.DesktopAppInstaller_1.29.290.0_x64__8wekyb3d8bbwe : S-1-5-21-239302790-3235067425-44167425-1007-MergedResources-0.pri : Current user-specific merged PRI file ignored"
"08.09.2026 22:07:25","5507","Подробно","Microsoft-Windows-AppXDeployment-Server","Microsoft.DesktopAppInstaller_1.29.290.0_x64__8wekyb3d8bbwe : resources.ba9e93b4.pri : Current shared merged PRI file ignored"
"08.09.2026 22:07:25","5507","Подробно","Microsoft-Windows-AppXDeployment-Server","Microsoft.DesktopAppInstaller_1.29.290.0_x64__8wekyb3d8bbwe : C:\Program Files\WindowsApps\Microsoft.DesktopAppInstaller_1.29.290.0_x64__8wekyb3d8bbwe\microsoft.system.package.metadata\resources.6c5651e8.pri : Shared merged file still in use"
"08.09.2026 22:07:25","5507","Подробно","Microsoft-Windows-AppXDeployment-Server","Microsoft.DesktopAppInstaller_1.29.290.0_x64__8wekyb3d8bbwe : S-1-5-21-239302790-3235067425-44167425-1007-MergedResources-0.pri : Current user-specific merged PRI file ignored"
"08.09.2026 22:07:25","8101","Подробно","Microsoft-Windows-AppXDeployment-Server","Проверка и установка метки доверия для пакета Microsoft.DesktopAppInstaller_1.29.290.0_x64__8wekyb3d8bbwe с флагами 0x9 завершена."
"08.09.2026 22:07:25","8106","Подробно","Microsoft-Windows-AppXDeployment-Server","У пакета Microsoft.DesktopAppInstaller_1.29.290.0_x64__8wekyb3d8bbwe уже есть метка доверия. Флаги: 0x9"
"08.09.2026 22:07:25","8100","Подробно","Microsoft-Windows-AppXDeployment-Server","Начинается проверка и установка метки доверия для пакета Microsoft.DesktopAppInstaller_1.29.290.0_x64__8wekyb3d8bbwe с флагами 0x9."
"08.09.2026 22:07:25","8101","Подробно","Microsoft-Windows-AppXDeployment-Server","Проверка и установка метки доверия для пакета Microsoft.DesktopAppInstaller_1.29.290.0_neutral_split.language-ru_8wekyb3d8bbwe с флагами 0x9 завершена."
"08.09.2026 22:07:25","8106","Подробно","Microsoft-Windows-AppXDeployment-Server","У пакета Microsoft.DesktopAppInstaller_1.29.290.0_neutral_split.language-ru_8wekyb3d8bbwe уже есть метка доверия. Флаги: 0x9"
"08.09.2026 22:07:25","8100","Подробно","Microsoft-Windows-AppXDeployment-Server","Начинается проверка и установка метки доверия для пакета Microsoft.DesktopAppInstaller_1.29.290.0_neutral_split.language-ru_8wekyb3d8bbwe с флагами 0x9."
"08.09.2026 22:07:25","5505","Подробно","Microsoft-Windows-AppXDeployment-Server","Microsoft.DesktopAppInstaller_1.29.290.0_x64__8wekyb3d8bbwe : C:\Program Files\WindowsApps\Microsoft.DesktopAppInstaller_1.29.290.0_x64__8wekyb3d8bbwe\microsoft.system.package.metadata\S-1-5-21-239302790-3235067425-44167425-1007-MergedResources-0.pri : Linked user-specific merged PRI file"
"08.09.2026 22:07:25","5506","Подробно","Microsoft-Windows-AppXDeployment-Server","Microsoft.DesktopAppInstaller_1.29.290.0_x64__8wekyb3d8bbwe : C:\Program Files\WindowsApps\Microsoft.DesktopAppInstaller_1.29.290.0_x64__8wekyb3d8bbwe\microsoft.system.package.metadata\resources.ba9e93b4.pri : Created shared merged PRI file"
"08.09.2026 22:07:25","8101","Подробно","Microsoft-Windows-AppXDeployment-Server","Проверка и установка метки доверия для пакета Microsoft.WindowsAppRuntime.1.8_8000.946.1701.0_x64__8wekyb3d8bbwe с флагами 0x5 завершена."
"08.09.2026 22:07:25","8106","Подробно","Microsoft-Windows-AppXDeployment-Server","У пакета Microsoft.WindowsAppRuntime.1.8_8000.946.1701.0_x64__8wekyb3d8bbwe уже есть метка доверия. Флаги: 0x5"
"08.09.2026 22:07:25","8100","Подробно","Microsoft-Windows-AppXDeployment-Server","Начинается проверка и установка метки доверия для пакета Microsoft.WindowsAppRuntime.1.8_8000.946.1701.0_x64__8wekyb3d8bbwe с флагами 0x5."
"08.09.2026 22:07:25","8101","Подробно","Microsoft-Windows-AppXDeployment-Server","Проверка и установка метки доверия для пакета Microsoft.WindowsAppRuntime.1.8_8000.946.1701.0_x86__8wekyb3d8bbwe с флагами 0x5 завершена."
"08.09.2026 22:07:25","8106","Подробно","Microsoft-Windows-AppXDeployment-Server","У пакета Microsoft.WindowsAppRuntime.1.8_8000.946.1701.0_x86__8wekyb3d8bbwe уже есть метка доверия. Флаги: 0x5"
"08.09.2026 22:07:25","8100","Подробно","Microsoft-Windows-AppXDeployment-Server","Начинается проверка и установка метки доверия для пакета Microsoft.WindowsAppRuntime.1.8_8000.946.1701.0_x86__8wekyb3d8bbwe с флагами 0x5."
"08.09.2026 22:07:25","8101","Подробно","Microsoft-Windows-AppXDeployment-Server","Проверка и установка метки доверия для пакета Microsoft.VCLibs.140.00_14.0.33519.0_x86__8wekyb3d8bbwe с флагами 0x5 завершена."
"08.09.2026 22:07:25","8105","Подробно","Microsoft-Windows-AppXDeployment-Server","Проверено файлов из карты блоков для пакета Microsoft.VCLibs.140.00_14.0.33519.0_x86__8wekyb3d8bbwe: 12."
"08.09.2026 22:07:25","8100","Подробно","Microsoft-Windows-AppXDeployment-Server","Начинается проверка и установка метки доверия для пакета Microsoft.VCLibs.140.00_14.0.33519.0_x86__8wekyb3d8bbwe с флагами 0x5."
"08.09.2026 22:07:25","8101","Подробно","Microsoft-Windows-AppXDeployment-Server","Проверка и установка метки доверия для пакета Microsoft.VCLibs.140.00.UWPDesktop_14.0.33728.0_x64__8wekyb3d8bbwe с флагами 0x5 завершена."
"08.09.2026 22:07:25","8106","Подробно","Microsoft-Windows-AppXDeployment-Server","У пакета Microsoft.VCLibs.140.00.UWPDesktop_14.0.33728.0_x64__8wekyb3d8bbwe уже есть метка доверия. Флаги: 0x5"
"08.09.2026 22:07:25","8100","Подробно","Microsoft-Windows-AppXDeployment-Server","Начинается проверка и установка метки доверия для пакета Microsoft.VCLibs.140.00.UWPDesktop_14.0.33728.0_x64__8wekyb3d8bbwe с флагами 0x5."
"08.09.2026 22:07:25","8101","Подробно","Microsoft-Windows-AppXDeployment-Server","Проверка и установка метки доверия для пакета Microsoft.VCLibs.140.00.UWPDesktop_14.0.33728.0_x86__8wekyb3d8bbwe с флагами 0x5 завершена."
"08.09.2026 22:07:25","8105","Подробно","Microsoft-Windows-AppXDeployment-Server","Проверено файлов из карты блоков для пакета Microsoft.VCLibs.140.00.UWPDesktop_14.0.33728.0_x86__8wekyb3d8bbwe: 26."
"08.09.2026 22:07:25","8100","Подробно","Microsoft-Windows-AppXDeployment-Server","Начинается проверка и установка метки доверия для пакета Microsoft.VCLibs.140.00.UWPDesktop_14.0.33728.0_x86__8wekyb3d8bbwe с флагами 0x5."
"08.09.2026 22:07:25","603","Сведения","Microsoft-Windows-AppXDeployment-Server","Начата операция развертывания ""Register"" для пакета. Основной параметр: AppxBundleManifest.xml. Необязательные параметры: ForceTargetApplicationShutdownOption,SkipReregisterIfPackageStatusOk,NormalPriorityRequest,ImmediatePriorityRequest,FirstLogonInstall и SkipDeploymentOperationRpcCallerIsAdminCheck. Дополнительные сведения о диагностике проблем с развертыванием приложений см. на странице http://go.microsoft.com/fwlink/?LinkId=235160."
"08.09.2026 22:07:25","613","Сведения","Microsoft-Windows-AppXDeployment-Server","Сводка по эффективности операции развертывания ""StageUserData"" для пакета Microsoft.Windows.Photos_2026.11060.2004.0_neutral_~_8wekyb3d8bbwe: 
Overall time: 938 ms
Enqueue cost: 0 ms
Dequeue delay: 703 ms
Bundle processing cost: 16 ms
Indexing cost: 156 ms
Resolve dependency cost: 0 ms
Check approval cost: 0 ms
Evaluation cost: 0 ms
Hardlinking evaluation cost: 0 ms
Stage required cost: 0 ms
Flushing and closing files cost: 0 ms
Machine register cost: 0 ms
Stage user data cost: 0 ms
Registration cost: 0 ms
Repository commit transaction cost: 0 ms
Data flush cost: 0 ms
Post DeStage repository commit transaction cost: 63 ms
Remaining cost: 0 ms
"
"08.09.2026 22:07:25","10000","Подробно","Microsoft-Windows-AppXDeployment-Server","Будет выполнено обслуживание пакета Microsoft.WindowsFeedbackHub_1.2608.17301.0_x64__8wekyb3d8bbwe. При изменении состояния пакета на ""отключен"" было возвращено 0x0."
"08.09.2026 22:07:25","10000","Подробно","Microsoft-Windows-AppXDeployment-Server","Будет выполнено обслуживание пакета Microsoft.YourPhone_1.25072.81.0_x64__8wekyb3d8bbwe. При изменении состояния пакета на ""отключен"" было возвращено 0x0."
"08.09.2026 22:07:25","10000","Подробно","Microsoft-Windows-AppXDeployment-Server","Будет выполнено обслуживание пакета Microsoft.XboxGamingOverlay_7.326.8061.0_x64__8wekyb3d8bbwe. При изменении состояния пакета на ""отключен"" было возвращено 0x0."
"08.09.2026 22:07:25","10000","Подробно","Microsoft-Windows-AppXDeployment-Server","Будет выполнено обслуживание пакета Microsoft.WindowsAlarms_11.2606.11.0_x64__8wekyb3d8bbwe. При изменении состояния пакета на ""отключен"" было возвращено 0x0."
"08.09.2026 22:07:25","10000","Подробно","Microsoft-Windows-AppXDeployment-Server","Будет выполнено обслуживание пакета Microsoft.WindowsCalculator_11.2606.0.0_x64__8wekyb3d8bbwe. При изменении состояния пакета на ""отключен"" было возвращено 0x0."
"08.09.2026 22:07:25","10000","Подробно","Microsoft-Windows-AppXDeployment-Server","Будет выполнено обслуживание пакета Microsoft.ZuneVideo_10.26061.10051.0_x64__8wekyb3d8bbwe. При изменении состояния пакета на ""отключен"" было возвращено 0x0."
"08.09.2026 22:07:25","10000","Подробно","Microsoft-Windows-AppXDeployment-Server","Будет выполнено обслуживание пакета Microsoft.Windows.Photos_2026.11060.2004.0_x64__8wekyb3d8bbwe. При изменении состояния пакета на ""отключен"" было возвращено 0x0."
"08.09.2026 22:07:25","10000","Подробно","Microsoft-Windows-AppXDeployment-Server","Будет выполнено обслуживание пакета Microsoft.GetHelp_10.2409.41132.0_x64__8wekyb3d8bbwe. При изменении состояния пакета на ""отключен"" было возвращено 0x0."
"08.09.2026 22:07:25","10000","Подробно","Microsoft-Windows-AppXDeployment-Server","Будет выполнено обслуживание пакета Microsoft.MicrosoftSolitaireCollection_4.25.4020.0_x64__8wekyb3d8bbwe. При изменении состояния пакета на ""отключен"" было возвращено 0x0."
"08.09.2026 22:07:25","10000","Подробно","Microsoft-Windows-AppXDeployment-Server","Будет выполнено обслуживание пакета Microsoft.Microsoft3DViewer_7.2602.8012.0_x64__8wekyb3d8bbwe. При изменении состояния пакета на ""отключен"" было возвращено 0x0."
"08.09.2026 22:07:25","10000","Подробно","Microsoft-Windows-AppXDeployment-Server","Будет выполнено обслуживание пакета Microsoft.BingWeather_4.54.63029.0_x64__8wekyb3d8bbwe. При изменении состояния пакета на ""отключен"" было возвращено 0x0."
"08.09.2026 22:07:25","10000","Подробно","Microsoft-Windows-AppXDeployment-Server","Будет выполнено обслуживание пакета Microsoft.XboxApp_48.104.4001.0_x64__8wekyb3d8bbwe. При изменении состояния пакета на ""отключен"" было возвращено 0x0."
"08.09.2026 22:07:25","10000","Подробно","Microsoft-Windows-AppXDeployment-Server","Будет выполнено обслуживание пакета Microsoft.Getstarted_10.2312.1.0_x64__8wekyb3d8bbwe. При изменении состояния пакета на ""отключен"" было возвращено 0x0."
"08.09.2026 22:07:25","10000","Подробно","Microsoft-Windows-AppXDeployment-Server","Будет выполнено обслуживание пакета Microsoft.DesktopAppInstaller_1.29.290.0_x64__8wekyb3d8bbwe. При изменении состояния пакета на ""отключен"" было возвращено 0x0."
"08.09.2026 22:07:25","10000","Подробно","Microsoft-Windows-AppXDeployment-Server","Будет выполнено обслуживание пакета Microsoft.WindowsAppRuntime.1.8_8000.946.1701.0_x64__8wekyb3d8bbwe. При изменении состояния пакета на ""отключен"" было возвращено 0x0."
"08.09.2026 22:07:25","10000","Подробно","Microsoft-Windows-AppXDeployment-Server","Будет выполнено обслуживание пакета Microsoft.WindowsAppRuntime.1.8_8000.946.1701.0_x86__8wekyb3d8bbwe. При изменении состояния пакета на ""отключен"" было возвращено 0x0."
"08.09.2026 22:07:25","10000","Подробно","Microsoft-Windows-AppXDeployment-Server","Будет выполнено обслуживание пакета Microsoft.VCLibs.140.00_14.0.33519.0_x86__8wekyb3d8bbwe. При изменении состояния пакета на ""отключен"" было возвращено 0x0."
"08.09.2026 22:07:25","10000","Подробно","Microsoft-Windows-AppXDeployment-Server","Будет выполнено обслуживание пакета Microsoft.VCLibs.140.00.UWPDesktop_14.0.33728.0_x64__8wekyb3d8bbwe. При изменении состояния пакета на ""отключен"" было возвращено 0x0."
"08.09.2026 22:07:25","10000","Подробно","Microsoft-Windows-AppXDeployment-Server","Будет выполнено обслуживание пакета Microsoft.VCLibs.140.00.UWPDesktop_14.0.33728.0_x86__8wekyb3d8bbwe. При изменении состояния пакета на ""отключен"" было возвращено 0x0."
"08.09.2026 22:07:25","649","Сведения","Microsoft-Windows-AppXDeployment-Server","Операция развертывания ""StageUserData"" для пакета Microsoft.Windows.Photos_2026.11060.2004.0_neutral_~_8wekyb3d8bbwe: PostDeploymentOperationCheck cost: 0 ms"
"08.09.2026 22:07:25","478","Подробно","Microsoft-Windows-AppXDeployment-Server","Операция развертывания StageUserData с конечным томом C: для пакета Microsoft.Windows.Photos_2026.11060.2004.0_x64__8wekyb3d8bbwe из  (AppxBundleManifest.xml)  завершена успешно."
"08.09.2026 22:07:25","400","Сведения","Microsoft-Windows-AppXDeployment-Server","Операция развертывания StageUserData с конечным томом C: для пакета Microsoft.Windows.Photos_2026.11060.2004.0_neutral_~_8wekyb3d8bbwe из  (AppxBundleManifest.xml)  завершена успешно."
"08.09.2026 22:07:25","855","Сведения","Microsoft-Windows-AppXDeployment-Server","Завершено разрешение списков действий. Списки действий DeploymentRequest:  addPackageList: Microsoft.VCLibs.140.00.UWPDesktop_14.0.33728.0_x86__8wekyb3d8bbwe Microsoft.VCLibs.140.00.UWPDesktop_14.0.33728.0_x64__8wekyb3d8bbwe Microsoft.VCLibs.140.00_14.0.33519.0_x86__8wekyb3d8bbwe Microsoft.WindowsAppRuntime.1.8_8000.946.1701.0_x86__8wekyb3d8bbwe Microsoft.WindowsAppRuntime.1.8_8000.946.1701.0_x64__8wekyb3d8bbwe Microsoft.DesktopAppInstaller_1.29.290.0_neutral_split.language-ru_8wekyb3d8bbwe Microsoft.DesktopAppInstaller_1.29.290.0_x64__8wekyb3d8bbwe Microsoft.DesktopAppInstaller_2026.728.1707.0_neutral_~_8wekyb3d8bbwe."
"08.09.2026 22:07:25","854","Сведения","Microsoft-Windows-AppXDeployment-Server","Успешно добавлены следующие универсальные коды ресурсов (URI), которые нужно обработать:  C:\Program Files\WindowsApps\Microsoft.Windows.Photos_2026.11060.2004.0_neutral_~_8wekyb3d8bbwe\AppxMetadata\AppxBundleManifest.xml C:\Program Files\WindowsApps\Microsoft.Windows.Photos_2026.11060.2004.0_x64__8wekyb3d8bbwe\AppxManifest.xml."
"08.09.2026 22:07:25","603","Сведения","Microsoft-Windows-AppXDeployment-Server","Начата операция развертывания ""Register"" для пакета. Основной параметр: AppxBundleManifest.xml. Необязательные параметры: ForceTargetApplicationShutdownOption,SkipReregisterIfPackageStatusOk,NormalPriorityRequest,ImmediatePriorityRequest,FirstLogonInstall и SkipDeploymentOperationRpcCallerIsAdminCheck. Дополнительные сведения о диагностике проблем с развертыванием приложений см. на странице http://go.microsoft.com/fwlink/?LinkId=235160."
"08.09.2026 22:07:25","607","Сведения","Microsoft-Windows-AppXDeployment-Server","Операция развертывания StageUserData в отношении пакета Microsoft.Windows.Photos_2026.11060.2004.0_neutral_~_8wekyb3d8bbwe выведена из очереди и выполняется для SID пользователя S-1-5-21-239302790-3235067425-44167425-1007."
"08.09.2026 22:07:25","10002","Подробно","Microsoft-Windows-AppXDeployment-Server","Создание файла устойчивости C:\ProgramData\Microsoft\Windows\AppRepository\4b941eda-7998-4f15-a1db-00b2c5a17261_S-1-5-21-239302790-3235067425-44167425-1007_55.rslc для операции StageUserData с пакетом Microsoft.Windows.Photos_2026.11060.2004.0_neutral_~_8wekyb3d8bbwe."
"08.09.2026 22:07:25","613","Сведения","Microsoft-Windows-AppXDeployment-Server","Сводка по эффективности операции развертывания ""StageUserData"" для пакета microsoft.windowscommunicationsapps_16005.14326.22342.0_neutral_~_8wekyb3d8bbwe: 
Overall time: 703 ms
Enqueue cost: 0 ms
Dequeue delay: 594 ms
Bundle processing cost: 16 ms
Indexing cost: 31 ms
Resolve dependency cost: 0 ms
Check approval cost: 0 ms
Evaluation cost: 0 ms
Hardlinking evaluation cost: 0 ms
Stage required cost: 0 ms
Flushing and closing files cost: 0 ms
Machine register cost: 0 ms
Stage user data cost: 0 ms
Registration cost: 0 ms
Repository commit transaction cost: 0 ms
Data flush cost: 0 ms
Post DeStage repository commit transaction cost: 62 ms
Remaining cost: 0 ms
"
"08.09.2026 22:07:24","649","Сведения","Microsoft-Windows-AppXDeployment-Server","Операция развертывания ""StageUserData"" для пакета microsoft.windowscommunicationsapps_16005.14326.22342.0_neutral_~_8wekyb3d8bbwe: PostDeploymentOperationCheck cost: 0 ms"
"08.09.2026 22:07:24","478","Подробно","Microsoft-Windows-AppXDeployment-Server","Операция развертывания StageUserData с конечным томом C: для пакета microsoft.windowscommunicationsapps_16005.14326.22342.0_x64__8wekyb3d8bbwe из  (AppxBundleManifest.xml)  завершена успешно."
"08.09.2026 22:07:24","400","Сведения","Microsoft-Windows-AppXDeployment-Server","Операция развертывания StageUserData с конечным томом C: для пакета microsoft.windowscommunicationsapps_16005.14326.22342.0_neutral_~_8wekyb3d8bbwe из  (AppxBundleManifest.xml)  завершена успешно."
"08.09.2026 22:07:24","854","Сведения","Microsoft-Windows-AppXDeployment-Server","Успешно добавлены следующие универсальные коды ресурсов (URI), которые нужно обработать:  C:\Program Files\WindowsApps\Microsoft.DesktopAppInstaller_2026.728.1707.0_neutral_~_8wekyb3d8bbwe\AppxMetadata\AppxBundleManifest.xml C:\Program Files\WindowsApps\Microsoft.DesktopAppInstaller_1.29.290.0_x64__8wekyb3d8bbwe\AppxManifest.xml C:\Program Files\WindowsApps\Microsoft.DesktopAppInstaller_1.29.290.0_neutral_split.language-ru_8wekyb3d8bbwe\AppxManifest.xml."
"08.09.2026 22:07:24","607","Сведения","Microsoft-Windows-AppXDeployment-Server","Операция развертывания Register в отношении пакета Microsoft.DesktopAppInstaller_2026.728.1707.0_neutral_~_8wekyb3d8bbwe выведена из очереди и выполняется для SID пользователя S-1-5-21-239302790-3235067425-44167425-1007."
"08.09.2026 22:07:24","10002","Подробно","Microsoft-Windows-AppXDeployment-Server","Создание файла устойчивости C:\ProgramData\Microsoft\Windows\AppRepository\4b941eda-7998-4f15-a1db-00b2c5a17261_S-1-5-21-239302790-3235067425-44167425-1007_54.rslc для операции Register с пакетом Microsoft.DesktopAppInstaller_2026.728.1707.0_neutral_~_8wekyb3d8bbwe."
"08.09.2026 22:07:24","854","Сведения","Microsoft-Windows-AppXDeployment-Server","Успешно добавлены следующие универсальные коды ресурсов (URI), которые нужно обработать:  C:\Program Files\WindowsApps\microsoft.windowscommunicationsapps_16005.14326.22342.0_neutral_~_8wekyb3d8bbwe\AppxMetadata\AppxBundleManifest.xml C:\Program Files\WindowsApps\microsoft.windowscommunicationsapps_16005.14326.22342.0_x64__8wekyb3d8bbwe\AppxManifest.xml C:\Program Files\WindowsApps\microsoft.windowscommunicationsapps_16005.14326.22342.0_neutral_ru-ru_8wekyb3d8bbwe\AppxManifest.xml."
"08.09.2026 22:07:24","603","Сведения","Microsoft-Windows-AppXDeployment-Server","Начата операция развертывания ""Register"" для пакета. Основной параметр: AppxBundleManifest.xml. Необязательные параметры: ForceTargetApplicationShutdownOption,SkipReregisterIfPackageStatusOk,NormalPriorityRequest,ImmediatePriorityRequest,FirstLogonInstall и SkipDeploymentOperationRpcCallerIsAdminCheck. Дополнительные сведения о диагностике проблем с развертыванием приложений см. на странице http://go.microsoft.com/fwlink/?LinkId=235160."
"08.09.2026 22:07:24","607","Сведения","Microsoft-Windows-AppXDeployment-Server","Операция развертывания StageUserData в отношении пакета microsoft.windowscommunicationsapps_16005.14326.22342.0_neutral_~_8wekyb3d8bbwe выведена из очереди и выполняется для SID пользователя S-1-5-21-239302790-3235067425-44167425-1007."
"08.09.2026 22:07:24","10002","Подробно","Microsoft-Windows-AppXDeployment-Server","Создание файла устойчивости C:\ProgramData\Microsoft\Windows\AppRepository\4b941eda-7998-4f15-a1db-00b2c5a17261_S-1-5-21-239302790-3235067425-44167425-1007_53.rslc для операции StageUserData с пакетом microsoft.windowscommunicationsapps_16005.14326.22342.0_neutral_~_8wekyb3d8bbwe."
"08.09.2026 22:07:24","613","Сведения","Microsoft-Windows-AppXDeployment-Server","Сводка по эффективности операции развертывания ""StageUserData"" для пакета Microsoft.DesktopAppInstaller_2026.728.1707.0_neutral_~_8wekyb3d8bbwe: 
Overall time: 594 ms
Enqueue cost: 0 ms
Dequeue delay: 485 ms
Bundle processing cost: 15 ms
Indexing cost: 31 ms
Resolve dependency cost: 0 ms
Check approval cost: 0 ms
Evaluation cost: 0 ms
Hardlinking evaluation cost: 0 ms
Stage required cost: 0 ms
Flushing and closing files cost: 0 ms
Machine register cost: 0 ms
Stage user data cost: 0 ms
Registration cost: 0 ms
Repository commit transaction cost: 0 ms
Data flush cost: 0 ms
Post DeStage repository commit transaction cost: 47 ms
Remaining cost: 16 ms
"
"08.09.2026 22:07:24","649","Сведения","Microsoft-Windows-AppXDeployment-Server","Операция развертывания ""StageUserData"" для пакета Microsoft.DesktopAppInstaller_2026.728.1707.0_neutral_~_8wekyb3d8bbwe: PostDeploymentOperationCheck cost: 0 ms"
"08.09.2026 22:07:24","478","Подробно","Microsoft-Windows-AppXDeployment-Server","Операция развертывания StageUserData с конечным томом C: для пакета Microsoft.DesktopAppInstaller_1.29.290.0_x64__8wekyb3d8bbwe из  (AppxBundleManifest.xml)  завершена успешно."
"08.09.2026 22:07:24","400","Сведения","Microsoft-Windows-AppXDeployment-Server","Операция развертывания StageUserData с конечным томом C: для пакета Microsoft.DesktopAppInstaller_2026.728.1707.0_neutral_~_8wekyb3d8bbwe из  (AppxBundleManifest.xml)  завершена успешно."
