"08.09.2026 22:07:20","607","Сведения","Microsoft-Windows-AppXDeployment-Server","Операция развертывания Register в отношении пакета Microsoft.Windows.PeopleExperienceHost_10.0.19041.4239_neutral_neutral_cw5n1h2txyewy выведена из очереди и выполняется для SID пользователя S-1-5-21-239302790-3235067425-44167425-1007."
"08.09.2026 22:07:20","10002","Подробно","Microsoft-Windows-AppXDeployment-Server","Создание файла устойчивости C:\ProgramData\Microsoft\Windows\AppRepository\4b941eda-7998-4f15-a1db-00b2c5a17261_S-1-5-21-239302790-3235067425-44167425-1007_41.rslc для операции Register с пакетом Microsoft.Windows.PeopleExperienceHost_10.0.19041.4239_neutral_neutral_cw5n1h2txyewy."
"08.09.2026 22:07:20","573","Сведения","Microsoft-Windows-AppXDeployment-Server","Настройка состояния ""Синхронизация включена"", имя семейства пакетов Microsoft.Windows.AssignedAccessLockApp_cw5n1h2txyewy, включено false."
"08.09.2026 22:07:20","613","Сведения","Microsoft-Windows-AppXDeployment-Server","Сводка по эффективности операции развертывания ""Register"" для пакета Microsoft.Windows.StartMenuExperienceHost_10.0.19041.5438_neutral_neutral_cw5n1h2txyewy: 
Overall time: 13266 ms
Enqueue cost: 78 ms
Dequeue delay: 1969 ms
Bundle processing cost: 0 ms
Indexing cost: 328 ms
Resolve dependency cost: 0 ms
Check approval cost: 0 ms
Evaluation cost: 0 ms
Hardlinking evaluation cost: 0 ms
Stage required cost: 16 ms
Flushing and closing files cost: 0 ms
Gap: 47 ms
Machine register cost: 0 ms
Stage user data cost: 0 ms
Gap: 15 ms
Registration cost: 172 ms
Repository commit transaction cost: 10594 ms
Gap: 16 ms
Data flush cost: 0 ms
Post DeStage repository commit transaction cost: 0 ms
Remaining cost: 31 ms
"
"08.09.2026 22:07:20","855","Сведения","Microsoft-Windows-AppXDeployment-Server","Завершено разрешение списков действий. Списки действий DeploymentRequest:  addPackageList: Microsoft.Windows.AssignedAccessLockApp_1000.19041.4239.0_neutral_neutral_cw5n1h2txyewy."
"08.09.2026 22:07:20","649","Сведения","Microsoft-Windows-AppXDeployment-Server","Операция развертывания ""Register"" для пакета Microsoft.Windows.StartMenuExperienceHost_10.0.19041.5438_neutral_neutral_cw5n1h2txyewy: PostDeploymentOperationCheck cost: 0 ms"
"08.09.2026 22:07:20","400","Сведения","Microsoft-Windows-AppXDeployment-Server","Операция развертывания Register с конечным томом C: для пакета Microsoft.Windows.StartMenuExperienceHost_10.0.19041.5438_neutral_neutral_cw5n1h2txyewy из  (AppxManifest.xml)  завершена успешно."
"08.09.2026 22:07:20","854","Сведения","Microsoft-Windows-AppXDeployment-Server","Успешно добавлены следующие универсальные коды ресурсов (URI), которые нужно обработать:  C:\Windows\SystemApps\Microsoft.Windows.AssignedAccessLockApp_cw5n1h2txyewy\AppxManifest.xml."
"08.09.2026 22:07:20","607","Сведения","Microsoft-Windows-AppXDeployment-Server","Операция развертывания Register в отношении пакета Microsoft.Windows.AssignedAccessLockApp_1000.19041.4239.0_neutral_neutral_cw5n1h2txyewy выведена из очереди и выполняется для SID пользователя S-1-5-21-239302790-3235067425-44167425-1007."
"08.09.2026 22:07:20","10002","Подробно","Microsoft-Windows-AppXDeployment-Server","Создание файла устойчивости C:\ProgramData\Microsoft\Windows\AppRepository\4b941eda-7998-4f15-a1db-00b2c5a17261_S-1-5-21-239302790-3235067425-44167425-1007_40.rslc для операции Register с пакетом Microsoft.Windows.AssignedAccessLockApp_1000.19041.4239.0_neutral_neutral_cw5n1h2txyewy."
"08.09.2026 22:07:20","613","Сведения","Microsoft-Windows-AppXDeployment-Server","Сводка по эффективности операции развертывания ""Register"" для пакета Microsoft.ECApp_10.0.19041.4597_neutral__8wekyb3d8bbwe: 
Overall time: 14735 ms
Enqueue cost: 94 ms
Dequeue delay: 3438 ms
Bundle processing cost: 0 ms
Indexing cost: 15 ms
Resolve dependency cost: 0 ms
Check approval cost: 0 ms
Evaluation cost: 16 ms
Hardlinking evaluation cost: 0 ms
Stage required cost: 0 ms
Flushing and closing files cost: 0 ms
Gap: 406 ms
Machine register cost: 0 ms
Stage user data cost: 0 ms
Registration cost: 94 ms
Repository commit transaction cost: 10625 ms
Gap: 15 ms
Data flush cost: 0 ms
Post DeStage repository commit transaction cost: 0 ms
Remaining cost: 32 ms
"
"08.09.2026 22:07:20","10001","Подробно","Microsoft-Windows-AppXDeployment-Server","Обслуживание пакета Microsoft.Windows.StartMenuExperienceHost_10.0.19041.5438_neutral_neutral_cw5n1h2txyewy завершено. При изменении состояния пакета на ""включен"" было возвращено 0x0."
"08.09.2026 22:07:20","10001","Подробно","Microsoft-Windows-AppXDeployment-Server","Обслуживание пакета Microsoft.Windows.StartMenuExperienceHost_10.0.19041.5438_neutral_neutral_cw5n1h2txyewy завершено. При изменении состояния пакета на ""включен"" было возвращено 0x0."
"08.09.2026 22:07:20","10001","Подробно","Microsoft-Windows-AppXDeployment-Server","Обслуживание пакета Microsoft.Windows.StartMenuExperienceHost_10.0.19041.5438_neutral_neutral_cw5n1h2txyewy завершено. При изменении состояния пакета на ""включен"" было возвращено 0x0."
"08.09.2026 22:07:20","10001","Подробно","Microsoft-Windows-AppXDeployment-Server","Обслуживание пакета Microsoft.Windows.StartMenuExperienceHost_10.0.19041.5438_neutral_neutral_cw5n1h2txyewy завершено. При изменении состояния пакета на ""включен"" было возвращено 0x0."
"08.09.2026 22:07:20","649","Сведения","Microsoft-Windows-AppXDeployment-Server","Операция развертывания ""Register"" для пакета Microsoft.ECApp_10.0.19041.4597_neutral__8wekyb3d8bbwe: PostDeploymentOperationCheck cost: 0 ms"
"08.09.2026 22:07:20","400","Сведения","Microsoft-Windows-AppXDeployment-Server","Операция развертывания Register с конечным томом C: для пакета Microsoft.ECApp_10.0.19041.4597_neutral__8wekyb3d8bbwe из  (AppxManifest.xml)  завершена успешно."
"08.09.2026 22:07:20","10001","Подробно","Microsoft-Windows-AppXDeployment-Server","Обслуживание пакета Microsoft.ECApp_10.0.19041.4597_neutral__8wekyb3d8bbwe завершено. При изменении состояния пакета на ""включен"" было возвращено 0x0."
"08.09.2026 22:07:20","10001","Подробно","Microsoft-Windows-AppXDeployment-Server","Обслуживание пакета Microsoft.ECApp_10.0.19041.4597_neutral__8wekyb3d8bbwe завершено. При изменении состояния пакета на ""включен"" было возвращено 0x0."
"08.09.2026 22:07:20","10001","Подробно","Microsoft-Windows-AppXDeployment-Server","Обслуживание пакета Microsoft.ECApp_10.0.19041.4597_neutral__8wekyb3d8bbwe завершено. При изменении состояния пакета на ""включен"" было возвращено 0x0."
"08.09.2026 22:07:20","10001","Подробно","Microsoft-Windows-AppXDeployment-Server","Обслуживание пакета Microsoft.ECApp_10.0.19041.4597_neutral__8wekyb3d8bbwe завершено. При изменении состояния пакета на ""включен"" было возвращено 0x0."
"08.09.2026 22:07:20","9643","Подробно","Microsoft-Windows-AppXDeployment-Server","0x0: успешное выполнение TerminateApplications."
"08.09.2026 22:07:20","9643","Подробно","Microsoft-Windows-AppXDeployment-Server","0x0: успешное выполнение TerminateApplications."
"08.09.2026 22:07:20","626","Подробно","Microsoft-Windows-AppXDeployment-Server","Операция развертывания Stage в отношении пакета Microsoft.MicrosoftEdge.Stable_152.0.4191.66_neutral__8wekyb3d8bbwe повторно поставлена в очередь для SID пользователя S-1-5-21-239302790-3235067425-44167425-1007."
"08.09.2026 22:07:20","10000","Подробно","Microsoft-Windows-AppXDeployment-Server","Будет выполнено обслуживание пакета Microsoft.Windows.Search_1.14.18.19041_neutral_neutral_cw5n1h2txyewy. При изменении состояния пакета на ""отключен"" было возвращено 0x0."
"08.09.2026 22:07:20","9643","Подробно","Microsoft-Windows-AppXDeployment-Server","0x0: успешное выполнение TerminateApplications."
"08.09.2026 22:07:20","9643","Подробно","Microsoft-Windows-AppXDeployment-Server","0x0: успешное выполнение TerminateApplications."
"08.09.2026 22:07:20","573","Сведения","Microsoft-Windows-AppXDeployment-Server","Настройка состояния ""Синхронизация включена"", имя семейства пакетов Microsoft.Windows.Search_cw5n1h2txyewy, включено false."
"08.09.2026 22:07:20","9643","Подробно","Microsoft-Windows-AppXDeployment-Server","0x0: успешное выполнение TerminateApplications."
"08.09.2026 22:07:20","9643","Подробно","Microsoft-Windows-AppXDeployment-Server","0x0: успешное выполнение TerminateApplications."
"08.09.2026 22:07:20","10000","Подробно","Microsoft-Windows-AppXDeployment-Server","Будет выполнено обслуживание пакета Microsoft.Windows.SecHealthUI_10.0.19041.4239_neutral__cw5n1h2txyewy. При изменении состояния пакета на ""отключен"" было возвращено 0x0."
"08.09.2026 22:07:20","9643","Подробно","Microsoft-Windows-AppXDeployment-Server","0x0: успешное выполнение TerminateApplications."
"08.09.2026 22:07:20","9643","Подробно","Microsoft-Windows-AppXDeployment-Server","0x0: успешное выполнение TerminateApplications."
"08.09.2026 22:07:20","573","Сведения","Microsoft-Windows-AppXDeployment-Server","Настройка состояния ""Синхронизация включена"", имя семейства пакетов Microsoft.Windows.SecHealthUI_cw5n1h2txyewy, включено false."
"08.09.2026 22:07:20","855","Сведения","Microsoft-Windows-AppXDeployment-Server","Завершено разрешение списков действий. Списки действий DeploymentRequest:  addPackageList: Microsoft.Windows.SecHealthUI_10.0.19041.4239_neutral__cw5n1h2txyewy."
"08.09.2026 22:07:20","854","Сведения","Microsoft-Windows-AppXDeployment-Server","Успешно добавлены следующие универсальные коды ресурсов (URI), которые нужно обработать:  C:\Windows\SystemApps\Microsoft.Windows.SecHealthUI_cw5n1h2txyewy\AppxManifest.xml."
"08.09.2026 22:07:20","607","Сведения","Microsoft-Windows-AppXDeployment-Server","Операция развертывания Register в отношении пакета Microsoft.Windows.SecHealthUI_10.0.19041.4239_neutral__cw5n1h2txyewy выведена из очереди и выполняется для SID пользователя S-1-5-21-239302790-3235067425-44167425-1007."
"08.09.2026 22:07:20","10002","Подробно","Microsoft-Windows-AppXDeployment-Server","Создание файла устойчивости C:\ProgramData\Microsoft\Windows\AppRepository\4b941eda-7998-4f15-a1db-00b2c5a17261_S-1-5-21-239302790-3235067425-44167425-1007_39.rslc для операции Register с пакетом Microsoft.Windows.SecHealthUI_10.0.19041.4239_neutral__cw5n1h2txyewy."
"08.09.2026 22:07:20","855","Сведения","Microsoft-Windows-AppXDeployment-Server","Завершено разрешение списков действий. Списки действий DeploymentRequest:  addPackageList: Microsoft.Windows.Search_1.14.18.19041_neutral_neutral_cw5n1h2txyewy."
"08.09.2026 22:07:10","822","Подробно","Microsoft-Windows-AppXDeployment-Server","Обновление реестра для пакета Microsoft.VCLibs.140.00_14.0.33519.0_x64__8wekyb3d8bbwe завершилось со следующим результатом: 0x0."
"08.09.2026 22:07:10","821","Подробно","Microsoft-Windows-AppXDeployment-Server","Выполняемая при входе регистрация пакета Microsoft.VCLibs.140.00_14.0.33519.0_x64__8wekyb3d8bbwe для пользователя S-1-5-21-239302790-3235067425-44167425-1007 завершилась со следующим результатом: 0x0; обновление реестра..."
"08.09.2026 22:07:10","854","Сведения","Microsoft-Windows-AppXDeployment-Server","Успешно добавлены следующие универсальные коды ресурсов (URI), которые нужно обработать:  C:\Windows\SystemApps\Microsoft.Windows.Search_cw5n1h2txyewy\AppxManifest.xml."
"08.09.2026 22:07:10","607","Сведения","Microsoft-Windows-AppXDeployment-Server","Операция развертывания Register в отношении пакета Microsoft.Windows.Search_1.14.18.19041_neutral_neutral_cw5n1h2txyewy выведена из очереди и выполняется для SID пользователя S-1-5-21-239302790-3235067425-44167425-1007."
"08.09.2026 22:07:10","10002","Подробно","Microsoft-Windows-AppXDeployment-Server","Создание файла устойчивости C:\ProgramData\Microsoft\Windows\AppRepository\4b941eda-7998-4f15-a1db-00b2c5a17261_S-1-5-21-239302790-3235067425-44167425-1007_38.rslc для операции Register с пакетом Microsoft.Windows.Search_1.14.18.19041_neutral_neutral_cw5n1h2txyewy."
"08.09.2026 22:07:10","613","Сведения","Microsoft-Windows-AppXDeployment-Server","Сводка по эффективности операции развертывания ""Register"" для пакета Microsoft.VCLibs.140.00_14.0.33519.0_x64__8wekyb3d8bbwe: 
Overall time: 610 ms
Gap: 16 ms
Enqueue cost: 0 ms
Dequeue delay: 312 ms
Bundle processing cost: 0 ms
Indexing cost: 16 ms
Resolve dependency cost: 0 ms
Check approval cost: 0 ms
Evaluation cost: 0 ms
Hardlinking evaluation cost: 0 ms
Stage required cost: 16 ms
Flushing and closing files cost: 0 ms
Gap: 46 ms
Machine register cost: 0 ms
Stage user data cost: 0 ms
Registration cost: 32 ms
Repository commit transaction cost: 140 ms
Data flush cost: 0 ms
Post DeStage repository commit transaction cost: 0 ms
Remaining cost: 32 ms
"
"08.09.2026 22:07:10","649","Сведения","Microsoft-Windows-AppXDeployment-Server","Операция развертывания ""Register"" для пакета Microsoft.VCLibs.140.00_14.0.33519.0_x64__8wekyb3d8bbwe: PostDeploymentOperationCheck cost: 0 ms"
"08.09.2026 22:07:10","400","Сведения","Microsoft-Windows-AppXDeployment-Server","Операция развертывания Register с конечным томом C: для пакета Microsoft.VCLibs.140.00_14.0.33519.0_x64__8wekyb3d8bbwe из  (AppxManifest.xml)  завершена успешно."
"08.09.2026 22:07:10","10001","Подробно","Microsoft-Windows-AppXDeployment-Server","Обслуживание пакета Microsoft.VCLibs.140.00_14.0.33519.0_x64__8wekyb3d8bbwe завершено. При изменении состояния пакета на ""включен"" было возвращено 0x0."
"08.09.2026 22:07:10","10001","Подробно","Microsoft-Windows-AppXDeployment-Server","Обслуживание пакета Microsoft.VCLibs.140.00_14.0.33519.0_x64__8wekyb3d8bbwe завершено. При изменении состояния пакета на ""включен"" было возвращено 0x0."
"08.09.2026 22:07:10","10001","Подробно","Microsoft-Windows-AppXDeployment-Server","Обслуживание пакета Microsoft.VCLibs.140.00_14.0.33519.0_x64__8wekyb3d8bbwe завершено. При изменении состояния пакета на ""включен"" было возвращено 0x0."
"08.09.2026 22:07:10","10001","Подробно","Microsoft-Windows-AppXDeployment-Server","Обслуживание пакета Microsoft.VCLibs.140.00_14.0.33519.0_x64__8wekyb3d8bbwe завершено. При изменении состояния пакета на ""включен"" было возвращено 0x0."
"08.09.2026 22:07:09","9643","Подробно","Microsoft-Windows-AppXDeployment-Server","0x0: успешное выполнение TerminateApplications."
"08.09.2026 22:07:09","9643","Подробно","Microsoft-Windows-AppXDeployment-Server","0x0: успешное выполнение TerminateApplications."
"08.09.2026 22:07:09","10000","Подробно","Microsoft-Windows-AppXDeployment-Server","Будет выполнено обслуживание пакета Microsoft.ECApp_10.0.19041.4597_neutral__8wekyb3d8bbwe. При изменении состояния пакета на ""отключен"" было возвращено 0x0."
"08.09.2026 22:07:09","9643","Подробно","Microsoft-Windows-AppXDeployment-Server","0x0: успешное выполнение TerminateApplications."
"08.09.2026 22:07:09","9643","Подробно","Microsoft-Windows-AppXDeployment-Server","0x0: успешное выполнение TerminateApplications."
"08.09.2026 22:07:09","573","Сведения","Microsoft-Windows-AppXDeployment-Server","Настройка состояния ""Синхронизация включена"", имя семейства пакетов Microsoft.ECApp_8wekyb3d8bbwe, включено false."
"08.09.2026 22:07:09","8101","Подробно","Microsoft-Windows-AppXDeployment-Server","Проверка и установка метки доверия для пакета Microsoft.VCLibs.140.00_14.0.33519.0_x64__8wekyb3d8bbwe с флагами 0x5 завершена."
"08.09.2026 22:07:09","8106","Подробно","Microsoft-Windows-AppXDeployment-Server","У пакета Microsoft.VCLibs.140.00_14.0.33519.0_x64__8wekyb3d8bbwe уже есть метка доверия. Флаги: 0x5"
"08.09.2026 22:07:09","8100","Подробно","Microsoft-Windows-AppXDeployment-Server","Начинается проверка и установка метки доверия для пакета Microsoft.VCLibs.140.00_14.0.33519.0_x64__8wekyb3d8bbwe с флагами 0x5."
"08.09.2026 22:07:09","9643","Подробно","Microsoft-Windows-AppXDeployment-Server","0x0: успешное выполнение TerminateApplications."
"08.09.2026 22:07:09","9643","Подробно","Microsoft-Windows-AppXDeployment-Server","0x0: успешное выполнение TerminateApplications."
"08.09.2026 22:07:09","10000","Подробно","Microsoft-Windows-AppXDeployment-Server","Будет выполнено обслуживание пакета Microsoft.VCLibs.140.00_14.0.33519.0_x64__8wekyb3d8bbwe. При изменении состояния пакета на ""отключен"" было возвращено 0x0."
"08.09.2026 22:07:09","10000","Подробно","Microsoft-Windows-AppXDeployment-Server","Будет выполнено обслуживание пакета Microsoft.Windows.StartMenuExperienceHost_10.0.19041.5438_neutral_neutral_cw5n1h2txyewy. При изменении состояния пакета на ""отключен"" было возвращено 0x0."
"08.09.2026 22:07:09","9643","Подробно","Microsoft-Windows-AppXDeployment-Server","0x0: успешное выполнение TerminateApplications."
"08.09.2026 22:07:09","9643","Подробно","Microsoft-Windows-AppXDeployment-Server","0x0: успешное выполнение TerminateApplications."
"08.09.2026 22:07:09","573","Сведения","Microsoft-Windows-AppXDeployment-Server","Настройка состояния ""Синхронизация включена"", имя семейства пакетов Microsoft.Windows.StartMenuExperienceHost_cw5n1h2txyewy, включено false."
"08.09.2026 22:07:09","855","Сведения","Microsoft-Windows-AppXDeployment-Server","Завершено разрешение списков действий. Списки действий DeploymentRequest:  addPackageList: Microsoft.VCLibs.140.00_14.0.33519.0_x64__8wekyb3d8bbwe."
"08.09.2026 22:07:09","854","Сведения","Microsoft-Windows-AppXDeployment-Server","Успешно добавлены следующие универсальные коды ресурсов (URI), которые нужно обработать:  C:\Program Files\WindowsApps\Microsoft.VCLibs.140.00_14.0.33519.0_x64__8wekyb3d8bbwe\AppxManifest.xml."
"08.09.2026 22:07:09","607","Сведения","Microsoft-Windows-AppXDeployment-Server","Операция развертывания Register в отношении пакета Microsoft.VCLibs.140.00_14.0.33519.0_x64__8wekyb3d8bbwe выведена из очереди и выполняется для SID пользователя S-1-5-21-239302790-3235067425-44167425-1007."
"08.09.2026 22:07:09","10002","Подробно","Microsoft-Windows-AppXDeployment-Server","Создание файла устойчивости C:\ProgramData\Microsoft\Windows\AppRepository\4b941eda-7998-4f15-a1db-00b2c5a17261_S-1-5-21-239302790-3235067425-44167425-1007_37.rslc для операции Register с пакетом Microsoft.VCLibs.140.00_14.0.33519.0_x64__8wekyb3d8bbwe."
"08.09.2026 22:07:09","855","Сведения","Microsoft-Windows-AppXDeployment-Server","Завершено разрешение списков действий. Списки действий DeploymentRequest:  addPackageList: Microsoft.Windows.StartMenuExperienceHost_10.0.19041.5438_neutral_neutral_cw5n1h2txyewy."
"08.09.2026 22:07:09","854","Сведения","Microsoft-Windows-AppXDeployment-Server","Успешно добавлены следующие универсальные коды ресурсов (URI), которые нужно обработать:  file:///C:/Program%20Files%20(x86)/Microsoft/Edge/Application/152.0.4191.66/identity_proxy/win10/identity_helper.sparse.stable.msix."
"08.09.2026 22:07:09","607","Сведения","Microsoft-Windows-AppXDeployment-Server","Операция развертывания Stage в отношении пакета Microsoft.MicrosoftEdge.Stable_152.0.4191.66_neutral__8wekyb3d8bbwe выведена из очереди и выполняется для SID пользователя S-1-5-21-239302790-3235067425-44167425-1007."
"08.09.2026 22:07:09","626","Подробно","Microsoft-Windows-AppXDeployment-Server","Операция развертывания Stage в отношении пакета Microsoft.MicrosoftEdge.Stable_152.0.4191.66_neutral__8wekyb3d8bbwe повторно поставлена в очередь для SID пользователя S-1-5-21-239302790-3235067425-44167425-1007."
"08.09.2026 22:07:09","613","Сведения","Microsoft-Windows-AppXDeployment-Server","Сводка по эффективности операции развертывания ""Register"" для пакета NcsiUwpApp_1000.19041.4239.0_neutral_neutral_8wekyb3d8bbwe: 
Overall time: 1828 ms
Enqueue cost: 78 ms
Dequeue delay: 1156 ms
Bundle processing cost: 0 ms
Indexing cost: 32 ms
Resolve dependency cost: 0 ms
Gap: 15 ms
Check approval cost: 0 ms
Evaluation cost: 0 ms
Hardlinking evaluation cost: 0 ms
Stage required cost: 0 ms
Flushing and closing files cost: 0 ms
Gap: 47 ms
Machine register cost: 0 ms
Stage user data cost: 0 ms
Gap: 47 ms
Registration cost: 188 ms
Repository commit transaction cost: 109 ms
Gap: 16 ms
Data flush cost: 0 ms
Post DeStage repository commit transaction cost: 0 ms
Remaining cost: 140 ms
"
"08.09.2026 22:07:09","854","Сведения","Microsoft-Windows-AppXDeployment-Server","Успешно добавлены следующие универсальные коды ресурсов (URI), которые нужно обработать:  C:\Windows\SystemApps\Microsoft.Windows.StartMenuExperienceHost_cw5n1h2txyewy\AppxManifest.xml."
"08.09.2026 22:07:09","607","Сведения","Microsoft-Windows-AppXDeployment-Server","Операция развертывания Register в отношении пакета Microsoft.Windows.StartMenuExperienceHost_10.0.19041.5438_neutral_neutral_cw5n1h2txyewy выведена из очереди и выполняется для SID пользователя S-1-5-21-239302790-3235067425-44167425-1007."
"08.09.2026 22:07:09","10002","Подробно","Microsoft-Windows-AppXDeployment-Server","Создание файла устойчивости C:\ProgramData\Microsoft\Windows\AppRepository\4b941eda-7998-4f15-a1db-00b2c5a17261_S-1-5-21-239302790-3235067425-44167425-1007_36.rslc для операции Register с пакетом Microsoft.Windows.StartMenuExperienceHost_10.0.19041.5438_neutral_neutral_cw5n1h2txyewy."
"08.09.2026 22:07:09","854","Сведения","Microsoft-Windows-AppXDeployment-Server","Успешно добавлены следующие универсальные коды ресурсов (URI), которые нужно обработать:  file:///C:/Program%20Files%20(x86)/Microsoft/Edge/Application/152.0.4191.66/identity_proxy/win10/identity_helper.sparse.stable.msix."
"08.09.2026 22:07:09","603","Сведения","Microsoft-Windows-AppXDeployment-Server","Начата операция развертывания ""Register"" для пакета. Основной параметр: AppxManifest.xml. Необязательные параметры: ForceTargetApplicationShutdownOption,SkipReregisterIfPackageStatusOk,NormalPriorityRequest,ImmediatePriorityRequest,FirstLogonInstall и SkipDeploymentOperationRpcCallerIsAdminCheck. Дополнительные сведения о диагностике проблем с развертыванием приложений см. на странице http://go.microsoft.com/fwlink/?LinkId=235160."
"08.09.2026 22:07:09","607","Сведения","Microsoft-Windows-AppXDeployment-Server","Операция развертывания Stage в отношении пакета Microsoft.MicrosoftEdge.Stable_152.0.4191.66_neutral__8wekyb3d8bbwe выведена из очереди и выполняется для SID пользователя S-1-5-21-239302790-3235067425-44167425-1007."
"08.09.2026 22:07:09","10002","Подробно","Microsoft-Windows-AppXDeployment-Server","Создание файла устойчивости C:\ProgramData\Microsoft\Windows\AppRepository\4b941eda-7998-4f15-a1db-00b2c5a17261_S-1-5-21-239302790-3235067425-44167425-1007_35.rslc для операции Stage с пакетом Microsoft.MicrosoftEdge.Stable_152.0.4191.66_neutral__8wekyb3d8bbwe."
"08.09.2026 22:07:09","855","Сведения","Microsoft-Windows-AppXDeployment-Server","Завершено разрешение списков действий. Списки действий DeploymentRequest:  addPackageList: Microsoft.ECApp_10.0.19041.4597_neutral__8wekyb3d8bbwe."
"08.09.2026 22:07:09","613","Сведения","Microsoft-Windows-AppXDeployment-Server","Сводка по эффективности операции развертывания ""Register"" для пакета Microsoft.Windows.Apprep.ChxApp_1000.19041.4239.0_neutral_neutral_cw5n1h2txyewy: 
Overall time: 3219 ms
Gap: 16 ms
Enqueue cost: 78 ms
Dequeue delay: 2797 ms
Bundle processing cost: 0 ms
Indexing cost: 0 ms
Resolve dependency cost: 16 ms
Check approval cost: 0 ms
Evaluation cost: 0 ms
Hardlinking evaluation cost: 0 ms
Stage required cost: 0 ms
Flushing and closing files cost: 0 ms
Gap: 78 ms
Machine register cost: 0 ms
Stage user data cost: 0 ms
Gap: 15 ms
Registration cost: 110 ms
Gap: 15 ms
Repository commit transaction cost: 63 ms
Gap: 16 ms
Data flush cost: 0 ms
Post DeStage repository commit transaction cost: 0 ms
Remaining cost: 15 ms
"
"08.09.2026 22:07:09","822","Подробно","Microsoft-Windows-AppXDeployment-Server","Обновление реестра для пакета Microsoft.Windows.ContentDeliveryManager_10.0.19041.4239_neutral_neutral_cw5n1h2txyewy завершилось со следующим результатом: 0x0."
"08.09.2026 22:07:09","821","Подробно","Microsoft-Windows-AppXDeployment-Server","Выполняемая при входе регистрация пакета Microsoft.Windows.ContentDeliveryManager_10.0.19041.4239_neutral_neutral_cw5n1h2txyewy для пользователя S-1-5-21-239302790-3235067425-44167425-1007 завершилась со следующим результатом: 0x0; обновление реестра..."
"08.09.2026 22:07:09","613","Сведения","Microsoft-Windows-AppXDeployment-Server","Сводка по эффективности операции развертывания ""Register"" для пакета Microsoft.Windows.ContentDeliveryManager_10.0.19041.4239_neutral_neutral_cw5n1h2txyewy: 
Overall time: 1016 ms
Gap: 109 ms
Enqueue cost: 110 ms
Dequeue delay: 234 ms
Bundle processing cost: 0 ms
Indexing cost: 16 ms
Resolve dependency cost: 0 ms
Check approval cost: 0 ms
Evaluation cost: 0 ms
Hardlinking evaluation cost: 0 ms
Gap: 15 ms
Stage required cost: 0 ms
Flushing and closing files cost: 0 ms
Machine register cost: 0 ms
Stage user data cost: 0 ms
Registration cost: 266 ms
Repository commit transaction cost: 141 ms
Data flush cost: 0 ms
Post DeStage repository commit transaction cost: 0 ms
Remaining cost: 125 ms
"
"08.09.2026 22:07:09","854","Сведения","Microsoft-Windows-AppXDeployment-Server","Успешно добавлены следующие универсальные коды ресурсов (URI), которые нужно обработать:  C:\Windows\SystemApps\Microsoft.ECApp_8wekyb3d8bbwe\AppxManifest.xml."
"08.09.2026 22:07:09","607","Сведения","Microsoft-Windows-AppXDeployment-Server","Операция развертывания Register в отношении пакета Microsoft.ECApp_10.0.19041.4597_neutral__8wekyb3d8bbwe выведена из очереди и выполняется для SID пользователя S-1-5-21-239302790-3235067425-44167425-1007."
"08.09.2026 22:07:09","10002","Подробно","Microsoft-Windows-AppXDeployment-Server","Создание файла устойчивости C:\ProgramData\Microsoft\Windows\AppRepository\4b941eda-7998-4f15-a1db-00b2c5a17261_S-1-5-21-239302790-3235067425-44167425-1007_34.rslc для операции Register с пакетом Microsoft.ECApp_10.0.19041.4597_neutral__8wekyb3d8bbwe."
"08.09.2026 22:07:09","613","Сведения","Microsoft-Windows-AppXDeployment-Server","Сводка по эффективности операции развертывания ""Register"" для пакета Microsoft.Windows.OOBENetworkCaptivePortal_10.0.19041.4239_neutral__cw5n1h2txyewy: 
Overall time: 2750 ms
Gap: 31 ms
Enqueue cost: 62 ms
Dequeue delay: 2250 ms
Bundle processing cost: 0 ms
Indexing cost: 32 ms
Resolve dependency cost: 0 ms
Gap: 15 ms
Check approval cost: 0 ms
Evaluation cost: 0 ms
Hardlinking evaluation cost: 0 ms
Stage required cost: 0 ms
Flushing and closing files cost: 0 ms
Machine register cost: 0 ms
Stage user data cost: 0 ms
Gap: 47 ms
Registration cost: 109 ms
Repository commit transaction cost: 172 ms
Gap: 16 ms
Data flush cost: 0 ms
Post DeStage repository commit transaction cost: 0 ms
Remaining cost: 16 ms
"
"08.09.2026 22:07:09","649","Сведения","Microsoft-Windows-AppXDeployment-Server","Операция развертывания ""Register"" для пакета NcsiUwpApp_1000.19041.4239.0_neutral_neutral_8wekyb3d8bbwe: PostDeploymentOperationCheck cost: 0 ms"
"08.09.2026 22:07:09","649","Сведения","Microsoft-Windows-AppXDeployment-Server","Операция развертывания ""Register"" для пакета Microsoft.Windows.Apprep.ChxApp_1000.19041.4239.0_neutral_neutral_cw5n1h2txyewy: PostDeploymentOperationCheck cost: 0 ms"
"08.09.2026 22:07:09","400","Сведения","Microsoft-Windows-AppXDeployment-Server","Операция развертывания Register с конечным томом C: для пакета Microsoft.Windows.Apprep.ChxApp_1000.19041.4239.0_neutral_neutral_cw5n1h2txyewy из  (AppxManifest.xml)  завершена успешно."
"08.09.2026 22:07:09","400","Сведения","Microsoft-Windows-AppXDeployment-Server","Операция развертывания Register с конечным томом C: для пакета NcsiUwpApp_1000.19041.4239.0_neutral_neutral_8wekyb3d8bbwe из  (AppxManifest.xml)  завершена успешно."
"08.09.2026 22:07:09","10001","Подробно","Microsoft-Windows-AppXDeployment-Server","Обслуживание пакета Microsoft.Windows.Apprep.ChxApp_1000.19041.4239.0_neutral_neutral_cw5n1h2txyewy завершено. При изменении состояния пакета на ""включен"" было возвращено 0x0."
"08.09.2026 22:07:09","10001","Подробно","Microsoft-Windows-AppXDeployment-Server","Обслуживание пакета Microsoft.Windows.Apprep.ChxApp_1000.19041.4239.0_neutral_neutral_cw5n1h2txyewy завершено. При изменении состояния пакета на ""включен"" было возвращено 0x0."
"08.09.2026 22:07:09","10001","Подробно","Microsoft-Windows-AppXDeployment-Server","Обслуживание пакета Microsoft.Windows.Apprep.ChxApp_1000.19041.4239.0_neutral_neutral_cw5n1h2txyewy завершено. При изменении состояния пакета на ""включен"" было возвращено 0x0."
"08.09.2026 22:07:09","10001","Подробно","Microsoft-Windows-AppXDeployment-Server","Обслуживание пакета Microsoft.Windows.Apprep.ChxApp_1000.19041.4239.0_neutral_neutral_cw5n1h2txyewy завершено. При изменении состояния пакета на ""включен"" было возвращено 0x0."
"08.09.2026 22:07:09","649","Сведения","Microsoft-Windows-AppXDeployment-Server","Операция развертывания ""Register"" для пакета Microsoft.Windows.OOBENetworkCaptivePortal_10.0.19041.4239_neutral__cw5n1h2txyewy: PostDeploymentOperationCheck cost: 0 ms"
"08.09.2026 22:07:09","400","Сведения","Microsoft-Windows-AppXDeployment-Server","Операция развертывания Register с конечным томом C: для пакета Microsoft.Windows.OOBENetworkCaptivePortal_10.0.19041.4239_neutral__cw5n1h2txyewy из  (AppxManifest.xml)  завершена успешно."
"08.09.2026 22:07:09","10001","Подробно","Microsoft-Windows-AppXDeployment-Server","Обслуживание пакета NcsiUwpApp_1000.19041.4239.0_neutral_neutral_8wekyb3d8bbwe завершено. При изменении состояния пакета на ""включен"" было возвращено 0x0."
"08.09.2026 22:07:09","10001","Подробно","Microsoft-Windows-AppXDeployment-Server","Обслуживание пакета NcsiUwpApp_1000.19041.4239.0_neutral_neutral_8wekyb3d8bbwe завершено. При изменении состояния пакета на ""включен"" было возвращено 0x0."
"08.09.2026 22:07:09","10001","Подробно","Microsoft-Windows-AppXDeployment-Server","Обслуживание пакета NcsiUwpApp_1000.19041.4239.0_neutral_neutral_8wekyb3d8bbwe завершено. При изменении состояния пакета на ""включен"" было возвращено 0x0."
"08.09.2026 22:07:09","10001","Подробно","Microsoft-Windows-AppXDeployment-Server","Обслуживание пакета NcsiUwpApp_1000.19041.4239.0_neutral_neutral_8wekyb3d8bbwe завершено. При изменении состояния пакета на ""включен"" было возвращено 0x0."
"08.09.2026 22:07:09","10001","Подробно","Microsoft-Windows-AppXDeployment-Server","Обслуживание пакета Microsoft.Windows.OOBENetworkCaptivePortal_10.0.19041.4239_neutral__cw5n1h2txyewy завершено. При изменении состояния пакета на ""включен"" было возвращено 0x0."
"08.09.2026 22:07:09","10001","Подробно","Microsoft-Windows-AppXDeployment-Server","Обслуживание пакета Microsoft.Windows.OOBENetworkCaptivePortal_10.0.19041.4239_neutral__cw5n1h2txyewy завершено. При изменении состояния пакета на ""включен"" было возвращено 0x0."
"08.09.2026 22:07:09","10001","Подробно","Microsoft-Windows-AppXDeployment-Server","Обслуживание пакета Microsoft.Windows.OOBENetworkCaptivePortal_10.0.19041.4239_neutral__cw5n1h2txyewy завершено. При изменении состояния пакета на ""включен"" было возвращено 0x0."
"08.09.2026 22:07:09","10001","Подробно","Microsoft-Windows-AppXDeployment-Server","Обслуживание пакета Microsoft.Windows.OOBENetworkCaptivePortal_10.0.19041.4239_neutral__cw5n1h2txyewy завершено. При изменении состояния пакета на ""включен"" было возвращено 0x0."
"08.09.2026 22:07:09","649","Сведения","Microsoft-Windows-AppXDeployment-Server","Операция развертывания ""Register"" для пакета Microsoft.Windows.ContentDeliveryManager_10.0.19041.4239_neutral_neutral_cw5n1h2txyewy: PostDeploymentOperationCheck cost: 0 ms"
"08.09.2026 22:07:09","400","Сведения","Microsoft-Windows-AppXDeployment-Server","Операция развертывания Register с конечным томом C: для пакета Microsoft.Windows.ContentDeliveryManager_10.0.19041.4239_neutral_neutral_cw5n1h2txyewy из  (AppxManifest.xml)  завершена успешно."
"08.09.2026 22:07:09","10001","Подробно","Microsoft-Windows-AppXDeployment-Server","Обслуживание пакета Microsoft.Windows.ContentDeliveryManager_10.0.19041.4239_neutral_neutral_cw5n1h2txyewy завершено. При изменении состояния пакета на ""включен"" было возвращено 0x0."
"08.09.2026 22:07:09","10001","Подробно","Microsoft-Windows-AppXDeployment-Server","Обслуживание пакета Microsoft.Windows.ContentDeliveryManager_10.0.19041.4239_neutral_neutral_cw5n1h2txyewy завершено. При изменении состояния пакета на ""включен"" было возвращено 0x0."
"08.09.2026 22:07:09","10001","Подробно","Microsoft-Windows-AppXDeployment-Server","Обслуживание пакета Microsoft.Windows.ContentDeliveryManager_10.0.19041.4239_neutral_neutral_cw5n1h2txyewy завершено. При изменении состояния пакета на ""включен"" было возвращено 0x0."
"08.09.2026 22:07:09","10001","Подробно","Microsoft-Windows-AppXDeployment-Server","Обслуживание пакета Microsoft.Windows.ContentDeliveryManager_10.0.19041.4239_neutral_neutral_cw5n1h2txyewy завершено. При изменении состояния пакета на ""включен"" было возвращено 0x0."
"08.09.2026 22:07:09","857","Подробно","Microsoft-Windows-AppXDeployment-Server","Получение состояния регистрации семейства пакетов NcsiUwpApp_8wekyb3d8bbwe завершено со следующим результатом: 0x0.(statusFound: false, состояние: 0x0)"
"08.09.2026 22:07:09","856","Подробно","Microsoft-Windows-AppXDeployment-Server","Получение состояния регистрации семейства пакетов NcsiUwpApp_8wekyb3d8bbwe для пользователя S-1-5-21-239302790-3235067425-44167425-1007."
"08.09.2026 22:07:09","9643","Подробно","Microsoft-Windows-AppXDeployment-Server","0x0: успешное выполнение TerminateApplications."
"08.09.2026 22:07:09","9643","Подробно","Microsoft-Windows-AppXDeployment-Server","0x0: успешное выполнение TerminateApplications."
"08.09.2026 22:07:09","10000","Подробно","Microsoft-Windows-AppXDeployment-Server","Будет выполнено обслуживание пакета Microsoft.Windows.Apprep.ChxApp_1000.19041.4239.0_neutral_neutral_cw5n1h2txyewy. При изменении состояния пакета на ""отключен"" было возвращено 0x0."
"08.09.2026 22:07:09","9643","Подробно","Microsoft-Windows-AppXDeployment-Server","0x0: успешное выполнение TerminateApplications."
"08.09.2026 22:07:09","9643","Подробно","Microsoft-Windows-AppXDeployment-Server","0x0: успешное выполнение TerminateApplications."
"08.09.2026 22:07:09","573","Сведения","Microsoft-Windows-AppXDeployment-Server","Настройка состояния ""Синхронизация включена"", имя семейства пакетов Microsoft.Windows.Apprep.ChxApp_cw5n1h2txyewy, включено false."
"08.09.2026 22:07:09","855","Сведения","Microsoft-Windows-AppXDeployment-Server","Завершено разрешение списков действий. Списки действий DeploymentRequest:  addPackageList: Microsoft.Windows.Apprep.ChxApp_1000.19041.4239.0_neutral_neutral_cw5n1h2txyewy."
"08.09.2026 22:07:09","9643","Подробно","Microsoft-Windows-AppXDeployment-Server","0x0: успешное выполнение TerminateApplications."
"08.09.2026 22:07:09","9643","Подробно","Microsoft-Windows-AppXDeployment-Server","0x0: успешное выполнение TerminateApplications."
"08.09.2026 22:07:09","9643","Подробно","Microsoft-Windows-AppXDeployment-Server","0x0: успешное выполнение TerminateApplications."
"08.09.2026 22:07:09","9643","Подробно","Microsoft-Windows-AppXDeployment-Server","0x0: успешное выполнение TerminateApplications."
"08.09.2026 22:07:09","854","Сведения","Microsoft-Windows-AppXDeployment-Server","Успешно добавлены следующие универсальные коды ресурсов (URI), которые нужно обработать:  C:\Windows\SystemApps\Microsoft.Windows.AppRep.ChxApp_cw5n1h2txyewy\AppxManifest.xml."
"08.09.2026 22:07:09","857","Подробно","Microsoft-Windows-AppXDeployment-Server","Получение состояния регистрации семейства пакетов Microsoft.Windows.ContentDeliveryManager_cw5n1h2txyewy завершено со следующим результатом: 0x0.(statusFound: false, состояние: 0x0)"
"08.09.2026 22:07:09","856","Подробно","Microsoft-Windows-AppXDeployment-Server","Получение состояния регистрации семейства пакетов Microsoft.Windows.ContentDeliveryManager_cw5n1h2txyewy для пользователя S-1-5-21-239302790-3235067425-44167425-1007."
"08.09.2026 22:07:09","607","Сведения","Microsoft-Windows-AppXDeployment-Server","Операция развертывания Register в отношении пакета Microsoft.Windows.Apprep.ChxApp_1000.19041.4239.0_neutral_neutral_cw5n1h2txyewy выведена из очереди и выполняется для SID пользователя S-1-5-21-239302790-3235067425-44167425-1007."
"08.09.2026 22:07:09","10002","Подробно","Microsoft-Windows-AppXDeployment-Server","Создание файла устойчивости C:\ProgramData\Microsoft\Windows\AppRepository\4b941eda-7998-4f15-a1db-00b2c5a17261_S-1-5-21-239302790-3235067425-44167425-1007_33.rslc для операции Register с пакетом Microsoft.Windows.Apprep.ChxApp_1000.19041.4239.0_neutral_neutral_cw5n1h2txyewy."
"08.09.2026 22:07:09","626","Подробно","Microsoft-Windows-AppXDeployment-Server","Операция развертывания Register в отношении пакета Microsoft.MicrosoftEdge.Stable_152.0.4191.53_neutral__8wekyb3d8bbwe повторно поставлена в очередь для SID пользователя S-1-5-21-239302790-3235067425-44167425-1007."
"08.09.2026 22:07:09","854","Сведения","Microsoft-Windows-AppXDeployment-Server","Успешно добавлены следующие универсальные коды ресурсов (URI), которые нужно обработать:  C:\Program Files\WindowsApps\Microsoft.MicrosoftEdge.Stable_152.0.4191.53_neutral__8wekyb3d8bbwe\AppxManifest.xml."
"08.09.2026 22:07:09","607","Сведения","Microsoft-Windows-AppXDeployment-Server","Операция развертывания Register в отношении пакета Microsoft.MicrosoftEdge.Stable_152.0.4191.53_neutral__8wekyb3d8bbwe выведена из очереди и выполняется для SID пользователя S-1-5-21-239302790-3235067425-44167425-1007."
"08.09.2026 22:07:09","10002","Подробно","Microsoft-Windows-AppXDeployment-Server","Создание файла устойчивости C:\ProgramData\Microsoft\Windows\AppRepository\4b941eda-7998-4f15-a1db-00b2c5a17261_S-1-5-21-239302790-3235067425-44167425-1007_32.rslc для операции Register с пакетом Microsoft.MicrosoftEdge.Stable_152.0.4191.53_neutral__8wekyb3d8bbwe."
"08.09.2026 22:07:09","613","Сведения","Microsoft-Windows-AppXDeployment-Server","Сводка по эффективности операции развертывания ""Register"" для пакета Microsoft.XboxGameCallableUI_1000.19041.4239.0_neutral_neutral_cw5n1h2txyewy: 
Overall time: 1531 ms
Gap: 15 ms
Enqueue cost: 94 ms
Dequeue delay: 672 ms
Bundle processing cost: 15 ms
Indexing cost: 47 ms
Resolve dependency cost: 16 ms
Check approval cost: 0 ms
Evaluation cost: 0 ms
Hardlinking evaluation cost: 0 ms
Stage required cost: 0 ms
Flushing and closing files cost: 0 ms
Gap: 47 ms
Machine register cost: 0 ms
Stage user data cost: 0 ms
Gap: 15 ms
Registration cost: 438 ms
Repository commit transaction cost: 125 ms
Gap: 31 ms
Data flush cost: 0 ms
Post DeStage repository commit transaction cost: 0 ms
Remaining cost: 16 ms
"
"08.09.2026 22:07:09","10000","Подробно","Microsoft-Windows-AppXDeployment-Server","Будет выполнено обслуживание пакета Microsoft.Windows.OOBENetworkCaptivePortal_10.0.19041.4239_neutral__cw5n1h2txyewy. При изменении состояния пакета на ""отключен"" было возвращено 0x0."
"08.09.2026 22:07:09","9643","Подробно","Microsoft-Windows-AppXDeployment-Server","0x0: успешное выполнение TerminateApplications."
"08.09.2026 22:07:09","9643","Подробно","Microsoft-Windows-AppXDeployment-Server","0x0: успешное выполнение TerminateApplications."
"08.09.2026 22:07:09","649","Сведения","Microsoft-Windows-AppXDeployment-Server","Операция развертывания ""Register"" для пакета Microsoft.XboxGameCallableUI_1000.19041.4239.0_neutral_neutral_cw5n1h2txyewy: PostDeploymentOperationCheck cost: 0 ms"
"08.09.2026 22:07:09","400","Сведения","Microsoft-Windows-AppXDeployment-Server","Операция развертывания Register с конечным томом C: для пакета Microsoft.XboxGameCallableUI_1000.19041.4239.0_neutral_neutral_cw5n1h2txyewy из  (AppxManifest.xml)  завершена успешно."
"08.09.2026 22:07:09","10000","Подробно","Microsoft-Windows-AppXDeployment-Server","Будет выполнено обслуживание пакета NcsiUwpApp_1000.19041.4239.0_neutral_neutral_8wekyb3d8bbwe. При изменении состояния пакета на ""отключен"" было возвращено 0x0."
