"08.09.2026 22:07:21","613","Сведения","Microsoft-Windows-AppXDeployment-Server","Сводка по эффективности операции развертывания ""Register"" для пакета Microsoft.Windows.ShellExperienceHost_10.0.19041.5072_neutral_neutral_cw5n1h2txyewy: 
Overall time: 14672 ms
Enqueue cost: 78 ms
Dequeue delay: 14141 ms
Bundle processing cost: 0 ms
Indexing cost: 0 ms
Resolve dependency cost: 0 ms
Check approval cost: 16 ms
Evaluation cost: 0 ms
Hardlinking evaluation cost: 0 ms
Stage required cost: 0 ms
Flushing and closing files cost: 0 ms
Machine register cost: 0 ms
Stage user data cost: 0 ms
Gap: 15 ms
Registration cost: 203 ms
Repository commit transaction cost: 78 ms
Gap: 16 ms
Data flush cost: 0 ms
Post DeStage repository commit transaction cost: 0 ms
Remaining cost: 125 ms
"
"08.09.2026 22:07:21","607","Сведения","Microsoft-Windows-AppXDeployment-Server","Операция развертывания Stage в отношении пакета Microsoft.MicrosoftEdge.Stable_152.0.4191.66_neutral__8wekyb3d8bbwe выведена из очереди и выполняется для SID пользователя S-1-5-21-239302790-3235067425-44167425-1007."
"08.09.2026 22:07:21","626","Подробно","Microsoft-Windows-AppXDeployment-Server","Операция развертывания Stage в отношении пакета Microsoft.MicrosoftEdge.Stable_152.0.4191.66_neutral__8wekyb3d8bbwe повторно поставлена в очередь для SID пользователя S-1-5-21-239302790-3235067425-44167425-1007."
"08.09.2026 22:07:21","649","Сведения","Microsoft-Windows-AppXDeployment-Server","Операция развертывания ""Register"" для пакета Microsoft.Windows.ShellExperienceHost_10.0.19041.5072_neutral_neutral_cw5n1h2txyewy: PostDeploymentOperationCheck cost: 0 ms"
"08.09.2026 22:07:21","854","Сведения","Microsoft-Windows-AppXDeployment-Server","Успешно добавлены следующие универсальные коды ресурсов (URI), которые нужно обработать:  file:///C:/Program%20Files%20(x86)/Microsoft/Edge/Application/152.0.4191.66/identity_proxy/win10/identity_helper.sparse.stable.msix."
"08.09.2026 22:07:21","400","Сведения","Microsoft-Windows-AppXDeployment-Server","Операция развертывания Register с конечным томом C: для пакета Microsoft.Windows.ShellExperienceHost_10.0.19041.5072_neutral_neutral_cw5n1h2txyewy из  (AppxManifest.xml)  завершена успешно."
"08.09.2026 22:07:21","10001","Подробно","Microsoft-Windows-AppXDeployment-Server","Обслуживание пакета Microsoft.Windows.ShellExperienceHost_10.0.19041.5072_neutral_neutral_cw5n1h2txyewy завершено. При изменении состояния пакета на ""включен"" было возвращено 0x0."
"08.09.2026 22:07:21","10001","Подробно","Microsoft-Windows-AppXDeployment-Server","Обслуживание пакета Microsoft.Windows.ShellExperienceHost_10.0.19041.5072_neutral_neutral_cw5n1h2txyewy завершено. При изменении состояния пакета на ""включен"" было возвращено 0x0."
"08.09.2026 22:07:21","10001","Подробно","Microsoft-Windows-AppXDeployment-Server","Обслуживание пакета Microsoft.Windows.ShellExperienceHost_10.0.19041.5072_neutral_neutral_cw5n1h2txyewy завершено. При изменении состояния пакета на ""включен"" было возвращено 0x0."
"08.09.2026 22:07:21","10001","Подробно","Microsoft-Windows-AppXDeployment-Server","Обслуживание пакета Microsoft.Windows.ShellExperienceHost_10.0.19041.5072_neutral_neutral_cw5n1h2txyewy завершено. При изменении состояния пакета на ""включен"" было возвращено 0x0."
"08.09.2026 22:07:21","613","Сведения","Microsoft-Windows-AppXDeployment-Server","Сводка по эффективности операции развертывания ""Register"" для пакета Microsoft.Windows.ContentDeliveryManager_10.0.19041.4239_neutral_neutral_cw5n1h2txyewy: 
Overall time: 15265 ms
Enqueue cost: 78 ms
Dequeue delay: 14812 ms
Bundle processing cost: 16 ms
Indexing cost: 15 ms
Resolve dependency cost: 0 ms
Check approval cost: 0 ms
Evaluation cost: 0 ms
Hardlinking evaluation cost: 0 ms
Stage required cost: 0 ms
Flushing and closing files cost: 0 ms
Machine register cost: 0 ms
Stage user data cost: 0 ms
Gap: 16 ms
Registration cost: 172 ms
Repository commit transaction cost: 94 ms
Gap: 15 ms
Data flush cost: 0 ms
Post DeStage repository commit transaction cost: 0 ms
Remaining cost: 47 ms
"
"08.09.2026 22:07:21","607","Сведения","Microsoft-Windows-AppXDeployment-Server","Операция развертывания Stage в отношении пакета Microsoft.MicrosoftEdge.Stable_152.0.4191.66_neutral__8wekyb3d8bbwe выведена из очереди и выполняется для SID пользователя S-1-5-21-239302790-3235067425-44167425-1007."
"08.09.2026 22:07:21","613","Сведения","Microsoft-Windows-AppXDeployment-Server","Сводка по эффективности операции развертывания ""Register"" для пакета Microsoft.MicrosoftEdgeDevToolsClient_1000.19041.4239.0_neutral_neutral_8wekyb3d8bbwe: 
Overall time: 15735 ms
Enqueue cost: 63 ms
Dequeue delay: 15406 ms
Gap: 16 ms
Bundle processing cost: 0 ms
Indexing cost: 31 ms
Resolve dependency cost: 0 ms
Check approval cost: 0 ms
Evaluation cost: 15 ms
Hardlinking evaluation cost: 0 ms
Stage required cost: 0 ms
Flushing and closing files cost: 0 ms
Machine register cost: 0 ms
Stage user data cost: 0 ms
Gap: 16 ms
Registration cost: 94 ms
Repository commit transaction cost: 47 ms
Gap: 15 ms
Data flush cost: 0 ms
Post DeStage repository commit transaction cost: 0 ms
Remaining cost: 32 ms
"
"08.09.2026 22:07:21","649","Сведения","Microsoft-Windows-AppXDeployment-Server","Операция развертывания ""Register"" для пакета Microsoft.MicrosoftEdgeDevToolsClient_1000.19041.4239.0_neutral_neutral_8wekyb3d8bbwe: PostDeploymentOperationCheck cost: 0 ms"
"08.09.2026 22:07:21","400","Сведения","Microsoft-Windows-AppXDeployment-Server","Операция развертывания Register с конечным томом C: для пакета Microsoft.MicrosoftEdgeDevToolsClient_1000.19041.4239.0_neutral_neutral_8wekyb3d8bbwe из  (AppxManifest.xml)  завершена успешно."
"08.09.2026 22:07:21","649","Сведения","Microsoft-Windows-AppXDeployment-Server","Операция развертывания ""Register"" для пакета Microsoft.Windows.ContentDeliveryManager_10.0.19041.4239_neutral_neutral_cw5n1h2txyewy: PostDeploymentOperationCheck cost: 0 ms"
"08.09.2026 22:07:21","400","Сведения","Microsoft-Windows-AppXDeployment-Server","Операция развертывания Register с конечным томом C: для пакета Microsoft.Windows.ContentDeliveryManager_10.0.19041.4239_neutral_neutral_cw5n1h2txyewy из  (AppxManifest.xml)  завершена успешно."
"08.09.2026 22:07:21","10001","Подробно","Microsoft-Windows-AppXDeployment-Server","Обслуживание пакета Microsoft.MicrosoftEdgeDevToolsClient_1000.19041.4239.0_neutral_neutral_8wekyb3d8bbwe завершено. При изменении состояния пакета на ""включен"" было возвращено 0x0."
"08.09.2026 22:07:21","10001","Подробно","Microsoft-Windows-AppXDeployment-Server","Обслуживание пакета Microsoft.MicrosoftEdgeDevToolsClient_1000.19041.4239.0_neutral_neutral_8wekyb3d8bbwe завершено. При изменении состояния пакета на ""включен"" было возвращено 0x0."
"08.09.2026 22:07:21","10001","Подробно","Microsoft-Windows-AppXDeployment-Server","Обслуживание пакета Microsoft.MicrosoftEdgeDevToolsClient_1000.19041.4239.0_neutral_neutral_8wekyb3d8bbwe завершено. При изменении состояния пакета на ""включен"" было возвращено 0x0."
"08.09.2026 22:07:21","10001","Подробно","Microsoft-Windows-AppXDeployment-Server","Обслуживание пакета Microsoft.MicrosoftEdgeDevToolsClient_1000.19041.4239.0_neutral_neutral_8wekyb3d8bbwe завершено. При изменении состояния пакета на ""включен"" было возвращено 0x0."
"08.09.2026 22:07:21","10001","Подробно","Microsoft-Windows-AppXDeployment-Server","Обслуживание пакета Microsoft.Windows.ContentDeliveryManager_10.0.19041.4239_neutral_neutral_cw5n1h2txyewy завершено. При изменении состояния пакета на ""включен"" было возвращено 0x0."
"08.09.2026 22:07:21","10001","Подробно","Microsoft-Windows-AppXDeployment-Server","Обслуживание пакета Microsoft.Windows.ContentDeliveryManager_10.0.19041.4239_neutral_neutral_cw5n1h2txyewy завершено. При изменении состояния пакета на ""включен"" было возвращено 0x0."
"08.09.2026 22:07:21","10001","Подробно","Microsoft-Windows-AppXDeployment-Server","Обслуживание пакета Microsoft.Windows.ContentDeliveryManager_10.0.19041.4239_neutral_neutral_cw5n1h2txyewy завершено. При изменении состояния пакета на ""включен"" было возвращено 0x0."
"08.09.2026 22:07:21","10001","Подробно","Microsoft-Windows-AppXDeployment-Server","Обслуживание пакета Microsoft.Windows.ContentDeliveryManager_10.0.19041.4239_neutral_neutral_cw5n1h2txyewy завершено. При изменении состояния пакета на ""включен"" было возвращено 0x0."
"08.09.2026 22:07:21","603","Сведения","Microsoft-Windows-AppXDeployment-Server","Начата операция развертывания ""RegisterByPackageFamilyName"" для пакета. Основной параметр: Microsoft.Windows.ContentDeliveryManager_cw5n1h2txyewy. Необязательные параметры: SkipReregisterIfPackageStatusOk,ImmediatePriorityRequest и SkipDeploymentOperationRpcCallerIsAdminCheck. Дополнительные сведения о диагностике проблем с развертыванием приложений см. на странице http://go.microsoft.com/fwlink/?LinkId=235160."
"08.09.2026 22:07:21","9643","Подробно","Microsoft-Windows-AppXDeployment-Server","0x0: успешное выполнение TerminateApplications."
"08.09.2026 22:07:21","9643","Подробно","Microsoft-Windows-AppXDeployment-Server","0x0: успешное выполнение TerminateApplications."
"08.09.2026 22:07:21","10000","Подробно","Microsoft-Windows-AppXDeployment-Server","Будет выполнено обслуживание пакета Microsoft.MicrosoftEdgeDevToolsClient_1000.19041.4239.0_neutral_neutral_8wekyb3d8bbwe. При изменении состояния пакета на ""отключен"" было возвращено 0x0."
"08.09.2026 22:07:21","9643","Подробно","Microsoft-Windows-AppXDeployment-Server","0x0: успешное выполнение TerminateApplications."
"08.09.2026 22:07:21","9643","Подробно","Microsoft-Windows-AppXDeployment-Server","0x0: успешное выполнение TerminateApplications."
"08.09.2026 22:07:21","573","Сведения","Microsoft-Windows-AppXDeployment-Server","Настройка состояния ""Синхронизация включена"", имя семейства пакетов Microsoft.MicrosoftEdgeDevToolsClient_8wekyb3d8bbwe, включено false."
"08.09.2026 22:07:21","855","Сведения","Microsoft-Windows-AppXDeployment-Server","Завершено разрешение списков действий. Списки действий DeploymentRequest:  addPackageList: Microsoft.MicrosoftEdgeDevToolsClient_1000.19041.4239.0_neutral_neutral_8wekyb3d8bbwe."
"08.09.2026 22:07:21","9643","Подробно","Microsoft-Windows-AppXDeployment-Server","0x0: успешное выполнение TerminateApplications."
"08.09.2026 22:07:21","9643","Подробно","Microsoft-Windows-AppXDeployment-Server","0x0: успешное выполнение TerminateApplications."
"08.09.2026 22:07:21","10000","Подробно","Microsoft-Windows-AppXDeployment-Server","Будет выполнено обслуживание пакета Microsoft.Windows.ShellExperienceHost_10.0.19041.5072_neutral_neutral_cw5n1h2txyewy. При изменении состояния пакета на ""отключен"" было возвращено 0x0."
"08.09.2026 22:07:21","9643","Подробно","Microsoft-Windows-AppXDeployment-Server","0x0: успешное выполнение TerminateApplications."
"08.09.2026 22:07:21","9643","Подробно","Microsoft-Windows-AppXDeployment-Server","0x0: успешное выполнение TerminateApplications."
"08.09.2026 22:07:21","613","Сведения","Microsoft-Windows-AppXDeployment-Server","Сводка по эффективности операции развертывания ""Register"" для пакета Microsoft.Windows.CallingShellApp_1000.19041.4239.0_neutral_neutral_cw5n1h2txyewy: 
Overall time: 15141 ms
Enqueue cost: 62 ms
Dequeue delay: 14672 ms
Bundle processing cost: 0 ms
Indexing cost: 63 ms
Resolve dependency cost: 0 ms
Check approval cost: 0 ms
Evaluation cost: 0 ms
Hardlinking evaluation cost: 0 ms
Stage required cost: 0 ms
Flushing and closing files cost: 0 ms
Gap: 15 ms
Machine register cost: 0 ms
Stage user data cost: 0 ms
Registration cost: 125 ms
Repository commit transaction cost: 172 ms
Gap: 16 ms
Data flush cost: 0 ms
Post DeStage repository commit transaction cost: 0 ms
Remaining cost: 16 ms
"
"08.09.2026 22:07:21","573","Сведения","Microsoft-Windows-AppXDeployment-Server","Настройка состояния ""Синхронизация включена"", имя семейства пакетов Microsoft.Windows.ShellExperienceHost_cw5n1h2txyewy, включено false."
"08.09.2026 22:07:21","854","Сведения","Microsoft-Windows-AppXDeployment-Server","Успешно добавлены следующие универсальные коды ресурсов (URI), которые нужно обработать:  C:\Windows\SystemApps\Microsoft.MicrosoftEdgeDevToolsClient_8wekyb3d8bbwe\AppxManifest.xml."
"08.09.2026 22:07:21","607","Сведения","Microsoft-Windows-AppXDeployment-Server","Операция развертывания Register в отношении пакета Microsoft.MicrosoftEdgeDevToolsClient_1000.19041.4239.0_neutral_neutral_8wekyb3d8bbwe выведена из очереди и выполняется для SID пользователя S-1-5-21-239302790-3235067425-44167425-1007."
"08.09.2026 22:07:21","10002","Подробно","Microsoft-Windows-AppXDeployment-Server","Создание файла устойчивости C:\ProgramData\Microsoft\Windows\AppRepository\4b941eda-7998-4f15-a1db-00b2c5a17261_S-1-5-21-239302790-3235067425-44167425-1007_49.rslc для операции Register с пакетом Microsoft.MicrosoftEdgeDevToolsClient_1000.19041.4239.0_neutral_neutral_8wekyb3d8bbwe."
"08.09.2026 22:07:21","855","Сведения","Microsoft-Windows-AppXDeployment-Server","Завершено разрешение списков действий. Списки действий DeploymentRequest:  addPackageList: Microsoft.Windows.ShellExperienceHost_10.0.19041.5072_neutral_neutral_cw5n1h2txyewy."
"08.09.2026 22:07:21","649","Сведения","Microsoft-Windows-AppXDeployment-Server","Операция развертывания ""Register"" для пакета Microsoft.Windows.CallingShellApp_1000.19041.4239.0_neutral_neutral_cw5n1h2txyewy: PostDeploymentOperationCheck cost: 0 ms"
"08.09.2026 22:07:21","400","Сведения","Microsoft-Windows-AppXDeployment-Server","Операция развертывания Register с конечным томом C: для пакета Microsoft.Windows.CallingShellApp_1000.19041.4239.0_neutral_neutral_cw5n1h2txyewy из  (AppxManifest.xml)  завершена успешно."
"08.09.2026 22:07:21","613","Сведения","Microsoft-Windows-AppXDeployment-Server","Сводка по эффективности операции развертывания ""Register"" для пакета Windows.CBSPreview_10.0.19041.4239_neutral_neutral_cw5n1h2txyewy: 
Overall time: 13719 ms
Enqueue cost: 78 ms
Dequeue delay: 13407 ms
Bundle processing cost: 0 ms
Indexing cost: 15 ms
Resolve dependency cost: 0 ms
Check approval cost: 0 ms
Evaluation cost: 0 ms
Hardlinking evaluation cost: 0 ms
Stage required cost: 0 ms
Flushing and closing files cost: 0 ms
Gap: 16 ms
Machine register cost: 0 ms
Stage user data cost: 0 ms
Registration cost: 78 ms
Repository commit transaction cost: 94 ms
Data flush cost: 0 ms
Post DeStage repository commit transaction cost: 0 ms
Remaining cost: 31 ms
"
"08.09.2026 22:07:21","854","Сведения","Microsoft-Windows-AppXDeployment-Server","Успешно добавлены следующие универсальные коды ресурсов (URI), которые нужно обработать:  C:\Windows\SystemApps\ShellExperienceHost_cw5n1h2txyewy\AppxManifest.xml."
"08.09.2026 22:07:21","607","Сведения","Microsoft-Windows-AppXDeployment-Server","Операция развертывания Register в отношении пакета Microsoft.Windows.ShellExperienceHost_10.0.19041.5072_neutral_neutral_cw5n1h2txyewy выведена из очереди и выполняется для SID пользователя S-1-5-21-239302790-3235067425-44167425-1007."
"08.09.2026 22:07:21","10002","Подробно","Microsoft-Windows-AppXDeployment-Server","Создание файла устойчивости C:\ProgramData\Microsoft\Windows\AppRepository\4b941eda-7998-4f15-a1db-00b2c5a17261_S-1-5-21-239302790-3235067425-44167425-1007_48.rslc для операции Register с пакетом Microsoft.Windows.ShellExperienceHost_10.0.19041.5072_neutral_neutral_cw5n1h2txyewy."
"08.09.2026 22:07:21","613","Сведения","Microsoft-Windows-AppXDeployment-Server","Сводка по эффективности операции развертывания ""Register"" для пакета F46D4000-FD22-4DB4-AC8E-4E1DDDE828FE_10.0.19041.4239_neutral_neutral_cw5n1h2txyewy: 
Overall time: 16031 ms
Enqueue cost: 63 ms
Dequeue delay: 15375 ms
Bundle processing cost: 15 ms
Indexing cost: 63 ms
Resolve dependency cost: 0 ms
Check approval cost: 0 ms
Evaluation cost: 0 ms
Hardlinking evaluation cost: 0 ms
Stage required cost: 0 ms
Flushing and closing files cost: 0 ms
Gap: 62 ms
Machine register cost: 0 ms
Stage user data cost: 0 ms
Registration cost: 188 ms
Repository commit transaction cost: 234 ms
Gap: 16 ms
Data flush cost: 0 ms
Post DeStage repository commit transaction cost: 0 ms
Remaining cost: 15 ms
"
"08.09.2026 22:07:21","10001","Подробно","Microsoft-Windows-AppXDeployment-Server","Обслуживание пакета Microsoft.Windows.CallingShellApp_1000.19041.4239.0_neutral_neutral_cw5n1h2txyewy завершено. При изменении состояния пакета на ""включен"" было возвращено 0x0."
"08.09.2026 22:07:21","10001","Подробно","Microsoft-Windows-AppXDeployment-Server","Обслуживание пакета Microsoft.Windows.CallingShellApp_1000.19041.4239.0_neutral_neutral_cw5n1h2txyewy завершено. При изменении состояния пакета на ""включен"" было возвращено 0x0."
"08.09.2026 22:07:21","10001","Подробно","Microsoft-Windows-AppXDeployment-Server","Обслуживание пакета Microsoft.Windows.CallingShellApp_1000.19041.4239.0_neutral_neutral_cw5n1h2txyewy завершено. При изменении состояния пакета на ""включен"" было возвращено 0x0."
"08.09.2026 22:07:21","10001","Подробно","Microsoft-Windows-AppXDeployment-Server","Обслуживание пакета Microsoft.Windows.CallingShellApp_1000.19041.4239.0_neutral_neutral_cw5n1h2txyewy завершено. При изменении состояния пакета на ""включен"" было возвращено 0x0."
"08.09.2026 22:07:21","649","Сведения","Microsoft-Windows-AppXDeployment-Server","Операция развертывания ""Register"" для пакета Windows.CBSPreview_10.0.19041.4239_neutral_neutral_cw5n1h2txyewy: PostDeploymentOperationCheck cost: 0 ms"
"08.09.2026 22:07:21","400","Сведения","Microsoft-Windows-AppXDeployment-Server","Операция развертывания Register с конечным томом C: для пакета Windows.CBSPreview_10.0.19041.4239_neutral_neutral_cw5n1h2txyewy из  (AppxManifest.xml)  завершена успешно."
"08.09.2026 22:07:21","649","Сведения","Microsoft-Windows-AppXDeployment-Server","Операция развертывания ""Register"" для пакета F46D4000-FD22-4DB4-AC8E-4E1DDDE828FE_10.0.19041.4239_neutral_neutral_cw5n1h2txyewy: PostDeploymentOperationCheck cost: 0 ms"
"08.09.2026 22:07:21","400","Сведения","Microsoft-Windows-AppXDeployment-Server","Операция развертывания Register с конечным томом C: для пакета F46D4000-FD22-4DB4-AC8E-4E1DDDE828FE_10.0.19041.4239_neutral_neutral_cw5n1h2txyewy из  (AppxManifest.xml)  завершена успешно."
"08.09.2026 22:07:21","10001","Подробно","Microsoft-Windows-AppXDeployment-Server","Обслуживание пакета Windows.CBSPreview_10.0.19041.4239_neutral_neutral_cw5n1h2txyewy завершено. При изменении состояния пакета на ""включен"" было возвращено 0x0."
"08.09.2026 22:07:21","10001","Подробно","Microsoft-Windows-AppXDeployment-Server","Обслуживание пакета Windows.CBSPreview_10.0.19041.4239_neutral_neutral_cw5n1h2txyewy завершено. При изменении состояния пакета на ""включен"" было возвращено 0x0."
"08.09.2026 22:07:21","10001","Подробно","Microsoft-Windows-AppXDeployment-Server","Обслуживание пакета Windows.CBSPreview_10.0.19041.4239_neutral_neutral_cw5n1h2txyewy завершено. При изменении состояния пакета на ""включен"" было возвращено 0x0."
"08.09.2026 22:07:21","10001","Подробно","Microsoft-Windows-AppXDeployment-Server","Обслуживание пакета Windows.CBSPreview_10.0.19041.4239_neutral_neutral_cw5n1h2txyewy завершено. При изменении состояния пакета на ""включен"" было возвращено 0x0."
"08.09.2026 22:07:21","10001","Подробно","Microsoft-Windows-AppXDeployment-Server","Обслуживание пакета F46D4000-FD22-4DB4-AC8E-4E1DDDE828FE_10.0.19041.4239_neutral_neutral_cw5n1h2txyewy завершено. При изменении состояния пакета на ""включен"" было возвращено 0x0."
"08.09.2026 22:07:21","10001","Подробно","Microsoft-Windows-AppXDeployment-Server","Обслуживание пакета F46D4000-FD22-4DB4-AC8E-4E1DDDE828FE_10.0.19041.4239_neutral_neutral_cw5n1h2txyewy завершено. При изменении состояния пакета на ""включен"" было возвращено 0x0."
"08.09.2026 22:07:21","10001","Подробно","Microsoft-Windows-AppXDeployment-Server","Обслуживание пакета F46D4000-FD22-4DB4-AC8E-4E1DDDE828FE_10.0.19041.4239_neutral_neutral_cw5n1h2txyewy завершено. При изменении состояния пакета на ""включен"" было возвращено 0x0."
"08.09.2026 22:07:21","10001","Подробно","Microsoft-Windows-AppXDeployment-Server","Обслуживание пакета F46D4000-FD22-4DB4-AC8E-4E1DDDE828FE_10.0.19041.4239_neutral_neutral_cw5n1h2txyewy завершено. При изменении состояния пакета на ""включен"" было возвращено 0x0."
"08.09.2026 22:07:21","9643","Подробно","Microsoft-Windows-AppXDeployment-Server","0x0: успешное выполнение TerminateApplications."
"08.09.2026 22:07:21","9643","Подробно","Microsoft-Windows-AppXDeployment-Server","0x0: успешное выполнение TerminateApplications."
"08.09.2026 22:07:21","10000","Подробно","Microsoft-Windows-AppXDeployment-Server","Будет выполнено обслуживание пакета Microsoft.Windows.ContentDeliveryManager_10.0.19041.4239_neutral_neutral_cw5n1h2txyewy. При изменении состояния пакета на ""отключен"" было возвращено 0x0."
"08.09.2026 22:07:21","9643","Подробно","Microsoft-Windows-AppXDeployment-Server","0x0: успешное выполнение TerminateApplications."
"08.09.2026 22:07:21","9643","Подробно","Microsoft-Windows-AppXDeployment-Server","0x0: успешное выполнение TerminateApplications."
"08.09.2026 22:07:21","573","Сведения","Microsoft-Windows-AppXDeployment-Server","Настройка состояния ""Синхронизация включена"", имя семейства пакетов Microsoft.Windows.ContentDeliveryManager_cw5n1h2txyewy, включено false."
"08.09.2026 22:07:21","855","Сведения","Microsoft-Windows-AppXDeployment-Server","Завершено разрешение списков действий. Списки действий DeploymentRequest:  addPackageList: Microsoft.Windows.ContentDeliveryManager_10.0.19041.4239_neutral_neutral_cw5n1h2txyewy."
"08.09.2026 22:07:21","854","Сведения","Microsoft-Windows-AppXDeployment-Server","Успешно добавлены следующие универсальные коды ресурсов (URI), которые нужно обработать:  C:\Windows\SystemApps\Microsoft.Windows.ContentDeliveryManager_cw5n1h2txyewy\AppxManifest.xml."
"08.09.2026 22:07:21","607","Сведения","Microsoft-Windows-AppXDeployment-Server","Операция развертывания Register в отношении пакета Microsoft.Windows.ContentDeliveryManager_10.0.19041.4239_neutral_neutral_cw5n1h2txyewy выведена из очереди и выполняется для SID пользователя S-1-5-21-239302790-3235067425-44167425-1007."
"08.09.2026 22:07:21","10002","Подробно","Microsoft-Windows-AppXDeployment-Server","Создание файла устойчивости C:\ProgramData\Microsoft\Windows\AppRepository\4b941eda-7998-4f15-a1db-00b2c5a17261_S-1-5-21-239302790-3235067425-44167425-1007_47.rslc для операции Register с пакетом Microsoft.Windows.ContentDeliveryManager_10.0.19041.4239_neutral_neutral_cw5n1h2txyewy."
"08.09.2026 22:07:21","613","Сведения","Microsoft-Windows-AppXDeployment-Server","Сводка по эффективности операции развертывания ""Register"" для пакета Microsoft.Windows.Search_1.14.18.19041_neutral_neutral_cw5n1h2txyewy: 
Overall time: 14375 ms
Enqueue cost: 78 ms
Dequeue delay: 2907 ms
Bundle processing cost: 0 ms
Indexing cost: 10468 ms
Resolve dependency cost: 0 ms
Check approval cost: 0 ms
Evaluation cost: 0 ms
Hardlinking evaluation cost: 0 ms
Stage required cost: 0 ms
Flushing and closing files cost: 0 ms
Gap: 47 ms
Machine register cost: 0 ms
Stage user data cost: 0 ms
Registration cost: 375 ms
Repository commit transaction cost: 453 ms
Gap: 16 ms
Data flush cost: 0 ms
Post DeStage repository commit transaction cost: 0 ms
Remaining cost: 31 ms
"
"08.09.2026 22:07:21","649","Сведения","Microsoft-Windows-AppXDeployment-Server","Операция развертывания ""Register"" для пакета Microsoft.Windows.Search_1.14.18.19041_neutral_neutral_cw5n1h2txyewy: PostDeploymentOperationCheck cost: 0 ms"
"08.09.2026 22:07:21","400","Сведения","Microsoft-Windows-AppXDeployment-Server","Операция развертывания Register с конечным томом C: для пакета Microsoft.Windows.Search_1.14.18.19041_neutral_neutral_cw5n1h2txyewy из  (AppxManifest.xml)  завершена успешно."
"08.09.2026 22:07:21","10001","Подробно","Microsoft-Windows-AppXDeployment-Server","Обслуживание пакета Microsoft.Windows.Search_1.14.18.19041_neutral_neutral_cw5n1h2txyewy завершено. При изменении состояния пакета на ""включен"" было возвращено 0x0."
"08.09.2026 22:07:21","10001","Подробно","Microsoft-Windows-AppXDeployment-Server","Обслуживание пакета Microsoft.Windows.Search_1.14.18.19041_neutral_neutral_cw5n1h2txyewy завершено. При изменении состояния пакета на ""включен"" было возвращено 0x0."
"08.09.2026 22:07:21","10001","Подробно","Microsoft-Windows-AppXDeployment-Server","Обслуживание пакета Microsoft.Windows.Search_1.14.18.19041_neutral_neutral_cw5n1h2txyewy завершено. При изменении состояния пакета на ""включен"" было возвращено 0x0."
"08.09.2026 22:07:21","10001","Подробно","Microsoft-Windows-AppXDeployment-Server","Обслуживание пакета Microsoft.Windows.Search_1.14.18.19041_neutral_neutral_cw5n1h2txyewy завершено. При изменении состояния пакета на ""включен"" было возвращено 0x0."
"08.09.2026 22:07:21","9643","Подробно","Microsoft-Windows-AppXDeployment-Server","0x0: успешное выполнение TerminateApplications."
"08.09.2026 22:07:21","9643","Подробно","Microsoft-Windows-AppXDeployment-Server","0x0: успешное выполнение TerminateApplications."
"08.09.2026 22:07:21","10000","Подробно","Microsoft-Windows-AppXDeployment-Server","Будет выполнено обслуживание пакета Windows.CBSPreview_10.0.19041.4239_neutral_neutral_cw5n1h2txyewy. При изменении состояния пакета на ""отключен"" было возвращено 0x0."
"08.09.2026 22:07:21","9643","Подробно","Microsoft-Windows-AppXDeployment-Server","0x0: успешное выполнение TerminateApplications."
"08.09.2026 22:07:21","9643","Подробно","Microsoft-Windows-AppXDeployment-Server","0x0: успешное выполнение TerminateApplications."
"08.09.2026 22:07:21","573","Сведения","Microsoft-Windows-AppXDeployment-Server","Настройка состояния ""Синхронизация включена"", имя семейства пакетов Windows.CBSPreview_cw5n1h2txyewy, включено false."
"08.09.2026 22:07:21","855","Сведения","Microsoft-Windows-AppXDeployment-Server","Завершено разрешение списков действий. Списки действий DeploymentRequest:  addPackageList: Windows.CBSPreview_10.0.19041.4239_neutral_neutral_cw5n1h2txyewy."
"08.09.2026 22:07:21","854","Сведения","Microsoft-Windows-AppXDeployment-Server","Успешно добавлены следующие универсальные коды ресурсов (URI), которые нужно обработать:  C:\Windows\SystemApps\Windows.CBSPreview_cw5n1h2txyewy\AppxManifest.xml."
"08.09.2026 22:07:21","607","Сведения","Microsoft-Windows-AppXDeployment-Server","Операция развертывания Register в отношении пакета Windows.CBSPreview_10.0.19041.4239_neutral_neutral_cw5n1h2txyewy выведена из очереди и выполняется для SID пользователя S-1-5-21-239302790-3235067425-44167425-1007."
"08.09.2026 22:07:21","10002","Подробно","Microsoft-Windows-AppXDeployment-Server","Создание файла устойчивости C:\ProgramData\Microsoft\Windows\AppRepository\4b941eda-7998-4f15-a1db-00b2c5a17261_S-1-5-21-239302790-3235067425-44167425-1007_46.rslc для операции Register с пакетом Windows.CBSPreview_10.0.19041.4239_neutral_neutral_cw5n1h2txyewy."
"08.09.2026 22:07:21","613","Сведения","Microsoft-Windows-AppXDeployment-Server","Сводка по эффективности операции развертывания ""Register"" для пакета Microsoft.Windows.OOBENetworkConnectionFlow_10.0.19041.4239_neutral__cw5n1h2txyewy: 
Overall time: 14516 ms
Enqueue cost: 63 ms
Dequeue delay: 14172 ms
Bundle processing cost: 0 ms
Indexing cost: 15 ms
Resolve dependency cost: 0 ms
Check approval cost: 0 ms
Evaluation cost: 0 ms
Hardlinking evaluation cost: 0 ms
Stage required cost: 0 ms
Flushing and closing files cost: 0 ms
Machine register cost: 0 ms
Stage user data cost: 0 ms
Gap: 16 ms
Registration cost: 109 ms
Repository commit transaction cost: 94 ms
Gap: 16 ms
Data flush cost: 0 ms
Post DeStage repository commit transaction cost: 0 ms
Remaining cost: 31 ms
"
"08.09.2026 22:07:21","649","Сведения","Microsoft-Windows-AppXDeployment-Server","Операция развертывания ""Register"" для пакета Microsoft.Windows.OOBENetworkConnectionFlow_10.0.19041.4239_neutral__cw5n1h2txyewy: PostDeploymentOperationCheck cost: 0 ms"
"08.09.2026 22:07:21","400","Сведения","Microsoft-Windows-AppXDeployment-Server","Операция развертывания Register с конечным томом C: для пакета Microsoft.Windows.OOBENetworkConnectionFlow_10.0.19041.4239_neutral__cw5n1h2txyewy из  (AppxManifest.xml)  завершена успешно."
"08.09.2026 22:07:21","10001","Подробно","Microsoft-Windows-AppXDeployment-Server","Обслуживание пакета Microsoft.Windows.OOBENetworkConnectionFlow_10.0.19041.4239_neutral__cw5n1h2txyewy завершено. При изменении состояния пакета на ""включен"" было возвращено 0x0."
"08.09.2026 22:07:21","10001","Подробно","Microsoft-Windows-AppXDeployment-Server","Обслуживание пакета Microsoft.Windows.OOBENetworkConnectionFlow_10.0.19041.4239_neutral__cw5n1h2txyewy завершено. При изменении состояния пакета на ""включен"" было возвращено 0x0."
"08.09.2026 22:07:21","10001","Подробно","Microsoft-Windows-AppXDeployment-Server","Обслуживание пакета Microsoft.Windows.OOBENetworkConnectionFlow_10.0.19041.4239_neutral__cw5n1h2txyewy завершено. При изменении состояния пакета на ""включен"" было возвращено 0x0."
"08.09.2026 22:07:21","10001","Подробно","Microsoft-Windows-AppXDeployment-Server","Обслуживание пакета Microsoft.Windows.OOBENetworkConnectionFlow_10.0.19041.4239_neutral__cw5n1h2txyewy завершено. При изменении состояния пакета на ""включен"" было возвращено 0x0."
"08.09.2026 22:07:21","9643","Подробно","Microsoft-Windows-AppXDeployment-Server","0x0: успешное выполнение TerminateApplications."
"08.09.2026 22:07:21","9643","Подробно","Microsoft-Windows-AppXDeployment-Server","0x0: успешное выполнение TerminateApplications."
"08.09.2026 22:07:21","10000","Подробно","Microsoft-Windows-AppXDeployment-Server","Будет выполнено обслуживание пакета Microsoft.Windows.CallingShellApp_1000.19041.4239.0_neutral_neutral_cw5n1h2txyewy. При изменении состояния пакета на ""отключен"" было возвращено 0x0."
"08.09.2026 22:07:21","9643","Подробно","Microsoft-Windows-AppXDeployment-Server","0x0: успешное выполнение TerminateApplications."
"08.09.2026 22:07:21","9643","Подробно","Microsoft-Windows-AppXDeployment-Server","0x0: успешное выполнение TerminateApplications."
"08.09.2026 22:07:21","573","Сведения","Microsoft-Windows-AppXDeployment-Server","Настройка состояния ""Синхронизация включена"", имя семейства пакетов Microsoft.Windows.CallingShellApp_cw5n1h2txyewy, включено false."
"08.09.2026 22:07:21","855","Сведения","Microsoft-Windows-AppXDeployment-Server","Завершено разрешение списков действий. Списки действий DeploymentRequest:  addPackageList: Microsoft.Windows.CallingShellApp_1000.19041.4239.0_neutral_neutral_cw5n1h2txyewy."
"08.09.2026 22:07:21","854","Сведения","Microsoft-Windows-AppXDeployment-Server","Успешно добавлены следующие универсальные коды ресурсов (URI), которые нужно обработать:  C:\Windows\SystemApps\Microsoft.Windows.CallingShellApp_cw5n1h2txyewy\AppxManifest.xml."
"08.09.2026 22:07:21","607","Сведения","Microsoft-Windows-AppXDeployment-Server","Операция развертывания Register в отношении пакета Microsoft.Windows.CallingShellApp_1000.19041.4239.0_neutral_neutral_cw5n1h2txyewy выведена из очереди и выполняется для SID пользователя S-1-5-21-239302790-3235067425-44167425-1007."
"08.09.2026 22:07:21","10002","Подробно","Microsoft-Windows-AppXDeployment-Server","Создание файла устойчивости C:\ProgramData\Microsoft\Windows\AppRepository\4b941eda-7998-4f15-a1db-00b2c5a17261_S-1-5-21-239302790-3235067425-44167425-1007_45.rslc для операции Register с пакетом Microsoft.Windows.CallingShellApp_1000.19041.4239.0_neutral_neutral_cw5n1h2txyewy."
"08.09.2026 22:07:21","613","Сведения","Microsoft-Windows-AppXDeployment-Server","Сводка по эффективности операции развертывания ""Register"" для пакета Microsoft.Windows.ParentalControls_1000.19041.4239.0_neutral_neutral_cw5n1h2txyewy: 
Overall time: 14312 ms
Gap: 31 ms
Enqueue cost: 47 ms
Dequeue delay: 13937 ms
Bundle processing cost: 0 ms
Indexing cost: 32 ms
Resolve dependency cost: 0 ms
Check approval cost: 0 ms
Evaluation cost: 0 ms
Hardlinking evaluation cost: 0 ms
Stage required cost: 0 ms
Flushing and closing files cost: 0 ms
Gap: 15 ms
Machine register cost: 0 ms
Stage user data cost: 0 ms
Registration cost: 141 ms
Repository commit transaction cost: 78 ms
Gap: 16 ms
Data flush cost: 0 ms
Post DeStage repository commit transaction cost: 0 ms
Remaining cost: 15 ms
"
"08.09.2026 22:07:21","649","Сведения","Microsoft-Windows-AppXDeployment-Server","Операция развертывания ""Register"" для пакета Microsoft.Windows.ParentalControls_1000.19041.4239.0_neutral_neutral_cw5n1h2txyewy: PostDeploymentOperationCheck cost: 0 ms"
"08.09.2026 22:07:21","400","Сведения","Microsoft-Windows-AppXDeployment-Server","Операция развертывания Register с конечным томом C: для пакета Microsoft.Windows.ParentalControls_1000.19041.4239.0_neutral_neutral_cw5n1h2txyewy из  (AppxManifest.xml)  завершена успешно."
"08.09.2026 22:07:21","10001","Подробно","Microsoft-Windows-AppXDeployment-Server","Обслуживание пакета Microsoft.Windows.ParentalControls_1000.19041.4239.0_neutral_neutral_cw5n1h2txyewy завершено. При изменении состояния пакета на ""включен"" было возвращено 0x0."
"08.09.2026 22:07:21","10001","Подробно","Microsoft-Windows-AppXDeployment-Server","Обслуживание пакета Microsoft.Windows.ParentalControls_1000.19041.4239.0_neutral_neutral_cw5n1h2txyewy завершено. При изменении состояния пакета на ""включен"" было возвращено 0x0."
"08.09.2026 22:07:21","10001","Подробно","Microsoft-Windows-AppXDeployment-Server","Обслуживание пакета Microsoft.Windows.ParentalControls_1000.19041.4239.0_neutral_neutral_cw5n1h2txyewy завершено. При изменении состояния пакета на ""включен"" было возвращено 0x0."
"08.09.2026 22:07:21","10001","Подробно","Microsoft-Windows-AppXDeployment-Server","Обслуживание пакета Microsoft.Windows.ParentalControls_1000.19041.4239.0_neutral_neutral_cw5n1h2txyewy завершено. При изменении состояния пакета на ""включен"" было возвращено 0x0."
"08.09.2026 22:07:21","9643","Подробно","Microsoft-Windows-AppXDeployment-Server","0x0: успешное выполнение TerminateApplications."
"08.09.2026 22:07:21","9643","Подробно","Microsoft-Windows-AppXDeployment-Server","0x0: успешное выполнение TerminateApplications."
"08.09.2026 22:07:21","10000","Подробно","Microsoft-Windows-AppXDeployment-Server","Будет выполнено обслуживание пакета F46D4000-FD22-4DB4-AC8E-4E1DDDE828FE_10.0.19041.4239_neutral_neutral_cw5n1h2txyewy. При изменении состояния пакета на ""отключен"" было возвращено 0x0."
"08.09.2026 22:07:21","9643","Подробно","Microsoft-Windows-AppXDeployment-Server","0x0: успешное выполнение TerminateApplications."
"08.09.2026 22:07:21","9643","Подробно","Microsoft-Windows-AppXDeployment-Server","0x0: успешное выполнение TerminateApplications."
"08.09.2026 22:07:21","573","Сведения","Microsoft-Windows-AppXDeployment-Server","Настройка состояния ""Синхронизация включена"", имя семейства пакетов F46D4000-FD22-4DB4-AC8E-4E1DDDE828FE_cw5n1h2txyewy, включено false."
"08.09.2026 22:07:21","9643","Подробно","Microsoft-Windows-AppXDeployment-Server","0x0: успешное выполнение TerminateApplications."
"08.09.2026 22:07:21","9643","Подробно","Microsoft-Windows-AppXDeployment-Server","0x0: успешное выполнение TerminateApplications."
"08.09.2026 22:07:21","10000","Подробно","Microsoft-Windows-AppXDeployment-Server","Будет выполнено обслуживание пакета Microsoft.Windows.OOBENetworkConnectionFlow_10.0.19041.4239_neutral__cw5n1h2txyewy. При изменении состояния пакета на ""отключен"" было возвращено 0x0."
"08.09.2026 22:07:21","9643","Подробно","Microsoft-Windows-AppXDeployment-Server","0x0: успешное выполнение TerminateApplications."
"08.09.2026 22:07:21","9643","Подробно","Microsoft-Windows-AppXDeployment-Server","0x0: успешное выполнение TerminateApplications."
"08.09.2026 22:07:21","855","Сведения","Microsoft-Windows-AppXDeployment-Server","Завершено разрешение списков действий. Списки действий DeploymentRequest:  addPackageList: Microsoft.Windows.OOBENetworkConnectionFlow_10.0.19041.4239_neutral__cw5n1h2txyewy."
"08.09.2026 22:07:21","854","Сведения","Microsoft-Windows-AppXDeployment-Server","Успешно добавлены следующие универсальные коды ресурсов (URI), которые нужно обработать:  C:\Windows\SystemApps\Microsoft.Windows.OOBENetworkConnectionFlow_cw5n1h2txyewy\AppxManifest.xml."
"08.09.2026 22:07:21","607","Сведения","Microsoft-Windows-AppXDeployment-Server","Операция развертывания Register в отношении пакета Microsoft.Windows.OOBENetworkConnectionFlow_10.0.19041.4239_neutral__cw5n1h2txyewy выведена из очереди и выполняется для SID пользователя S-1-5-21-239302790-3235067425-44167425-1007."
"08.09.2026 22:07:21","10002","Подробно","Microsoft-Windows-AppXDeployment-Server","Создание файла устойчивости C:\ProgramData\Microsoft\Windows\AppRepository\4b941eda-7998-4f15-a1db-00b2c5a17261_S-1-5-21-239302790-3235067425-44167425-1007_44.rslc для операции Register с пакетом Microsoft.Windows.OOBENetworkConnectionFlow_10.0.19041.4239_neutral__cw5n1h2txyewy."
"08.09.2026 22:07:21","855","Сведения","Microsoft-Windows-AppXDeployment-Server","Завершено разрешение списков действий. Списки действий DeploymentRequest:  addPackageList: F46D4000-FD22-4DB4-AC8E-4E1DDDE828FE_10.0.19041.4239_neutral_neutral_cw5n1h2txyewy."
"08.09.2026 22:07:20","613","Сведения","Microsoft-Windows-AppXDeployment-Server","Сводка по эффективности операции развертывания ""Register"" для пакета Microsoft.Windows.PeopleExperienceHost_10.0.19041.4239_neutral_neutral_cw5n1h2txyewy: 
Overall time: 14031 ms
Enqueue cost: 78 ms
Dequeue delay: 13672 ms
Bundle processing cost: 0 ms
Indexing cost: 0 ms
Resolve dependency cost: 16 ms
Check approval cost: 0 ms
Evaluation cost: 0 ms
Hardlinking evaluation cost: 0 ms
Stage required cost: 0 ms
Flushing and closing files cost: 0 ms
Machine register cost: 0 ms
Stage user data cost: 0 ms
Gap: 15 ms
Registration cost: 125 ms
Repository commit transaction cost: 94 ms
Gap: 16 ms
Data flush cost: 0 ms
Post DeStage repository commit transaction cost: 0 ms
Remaining cost: 15 ms
"
"08.09.2026 22:07:20","854","Сведения","Microsoft-Windows-AppXDeployment-Server","Успешно добавлены следующие универсальные коды ресурсов (URI), которые нужно обработать:  C:\Windows\SystemApps\Microsoft.Windows.AddSuggestedFoldersToLibraryDialog_cw5n1h2txyewy\AppxManifest.xml."
"08.09.2026 22:07:20","607","Сведения","Microsoft-Windows-AppXDeployment-Server","Операция развертывания Register в отношении пакета F46D4000-FD22-4DB4-AC8E-4E1DDDE828FE_10.0.19041.4239_neutral_neutral_cw5n1h2txyewy выведена из очереди и выполняется для SID пользователя S-1-5-21-239302790-3235067425-44167425-1007."
"08.09.2026 22:07:20","10002","Подробно","Microsoft-Windows-AppXDeployment-Server","Создание файла устойчивости C:\ProgramData\Microsoft\Windows\AppRepository\4b941eda-7998-4f15-a1db-00b2c5a17261_S-1-5-21-239302790-3235067425-44167425-1007_43.rslc для операции Register с пакетом F46D4000-FD22-4DB4-AC8E-4E1DDDE828FE_10.0.19041.4239_neutral_neutral_cw5n1h2txyewy."
"08.09.2026 22:07:20","613","Сведения","Microsoft-Windows-AppXDeployment-Server","Сводка по эффективности операции развертывания ""Register"" для пакета Microsoft.Windows.AssignedAccessLockApp_1000.19041.4239.0_neutral_neutral_cw5n1h2txyewy: 
Overall time: 14594 ms
Enqueue cost: 78 ms
Dequeue delay: 14219 ms
Bundle processing cost: 0 ms
Indexing cost: 0 ms
Resolve dependency cost: 15 ms
Check approval cost: 0 ms
Evaluation cost: 0 ms
Hardlinking evaluation cost: 0 ms
Stage required cost: 0 ms
Flushing and closing files cost: 0 ms
Gap: 16 ms
Machine register cost: 0 ms
Stage user data cost: 0 ms
Gap: 16 ms
Registration cost: 62 ms
Repository commit transaction cost: 63 ms
Gap: 31 ms
Data flush cost: 0 ms
Post DeStage repository commit transaction cost: 0 ms
Remaining cost: 94 ms
"
"08.09.2026 22:07:20","649","Сведения","Microsoft-Windows-AppXDeployment-Server","Операция развертывания ""Register"" для пакета Microsoft.Windows.PeopleExperienceHost_10.0.19041.4239_neutral_neutral_cw5n1h2txyewy: PostDeploymentOperationCheck cost: 0 ms"
"08.09.2026 22:07:20","400","Сведения","Microsoft-Windows-AppXDeployment-Server","Операция развертывания Register с конечным томом C: для пакета Microsoft.Windows.PeopleExperienceHost_10.0.19041.4239_neutral_neutral_cw5n1h2txyewy из  (AppxManifest.xml)  завершена успешно."
"08.09.2026 22:07:20","10001","Подробно","Microsoft-Windows-AppXDeployment-Server","Обслуживание пакета Microsoft.Windows.PeopleExperienceHost_10.0.19041.4239_neutral_neutral_cw5n1h2txyewy завершено. При изменении состояния пакета на ""включен"" было возвращено 0x0."
"08.09.2026 22:07:20","10001","Подробно","Microsoft-Windows-AppXDeployment-Server","Обслуживание пакета Microsoft.Windows.PeopleExperienceHost_10.0.19041.4239_neutral_neutral_cw5n1h2txyewy завершено. При изменении состояния пакета на ""включен"" было возвращено 0x0."
"08.09.2026 22:07:20","10001","Подробно","Microsoft-Windows-AppXDeployment-Server","Обслуживание пакета Microsoft.Windows.PeopleExperienceHost_10.0.19041.4239_neutral_neutral_cw5n1h2txyewy завершено. При изменении состояния пакета на ""включен"" было возвращено 0x0."
"08.09.2026 22:07:20","10001","Подробно","Microsoft-Windows-AppXDeployment-Server","Обслуживание пакета Microsoft.Windows.PeopleExperienceHost_10.0.19041.4239_neutral_neutral_cw5n1h2txyewy завершено. При изменении состояния пакета на ""включен"" было возвращено 0x0."
"08.09.2026 22:07:20","9643","Подробно","Microsoft-Windows-AppXDeployment-Server","0x0: успешное выполнение TerminateApplications."
"08.09.2026 22:07:20","9643","Подробно","Microsoft-Windows-AppXDeployment-Server","0x0: успешное выполнение TerminateApplications."
"08.09.2026 22:07:20","10000","Подробно","Microsoft-Windows-AppXDeployment-Server","Будет выполнено обслуживание пакета Microsoft.Windows.ParentalControls_1000.19041.4239.0_neutral_neutral_cw5n1h2txyewy. При изменении состояния пакета на ""отключен"" было возвращено 0x0."
"08.09.2026 22:07:20","9643","Подробно","Microsoft-Windows-AppXDeployment-Server","0x0: успешное выполнение TerminateApplications."
"08.09.2026 22:07:20","9643","Подробно","Microsoft-Windows-AppXDeployment-Server","0x0: успешное выполнение TerminateApplications."
"08.09.2026 22:07:20","573","Сведения","Microsoft-Windows-AppXDeployment-Server","Настройка состояния ""Синхронизация включена"", имя семейства пакетов Microsoft.Windows.ParentalControls_cw5n1h2txyewy, включено false."
"08.09.2026 22:07:20","855","Сведения","Microsoft-Windows-AppXDeployment-Server","Завершено разрешение списков действий. Списки действий DeploymentRequest:  addPackageList: Microsoft.Windows.ParentalControls_1000.19041.4239.0_neutral_neutral_cw5n1h2txyewy."
"08.09.2026 22:07:20","854","Сведения","Microsoft-Windows-AppXDeployment-Server","Успешно добавлены следующие универсальные коды ресурсов (URI), которые нужно обработать:  C:\Windows\SystemApps\ParentalControls_cw5n1h2txyewy\AppxManifest.xml."
"08.09.2026 22:07:20","607","Сведения","Microsoft-Windows-AppXDeployment-Server","Операция развертывания Register в отношении пакета Microsoft.Windows.ParentalControls_1000.19041.4239.0_neutral_neutral_cw5n1h2txyewy выведена из очереди и выполняется для SID пользователя S-1-5-21-239302790-3235067425-44167425-1007."
"08.09.2026 22:07:20","10002","Подробно","Microsoft-Windows-AppXDeployment-Server","Создание файла устойчивости C:\ProgramData\Microsoft\Windows\AppRepository\4b941eda-7998-4f15-a1db-00b2c5a17261_S-1-5-21-239302790-3235067425-44167425-1007_42.rslc для операции Register с пакетом Microsoft.Windows.ParentalControls_1000.19041.4239.0_neutral_neutral_cw5n1h2txyewy."
"08.09.2026 22:07:20","613","Сведения","Microsoft-Windows-AppXDeployment-Server","Сводка по эффективности операции развертывания ""Register"" для пакета Microsoft.Windows.SecHealthUI_10.0.19041.4239_neutral__cw5n1h2txyewy: 
Overall time: 13703 ms
Enqueue cost: 94 ms
Dequeue delay: 13281 ms
Bundle processing cost: 0 ms
Indexing cost: 16 ms
Resolve dependency cost: 0 ms
Check approval cost: 0 ms
Evaluation cost: 0 ms
Hardlinking evaluation cost: 0 ms
Stage required cost: 0 ms
Flushing and closing files cost: 0 ms
Machine register cost: 0 ms
Stage user data cost: 0 ms
Gap: 16 ms
Registration cost: 125 ms
Gap: 15 ms
Repository commit transaction cost: 110 ms
Gap: 15 ms
Data flush cost: 0 ms
Post DeStage repository commit transaction cost: 0 ms
Remaining cost: 31 ms
"
"08.09.2026 22:07:20","649","Сведения","Microsoft-Windows-AppXDeployment-Server","Операция развертывания ""Register"" для пакета Microsoft.Windows.AssignedAccessLockApp_1000.19041.4239.0_neutral_neutral_cw5n1h2txyewy: PostDeploymentOperationCheck cost: 0 ms"
"08.09.2026 22:07:20","400","Сведения","Microsoft-Windows-AppXDeployment-Server","Операция развертывания Register с конечным томом C: для пакета Microsoft.Windows.AssignedAccessLockApp_1000.19041.4239.0_neutral_neutral_cw5n1h2txyewy из  (AppxManifest.xml)  завершена успешно."
"08.09.2026 22:07:20","649","Сведения","Microsoft-Windows-AppXDeployment-Server","Операция развертывания ""Register"" для пакета Microsoft.Windows.SecHealthUI_10.0.19041.4239_neutral__cw5n1h2txyewy: PostDeploymentOperationCheck cost: 0 ms"
"08.09.2026 22:07:20","400","Сведения","Microsoft-Windows-AppXDeployment-Server","Операция развертывания Register с конечным томом C: для пакета Microsoft.Windows.SecHealthUI_10.0.19041.4239_neutral__cw5n1h2txyewy из  (AppxManifest.xml)  завершена успешно."
"08.09.2026 22:07:20","10001","Подробно","Microsoft-Windows-AppXDeployment-Server","Обслуживание пакета Microsoft.Windows.AssignedAccessLockApp_1000.19041.4239.0_neutral_neutral_cw5n1h2txyewy завершено. При изменении состояния пакета на ""включен"" было возвращено 0x0."
"08.09.2026 22:07:20","10001","Подробно","Microsoft-Windows-AppXDeployment-Server","Обслуживание пакета Microsoft.Windows.AssignedAccessLockApp_1000.19041.4239.0_neutral_neutral_cw5n1h2txyewy завершено. При изменении состояния пакета на ""включен"" было возвращено 0x0."
"08.09.2026 22:07:20","10001","Подробно","Microsoft-Windows-AppXDeployment-Server","Обслуживание пакета Microsoft.Windows.AssignedAccessLockApp_1000.19041.4239.0_neutral_neutral_cw5n1h2txyewy завершено. При изменении состояния пакета на ""включен"" было возвращено 0x0."
"08.09.2026 22:07:20","10001","Подробно","Microsoft-Windows-AppXDeployment-Server","Обслуживание пакета Microsoft.Windows.AssignedAccessLockApp_1000.19041.4239.0_neutral_neutral_cw5n1h2txyewy завершено. При изменении состояния пакета на ""включен"" было возвращено 0x0."
"08.09.2026 22:07:20","10001","Подробно","Microsoft-Windows-AppXDeployment-Server","Обслуживание пакета Microsoft.Windows.SecHealthUI_10.0.19041.4239_neutral__cw5n1h2txyewy завершено. При изменении состояния пакета на ""включен"" было возвращено 0x0."
"08.09.2026 22:07:20","10001","Подробно","Microsoft-Windows-AppXDeployment-Server","Обслуживание пакета Microsoft.Windows.SecHealthUI_10.0.19041.4239_neutral__cw5n1h2txyewy завершено. При изменении состояния пакета на ""включен"" было возвращено 0x0."
"08.09.2026 22:07:20","10001","Подробно","Microsoft-Windows-AppXDeployment-Server","Обслуживание пакета Microsoft.Windows.SecHealthUI_10.0.19041.4239_neutral__cw5n1h2txyewy завершено. При изменении состояния пакета на ""включен"" было возвращено 0x0."
"08.09.2026 22:07:20","10001","Подробно","Microsoft-Windows-AppXDeployment-Server","Обслуживание пакета Microsoft.Windows.SecHealthUI_10.0.19041.4239_neutral__cw5n1h2txyewy завершено. При изменении состояния пакета на ""включен"" было возвращено 0x0."
"08.09.2026 22:07:20","9643","Подробно","Microsoft-Windows-AppXDeployment-Server","0x0: успешное выполнение TerminateApplications."
"08.09.2026 22:07:20","9643","Подробно","Microsoft-Windows-AppXDeployment-Server","0x0: успешное выполнение TerminateApplications."
"08.09.2026 22:07:20","10000","Подробно","Microsoft-Windows-AppXDeployment-Server","Будет выполнено обслуживание пакета Microsoft.Windows.PeopleExperienceHost_10.0.19041.4239_neutral_neutral_cw5n1h2txyewy. При изменении состояния пакета на ""отключен"" было возвращено 0x0."
"08.09.2026 22:07:20","9643","Подробно","Microsoft-Windows-AppXDeployment-Server","0x0: успешное выполнение TerminateApplications."
"08.09.2026 22:07:20","9643","Подробно","Microsoft-Windows-AppXDeployment-Server","0x0: успешное выполнение TerminateApplications."
"08.09.2026 22:07:20","573","Сведения","Microsoft-Windows-AppXDeployment-Server","Настройка состояния ""Синхронизация включена"", имя семейства пакетов Microsoft.Windows.PeopleExperienceHost_cw5n1h2txyewy, включено false."
"08.09.2026 22:07:20","9643","Подробно","Microsoft-Windows-AppXDeployment-Server","0x0: успешное выполнение TerminateApplications."
"08.09.2026 22:07:20","9643","Подробно","Microsoft-Windows-AppXDeployment-Server","0x0: успешное выполнение TerminateApplications."
"08.09.2026 22:07:20","855","Сведения","Microsoft-Windows-AppXDeployment-Server","Завершено разрешение списков действий. Списки действий DeploymentRequest:  addPackageList: Microsoft.Windows.PeopleExperienceHost_10.0.19041.4239_neutral_neutral_cw5n1h2txyewy."
"08.09.2026 22:07:20","10000","Подробно","Microsoft-Windows-AppXDeployment-Server","Будет выполнено обслуживание пакета Microsoft.Windows.AssignedAccessLockApp_1000.19041.4239.0_neutral_neutral_cw5n1h2txyewy. При изменении состояния пакета на ""отключен"" было возвращено 0x0."
"08.09.2026 22:07:20","9643","Подробно","Microsoft-Windows-AppXDeployment-Server","0x0: успешное выполнение TerminateApplications."
"08.09.2026 22:07:20","9643","Подробно","Microsoft-Windows-AppXDeployment-Server","0x0: успешное выполнение TerminateApplications."
"08.09.2026 22:07:20","854","Сведения","Microsoft-Windows-AppXDeployment-Server","Успешно добавлены следующие универсальные коды ресурсов (URI), которые нужно обработать:  C:\Windows\SystemApps\Microsoft.Windows.PeopleExperienceHost_cw5n1h2txyewy\AppxManifest.xml."
