"TimeCreated","Id","LevelDisplayName","ProviderName","Message"
"09.09.2026 8:20:11","231","Подробно","Microsoft-Windows-StateRepository","RepositoryManagerServerUpgrade с параметрами: 0x1"
"09.09.2026 8:14:43","231","Подробно","Microsoft-Windows-StateRepository","RepositoryManagerServerUpgrade с параметрами: 0x1"
"09.09.2026 7:52:30","231","Подробно","Microsoft-Windows-StateRepository","RepositoryManagerServerUpgrade с параметрами: 0x1"
"09.09.2026 7:38:16","231","Подробно","Microsoft-Windows-StateRepository","RepositoryManagerServerUpgrade с параметрами: 0x1"
"09.09.2026 7:22:29","231","Подробно","Microsoft-Windows-StateRepository","RepositoryManagerServerUpgrade с параметрами: 0x1"
"09.09.2026 6:52:29","231","Подробно","Microsoft-Windows-StateRepository","RepositoryManagerServerUpgrade с параметрами: 0x1"
"09.09.2026 6:22:29","231","Подробно","Microsoft-Windows-StateRepository","RepositoryManagerServerUpgrade с параметрами: 0x1"
"09.09.2026 6:08:49","231","Подробно","Microsoft-Windows-StateRepository","RepositoryManagerServerUpgrade с параметрами: 0x1"
"09.09.2026 3:12:00","231","Подробно","Microsoft-Windows-StateRepository","RepositoryManagerServerUpgrade с параметрами: 0x1"
"09.09.2026 3:05:24","231","Подробно","Microsoft-Windows-StateRepository","RepositoryManagerServerUpgrade с параметрами: 0x1"
"09.09.2026 2:50:06","231","Подробно","Microsoft-Windows-StateRepository","RepositoryManagerServerUpgrade с параметрами: 0x1"
"09.09.2026 2:32:57","271","Подробно","Microsoft-Windows-StateRepository","Элемент SRCache успешно обновлен [параметры = 0x0]"
"09.09.2026 2:32:57","221","Подробно","Microsoft-Windows-StateRepository","Выполнена команда ANALYZE; статистика базы данных обновлена [Partition=2, ProcessId=15748]"
"09.09.2026 2:32:57","221","Подробно","Microsoft-Windows-StateRepository","Выполнена команда ANALYZE; статистика базы данных обновлена [Partition=1, ProcessId=15748]"
"09.09.2026 2:31:38","231","Подробно","Microsoft-Windows-StateRepository","RepositoryManagerServerUpgrade с параметрами: 0x1"
"09.09.2026 2:12:15","231","Подробно","Microsoft-Windows-StateRepository","RepositoryManagerServerUpgrade с параметрами: 0x1"
"09.09.2026 2:02:55","231","Подробно","Microsoft-Windows-StateRepository","RepositoryManagerServerUpgrade с параметрами: 0x1"
"09.09.2026 0:52:39","231","Подробно","Microsoft-Windows-StateRepository","RepositoryManagerServerUpgrade с параметрами: 0x1"
"08.09.2026 22:13:37","271","Подробно","Microsoft-Windows-StateRepository","Элемент SRCache успешно обновлен [параметры = 0x0]"
"08.09.2026 22:13:36","271","Подробно","Microsoft-Windows-StateRepository","Элемент SRCache успешно обновлен [параметры = 0x0]"
"08.09.2026 22:13:36","221","Подробно","Microsoft-Windows-StateRepository","Выполнена команда ANALYZE; статистика базы данных обновлена [Partition=2, ProcessId=7068]"
"08.09.2026 22:13:36","221","Подробно","Microsoft-Windows-StateRepository","Выполнена команда ANALYZE; статистика базы данных обновлена [Partition=1, ProcessId=7068]"
"08.09.2026 22:13:36","231","Подробно","Microsoft-Windows-StateRepository","RepositoryManagerServerUpgrade с параметрами: 0x1"
"08.09.2026 22:08:05","271","Подробно","Microsoft-Windows-StateRepository","Элемент SRCache успешно обновлен [параметры = 0x0]"
"08.09.2026 22:08:05","221","Подробно","Microsoft-Windows-StateRepository","Выполнена команда ANALYZE; статистика базы данных обновлена [Partition=2, ProcessId=13296]"
"08.09.2026 22:08:05","221","Подробно","Microsoft-Windows-StateRepository","Выполнена команда ANALYZE; статистика базы данных обновлена [Partition=1, ProcessId=13296]"
"08.09.2026 22:07:32","271","Подробно","Microsoft-Windows-StateRepository","Элемент SRCache успешно обновлен [параметры = 0x0]"
"08.09.2026 22:07:32","271","Подробно","Microsoft-Windows-StateRepository","Элемент SRCache успешно обновлен [параметры = 0x0]"
"08.09.2026 22:07:28","271","Подробно","Microsoft-Windows-StateRepository","Элемент SRCache успешно обновлен [параметры = 0x0]"
"08.09.2026 22:07:28","271","Подробно","Microsoft-Windows-StateRepository","Элемент SRCache успешно обновлен [параметры = 0x0]"
"08.09.2026 22:07:27","271","Подробно","Microsoft-Windows-StateRepository","Элемент SRCache успешно обновлен [параметры = 0x0]"
"08.09.2026 22:07:26","271","Подробно","Microsoft-Windows-StateRepository","Элемент SRCache успешно обновлен [параметры = 0x0]"
"08.09.2026 22:07:26","271","Подробно","Microsoft-Windows-StateRepository","Элемент SRCache успешно обновлен [параметры = 0x0]"
"08.09.2026 22:07:26","271","Подробно","Microsoft-Windows-StateRepository","Элемент SRCache успешно обновлен [параметры = 0x0]"
"08.09.2026 22:07:25","271","Подробно","Microsoft-Windows-StateRepository","Элемент SRCache успешно обновлен [параметры = 0x0]"
"08.09.2026 22:07:25","271","Подробно","Microsoft-Windows-StateRepository","Элемент SRCache успешно обновлен [параметры = 0x0]"
"08.09.2026 22:07:25","271","Подробно","Microsoft-Windows-StateRepository","Элемент SRCache успешно обновлен [параметры = 0x0]"
"08.09.2026 22:07:24","271","Подробно","Microsoft-Windows-StateRepository","Элемент SRCache успешно обновлен [параметры = 0x0]"
"08.09.2026 22:07:24","271","Подробно","Microsoft-Windows-StateRepository","Элемент SRCache успешно обновлен [параметры = 0x0]"
"08.09.2026 22:07:23","271","Подробно","Microsoft-Windows-StateRepository","Элемент SRCache успешно обновлен [параметры = 0x0]"
"08.09.2026 22:07:22","271","Подробно","Microsoft-Windows-StateRepository","Элемент SRCache успешно обновлен [параметры = 0x0]"
"08.09.2026 22:07:22","271","Подробно","Microsoft-Windows-StateRepository","Элемент SRCache успешно обновлен [параметры = 0x0]"
"08.09.2026 22:07:21","271","Подробно","Microsoft-Windows-StateRepository","Элемент SRCache успешно обновлен [параметры = 0x0]"
"08.09.2026 22:07:21","271","Подробно","Microsoft-Windows-StateRepository","Элемент SRCache успешно обновлен [параметры = 0x0]"
"08.09.2026 22:07:21","271","Подробно","Microsoft-Windows-StateRepository","Элемент SRCache успешно обновлен [параметры = 0x0]"
"08.09.2026 22:07:21","271","Подробно","Microsoft-Windows-StateRepository","Элемент SRCache успешно обновлен [параметры = 0x0]"
"08.09.2026 22:07:21","271","Подробно","Microsoft-Windows-StateRepository","Элемент SRCache успешно обновлен [параметры = 0x0]"
"08.09.2026 22:07:21","271","Подробно","Microsoft-Windows-StateRepository","Элемент SRCache успешно обновлен [параметры = 0x0]"
"08.09.2026 22:07:21","271","Подробно","Microsoft-Windows-StateRepository","Элемент SRCache успешно обновлен [параметры = 0x0]"
"08.09.2026 22:07:21","105","Сведения","Microsoft-Windows-StateRepository","Сведения 0x0: [sqlite3_exec] #19 Database 0: Try 2 (360ms) {00000000-0000-0000-0000-000000000000} TID:0 <no-error-message> : SQL BEGIN EXCLUSIVE /*A60808C1-EDAB-4867-8711-E15025C583A2*/;"
"08.09.2026 22:07:21","104","Предупреждение","Microsoft-Windows-StateRepository","Предупреждение 0x80670007: [sqlite3_exec] #18 Database 0: Try 1 (360ms) {00000000-0000-0000-0000-000000000000} Cpu:8 Io:5 Mem:5 TID:0 database is locked : SQL BEGIN EXCLUSIVE /*A60808C1-EDAB-4867-8711-E15025C583A2*/;"
"08.09.2026 22:07:21","271","Подробно","Microsoft-Windows-StateRepository","Элемент SRCache успешно обновлен [параметры = 0x0]"
"08.09.2026 22:07:21","271","Подробно","Microsoft-Windows-StateRepository","Элемент SRCache успешно обновлен [параметры = 0x0]"
"08.09.2026 22:07:20","271","Подробно","Microsoft-Windows-StateRepository","Элемент SRCache успешно обновлен [параметры = 0x0]"
"08.09.2026 22:07:20","271","Подробно","Microsoft-Windows-StateRepository","Элемент SRCache успешно обновлен [параметры = 0x0]"
"08.09.2026 22:07:20","271","Подробно","Microsoft-Windows-StateRepository","Элемент SRCache успешно обновлен [параметры = 0x0]"
"08.09.2026 22:07:20","271","Подробно","Microsoft-Windows-StateRepository","Элемент SRCache успешно обновлен [параметры = 0x0]"
"08.09.2026 22:07:20","271","Подробно","Microsoft-Windows-StateRepository","Элемент SRCache успешно обновлен [параметры = 0x0]"
"08.09.2026 22:07:20","105","Сведения","Microsoft-Windows-StateRepository","Сведения 0x0: [sqlite3_exec] #17 Database 0: Try 17 (5906ms) {00000000-0000-0000-0000-000000000000} TID:0 <no-error-message> : SQL BEGIN EXCLUSIVE /*A60808C1-EDAB-4867-8711-E15025C583A2*/;"
"08.09.2026 22:07:20","105","Сведения","Microsoft-Windows-StateRepository","Сведения 0x0: [sqlite3_exec] #102 Database 0: Try 29 (10219ms) {00000000-0000-0000-0000-000000000000} TID:0 <no-error-message> : SQL BEGIN EXCLUSIVE /*4599FE23-B69C-4827-A790-60D100FF1287*/;"
"08.09.2026 22:07:20","105","Сведения","Microsoft-Windows-StateRepository","Сведения 0x0: [sqlite3_exec] #101 Database 0: Try 30 (10547ms) {00000000-0000-0000-0000-000000000000} TID:0 <no-error-message> : SQL BEGIN EXCLUSIVE /*FB2E4215-CAA2-47C2-B254-B44F139EEB0E*/;"
"08.09.2026 22:07:20","105","Сведения","Microsoft-Windows-StateRepository","Сведения 0x0: [sqlite3_exec] #100 Database 0: Try 29 (10203ms) {00000000-0000-0000-0000-000000000000} TID:0 <no-error-message> : SQL BEGIN EXCLUSIVE /*B421ECA4-5563-4428-8379-9D6E1E605C11*/;"
"08.09.2026 22:07:20","104","Предупреждение","Microsoft-Windows-StateRepository","Предупреждение 0x80670007: [sqlite3_exec] #99 Database 0: Try 29 (10547ms) {00000000-0000-0000-0000-000000000000} Cpu:8 Io:5 Mem:5 TID:0 database is locked : SQL BEGIN EXCLUSIVE /*FB2E4215-CAA2-47C2-B254-B44F139EEB0E*/;"
"08.09.2026 22:07:20","104","Предупреждение","Microsoft-Windows-StateRepository","Предупреждение 0x80670007: [sqlite3_exec] #16 Database 0: Try 16 (5906ms) {00000000-0000-0000-0000-000000000000} Cpu:8 Io:5 Mem:5 TID:0 database is locked : SQL BEGIN EXCLUSIVE /*A60808C1-EDAB-4867-8711-E15025C583A2*/;"
"08.09.2026 22:07:20","104","Предупреждение","Microsoft-Windows-StateRepository","Предупреждение 0x80670007: [sqlite3_exec] #98 Database 0: Try 28 (10203ms) {00000000-0000-0000-0000-000000000000} Cpu:10 Io:5 Mem:5 TID:0 database is locked : SQL BEGIN EXCLUSIVE /*B421ECA4-5563-4428-8379-9D6E1E605C11*/;"
"08.09.2026 22:07:20","104","Предупреждение","Microsoft-Windows-StateRepository","Предупреждение 0x80670007: [sqlite3_exec] #97 Database 0: Try 28 (10219ms) {00000000-0000-0000-0000-000000000000} Cpu:10 Io:5 Mem:5 TID:0 database is locked : SQL BEGIN EXCLUSIVE /*4599FE23-B69C-4827-A790-60D100FF1287*/;"
"08.09.2026 22:07:20","104","Предупреждение","Microsoft-Windows-StateRepository","Предупреждение 0x80670007: [sqlite3_exec] #96 Database 0: Try 28 (10187ms) {00000000-0000-0000-0000-000000000000} Cpu:8 Io:5 Mem:5 TID:0 database is locked : SQL BEGIN EXCLUSIVE /*FB2E4215-CAA2-47C2-B254-B44F139EEB0E*/;"
"08.09.2026 22:07:19","104","Предупреждение","Microsoft-Windows-StateRepository","Предупреждение 0x80670007: [sqlite3_exec] #95 Database 0: Try 27 (9844ms) {00000000-0000-0000-0000-000000000000} Cpu:10 Io:5 Mem:5 TID:0 database is locked : SQL BEGIN EXCLUSIVE /*4599FE23-B69C-4827-A790-60D100FF1287*/;"
"08.09.2026 22:07:19","104","Предупреждение","Microsoft-Windows-StateRepository","Предупреждение 0x80670007: [sqlite3_exec] #15 Database 0: Try 15 (5531ms) {00000000-0000-0000-0000-000000000000} Cpu:8 Io:5 Mem:5 TID:0 database is locked : SQL BEGIN EXCLUSIVE /*A60808C1-EDAB-4867-8711-E15025C583A2*/;"
"08.09.2026 22:07:19","104","Предупреждение","Microsoft-Windows-StateRepository","Предупреждение 0x80670007: [sqlite3_exec] #94 Database 0: Try 27 (9828ms) {00000000-0000-0000-0000-000000000000} Cpu:10 Io:5 Mem:5 TID:0 database is locked : SQL BEGIN EXCLUSIVE /*B421ECA4-5563-4428-8379-9D6E1E605C11*/;"
"08.09.2026 22:07:19","104","Предупреждение","Microsoft-Windows-StateRepository","Предупреждение 0x80670007: [sqlite3_exec] #93 Database 0: Try 27 (9828ms) {00000000-0000-0000-0000-000000000000} Cpu:8 Io:5 Mem:5 TID:0 database is locked : SQL BEGIN EXCLUSIVE /*FB2E4215-CAA2-47C2-B254-B44F139EEB0E*/;"
"08.09.2026 22:07:19","104","Предупреждение","Microsoft-Windows-StateRepository","Предупреждение 0x80670007: [sqlite3_exec] #92 Database 0: Try 26 (9469ms) {00000000-0000-0000-0000-000000000000} Cpu:10 Io:5 Mem:5 TID:0 database is locked : SQL BEGIN EXCLUSIVE /*4599FE23-B69C-4827-A790-60D100FF1287*/;"
"08.09.2026 22:07:19","104","Предупреждение","Microsoft-Windows-StateRepository","Предупреждение 0x80670007: [sqlite3_exec] #14 Database 0: Try 14 (5156ms) {00000000-0000-0000-0000-000000000000} Cpu:8 Io:5 Mem:5 TID:0 database is locked : SQL BEGIN EXCLUSIVE /*A60808C1-EDAB-4867-8711-E15025C583A2*/;"
"08.09.2026 22:07:19","104","Предупреждение","Microsoft-Windows-StateRepository","Предупреждение 0x80670007: [sqlite3_exec] #91 Database 0: Try 26 (9453ms) {00000000-0000-0000-0000-000000000000} Cpu:10 Io:5 Mem:5 TID:0 database is locked : SQL BEGIN EXCLUSIVE /*B421ECA4-5563-4428-8379-9D6E1E605C11*/;"
"08.09.2026 22:07:19","104","Предупреждение","Microsoft-Windows-StateRepository","Предупреждение 0x80670007: [sqlite3_exec] #90 Database 0: Try 26 (9469ms) {00000000-0000-0000-0000-000000000000} Cpu:8 Io:5 Mem:5 TID:0 database is locked : SQL BEGIN EXCLUSIVE /*FB2E4215-CAA2-47C2-B254-B44F139EEB0E*/;"
"08.09.2026 22:07:19","104","Предупреждение","Microsoft-Windows-StateRepository","Предупреждение 0x80670007: [sqlite3_exec] #13 Database 0: Try 13 (4781ms) {00000000-0000-0000-0000-000000000000} Cpu:8 Io:5 Mem:5 TID:0 database is locked : SQL BEGIN EXCLUSIVE /*A60808C1-EDAB-4867-8711-E15025C583A2*/;"
"08.09.2026 22:07:19","104","Предупреждение","Microsoft-Windows-StateRepository","Предупреждение 0x80670007: [sqlite3_exec] #89 Database 0: Try 25 (9094ms) {00000000-0000-0000-0000-000000000000} Cpu:10 Io:5 Mem:5 TID:0 database is locked : SQL BEGIN EXCLUSIVE /*4599FE23-B69C-4827-A790-60D100FF1287*/;"
"08.09.2026 22:07:19","104","Предупреждение","Microsoft-Windows-StateRepository","Предупреждение 0x80670007: [sqlite3_exec] #88 Database 0: Try 25 (9078ms) {00000000-0000-0000-0000-000000000000} Cpu:10 Io:5 Mem:5 TID:0 database is locked : SQL BEGIN EXCLUSIVE /*B421ECA4-5563-4428-8379-9D6E1E605C11*/;"
"08.09.2026 22:07:19","104","Предупреждение","Microsoft-Windows-StateRepository","Предупреждение 0x80670007: [sqlite3_exec] #87 Database 0: Try 25 (9094ms) {00000000-0000-0000-0000-000000000000} Cpu:8 Io:5 Mem:5 TID:0 database is locked : SQL BEGIN EXCLUSIVE /*FB2E4215-CAA2-47C2-B254-B44F139EEB0E*/;"
"08.09.2026 22:07:18","104","Предупреждение","Microsoft-Windows-StateRepository","Предупреждение 0x80670007: [sqlite3_exec] #12 Database 0: Try 12 (4391ms) {00000000-0000-0000-0000-000000000000} Cpu:8 Io:5 Mem:5 TID:0 database is locked : SQL BEGIN EXCLUSIVE /*A60808C1-EDAB-4867-8711-E15025C583A2*/;"
"08.09.2026 22:07:18","104","Предупреждение","Microsoft-Windows-StateRepository","Предупреждение 0x80670007: [sqlite3_exec] #86 Database 0: Try 24 (8704ms) {00000000-0000-0000-0000-000000000000} Cpu:10 Io:5 Mem:5 TID:0 database is locked : SQL BEGIN EXCLUSIVE /*4599FE23-B69C-4827-A790-60D100FF1287*/;"
"08.09.2026 22:07:18","104","Предупреждение","Microsoft-Windows-StateRepository","Предупреждение 0x80670007: [sqlite3_exec] #85 Database 0: Try 24 (8688ms) {00000000-0000-0000-0000-000000000000} Cpu:10 Io:5 Mem:5 TID:0 database is locked : SQL BEGIN EXCLUSIVE /*B421ECA4-5563-4428-8379-9D6E1E605C11*/;"
"08.09.2026 22:07:18","104","Предупреждение","Microsoft-Windows-StateRepository","Предупреждение 0x80670007: [sqlite3_exec] #84 Database 0: Try 24 (8703ms) {00000000-0000-0000-0000-000000000000} Cpu:8 Io:5 Mem:5 TID:0 database is locked : SQL BEGIN EXCLUSIVE /*FB2E4215-CAA2-47C2-B254-B44F139EEB0E*/;"
"08.09.2026 22:07:18","104","Предупреждение","Microsoft-Windows-StateRepository","Предупреждение 0x80670007: [sqlite3_exec] #83 Database 0: Try 23 (8344ms) {00000000-0000-0000-0000-000000000000} Cpu:10 Io:5 Mem:5 TID:0 database is locked : SQL BEGIN EXCLUSIVE /*4599FE23-B69C-4827-A790-60D100FF1287*/;"
"08.09.2026 22:07:18","104","Предупреждение","Microsoft-Windows-StateRepository","Предупреждение 0x80670007: [sqlite3_exec] #82 Database 0: Try 23 (8328ms) {00000000-0000-0000-0000-000000000000} Cpu:10 Io:5 Mem:5 TID:0 database is locked : SQL BEGIN EXCLUSIVE /*B421ECA4-5563-4428-8379-9D6E1E605C11*/;"
"08.09.2026 22:07:18","104","Предупреждение","Microsoft-Windows-StateRepository","Предупреждение 0x80670007: [sqlite3_exec] #11 Database 0: Try 11 (4016ms) {00000000-0000-0000-0000-000000000000} Cpu:8 Io:5 Mem:5 TID:0 database is locked : SQL BEGIN EXCLUSIVE /*A60808C1-EDAB-4867-8711-E15025C583A2*/;"
"08.09.2026 22:07:18","104","Предупреждение","Microsoft-Windows-StateRepository","Предупреждение 0x80670007: [sqlite3_exec] #81 Database 0: Try 23 (8328ms) {00000000-0000-0000-0000-000000000000} Cpu:8 Io:5 Mem:5 TID:0 database is locked : SQL BEGIN EXCLUSIVE /*FB2E4215-CAA2-47C2-B254-B44F139EEB0E*/;"
"08.09.2026 22:07:18","104","Предупреждение","Microsoft-Windows-StateRepository","Предупреждение 0x80670007: [sqlite3_exec] #80 Database 0: Try 22 (7985ms) {00000000-0000-0000-0000-000000000000} Cpu:10 Io:5 Mem:5 TID:0 database is locked : SQL BEGIN EXCLUSIVE /*4599FE23-B69C-4827-A790-60D100FF1287*/;"
"08.09.2026 22:07:18","104","Предупреждение","Microsoft-Windows-StateRepository","Предупреждение 0x80670007: [sqlite3_exec] #79 Database 0: Try 22 (7969ms) {00000000-0000-0000-0000-000000000000} Cpu:10 Io:5 Mem:5 TID:0 database is locked : SQL BEGIN EXCLUSIVE /*B421ECA4-5563-4428-8379-9D6E1E605C11*/;"
"08.09.2026 22:07:18","104","Предупреждение","Microsoft-Windows-StateRepository","Предупреждение 0x80670007: [sqlite3_exec] #10 Database 0: Try 10 (3656ms) {00000000-0000-0000-0000-000000000000} Cpu:8 Io:5 Mem:5 TID:0 database is locked : SQL BEGIN EXCLUSIVE /*A60808C1-EDAB-4867-8711-E15025C583A2*/;"
"08.09.2026 22:07:17","104","Предупреждение","Microsoft-Windows-StateRepository","Предупреждение 0x80670007: [sqlite3_exec] #78 Database 0: Try 22 (7969ms) {00000000-0000-0000-0000-000000000000} Cpu:8 Io:5 Mem:5 TID:0 database is locked : SQL BEGIN EXCLUSIVE /*FB2E4215-CAA2-47C2-B254-B44F139EEB0E*/;"
"08.09.2026 22:07:17","104","Предупреждение","Microsoft-Windows-StateRepository","Предупреждение 0x80670007: [sqlite3_exec] #76 Database 0: Try 21 (7626ms) {00000000-0000-0000-0000-000000000000} Cpu:10 Io:5 Mem:5 TID:0 database is locked : SQL BEGIN EXCLUSIVE /*4599FE23-B69C-4827-A790-60D100FF1287*/;"
"08.09.2026 22:07:17","104","Предупреждение","Microsoft-Windows-StateRepository","Предупреждение 0x80670007: [sqlite3_exec] #77 Database 0: Try 21 (7610ms) {00000000-0000-0000-0000-000000000000} Cpu:10 Io:5 Mem:5 TID:0 database is locked : SQL BEGIN EXCLUSIVE /*B421ECA4-5563-4428-8379-9D6E1E605C11*/;"
"08.09.2026 22:07:17","104","Предупреждение","Microsoft-Windows-StateRepository","Предупреждение 0x80670007: [sqlite3_exec] #9 Database 0: Try 9 (3297ms) {00000000-0000-0000-0000-000000000000} Cpu:8 Io:5 Mem:5 TID:0 database is locked : SQL BEGIN EXCLUSIVE /*A60808C1-EDAB-4867-8711-E15025C583A2*/;"
"08.09.2026 22:07:17","104","Предупреждение","Microsoft-Windows-StateRepository","Предупреждение 0x80670007: [sqlite3_exec] #75 Database 0: Try 21 (7609ms) {00000000-0000-0000-0000-000000000000} Cpu:8 Io:5 Mem:5 TID:0 database is locked : SQL BEGIN EXCLUSIVE /*FB2E4215-CAA2-47C2-B254-B44F139EEB0E*/;"
"08.09.2026 22:07:17","104","Предупреждение","Microsoft-Windows-StateRepository","Предупреждение 0x80670007: [sqlite3_exec] #74 Database 0: Try 20 (7250ms) {00000000-0000-0000-0000-000000000000} Cpu:10 Io:5 Mem:5 TID:0 database is locked : SQL BEGIN EXCLUSIVE /*4599FE23-B69C-4827-A790-60D100FF1287*/;"
"08.09.2026 22:07:17","104","Предупреждение","Microsoft-Windows-StateRepository","Предупреждение 0x80670007: [sqlite3_exec] #73 Database 0: Try 20 (7234ms) {00000000-0000-0000-0000-000000000000} Cpu:10 Io:5 Mem:5 TID:0 database is locked : SQL BEGIN EXCLUSIVE /*B421ECA4-5563-4428-8379-9D6E1E605C11*/;"
"08.09.2026 22:07:17","104","Предупреждение","Microsoft-Windows-StateRepository","Предупреждение 0x80670007: [sqlite3_exec] #8 Database 0: Try 8 (2922ms) {00000000-0000-0000-0000-000000000000} Cpu:8 Io:5 Mem:5 TID:0 database is locked : SQL BEGIN EXCLUSIVE /*A60808C1-EDAB-4867-8711-E15025C583A2*/;"
"08.09.2026 22:07:17","104","Предупреждение","Microsoft-Windows-StateRepository","Предупреждение 0x80670007: [sqlite3_exec] #72 Database 0: Try 20 (7250ms) {00000000-0000-0000-0000-000000000000} Cpu:8 Io:5 Mem:5 TID:0 database is locked : SQL BEGIN EXCLUSIVE /*FB2E4215-CAA2-47C2-B254-B44F139EEB0E*/;"
"08.09.2026 22:07:16","104","Предупреждение","Microsoft-Windows-StateRepository","Предупреждение 0x80670007: [sqlite3_exec] #70 Database 0: Try 19 (6891ms) {00000000-0000-0000-0000-000000000000} Cpu:10 Io:5 Mem:5 TID:0 database is locked : SQL BEGIN EXCLUSIVE /*4599FE23-B69C-4827-A790-60D100FF1287*/;"
"08.09.2026 22:07:16","104","Предупреждение","Microsoft-Windows-StateRepository","Предупреждение 0x80670007: [sqlite3_exec] #71 Database 0: Try 19 (6875ms) {00000000-0000-0000-0000-000000000000} Cpu:10 Io:5 Mem:5 TID:0 database is locked : SQL BEGIN EXCLUSIVE /*B421ECA4-5563-4428-8379-9D6E1E605C11*/;"
"08.09.2026 22:07:16","104","Предупреждение","Microsoft-Windows-StateRepository","Предупреждение 0x80670007: [sqlite3_exec] #7 Database 0: Try 7 (2563ms) {00000000-0000-0000-0000-000000000000} Cpu:8 Io:5 Mem:5 TID:0 database is locked : SQL BEGIN EXCLUSIVE /*A60808C1-EDAB-4867-8711-E15025C583A2*/;"
"08.09.2026 22:07:16","104","Предупреждение","Microsoft-Windows-StateRepository","Предупреждение 0x80670007: [sqlite3_exec] #69 Database 0: Try 19 (6890ms) {00000000-0000-0000-0000-000000000000} Cpu:8 Io:5 Mem:5 TID:0 database is locked : SQL BEGIN EXCLUSIVE /*FB2E4215-CAA2-47C2-B254-B44F139EEB0E*/;"
"08.09.2026 22:07:16","104","Предупреждение","Microsoft-Windows-StateRepository","Предупреждение 0x80670007: [sqlite3_exec] #68 Database 0: Try 18 (6516ms) {00000000-0000-0000-0000-000000000000} Cpu:10 Io:5 Mem:5 TID:0 database is locked : SQL BEGIN EXCLUSIVE /*4599FE23-B69C-4827-A790-60D100FF1287*/;"
"08.09.2026 22:07:16","104","Предупреждение","Microsoft-Windows-StateRepository","Предупреждение 0x80670007: [sqlite3_exec] #67 Database 0: Try 18 (6500ms) {00000000-0000-0000-0000-000000000000} Cpu:10 Io:5 Mem:5 TID:0 database is locked : SQL BEGIN EXCLUSIVE /*B421ECA4-5563-4428-8379-9D6E1E605C11*/;"
"08.09.2026 22:07:16","104","Предупреждение","Microsoft-Windows-StateRepository","Предупреждение 0x80670007: [sqlite3_exec] #6 Database 0: Try 6 (2172ms) {00000000-0000-0000-0000-000000000000} Cpu:8 Io:5 Mem:5 TID:0 database is locked : SQL BEGIN EXCLUSIVE /*A60808C1-EDAB-4867-8711-E15025C583A2*/;"
"08.09.2026 22:07:16","104","Предупреждение","Microsoft-Windows-StateRepository","Предупреждение 0x80670007: [sqlite3_exec] #66 Database 0: Try 18 (6516ms) {00000000-0000-0000-0000-000000000000} Cpu:8 Io:5 Mem:5 TID:0 database is locked : SQL BEGIN EXCLUSIVE /*FB2E4215-CAA2-47C2-B254-B44F139EEB0E*/;"
"08.09.2026 22:07:16","104","Предупреждение","Microsoft-Windows-StateRepository","Предупреждение 0x80670007: [sqlite3_exec] #65 Database 0: Try 17 (6141ms) {00000000-0000-0000-0000-000000000000} Cpu:10 Io:5 Mem:5 TID:0 database is locked : SQL BEGIN EXCLUSIVE /*B421ECA4-5563-4428-8379-9D6E1E605C11*/;"
"08.09.2026 22:07:16","104","Предупреждение","Microsoft-Windows-StateRepository","Предупреждение 0x80670007: [sqlite3_exec] #64 Database 0: Try 17 (6157ms) {00000000-0000-0000-0000-000000000000} Cpu:10 Io:5 Mem:5 TID:0 database is locked : SQL BEGIN EXCLUSIVE /*4599FE23-B69C-4827-A790-60D100FF1287*/;"
"08.09.2026 22:07:16","104","Предупреждение","Microsoft-Windows-StateRepository","Предупреждение 0x80670007: [sqlite3_exec] #5 Database 0: Try 5 (1812ms) {00000000-0000-0000-0000-000000000000} Cpu:8 Io:5 Mem:5 TID:0 database is locked : SQL BEGIN EXCLUSIVE /*A60808C1-EDAB-4867-8711-E15025C583A2*/;"
"08.09.2026 22:07:16","104","Предупреждение","Microsoft-Windows-StateRepository","Предупреждение 0x80670007: [sqlite3_exec] #63 Database 0: Try 17 (6156ms) {00000000-0000-0000-0000-000000000000} Cpu:8 Io:5 Mem:5 TID:0 database is locked : SQL BEGIN EXCLUSIVE /*FB2E4215-CAA2-47C2-B254-B44F139EEB0E*/;"
"08.09.2026 22:07:15","104","Предупреждение","Microsoft-Windows-StateRepository","Предупреждение 0x80670007: [sqlite3_exec] #62 Database 0: Try 16 (5797ms) {00000000-0000-0000-0000-000000000000} Cpu:10 Io:5 Mem:5 TID:0 database is locked : SQL BEGIN EXCLUSIVE /*4599FE23-B69C-4827-A790-60D100FF1287*/;"
"08.09.2026 22:07:15","104","Предупреждение","Microsoft-Windows-StateRepository","Предупреждение 0x80670007: [sqlite3_exec] #61 Database 0: Try 16 (5781ms) {00000000-0000-0000-0000-000000000000} Cpu:10 Io:5 Mem:5 TID:0 database is locked : SQL BEGIN EXCLUSIVE /*B421ECA4-5563-4428-8379-9D6E1E605C11*/;"
"08.09.2026 22:07:15","104","Предупреждение","Microsoft-Windows-StateRepository","Предупреждение 0x80670007: [sqlite3_exec] #4 Database 0: Try 4 (1453ms) {00000000-0000-0000-0000-000000000000} Cpu:8 Io:5 Mem:5 TID:0 database is locked : SQL BEGIN EXCLUSIVE /*A60808C1-EDAB-4867-8711-E15025C583A2*/;"
"08.09.2026 22:07:15","104","Предупреждение","Microsoft-Windows-StateRepository","Предупреждение 0x80670007: [sqlite3_exec] #60 Database 0: Try 16 (5797ms) {00000000-0000-0000-0000-000000000000} Cpu:8 Io:5 Mem:5 TID:0 database is locked : SQL BEGIN EXCLUSIVE /*FB2E4215-CAA2-47C2-B254-B44F139EEB0E*/;"
"08.09.2026 22:07:15","104","Предупреждение","Microsoft-Windows-StateRepository","Предупреждение 0x80670007: [sqlite3_exec] #58 Database 0: Try 15 (5422ms) {00000000-0000-0000-0000-000000000000} Cpu:10 Io:5 Mem:5 TID:0 database is locked : SQL BEGIN EXCLUSIVE /*B421ECA4-5563-4428-8379-9D6E1E605C11*/;"
"08.09.2026 22:07:15","104","Предупреждение","Microsoft-Windows-StateRepository","Предупреждение 0x80670007: [sqlite3_exec] #59 Database 0: Try 15 (5438ms) {00000000-0000-0000-0000-000000000000} Cpu:10 Io:5 Mem:5 TID:0 database is locked : SQL BEGIN EXCLUSIVE /*4599FE23-B69C-4827-A790-60D100FF1287*/;"
"08.09.2026 22:07:15","104","Предупреждение","Microsoft-Windows-StateRepository","Предупреждение 0x80670007: [sqlite3_exec] #3 Database 0: Try 3 (1094ms) {00000000-0000-0000-0000-000000000000} Cpu:8 Io:5 Mem:5 TID:0 database is locked : SQL BEGIN EXCLUSIVE /*A60808C1-EDAB-4867-8711-E15025C583A2*/;"
"08.09.2026 22:07:15","104","Предупреждение","Microsoft-Windows-StateRepository","Предупреждение 0x80670007: [sqlite3_exec] #57 Database 0: Try 15 (5437ms) {00000000-0000-0000-0000-000000000000} Cpu:8 Io:5 Mem:5 TID:0 database is locked : SQL BEGIN EXCLUSIVE /*FB2E4215-CAA2-47C2-B254-B44F139EEB0E*/;"
"08.09.2026 22:07:15","104","Предупреждение","Microsoft-Windows-StateRepository","Предупреждение 0x80670007: [sqlite3_exec] #56 Database 0: Try 14 (5062ms) {00000000-0000-0000-0000-000000000000} Cpu:10 Io:5 Mem:5 TID:0 database is locked : SQL BEGIN EXCLUSIVE /*B421ECA4-5563-4428-8379-9D6E1E605C11*/;"
"08.09.2026 22:07:15","104","Предупреждение","Microsoft-Windows-StateRepository","Предупреждение 0x80670007: [sqlite3_exec] #55 Database 0: Try 14 (5078ms) {00000000-0000-0000-0000-000000000000} Cpu:10 Io:5 Mem:5 TID:0 database is locked : SQL BEGIN EXCLUSIVE /*4599FE23-B69C-4827-A790-60D100FF1287*/;"
"08.09.2026 22:07:15","104","Предупреждение","Microsoft-Windows-StateRepository","Предупреждение 0x80670007: [sqlite3_exec] #2 Database 0: Try 2 (719ms) {00000000-0000-0000-0000-000000000000} Cpu:8 Io:5 Mem:5 TID:0 database is locked : SQL BEGIN EXCLUSIVE /*A60808C1-EDAB-4867-8711-E15025C583A2*/;"
"08.09.2026 22:07:15","104","Предупреждение","Microsoft-Windows-StateRepository","Предупреждение 0x80670007: [sqlite3_exec] #54 Database 0: Try 14 (5062ms) {00000000-0000-0000-0000-000000000000} Cpu:8 Io:5 Mem:5 TID:0 database is locked : SQL BEGIN EXCLUSIVE /*FB2E4215-CAA2-47C2-B254-B44F139EEB0E*/;"
"08.09.2026 22:07:14","104","Предупреждение","Microsoft-Windows-StateRepository","Предупреждение 0x80670007: [sqlite3_exec] #53 Database 0: Try 13 (4703ms) {00000000-0000-0000-0000-000000000000} Cpu:10 Io:5 Mem:5 TID:0 database is locked : SQL BEGIN EXCLUSIVE /*4599FE23-B69C-4827-A790-60D100FF1287*/;"
"08.09.2026 22:07:14","104","Предупреждение","Microsoft-Windows-StateRepository","Предупреждение 0x80670007: [sqlite3_exec] #52 Database 0: Try 13 (4672ms) {00000000-0000-0000-0000-000000000000} Cpu:10 Io:5 Mem:5 TID:0 database is locked : SQL BEGIN EXCLUSIVE /*B421ECA4-5563-4428-8379-9D6E1E605C11*/;"
"08.09.2026 22:07:14","104","Предупреждение","Microsoft-Windows-StateRepository","Предупреждение 0x80670007: [sqlite3_exec] #1 Database 0: Try 1 (360ms) {00000000-0000-0000-0000-000000000000} Cpu:8 Io:5 Mem:5 TID:0 database is locked : SQL BEGIN EXCLUSIVE /*A60808C1-EDAB-4867-8711-E15025C583A2*/;"
"08.09.2026 22:07:14","104","Предупреждение","Microsoft-Windows-StateRepository","Предупреждение 0x80670007: [sqlite3_exec] #51 Database 0: Try 13 (4703ms) {00000000-0000-0000-0000-000000000000} Cpu:8 Io:5 Mem:5 TID:0 database is locked : SQL BEGIN EXCLUSIVE /*FB2E4215-CAA2-47C2-B254-B44F139EEB0E*/;"
"08.09.2026 22:07:14","104","Предупреждение","Microsoft-Windows-StateRepository","Предупреждение 0x80670007: [sqlite3_exec] #50 Database 0: Try 12 (4344ms) {00000000-0000-0000-0000-000000000000} Cpu:10 Io:5 Mem:5 TID:0 database is locked : SQL BEGIN EXCLUSIVE /*4599FE23-B69C-4827-A790-60D100FF1287*/;"
"08.09.2026 22:07:14","104","Предупреждение","Microsoft-Windows-StateRepository","Предупреждение 0x80670007: [sqlite3_exec] #49 Database 0: Try 12 (4312ms) {00000000-0000-0000-0000-000000000000} Cpu:10 Io:5 Mem:5 TID:0 database is locked : SQL BEGIN EXCLUSIVE /*B421ECA4-5563-4428-8379-9D6E1E605C11*/;"
"08.09.2026 22:07:14","104","Предупреждение","Microsoft-Windows-StateRepository","Предупреждение 0x80670007: [sqlite3_exec] #48 Database 0: Try 12 (4344ms) {00000000-0000-0000-0000-000000000000} Cpu:8 Io:5 Mem:5 TID:0 database is locked : SQL BEGIN EXCLUSIVE /*FB2E4215-CAA2-47C2-B254-B44F139EEB0E*/;"
"08.09.2026 22:07:14","105","Сведения","Microsoft-Windows-StateRepository","Сведения 0x0: [sqlite3_exec] #47 Database 0: Try 12 (4001ms) {00000000-0000-0000-0000-000000000000} TID:0 <no-error-message> : SQL BEGIN EXCLUSIVE /*4599FE23-B69C-4827-A790-60D100FF1287*/;"
"08.09.2026 22:07:14","104","Предупреждение","Microsoft-Windows-StateRepository","Предупреждение 0x80670007: [sqlite3_exec] #46 Database 0: Try 11 (3969ms) {00000000-0000-0000-0000-000000000000} Cpu:10 Io:5 Mem:5 TID:0 database is locked : SQL BEGIN EXCLUSIVE /*4599FE23-B69C-4827-A790-60D100FF1287*/;"
"08.09.2026 22:07:14","104","Предупреждение","Microsoft-Windows-StateRepository","Предупреждение 0x80670007: [sqlite3_exec] #45 Database 0: Try 11 (3953ms) {00000000-0000-0000-0000-000000000000} Cpu:10 Io:5 Mem:5 TID:0 database is locked : SQL BEGIN EXCLUSIVE /*B421ECA4-5563-4428-8379-9D6E1E605C11*/;"
"08.09.2026 22:07:13","104","Предупреждение","Microsoft-Windows-StateRepository","Предупреждение 0x80670007: [sqlite3_exec] #44 Database 0: Try 11 (4001ms) {00000000-0000-0000-0000-000000000000} Cpu:10 Io:5 Mem:5 TID:0 database is locked : SQL BEGIN EXCLUSIVE /*4599FE23-B69C-4827-A790-60D100FF1287*/;"
"08.09.2026 22:07:13","104","Предупреждение","Microsoft-Windows-StateRepository","Предупреждение 0x80670007: [sqlite3_exec] #43 Database 0: Try 11 (3984ms) {00000000-0000-0000-0000-000000000000} Cpu:8 Io:5 Mem:5 TID:0 database is locked : SQL BEGIN EXCLUSIVE /*FB2E4215-CAA2-47C2-B254-B44F139EEB0E*/;"
"08.09.2026 22:07:13","104","Предупреждение","Microsoft-Windows-StateRepository","Предупреждение 0x80670007: [sqlite3_exec] #42 Database 0: Try 10 (3594ms) {00000000-0000-0000-0000-000000000000} Cpu:10 Io:5 Mem:5 TID:0 database is locked : SQL BEGIN EXCLUSIVE /*B421ECA4-5563-4428-8379-9D6E1E605C11*/;"
"08.09.2026 22:07:13","104","Предупреждение","Microsoft-Windows-StateRepository","Предупреждение 0x80670007: [sqlite3_exec] #41 Database 0: Try 10 (3610ms) {00000000-0000-0000-0000-000000000000} Cpu:10 Io:5 Mem:5 TID:0 database is locked : SQL BEGIN EXCLUSIVE /*4599FE23-B69C-4827-A790-60D100FF1287*/;"
"08.09.2026 22:07:13","104","Предупреждение","Microsoft-Windows-StateRepository","Предупреждение 0x80670007: [sqlite3_exec] #40 Database 0: Try 10 (3626ms) {00000000-0000-0000-0000-000000000000} Cpu:10 Io:5 Mem:5 TID:0 database is locked : SQL BEGIN EXCLUSIVE /*4599FE23-B69C-4827-A790-60D100FF1287*/;"
"08.09.2026 22:07:13","104","Предупреждение","Microsoft-Windows-StateRepository","Предупреждение 0x80670007: [sqlite3_exec] #39 Database 0: Try 10 (3610ms) {00000000-0000-0000-0000-000000000000} Cpu:8 Io:5 Mem:5 TID:0 database is locked : SQL BEGIN EXCLUSIVE /*FB2E4215-CAA2-47C2-B254-B44F139EEB0E*/;"
"08.09.2026 22:07:13","104","Предупреждение","Microsoft-Windows-StateRepository","Предупреждение 0x80670007: [sqlite3_exec] #37 Database 0: Try 9 (3251ms) {00000000-0000-0000-0000-000000000000} Cpu:10 Io:5 Mem:5 TID:0 database is locked : SQL BEGIN EXCLUSIVE /*4599FE23-B69C-4827-A790-60D100FF1287*/;"
"08.09.2026 22:07:13","104","Предупреждение","Microsoft-Windows-StateRepository","Предупреждение 0x80670007: [sqlite3_exec] #38 Database 0: Try 9 (3235ms) {00000000-0000-0000-0000-000000000000} Cpu:10 Io:5 Mem:5 TID:0 database is locked : SQL BEGIN EXCLUSIVE /*B421ECA4-5563-4428-8379-9D6E1E605C11*/;"
"08.09.2026 22:07:13","104","Предупреждение","Microsoft-Windows-StateRepository","Предупреждение 0x80670007: [sqlite3_exec] #36 Database 0: Try 9 (3251ms) {00000000-0000-0000-0000-000000000000} Cpu:10 Io:5 Mem:5 TID:0 database is locked : SQL BEGIN EXCLUSIVE /*4599FE23-B69C-4827-A790-60D100FF1287*/;"
"08.09.2026 22:07:13","104","Предупреждение","Microsoft-Windows-StateRepository","Предупреждение 0x80670007: [sqlite3_exec] #35 Database 0: Try 9 (3250ms) {00000000-0000-0000-0000-000000000000} Cpu:8 Io:5 Mem:5 TID:0 database is locked : SQL BEGIN EXCLUSIVE /*FB2E4215-CAA2-47C2-B254-B44F139EEB0E*/;"
"08.09.2026 22:07:12","104","Предупреждение","Microsoft-Windows-StateRepository","Предупреждение 0x80670007: [sqlite3_exec] #34 Database 0: Try 8 (2891ms) {00000000-0000-0000-0000-000000000000} Cpu:10 Io:5 Mem:5 TID:0 database is locked : SQL BEGIN EXCLUSIVE /*4599FE23-B69C-4827-A790-60D100FF1287*/;"
"08.09.2026 22:07:12","104","Предупреждение","Microsoft-Windows-StateRepository","Предупреждение 0x80670007: [sqlite3_exec] #33 Database 0: Try 8 (2875ms) {00000000-0000-0000-0000-000000000000} Cpu:10 Io:5 Mem:5 TID:0 database is locked : SQL BEGIN EXCLUSIVE /*B421ECA4-5563-4428-8379-9D6E1E605C11*/;"
"08.09.2026 22:07:12","104","Предупреждение","Microsoft-Windows-StateRepository","Предупреждение 0x80670007: [sqlite3_exec] #32 Database 0: Try 8 (2891ms) {00000000-0000-0000-0000-000000000000} Cpu:10 Io:5 Mem:5 TID:0 database is locked : SQL BEGIN EXCLUSIVE /*4599FE23-B69C-4827-A790-60D100FF1287*/;"
"08.09.2026 22:07:12","104","Предупреждение","Microsoft-Windows-StateRepository","Предупреждение 0x80670007: [sqlite3_exec] #31 Database 0: Try 8 (2891ms) {00000000-0000-0000-0000-000000000000} Cpu:8 Io:5 Mem:5 TID:0 database is locked : SQL BEGIN EXCLUSIVE /*FB2E4215-CAA2-47C2-B254-B44F139EEB0E*/;"
"08.09.2026 22:07:12","104","Предупреждение","Microsoft-Windows-StateRepository","Предупреждение 0x80670007: [sqlite3_exec] #30 Database 0: Try 7 (2516ms) {00000000-0000-0000-0000-000000000000} Cpu:10 Io:5 Mem:5 TID:0 database is locked : SQL BEGIN EXCLUSIVE /*B421ECA4-5563-4428-8379-9D6E1E605C11*/;"
"08.09.2026 22:07:12","104","Предупреждение","Microsoft-Windows-StateRepository","Предупреждение 0x80670007: [sqlite3_exec] #29 Database 0: Try 7 (2532ms) {00000000-0000-0000-0000-000000000000} Cpu:10 Io:5 Mem:5 TID:0 database is locked : SQL BEGIN EXCLUSIVE /*4599FE23-B69C-4827-A790-60D100FF1287*/;"
"08.09.2026 22:07:12","104","Предупреждение","Microsoft-Windows-StateRepository","Предупреждение 0x80670007: [sqlite3_exec] #28 Database 0: Try 7 (2532ms) {00000000-0000-0000-0000-000000000000} Cpu:10 Io:5 Mem:5 TID:0 database is locked : SQL BEGIN EXCLUSIVE /*4599FE23-B69C-4827-A790-60D100FF1287*/;"
"08.09.2026 22:07:12","104","Предупреждение","Microsoft-Windows-StateRepository","Предупреждение 0x80670007: [sqlite3_exec] #27 Database 0: Try 7 (2531ms) {00000000-0000-0000-0000-000000000000} Cpu:8 Io:5 Mem:5 TID:0 database is locked : SQL BEGIN EXCLUSIVE /*FB2E4215-CAA2-47C2-B254-B44F139EEB0E*/;"
"08.09.2026 22:07:12","104","Предупреждение","Microsoft-Windows-StateRepository","Предупреждение 0x80670007: [sqlite3_exec] #26 Database 0: Try 6 (2156ms) {00000000-0000-0000-0000-000000000000} Cpu:10 Io:5 Mem:5 TID:0 database is locked : SQL BEGIN EXCLUSIVE /*B421ECA4-5563-4428-8379-9D6E1E605C11*/;"
"08.09.2026 22:07:12","104","Предупреждение","Microsoft-Windows-StateRepository","Предупреждение 0x80670007: [sqlite3_exec] #25 Database 0: Try 6 (2172ms) {00000000-0000-0000-0000-000000000000} Cpu:10 Io:5 Mem:5 TID:0 database is locked : SQL BEGIN EXCLUSIVE /*4599FE23-B69C-4827-A790-60D100FF1287*/;"
"08.09.2026 22:07:12","104","Предупреждение","Microsoft-Windows-StateRepository","Предупреждение 0x80670007: [sqlite3_exec] #24 Database 0: Try 6 (2172ms) {00000000-0000-0000-0000-000000000000} Cpu:10 Io:5 Mem:5 TID:0 database is locked : SQL BEGIN EXCLUSIVE /*4599FE23-B69C-4827-A790-60D100FF1287*/;"
"08.09.2026 22:07:12","104","Предупреждение","Microsoft-Windows-StateRepository","Предупреждение 0x80670007: [sqlite3_exec] #23 Database 0: Try 6 (2172ms) {00000000-0000-0000-0000-000000000000} Cpu:8 Io:5 Mem:5 TID:0 database is locked : SQL BEGIN EXCLUSIVE /*FB2E4215-CAA2-47C2-B254-B44F139EEB0E*/;"
"08.09.2026 22:07:11","104","Предупреждение","Microsoft-Windows-StateRepository","Предупреждение 0x80670007: [sqlite3_exec] #22 Database 0: Try 5 (1813ms) {00000000-0000-0000-0000-000000000000} Cpu:10 Io:5 Mem:5 TID:0 database is locked : SQL BEGIN EXCLUSIVE /*4599FE23-B69C-4827-A790-60D100FF1287*/;"
"08.09.2026 22:07:11","104","Предупреждение","Microsoft-Windows-StateRepository","Предупреждение 0x80670007: [sqlite3_exec] #21 Database 0: Try 5 (1797ms) {00000000-0000-0000-0000-000000000000} Cpu:10 Io:5 Mem:5 TID:0 database is locked : SQL BEGIN EXCLUSIVE /*B421ECA4-5563-4428-8379-9D6E1E605C11*/;"
"08.09.2026 22:07:11","104","Предупреждение","Microsoft-Windows-StateRepository","Предупреждение 0x80670007: [sqlite3_exec] #20 Database 0: Try 5 (1813ms) {00000000-0000-0000-0000-000000000000} Cpu:10 Io:5 Mem:5 TID:0 database is locked : SQL BEGIN EXCLUSIVE /*4599FE23-B69C-4827-A790-60D100FF1287*/;"
"08.09.2026 22:07:11","104","Предупреждение","Microsoft-Windows-StateRepository","Предупреждение 0x80670007: [sqlite3_exec] #19 Database 0: Try 5 (1813ms) {00000000-0000-0000-0000-000000000000} Cpu:8 Io:5 Mem:5 TID:0 database is locked : SQL BEGIN EXCLUSIVE /*FB2E4215-CAA2-47C2-B254-B44F139EEB0E*/;"
"08.09.2026 22:07:11","104","Предупреждение","Microsoft-Windows-StateRepository","Предупреждение 0x80670007: [sqlite3_exec] #18 Database 0: Try 4 (1454ms) {00000000-0000-0000-0000-000000000000} Cpu:10 Io:5 Mem:5 TID:0 database is locked : SQL BEGIN EXCLUSIVE /*4599FE23-B69C-4827-A790-60D100FF1287*/;"
"08.09.2026 22:07:11","104","Предупреждение","Microsoft-Windows-StateRepository","Предупреждение 0x80670007: [sqlite3_exec] #17 Database 0: Try 4 (1438ms) {00000000-0000-0000-0000-000000000000} Cpu:10 Io:5 Mem:5 TID:0 database is locked : SQL BEGIN EXCLUSIVE /*B421ECA4-5563-4428-8379-9D6E1E605C11*/;"
"08.09.2026 22:07:11","104","Предупреждение","Microsoft-Windows-StateRepository","Предупреждение 0x80670007: [sqlite3_exec] #16 Database 0: Try 4 (1454ms) {00000000-0000-0000-0000-000000000000} Cpu:10 Io:5 Mem:5 TID:0 database is locked : SQL BEGIN EXCLUSIVE /*4599FE23-B69C-4827-A790-60D100FF1287*/;"
"08.09.2026 22:07:11","104","Предупреждение","Microsoft-Windows-StateRepository","Предупреждение 0x80670007: [sqlite3_exec] #15 Database 0: Try 4 (1453ms) {00000000-0000-0000-0000-000000000000} Cpu:8 Io:5 Mem:5 TID:0 database is locked : SQL BEGIN EXCLUSIVE /*FB2E4215-CAA2-47C2-B254-B44F139EEB0E*/;"
"08.09.2026 22:07:11","104","Предупреждение","Microsoft-Windows-StateRepository","Предупреждение 0x80670007: [sqlite3_exec] #14 Database 0: Try 3 (1094ms) {00000000-0000-0000-0000-000000000000} Cpu:10 Io:5 Mem:5 TID:0 database is locked : SQL BEGIN EXCLUSIVE /*4599FE23-B69C-4827-A790-60D100FF1287*/;"
"08.09.2026 22:07:11","104","Предупреждение","Microsoft-Windows-StateRepository","Предупреждение 0x80670007: [sqlite3_exec] #13 Database 0: Try 3 (1078ms) {00000000-0000-0000-0000-000000000000} Cpu:10 Io:5 Mem:5 TID:0 database is locked : SQL BEGIN EXCLUSIVE /*B421ECA4-5563-4428-8379-9D6E1E605C11*/;"
"08.09.2026 22:07:11","104","Предупреждение","Microsoft-Windows-StateRepository","Предупреждение 0x80670007: [sqlite3_exec] #12 Database 0: Try 3 (1095ms) {00000000-0000-0000-0000-000000000000} Cpu:10 Io:5 Mem:5 TID:0 database is locked : SQL BEGIN EXCLUSIVE /*4599FE23-B69C-4827-A790-60D100FF1287*/;"
"08.09.2026 22:07:11","104","Предупреждение","Microsoft-Windows-StateRepository","Предупреждение 0x80670007: [sqlite3_exec] #11 Database 0: Try 3 (1078ms) {00000000-0000-0000-0000-000000000000} Cpu:8 Io:5 Mem:5 TID:0 database is locked : SQL BEGIN EXCLUSIVE /*FB2E4215-CAA2-47C2-B254-B44F139EEB0E*/;"
"08.09.2026 22:07:10","104","Предупреждение","Microsoft-Windows-StateRepository","Предупреждение 0x80670007: [sqlite3_exec] #10 Database 0: Try 2 (719ms) {00000000-0000-0000-0000-000000000000} Cpu:10 Io:5 Mem:5 TID:0 database is locked : SQL BEGIN EXCLUSIVE /*B421ECA4-5563-4428-8379-9D6E1E605C11*/;"
"08.09.2026 22:07:10","104","Предупреждение","Microsoft-Windows-StateRepository","Предупреждение 0x80670007: [sqlite3_exec] #9 Database 0: Try 2 (735ms) {00000000-0000-0000-0000-000000000000} Cpu:10 Io:5 Mem:5 TID:0 database is locked : SQL BEGIN EXCLUSIVE /*4599FE23-B69C-4827-A790-60D100FF1287*/;"
"08.09.2026 22:07:10","104","Предупреждение","Microsoft-Windows-StateRepository","Предупреждение 0x80670007: [sqlite3_exec] #8 Database 0: Try 2 (735ms) {00000000-0000-0000-0000-000000000000} Cpu:10 Io:5 Mem:5 TID:0 database is locked : SQL BEGIN EXCLUSIVE /*4599FE23-B69C-4827-A790-60D100FF1287*/;"
"08.09.2026 22:07:10","104","Предупреждение","Microsoft-Windows-StateRepository","Предупреждение 0x80670007: [sqlite3_exec] #7 Database 0: Try 2 (719ms) {00000000-0000-0000-0000-000000000000} Cpu:8 Io:5 Mem:5 TID:0 database is locked : SQL BEGIN EXCLUSIVE /*FB2E4215-CAA2-47C2-B254-B44F139EEB0E*/;"
"08.09.2026 22:07:10","104","Предупреждение","Microsoft-Windows-StateRepository","Предупреждение 0x80670007: [sqlite3_exec] #6 Database 0: Try 1 (360ms) {00000000-0000-0000-0000-000000000000} Cpu:10 Io:5 Mem:5 TID:0 database is locked : SQL BEGIN EXCLUSIVE /*B421ECA4-5563-4428-8379-9D6E1E605C11*/;"
"08.09.2026 22:07:10","104","Предупреждение","Microsoft-Windows-StateRepository","Предупреждение 0x80670007: [sqlite3_exec] #5 Database 0: Try 1 (376ms) {00000000-0000-0000-0000-000000000000} Cpu:10 Io:5 Mem:5 TID:0 database is locked : SQL BEGIN EXCLUSIVE /*4599FE23-B69C-4827-A790-60D100FF1287*/;"
"08.09.2026 22:07:10","104","Предупреждение","Microsoft-Windows-StateRepository","Предупреждение 0x80670007: [sqlite3_exec] #4 Database 0: Try 1 (376ms) {00000000-0000-0000-0000-000000000000} Cpu:10 Io:5 Mem:5 TID:0 database is locked : SQL BEGIN EXCLUSIVE /*4599FE23-B69C-4827-A790-60D100FF1287*/;"
"08.09.2026 22:07:10","104","Предупреждение","Microsoft-Windows-StateRepository","Предупреждение 0x80670007: [sqlite3_exec] #3 Database 0: Try 1 (360ms) {00000000-0000-0000-0000-000000000000} Cpu:8 Io:5 Mem:5 TID:0 database is locked : SQL BEGIN EXCLUSIVE /*FB2E4215-CAA2-47C2-B254-B44F139EEB0E*/;"
"08.09.2026 22:07:10","271","Подробно","Microsoft-Windows-StateRepository","Элемент SRCache успешно обновлен [параметры = 0x0]"
"08.09.2026 22:07:09","105","Сведения","Microsoft-Windows-StateRepository","Сведения 0x0: [sqlite3_exec] #2 Database 0: Try 2 (360ms) {00000000-0000-0000-0000-000000000000} TID:0 <no-error-message> : SQL BEGIN EXCLUSIVE /*4F7F9FD3-CB15-4D12-B072-8F6991B7FA4B*/;"
"08.09.2026 22:07:09","104","Предупреждение","Microsoft-Windows-StateRepository","Предупреждение 0x80670007: [sqlite3_exec] #1 Database 0: Try 1 (360ms) {90C40975-20C3-4EE8-817F-925B82C1D262} Cpu:10 Io:5 Mem:5 TID:2124 database is locked : SQL BEGIN EXCLUSIVE /*4F7F9FD3-CB15-4D12-B072-8F6991B7FA4B*/;"
"08.09.2026 22:07:09","271","Подробно","Microsoft-Windows-StateRepository","Элемент SRCache успешно обновлен [параметры = 0x0]"
"08.09.2026 22:07:09","271","Подробно","Microsoft-Windows-StateRepository","Элемент SRCache успешно обновлен [параметры = 0x0]"
"08.09.2026 22:07:09","271","Подробно","Microsoft-Windows-StateRepository","Элемент SRCache успешно обновлен [параметры = 0x0]"
"08.09.2026 22:07:09","271","Подробно","Microsoft-Windows-StateRepository","Элемент SRCache успешно обновлен [параметры = 0x0]"
"08.09.2026 22:07:09","271","Подробно","Microsoft-Windows-StateRepository","Элемент SRCache успешно обновлен [параметры = 0x0]"
"08.09.2026 22:07:08","271","Подробно","Microsoft-Windows-StateRepository","Элемент SRCache успешно обновлен [параметры = 0x0]"
"08.09.2026 22:07:08","271","Подробно","Microsoft-Windows-StateRepository","Элемент SRCache успешно обновлен [параметры = 0x0]"
"08.09.2026 22:07:08","271","Подробно","Microsoft-Windows-StateRepository","Элемент SRCache успешно обновлен [параметры = 0x0]"
"08.09.2026 22:07:08","271","Подробно","Microsoft-Windows-StateRepository","Элемент SRCache успешно обновлен [параметры = 0x0]"
"08.09.2026 22:07:08","271","Подробно","Microsoft-Windows-StateRepository","Элемент SRCache успешно обновлен [параметры = 0x0]"
"08.09.2026 22:07:08","271","Подробно","Microsoft-Windows-StateRepository","Элемент SRCache успешно обновлен [параметры = 0x0]"
"08.09.2026 22:07:07","271","Подробно","Microsoft-Windows-StateRepository","Элемент SRCache успешно обновлен [параметры = 0x0]"
"08.09.2026 22:07:07","271","Подробно","Microsoft-Windows-StateRepository","Элемент SRCache успешно обновлен [параметры = 0x0]"
"08.09.2026 22:07:07","271","Подробно","Microsoft-Windows-StateRepository","Элемент SRCache успешно обновлен [параметры = 0x0]"
"08.09.2026 22:07:07","271","Подробно","Microsoft-Windows-StateRepository","Элемент SRCache успешно обновлен [параметры = 0x0]"
"08.09.2026 22:07:07","271","Подробно","Microsoft-Windows-StateRepository","Элемент SRCache успешно обновлен [параметры = 0x0]"
"08.09.2026 22:07:07","271","Подробно","Microsoft-Windows-StateRepository","Элемент SRCache успешно обновлен [параметры = 0x0]"
"08.09.2026 22:07:07","271","Подробно","Microsoft-Windows-StateRepository","Элемент SRCache успешно обновлен [параметры = 0x0]"
"08.09.2026 22:07:06","271","Подробно","Microsoft-Windows-StateRepository","Элемент SRCache успешно обновлен [параметры = 0x0]"
"08.09.2026 22:07:06","271","Подробно","Microsoft-Windows-StateRepository","Элемент SRCache успешно обновлен [параметры = 0x0]"
"08.09.2026 22:07:06","271","Подробно","Microsoft-Windows-StateRepository","Элемент SRCache успешно обновлен [параметры = 0x0]"
"08.09.2026 22:07:06","271","Подробно","Microsoft-Windows-StateRepository","Элемент SRCache успешно обновлен [параметры = 0x0]"
"08.09.2026 22:07:06","271","Подробно","Microsoft-Windows-StateRepository","Элемент SRCache успешно обновлен [параметры = 0x0]"
"08.09.2026 22:07:06","271","Подробно","Microsoft-Windows-StateRepository","Элемент SRCache успешно обновлен [параметры = 0x0]"
"08.09.2026 22:07:06","271","Подробно","Microsoft-Windows-StateRepository","Элемент SRCache успешно обновлен [параметры = 0x0]"
"08.09.2026 22:07:06","271","Подробно","Microsoft-Windows-StateRepository","Элемент SRCache успешно обновлен [параметры = 0x0]"
"08.09.2026 22:07:05","271","Подробно","Microsoft-Windows-StateRepository","Элемент SRCache успешно обновлен [параметры = 0x0]"
"08.09.2026 22:07:05","271","Подробно","Microsoft-Windows-StateRepository","Элемент SRCache успешно обновлен [параметры = 0x0]"
"08.09.2026 22:07:05","271","Подробно","Microsoft-Windows-StateRepository","Элемент SRCache успешно обновлен [параметры = 0x0]"
"08.09.2026 22:07:05","271","Подробно","Microsoft-Windows-StateRepository","Элемент SRCache успешно обновлен [параметры = 0x0]"
"08.09.2026 22:07:05","271","Подробно","Microsoft-Windows-StateRepository","Элемент SRCache успешно обновлен [параметры = 0x0]"
"08.09.2026 22:07:05","271","Подробно","Microsoft-Windows-StateRepository","Элемент SRCache успешно обновлен [параметры = 0x0]"
"08.09.2026 22:07:05","221","Подробно","Microsoft-Windows-StateRepository","Выполнена команда ANALYZE; статистика базы данных обновлена [Partition=2, ProcessId=13296]"
"08.09.2026 22:07:05","221","Подробно","Microsoft-Windows-StateRepository","Выполнена команда ANALYZE; статистика базы данных обновлена [Partition=1, ProcessId=13296]"
"08.09.2026 22:07:04","231","Подробно","Microsoft-Windows-StateRepository","RepositoryManagerServerUpgrade с параметрами: 0x1"
"08.09.2026 21:53:23","231","Подробно","Microsoft-Windows-StateRepository","RepositoryManagerServerUpgrade с параметрами: 0x1"
"08.09.2026 21:53:23","216","Сведения","Microsoft-Windows-StateRepository","Служба StateRepository запущена [ProcessId=4780]"
"08.09.2026 21:53:23","269","Подробно","Microsoft-Windows-StateRepository","Элемент SRCache успешно инициализирован [параметры = 0x0]"
"08.09.2026 21:53:22","245","Подробно","Microsoft-Windows-StateRepository","Обслуживание выполнено"
"08.09.2026 21:53:22","221","Подробно","Microsoft-Windows-StateRepository","Выполнена команда ANALYZE; статистика базы данных обновлена [Partition=2, ProcessId=4780]"
"08.09.2026 21:53:22","221","Подробно","Microsoft-Windows-StateRepository","Выполнена команда ANALYZE; статистика базы данных обновлена [Partition=2, ProcessId=4780]"
"08.09.2026 21:53:22","221","Подробно","Microsoft-Windows-StateRepository","Выполнена команда ANALYZE; статистика базы данных обновлена [Partition=2, ProcessId=4780]"
"08.09.2026 21:53:22","221","Подробно","Microsoft-Windows-StateRepository","Выполнена команда ANALYZE; статистика базы данных обновлена [Partition=2, ProcessId=4780]"
"08.09.2026 21:53:22","221","Подробно","Microsoft-Windows-StateRepository","Выполнена команда ANALYZE; статистика базы данных обновлена [Partition=2, ProcessId=4780]"
"08.09.2026 21:53:22","221","Подробно","Microsoft-Windows-StateRepository","Выполнена команда ANALYZE; статистика базы данных обновлена [Partition=2, ProcessId=4780]"
