"08.09.2026 21:53:22","221","Подробно","Microsoft-Windows-StateRepository","Выполнена команда ANALYZE; статистика базы данных обновлена [Partition=2, ProcessId=4780]"
"08.09.2026 21:53:22","221","Подробно","Microsoft-Windows-StateRepository","Выполнена команда ANALYZE; статистика базы данных обновлена [Partition=2, ProcessId=4780]"
"08.09.2026 21:53:22","223","Сведения","Microsoft-Windows-StateRepository","Раздел StateRepository 2 существует и готов к использованию [SchemaVersion=21761]"
"08.09.2026 21:53:22","223","Сведения","Microsoft-Windows-StateRepository","Раздел StateRepository 1 существует и готов к использованию [SchemaVersion=21761]"
"08.09.2026 21:52:29","243","Подробно","Microsoft-Windows-StateRepository","Прошло 0 мс ожидания выполнения текущих запросов"
"08.09.2026 21:52:29","242","Подробно","Microsoft-Windows-StateRepository","Время ожидания выполнения текущих запросов: 5000 мс"
"08.09.2026 21:50:16","231","Подробно","Microsoft-Windows-StateRepository","RepositoryManagerServerUpgrade с параметрами: 0x1"
"08.09.2026 21:44:17","231","Подробно","Microsoft-Windows-StateRepository","RepositoryManagerServerUpgrade с параметрами: 0x1"
"08.09.2026 21:25:04","231","Подробно","Microsoft-Windows-StateRepository","RepositoryManagerServerUpgrade с параметрами: 0x1"
"08.09.2026 21:23:04","216","Сведения","Microsoft-Windows-StateRepository","Служба StateRepository запущена [ProcessId=3404]"
"08.09.2026 21:23:04","269","Подробно","Microsoft-Windows-StateRepository","Элемент SRCache успешно инициализирован [параметры = 0x0]"
"08.09.2026 21:23:03","245","Подробно","Microsoft-Windows-StateRepository","Обслуживание выполнено"
"08.09.2026 21:23:03","221","Подробно","Microsoft-Windows-StateRepository","Выполнена команда ANALYZE; статистика базы данных обновлена [Partition=2, ProcessId=3404]"
"08.09.2026 21:23:03","221","Подробно","Microsoft-Windows-StateRepository","Выполнена команда ANALYZE; статистика базы данных обновлена [Partition=2, ProcessId=3404]"
"08.09.2026 21:23:03","221","Подробно","Microsoft-Windows-StateRepository","Выполнена команда ANALYZE; статистика базы данных обновлена [Partition=2, ProcessId=3404]"
"08.09.2026 21:23:03","221","Подробно","Microsoft-Windows-StateRepository","Выполнена команда ANALYZE; статистика базы данных обновлена [Partition=2, ProcessId=3404]"
"08.09.2026 21:23:03","221","Подробно","Microsoft-Windows-StateRepository","Выполнена команда ANALYZE; статистика базы данных обновлена [Partition=2, ProcessId=3404]"
"08.09.2026 21:23:03","221","Подробно","Microsoft-Windows-StateRepository","Выполнена команда ANALYZE; статистика базы данных обновлена [Partition=2, ProcessId=3404]"
"08.09.2026 21:23:03","221","Подробно","Microsoft-Windows-StateRepository","Выполнена команда ANALYZE; статистика базы данных обновлена [Partition=2, ProcessId=3404]"
"08.09.2026 21:23:03","221","Подробно","Microsoft-Windows-StateRepository","Выполнена команда ANALYZE; статистика базы данных обновлена [Partition=2, ProcessId=3404]"
"08.09.2026 21:23:03","105","Сведения","Microsoft-Windows-StateRepository","Сведения 0x11B: recovered 2 frames from WAL file C:\ProgramData\Microsoft\Windows\AppRepository\StateRepository-Machine.srd-wal"
"08.09.2026 21:23:03","223","Сведения","Microsoft-Windows-StateRepository","Раздел StateRepository 2 существует и готов к использованию [SchemaVersion=21761]"
"08.09.2026 21:23:03","223","Сведения","Microsoft-Windows-StateRepository","Раздел StateRepository 1 существует и готов к использованию [SchemaVersion=21761]"
"08.09.2026 21:23:03","105","Сведения","Microsoft-Windows-StateRepository","Сведения 0x11B: recovered 2 frames from WAL file C:\ProgramData\Microsoft\Windows\AppRepository\StateRepository-Machine.srd-wal"
"08.09.2026 19:30:59","231","Подробно","Microsoft-Windows-StateRepository","RepositoryManagerServerUpgrade с параметрами: 0x1"
"08.09.2026 19:25:56","231","Подробно","Microsoft-Windows-StateRepository","RepositoryManagerServerUpgrade с параметрами: 0x1"
"08.09.2026 19:25:55","216","Сведения","Microsoft-Windows-StateRepository","Служба StateRepository запущена [ProcessId=4764]"
"08.09.2026 19:25:55","269","Подробно","Microsoft-Windows-StateRepository","Элемент SRCache успешно инициализирован [параметры = 0x0]"
"08.09.2026 19:25:55","245","Подробно","Microsoft-Windows-StateRepository","Обслуживание выполнено"
"08.09.2026 19:25:55","221","Подробно","Microsoft-Windows-StateRepository","Выполнена команда ANALYZE; статистика базы данных обновлена [Partition=2, ProcessId=4764]"
"08.09.2026 19:25:55","221","Подробно","Microsoft-Windows-StateRepository","Выполнена команда ANALYZE; статистика базы данных обновлена [Partition=2, ProcessId=4764]"
"08.09.2026 19:25:55","221","Подробно","Microsoft-Windows-StateRepository","Выполнена команда ANALYZE; статистика базы данных обновлена [Partition=2, ProcessId=4764]"
"08.09.2026 19:25:55","221","Подробно","Microsoft-Windows-StateRepository","Выполнена команда ANALYZE; статистика базы данных обновлена [Partition=2, ProcessId=4764]"
"08.09.2026 19:25:54","221","Подробно","Microsoft-Windows-StateRepository","Выполнена команда ANALYZE; статистика базы данных обновлена [Partition=2, ProcessId=4764]"
"08.09.2026 19:25:54","221","Подробно","Microsoft-Windows-StateRepository","Выполнена команда ANALYZE; статистика базы данных обновлена [Partition=2, ProcessId=4764]"
"08.09.2026 19:25:54","221","Подробно","Microsoft-Windows-StateRepository","Выполнена команда ANALYZE; статистика базы данных обновлена [Partition=2, ProcessId=4764]"
"08.09.2026 19:25:54","221","Подробно","Microsoft-Windows-StateRepository","Выполнена команда ANALYZE; статистика базы данных обновлена [Partition=2, ProcessId=4764]"
"08.09.2026 19:25:54","105","Сведения","Microsoft-Windows-StateRepository","Сведения 0x11B: recovered 3 frames from WAL file C:\ProgramData\Microsoft\Windows\AppRepository\StateRepository-Deployment.srd-wal"
"08.09.2026 19:25:54","105","Сведения","Microsoft-Windows-StateRepository","Сведения 0x11B: recovered 5 frames from WAL file C:\ProgramData\Microsoft\Windows\AppRepository\StateRepository-Machine.srd-wal"
"08.09.2026 19:25:54","223","Сведения","Microsoft-Windows-StateRepository","Раздел StateRepository 2 существует и готов к использованию [SchemaVersion=21761]"
"08.09.2026 19:25:54","105","Сведения","Microsoft-Windows-StateRepository","Сведения 0x11B: recovered 3 frames from WAL file C:\ProgramData\Microsoft\Windows\AppRepository\StateRepository-Deployment.srd-wal"
"08.09.2026 19:25:54","223","Сведения","Microsoft-Windows-StateRepository","Раздел StateRepository 1 существует и готов к использованию [SchemaVersion=21761]"
"08.09.2026 19:25:54","105","Сведения","Microsoft-Windows-StateRepository","Сведения 0x11B: recovered 5 frames from WAL file C:\ProgramData\Microsoft\Windows\AppRepository\StateRepository-Machine.srd-wal"
"08.09.2026 19:24:33","231","Подробно","Microsoft-Windows-StateRepository","RepositoryManagerServerUpgrade с параметрами: 0x1"
"08.09.2026 19:24:33","216","Сведения","Microsoft-Windows-StateRepository","Служба StateRepository запущена [ProcessId=4812]"
"08.09.2026 19:24:33","269","Подробно","Microsoft-Windows-StateRepository","Элемент SRCache успешно инициализирован [параметры = 0x0]"
"08.09.2026 19:24:32","245","Подробно","Microsoft-Windows-StateRepository","Обслуживание выполнено"
"08.09.2026 19:24:32","221","Подробно","Microsoft-Windows-StateRepository","Выполнена команда ANALYZE; статистика базы данных обновлена [Partition=2, ProcessId=4812]"
"08.09.2026 19:24:32","221","Подробно","Microsoft-Windows-StateRepository","Выполнена команда ANALYZE; статистика базы данных обновлена [Partition=2, ProcessId=4812]"
"08.09.2026 19:24:32","221","Подробно","Microsoft-Windows-StateRepository","Выполнена команда ANALYZE; статистика базы данных обновлена [Partition=2, ProcessId=4812]"
"08.09.2026 19:24:32","221","Подробно","Microsoft-Windows-StateRepository","Выполнена команда ANALYZE; статистика базы данных обновлена [Partition=2, ProcessId=4812]"
"08.09.2026 19:24:32","221","Подробно","Microsoft-Windows-StateRepository","Выполнена команда ANALYZE; статистика базы данных обновлена [Partition=2, ProcessId=4812]"
"08.09.2026 19:24:32","221","Подробно","Microsoft-Windows-StateRepository","Выполнена команда ANALYZE; статистика базы данных обновлена [Partition=2, ProcessId=4812]"
"08.09.2026 19:24:32","221","Подробно","Microsoft-Windows-StateRepository","Выполнена команда ANALYZE; статистика базы данных обновлена [Partition=2, ProcessId=4812]"
"08.09.2026 19:24:32","221","Подробно","Microsoft-Windows-StateRepository","Выполнена команда ANALYZE; статистика базы данных обновлена [Partition=2, ProcessId=4812]"
"08.09.2026 19:24:32","223","Сведения","Microsoft-Windows-StateRepository","Раздел StateRepository 2 существует и готов к использованию [SchemaVersion=21761]"
"08.09.2026 19:24:32","223","Сведения","Microsoft-Windows-StateRepository","Раздел StateRepository 1 существует и готов к использованию [SchemaVersion=21761]"
"08.09.2026 19:23:35","243","Подробно","Microsoft-Windows-StateRepository","Прошло 0 мс ожидания выполнения текущих запросов"
"08.09.2026 19:23:35","242","Подробно","Microsoft-Windows-StateRepository","Время ожидания выполнения текущих запросов: 5000 мс"
"08.09.2026 18:53:47","231","Подробно","Microsoft-Windows-StateRepository","RepositoryManagerServerUpgrade с параметрами: 0x1"
"08.09.2026 18:43:40","231","Подробно","Microsoft-Windows-StateRepository","RepositoryManagerServerUpgrade с параметрами: 0x1"
"08.09.2026 18:25:19","231","Подробно","Microsoft-Windows-StateRepository","RepositoryManagerServerUpgrade с параметрами: 0x1"
"08.09.2026 15:44:18","271","Подробно","Microsoft-Windows-StateRepository","Элемент SRCache успешно обновлен [параметры = 0x0]"
"08.09.2026 15:44:06","271","Подробно","Microsoft-Windows-StateRepository","Элемент SRCache успешно обновлен [параметры = 0x0]"
"08.09.2026 15:44:06","221","Подробно","Microsoft-Windows-StateRepository","Выполнена команда ANALYZE; статистика базы данных обновлена [Partition=2, ProcessId=10424]"
"08.09.2026 15:44:06","221","Подробно","Microsoft-Windows-StateRepository","Выполнена команда ANALYZE; статистика базы данных обновлена [Partition=1, ProcessId=10424]"
"08.09.2026 15:37:11","231","Подробно","Microsoft-Windows-StateRepository","RepositoryManagerServerUpgrade с параметрами: 0x1"
"08.09.2026 14:09:29","231","Подробно","Microsoft-Windows-StateRepository","RepositoryManagerServerUpgrade с параметрами: 0x1"
"08.09.2026 13:58:07","271","Подробно","Microsoft-Windows-StateRepository","Элемент SRCache успешно обновлен [параметры = 0x0]"
"08.09.2026 13:58:07","221","Подробно","Microsoft-Windows-StateRepository","Выполнена команда ANALYZE; статистика базы данных обновлена [Partition=2, ProcessId=7476]"
"08.09.2026 13:58:07","221","Подробно","Microsoft-Windows-StateRepository","Выполнена команда ANALYZE; статистика базы данных обновлена [Partition=1, ProcessId=7476]"
"08.09.2026 13:53:02","231","Подробно","Microsoft-Windows-StateRepository","RepositoryManagerServerUpgrade с параметрами: 0x1"
"08.09.2026 13:53:02","216","Сведения","Microsoft-Windows-StateRepository","Служба StateRepository запущена [ProcessId=2912]"
"08.09.2026 13:53:02","269","Подробно","Microsoft-Windows-StateRepository","Элемент SRCache успешно инициализирован [параметры = 0x0]"
"08.09.2026 13:53:01","245","Подробно","Microsoft-Windows-StateRepository","Обслуживание выполнено"
"08.09.2026 13:53:01","221","Подробно","Microsoft-Windows-StateRepository","Выполнена команда ANALYZE; статистика базы данных обновлена [Partition=2, ProcessId=2912]"
"08.09.2026 13:53:01","221","Подробно","Microsoft-Windows-StateRepository","Выполнена команда ANALYZE; статистика базы данных обновлена [Partition=2, ProcessId=2912]"
"08.09.2026 13:53:01","221","Подробно","Microsoft-Windows-StateRepository","Выполнена команда ANALYZE; статистика базы данных обновлена [Partition=2, ProcessId=2912]"
"08.09.2026 13:53:01","221","Подробно","Microsoft-Windows-StateRepository","Выполнена команда ANALYZE; статистика базы данных обновлена [Partition=2, ProcessId=2912]"
"08.09.2026 13:53:00","221","Подробно","Microsoft-Windows-StateRepository","Выполнена команда ANALYZE; статистика базы данных обновлена [Partition=2, ProcessId=2912]"
"08.09.2026 13:53:00","221","Подробно","Microsoft-Windows-StateRepository","Выполнена команда ANALYZE; статистика базы данных обновлена [Partition=2, ProcessId=2912]"
"08.09.2026 13:53:00","221","Подробно","Microsoft-Windows-StateRepository","Выполнена команда ANALYZE; статистика базы данных обновлена [Partition=2, ProcessId=2912]"
"08.09.2026 13:53:00","221","Подробно","Microsoft-Windows-StateRepository","Выполнена команда ANALYZE; статистика базы данных обновлена [Partition=2, ProcessId=2912]"
"08.09.2026 13:53:00","105","Сведения","Microsoft-Windows-StateRepository","Сведения 0x11B: recovered 3 frames from WAL file C:\ProgramData\Microsoft\Windows\AppRepository\StateRepository-Deployment.srd-wal"
"08.09.2026 13:53:00","105","Сведения","Microsoft-Windows-StateRepository","Сведения 0x11B: recovered 2 frames from WAL file C:\ProgramData\Microsoft\Windows\AppRepository\StateRepository-Machine.srd-wal"
"08.09.2026 13:53:00","223","Сведения","Microsoft-Windows-StateRepository","Раздел StateRepository 2 существует и готов к использованию [SchemaVersion=21761]"
"08.09.2026 13:53:00","105","Сведения","Microsoft-Windows-StateRepository","Сведения 0x11B: recovered 3 frames from WAL file C:\ProgramData\Microsoft\Windows\AppRepository\StateRepository-Deployment.srd-wal"
"08.09.2026 13:53:00","223","Сведения","Microsoft-Windows-StateRepository","Раздел StateRepository 1 существует и готов к использованию [SchemaVersion=21761]"
"08.09.2026 13:53:00","105","Сведения","Microsoft-Windows-StateRepository","Сведения 0x11B: recovered 2 frames from WAL file C:\ProgramData\Microsoft\Windows\AppRepository\StateRepository-Machine.srd-wal"
"08.09.2026 13:49:28","231","Подробно","Microsoft-Windows-StateRepository","RepositoryManagerServerUpgrade с параметрами: 0x1"
"08.09.2026 13:49:27","216","Сведения","Microsoft-Windows-StateRepository","Служба StateRepository запущена [ProcessId=4808]"
"08.09.2026 13:49:27","269","Подробно","Microsoft-Windows-StateRepository","Элемент SRCache успешно инициализирован [параметры = 0x0]"
"08.09.2026 13:49:26","245","Подробно","Microsoft-Windows-StateRepository","Обслуживание выполнено"
"08.09.2026 13:49:26","221","Подробно","Microsoft-Windows-StateRepository","Выполнена команда ANALYZE; статистика базы данных обновлена [Partition=2, ProcessId=4808]"
"08.09.2026 13:49:26","221","Подробно","Microsoft-Windows-StateRepository","Выполнена команда ANALYZE; статистика базы данных обновлена [Partition=2, ProcessId=4808]"
"08.09.2026 13:49:26","221","Подробно","Microsoft-Windows-StateRepository","Выполнена команда ANALYZE; статистика базы данных обновлена [Partition=2, ProcessId=4808]"
"08.09.2026 13:49:26","221","Подробно","Microsoft-Windows-StateRepository","Выполнена команда ANALYZE; статистика базы данных обновлена [Partition=2, ProcessId=4808]"
"08.09.2026 13:49:26","221","Подробно","Microsoft-Windows-StateRepository","Выполнена команда ANALYZE; статистика базы данных обновлена [Partition=2, ProcessId=4808]"
"08.09.2026 13:49:26","221","Подробно","Microsoft-Windows-StateRepository","Выполнена команда ANALYZE; статистика базы данных обновлена [Partition=2, ProcessId=4808]"
"08.09.2026 13:49:26","221","Подробно","Microsoft-Windows-StateRepository","Выполнена команда ANALYZE; статистика базы данных обновлена [Partition=2, ProcessId=4808]"
"08.09.2026 13:49:26","221","Подробно","Microsoft-Windows-StateRepository","Выполнена команда ANALYZE; статистика базы данных обновлена [Partition=2, ProcessId=4808]"
"08.09.2026 13:49:26","265","Подробно","Microsoft-Windows-StateRepository","Контрольная точка выполнена"
"08.09.2026 13:49:26","223","Сведения","Microsoft-Windows-StateRepository","Раздел StateRepository 2 существует и готов к использованию [SchemaVersion=21761]"
"08.09.2026 13:49:26","223","Сведения","Microsoft-Windows-StateRepository","Раздел StateRepository 1 существует и готов к использованию [SchemaVersion=21761]"
"08.09.2026 13:48:22","243","Подробно","Microsoft-Windows-StateRepository","Прошло 0 мс ожидания выполнения текущих запросов"
"08.09.2026 13:48:22","242","Подробно","Microsoft-Windows-StateRepository","Время ожидания выполнения текущих запросов: 5000 мс"
"08.09.2026 13:37:47","231","Подробно","Microsoft-Windows-StateRepository","RepositoryManagerServerUpgrade с параметрами: 0x1"
"08.09.2026 12:19:15","231","Подробно","Microsoft-Windows-StateRepository","RepositoryManagerServerUpgrade с параметрами: 0x1"
"08.09.2026 10:28:02","231","Подробно","Microsoft-Windows-StateRepository","RepositoryManagerServerUpgrade с параметрами: 0x1"
"08.09.2026 10:10:57","231","Подробно","Microsoft-Windows-StateRepository","RepositoryManagerServerUpgrade с параметрами: 0x1"
"08.09.2026 9:45:30","231","Подробно","Microsoft-Windows-StateRepository","RepositoryManagerServerUpgrade с параметрами: 0x1"
"08.09.2026 9:35:39","231","Подробно","Microsoft-Windows-StateRepository","RepositoryManagerServerUpgrade с параметрами: 0x1"
"08.09.2026 9:19:15","231","Подробно","Microsoft-Windows-StateRepository","RepositoryManagerServerUpgrade с параметрами: 0x1"
"08.09.2026 8:51:51","231","Подробно","Microsoft-Windows-StateRepository","RepositoryManagerServerUpgrade с параметрами: 0x1"
"08.09.2026 8:46:11","231","Подробно","Microsoft-Windows-StateRepository","RepositoryManagerServerUpgrade с параметрами: 0x1"
"08.09.2026 8:22:07","231","Подробно","Microsoft-Windows-StateRepository","RepositoryManagerServerUpgrade с параметрами: 0x1"
"08.09.2026 6:42:36","231","Подробно","Microsoft-Windows-StateRepository","RepositoryManagerServerUpgrade с параметрами: 0x1"
"08.09.2026 4:35:39","231","Подробно","Microsoft-Windows-StateRepository","RepositoryManagerServerUpgrade с параметрами: 0x1"
"08.09.2026 2:22:27","231","Подробно","Microsoft-Windows-StateRepository","RepositoryManagerServerUpgrade с параметрами: 0x1"
"08.09.2026 1:48:53","231","Подробно","Microsoft-Windows-StateRepository","RepositoryManagerServerUpgrade с параметрами: 0x1"
"08.09.2026 1:42:36","231","Подробно","Microsoft-Windows-StateRepository","RepositoryManagerServerUpgrade с параметрами: 0x1"
"08.09.2026 1:01:52","231","Подробно","Microsoft-Windows-StateRepository","RepositoryManagerServerUpgrade с параметрами: 0x1"
"08.09.2026 0:51:36","231","Подробно","Microsoft-Windows-StateRepository","RepositoryManagerServerUpgrade с параметрами: 0x1"
"08.09.2026 0:28:02","231","Подробно","Microsoft-Windows-StateRepository","RepositoryManagerServerUpgrade с параметрами: 0x1"
"07.09.2026 21:27:16","231","Подробно","Microsoft-Windows-StateRepository","RepositoryManagerServerUpgrade с параметрами: 0x1"
"07.09.2026 21:13:44","231","Подробно","Microsoft-Windows-StateRepository","RepositoryManagerServerUpgrade с параметрами: 0x1"
"07.09.2026 20:55:17","231","Подробно","Microsoft-Windows-StateRepository","RepositoryManagerServerUpgrade с параметрами: 0x1"
"07.09.2026 20:38:42","231","Подробно","Microsoft-Windows-StateRepository","RepositoryManagerServerUpgrade с параметрами: 0x1"
"07.09.2026 18:35:37","231","Подробно","Microsoft-Windows-StateRepository","RepositoryManagerServerUpgrade с параметрами: 0x1"
"07.09.2026 9:50:57","271","Подробно","Microsoft-Windows-StateRepository","Элемент SRCache успешно обновлен [параметры = 0x0]"
"07.09.2026 9:50:57","271","Подробно","Microsoft-Windows-StateRepository","Элемент SRCache успешно обновлен [параметры = 0x0]"
"07.09.2026 9:50:57","271","Подробно","Microsoft-Windows-StateRepository","Элемент SRCache успешно обновлен [параметры = 0x0]"
"07.09.2026 9:50:57","271","Подробно","Microsoft-Windows-StateRepository","Элемент SRCache успешно обновлен [параметры = 0x0]"
"07.09.2026 9:50:57","271","Подробно","Microsoft-Windows-StateRepository","Элемент SRCache успешно обновлен [параметры = 0x0]"
"07.09.2026 9:50:57","271","Подробно","Microsoft-Windows-StateRepository","Элемент SRCache успешно обновлен [параметры = 0x0]"
"07.09.2026 9:50:57","221","Подробно","Microsoft-Windows-StateRepository","Выполнена команда ANALYZE; статистика базы данных обновлена [Partition=2, ProcessId=28172]"
"07.09.2026 9:50:56","221","Подробно","Microsoft-Windows-StateRepository","Выполнена команда ANALYZE; статистика базы данных обновлена [Partition=1, ProcessId=28172]"
"07.09.2026 9:50:46","231","Подробно","Microsoft-Windows-StateRepository","RepositoryManagerServerUpgrade с параметрами: 0x1"
"07.09.2026 8:26:18","231","Подробно","Microsoft-Windows-StateRepository","RepositoryManagerServerUpgrade с параметрами: 0x1"
"07.09.2026 7:00:05","231","Подробно","Microsoft-Windows-StateRepository","RepositoryManagerServerUpgrade с параметрами: 0x1"
"07.09.2026 3:35:37","231","Подробно","Microsoft-Windows-StateRepository","RepositoryManagerServerUpgrade с параметрами: 0x1"
"07.09.2026 2:54:31","231","Подробно","Microsoft-Windows-StateRepository","RepositoryManagerServerUpgrade с параметрами: 0x1"
"07.09.2026 0:50:24","231","Подробно","Microsoft-Windows-StateRepository","RepositoryManagerServerUpgrade с параметрами: 0x1"
"06.09.2026 17:35:37","231","Подробно","Microsoft-Windows-StateRepository","RepositoryManagerServerUpgrade с параметрами: 0x1"
"06.09.2026 12:32:14","271","Подробно","Microsoft-Windows-StateRepository","Элемент SRCache успешно обновлен [параметры = 0x0]"
"06.09.2026 12:32:12","271","Подробно","Microsoft-Windows-StateRepository","Элемент SRCache успешно обновлен [параметры = 0x0]"
"06.09.2026 12:32:12","271","Подробно","Microsoft-Windows-StateRepository","Элемент SRCache успешно обновлен [параметры = 0x0]"
"06.09.2026 12:32:12","221","Подробно","Microsoft-Windows-StateRepository","Выполнена команда ANALYZE; статистика базы данных обновлена [Partition=2, ProcessId=19760]"
"06.09.2026 12:32:12","221","Подробно","Microsoft-Windows-StateRepository","Выполнена команда ANALYZE; статистика базы данных обновлена [Partition=1, ProcessId=19760]"
"06.09.2026 12:26:40","231","Подробно","Microsoft-Windows-StateRepository","RepositoryManagerServerUpgrade с параметрами: 0x1"
"06.09.2026 11:15:44","231","Подробно","Microsoft-Windows-StateRepository","RepositoryManagerServerUpgrade с параметрами: 0x1"
"06.09.2026 4:02:01","231","Подробно","Microsoft-Windows-StateRepository","RepositoryManagerServerUpgrade с параметрами: 0x1"
"06.09.2026 0:49:11","231","Подробно","Microsoft-Windows-StateRepository","RepositoryManagerServerUpgrade с параметрами: 0x1"
"05.09.2026 21:27:16","231","Подробно","Microsoft-Windows-StateRepository","RepositoryManagerServerUpgrade с параметрами: 0x1"
"05.09.2026 19:44:47","271","Подробно","Microsoft-Windows-StateRepository","Элемент SRCache успешно обновлен [параметры = 0x0]"
"05.09.2026 19:44:47","271","Подробно","Microsoft-Windows-StateRepository","Элемент SRCache успешно обновлен [параметры = 0x0]"
"05.09.2026 19:44:47","271","Подробно","Microsoft-Windows-StateRepository","Элемент SRCache успешно обновлен [параметры = 0x0]"
"05.09.2026 19:44:47","221","Подробно","Microsoft-Windows-StateRepository","Выполнена команда ANALYZE; статистика базы данных обновлена [Partition=2, ProcessId=1924]"
"05.09.2026 19:44:47","221","Подробно","Microsoft-Windows-StateRepository","Выполнена команда ANALYZE; статистика базы данных обновлена [Partition=1, ProcessId=1924]"
"05.09.2026 19:44:37","231","Подробно","Microsoft-Windows-StateRepository","RepositoryManagerServerUpgrade с параметрами: 0x1"
"05.09.2026 18:00:04","231","Подробно","Microsoft-Windows-StateRepository","RepositoryManagerServerUpgrade с параметрами: 0x1"
"05.09.2026 13:42:36","231","Подробно","Microsoft-Windows-StateRepository","RepositoryManagerServerUpgrade с параметрами: 0x1"
"05.09.2026 13:28:37","231","Подробно","Microsoft-Windows-StateRepository","RepositoryManagerServerUpgrade с параметрами: 0x1"
"05.09.2026 13:11:51","231","Подробно","Microsoft-Windows-StateRepository","RepositoryManagerServerUpgrade с параметрами: 0x1"
"05.09.2026 13:02:01","231","Подробно","Microsoft-Windows-StateRepository","RepositoryManagerServerUpgrade с параметрами: 0x1"
"05.09.2026 12:55:21","231","Подробно","Microsoft-Windows-StateRepository","RepositoryManagerServerUpgrade с параметрами: 0x1"
"05.09.2026 12:38:51","231","Подробно","Microsoft-Windows-StateRepository","RepositoryManagerServerUpgrade с параметрами: 0x1"
"05.09.2026 12:22:20","231","Подробно","Microsoft-Windows-StateRepository","RepositoryManagerServerUpgrade с параметрами: 0x1"
"05.09.2026 12:05:50","231","Подробно","Microsoft-Windows-StateRepository","RepositoryManagerServerUpgrade с параметрами: 0x1"
"05.09.2026 11:49:20","231","Подробно","Microsoft-Windows-StateRepository","RepositoryManagerServerUpgrade с параметрами: 0x1"
"05.09.2026 11:32:50","231","Подробно","Microsoft-Windows-StateRepository","RepositoryManagerServerUpgrade с параметрами: 0x1"
"05.09.2026 11:16:20","231","Подробно","Microsoft-Windows-StateRepository","RepositoryManagerServerUpgrade с параметрами: 0x1"
"05.09.2026 10:59:49","231","Подробно","Microsoft-Windows-StateRepository","RepositoryManagerServerUpgrade с параметрами: 0x1"
"05.09.2026 10:43:19","231","Подробно","Microsoft-Windows-StateRepository","RepositoryManagerServerUpgrade с параметрами: 0x1"
"05.09.2026 10:26:49","231","Подробно","Microsoft-Windows-StateRepository","RepositoryManagerServerUpgrade с параметрами: 0x1"
"05.09.2026 10:10:26","231","Подробно","Microsoft-Windows-StateRepository","RepositoryManagerServerUpgrade с параметрами: 0x1"
"05.09.2026 9:54:20","231","Подробно","Microsoft-Windows-StateRepository","RepositoryManagerServerUpgrade с параметрами: 0x1"
"05.09.2026 9:38:15","231","Подробно","Microsoft-Windows-StateRepository","RepositoryManagerServerUpgrade с параметрами: 0x1"
"05.09.2026 9:12:04","231","Подробно","Microsoft-Windows-StateRepository","RepositoryManagerServerUpgrade с параметрами: 0x1"
"05.09.2026 8:56:00","231","Подробно","Microsoft-Windows-StateRepository","RepositoryManagerServerUpgrade с параметрами: 0x1"
"05.09.2026 8:36:10","231","Подробно","Microsoft-Windows-StateRepository","RepositoryManagerServerUpgrade с параметрами: 0x1"
"05.09.2026 8:19:18","231","Подробно","Microsoft-Windows-StateRepository","RepositoryManagerServerUpgrade с параметрами: 0x1"
"05.09.2026 8:07:47","231","Подробно","Microsoft-Windows-StateRepository","RepositoryManagerServerUpgrade с параметрами: 0x1"
"05.09.2026 8:01:52","231","Подробно","Microsoft-Windows-StateRepository","RepositoryManagerServerUpgrade с параметрами: 0x1"
"05.09.2026 7:51:17","231","Подробно","Microsoft-Windows-StateRepository","RepositoryManagerServerUpgrade с параметрами: 0x1"
"05.09.2026 7:34:46","231","Подробно","Microsoft-Windows-StateRepository","RepositoryManagerServerUpgrade с параметрами: 0x1"
"05.09.2026 7:26:35","271","Подробно","Microsoft-Windows-StateRepository","Элемент SRCache успешно обновлен [параметры = 0x0]"
"05.09.2026 7:26:35","271","Подробно","Microsoft-Windows-StateRepository","Элемент SRCache успешно обновлен [параметры = 0x0]"
"05.09.2026 7:26:35","271","Подробно","Microsoft-Windows-StateRepository","Элемент SRCache успешно обновлен [параметры = 0x0]"
"05.09.2026 7:26:35","271","Подробно","Microsoft-Windows-StateRepository","Элемент SRCache успешно обновлен [параметры = 0x0]"
"05.09.2026 7:26:35","271","Подробно","Microsoft-Windows-StateRepository","Элемент SRCache успешно обновлен [параметры = 0x0]"
"05.09.2026 7:26:34","271","Подробно","Microsoft-Windows-StateRepository","Элемент SRCache успешно обновлен [параметры = 0x0]"
"05.09.2026 7:26:34","271","Подробно","Microsoft-Windows-StateRepository","Элемент SRCache успешно обновлен [параметры = 0x0]"
"05.09.2026 7:26:34","271","Подробно","Microsoft-Windows-StateRepository","Элемент SRCache успешно обновлен [параметры = 0x0]"
"05.09.2026 7:26:34","271","Подробно","Microsoft-Windows-StateRepository","Элемент SRCache успешно обновлен [параметры = 0x0]"
"05.09.2026 7:26:34","271","Подробно","Microsoft-Windows-StateRepository","Элемент SRCache успешно обновлен [параметры = 0x0]"
"05.09.2026 7:26:33","271","Подробно","Microsoft-Windows-StateRepository","Элемент SRCache успешно обновлен [параметры = 0x0]"
"05.09.2026 7:26:33","271","Подробно","Microsoft-Windows-StateRepository","Элемент SRCache успешно обновлен [параметры = 0x0]"
"05.09.2026 7:26:33","221","Подробно","Microsoft-Windows-StateRepository","Выполнена команда ANALYZE; статистика базы данных обновлена [Partition=2, ProcessId=7080]"
"05.09.2026 7:26:33","221","Подробно","Microsoft-Windows-StateRepository","Выполнена команда ANALYZE; статистика базы данных обновлена [Partition=1, ProcessId=7080]"
"05.09.2026 7:26:10","231","Подробно","Microsoft-Windows-StateRepository","RepositoryManagerServerUpgrade с параметрами: 0x1"
"05.09.2026 7:18:34","231","Подробно","Microsoft-Windows-StateRepository","RepositoryManagerServerUpgrade с параметрами: 0x1"
"05.09.2026 3:02:01","231","Подробно","Microsoft-Windows-StateRepository","RepositoryManagerServerUpgrade с параметрами: 0x1"
"05.09.2026 0:47:01","231","Подробно","Microsoft-Windows-StateRepository","RepositoryManagerServerUpgrade с параметрами: 0x1"
"05.09.2026 0:10:18","231","Подробно","Microsoft-Windows-StateRepository","RepositoryManagerServerUpgrade с параметрами: 0x1"
"04.09.2026 22:30:01","231","Подробно","Microsoft-Windows-StateRepository","RepositoryManagerServerUpgrade с параметрами: 0x1"
"04.09.2026 21:26:22","231","Подробно","Microsoft-Windows-StateRepository","RepositoryManagerServerUpgrade с параметрами: 0x1"
"04.09.2026 21:26:16","216","Сведения","Microsoft-Windows-StateRepository","Служба StateRepository запущена [ProcessId=4312]"
"04.09.2026 21:26:16","269","Подробно","Microsoft-Windows-StateRepository","Элемент SRCache успешно инициализирован [параметры = 0x0]"
"04.09.2026 21:26:15","245","Подробно","Microsoft-Windows-StateRepository","Обслуживание выполнено"
"04.09.2026 21:26:15","221","Подробно","Microsoft-Windows-StateRepository","Выполнена команда ANALYZE; статистика базы данных обновлена [Partition=2, ProcessId=4312]"
"04.09.2026 21:26:15","221","Подробно","Microsoft-Windows-StateRepository","Выполнена команда ANALYZE; статистика базы данных обновлена [Partition=2, ProcessId=4312]"
"04.09.2026 21:26:15","221","Подробно","Microsoft-Windows-StateRepository","Выполнена команда ANALYZE; статистика базы данных обновлена [Partition=2, ProcessId=4312]"
"04.09.2026 21:26:15","221","Подробно","Microsoft-Windows-StateRepository","Выполнена команда ANALYZE; статистика базы данных обновлена [Partition=2, ProcessId=4312]"
"04.09.2026 21:26:15","221","Подробно","Microsoft-Windows-StateRepository","Выполнена команда ANALYZE; статистика базы данных обновлена [Partition=2, ProcessId=4312]"
"04.09.2026 21:26:15","221","Подробно","Microsoft-Windows-StateRepository","Выполнена команда ANALYZE; статистика базы данных обновлена [Partition=2, ProcessId=4312]"
"04.09.2026 21:26:15","221","Подробно","Microsoft-Windows-StateRepository","Выполнена команда ANALYZE; статистика базы данных обновлена [Partition=2, ProcessId=4312]"
"04.09.2026 21:26:15","221","Подробно","Microsoft-Windows-StateRepository","Выполнена команда ANALYZE; статистика базы данных обновлена [Partition=2, ProcessId=4312]"
"04.09.2026 21:26:15","265","Подробно","Microsoft-Windows-StateRepository","Контрольная точка выполнена"
"04.09.2026 21:26:14","223","Сведения","Microsoft-Windows-StateRepository","Раздел StateRepository 2 существует и готов к использованию [SchemaVersion=21761]"
"04.09.2026 21:26:14","223","Сведения","Microsoft-Windows-StateRepository","Раздел StateRepository 1 существует и готов к использованию [SchemaVersion=21761]"
"04.09.2026 14:14:38","243","Подробно","Microsoft-Windows-StateRepository","Прошло 0 мс ожидания выполнения текущих запросов"
"04.09.2026 14:14:38","242","Подробно","Microsoft-Windows-StateRepository","Время ожидания выполнения текущих запросов: 5000 мс"
"04.09.2026 14:03:40","231","Подробно","Microsoft-Windows-StateRepository","RepositoryManagerServerUpgrade с параметрами: 0x1"
"04.09.2026 13:47:36","231","Подробно","Microsoft-Windows-StateRepository","RepositoryManagerServerUpgrade с параметрами: 0x1"
"04.09.2026 13:31:32","231","Подробно","Microsoft-Windows-StateRepository","RepositoryManagerServerUpgrade с параметрами: 0x1"
"04.09.2026 13:13:50","231","Подробно","Microsoft-Windows-StateRepository","RepositoryManagerServerUpgrade с параметрами: 0x1"
"04.09.2026 12:33:37","231","Подробно","Microsoft-Windows-StateRepository","RepositoryManagerServerUpgrade с параметрами: 0x1"
"04.09.2026 12:17:32","231","Подробно","Microsoft-Windows-StateRepository","RepositoryManagerServerUpgrade с параметрами: 0x1"
"04.09.2026 12:01:25","231","Подробно","Microsoft-Windows-StateRepository","RepositoryManagerServerUpgrade с параметрами: 0x1"
"04.09.2026 11:45:18","231","Подробно","Microsoft-Windows-StateRepository","RepositoryManagerServerUpgrade с параметрами: 0x1"
"04.09.2026 11:29:12","231","Подробно","Microsoft-Windows-StateRepository","RepositoryManagerServerUpgrade с параметрами: 0x1"
"04.09.2026 11:13:04","231","Подробно","Microsoft-Windows-StateRepository","RepositoryManagerServerUpgrade с параметрами: 0x1"
"04.09.2026 10:56:59","231","Подробно","Microsoft-Windows-StateRepository","RepositoryManagerServerUpgrade с параметрами: 0x1"
"04.09.2026 10:40:55","231","Подробно","Microsoft-Windows-StateRepository","RepositoryManagerServerUpgrade с параметрами: 0x1"
"04.09.2026 10:24:49","231","Подробно","Microsoft-Windows-StateRepository","RepositoryManagerServerUpgrade с параметрами: 0x1"
"04.09.2026 10:04:20","231","Подробно","Microsoft-Windows-StateRepository","RepositoryManagerServerUpgrade с параметрами: 0x1"
"04.09.2026 9:17:10","231","Подробно","Microsoft-Windows-StateRepository","RepositoryManagerServerUpgrade с параметрами: 0x1"
"04.09.2026 8:30:14","231","Подробно","Microsoft-Windows-StateRepository","RepositoryManagerServerUpgrade с параметрами: 0x1"
"04.09.2026 8:13:50","231","Подробно","Microsoft-Windows-StateRepository","RepositoryManagerServerUpgrade с параметрами: 0x1"
"04.09.2026 7:30:25","231","Подробно","Microsoft-Windows-StateRepository","RepositoryManagerServerUpgrade с параметрами: 0x1"
"04.09.2026 7:12:39","231","Подробно","Microsoft-Windows-StateRepository","RepositoryManagerServerUpgrade с параметрами: 0x1"
"04.09.2026 6:54:11","231","Подробно","Microsoft-Windows-StateRepository","RepositoryManagerServerUpgrade с параметрами: 0x1"
"04.09.2026 6:24:31","231","Подробно","Microsoft-Windows-StateRepository","RepositoryManagerServerUpgrade с параметрами: 0x1"
"04.09.2026 6:19:14","231","Подробно","Microsoft-Windows-StateRepository","RepositoryManagerServerUpgrade с параметрами: 0x1"
"04.09.2026 4:36:50","231","Подробно","Microsoft-Windows-StateRepository","RepositoryManagerServerUpgrade с параметрами: 0x1"
"04.09.2026 4:20:45","231","Подробно","Microsoft-Windows-StateRepository","RepositoryManagerServerUpgrade с параметрами: 0x1"
"04.09.2026 3:19:14","231","Подробно","Microsoft-Windows-StateRepository","RepositoryManagerServerUpgrade с параметрами: 0x1"
"04.09.2026 3:13:51","231","Подробно","Microsoft-Windows-StateRepository","RepositoryManagerServerUpgrade с параметрами: 0x1"
"04.09.2026 1:22:27","231","Подробно","Microsoft-Windows-StateRepository","RepositoryManagerServerUpgrade с параметрами: 0x1"
"04.09.2026 0:45:50","231","Подробно","Microsoft-Windows-StateRepository","RepositoryManagerServerUpgrade с параметрами: 0x1"
"03.09.2026 21:15:04","231","Подробно","Microsoft-Windows-StateRepository","RepositoryManagerServerUpgrade с параметрами: 0x1"
"03.09.2026 19:08:49","231","Подробно","Microsoft-Windows-StateRepository","RepositoryManagerServerUpgrade с параметрами: 0x1"
"03.09.2026 15:32:21","231","Подробно","Microsoft-Windows-StateRepository","RepositoryManagerServerUpgrade с параметрами: 0x1"
"03.09.2026 13:59:20","231","Подробно","Microsoft-Windows-StateRepository","RepositoryManagerServerUpgrade с параметрами: 0x1"
"03.09.2026 13:24:49","231","Подробно","Microsoft-Windows-StateRepository","RepositoryManagerServerUpgrade с параметрами: 0x1"
"03.09.2026 12:13:50","231","Подробно","Microsoft-Windows-StateRepository","RepositoryManagerServerUpgrade с параметрами: 0x1"
"03.09.2026 10:32:21","231","Подробно","Microsoft-Windows-StateRepository","RepositoryManagerServerUpgrade с параметрами: 0x1"
"03.09.2026 10:14:58","231","Подробно","Microsoft-Windows-StateRepository","RepositoryManagerServerUpgrade с параметрами: 0x1"
"03.09.2026 9:52:30","231","Подробно","Microsoft-Windows-StateRepository","RepositoryManagerServerUpgrade с параметрами: 0x1"
"03.09.2026 8:59:20","231","Подробно","Microsoft-Windows-StateRepository","RepositoryManagerServerUpgrade с параметрами: 0x1"
"03.09.2026 8:30:14","231","Подробно","Microsoft-Windows-StateRepository","RepositoryManagerServerUpgrade с параметрами: 0x1"
"03.09.2026 7:46:12","231","Подробно","Microsoft-Windows-StateRepository","RepositoryManagerServerUpgrade с параметрами: 0x1"
"03.09.2026 7:30:22","231","Подробно","Microsoft-Windows-StateRepository","RepositoryManagerServerUpgrade с параметрами: 0x1"
"03.09.2026 7:13:50","231","Подробно","Microsoft-Windows-StateRepository","RepositoryManagerServerUpgrade с параметрами: 0x1"
"03.09.2026 6:19:14","231","Подробно","Microsoft-Windows-StateRepository","RepositoryManagerServerUpgrade с параметрами: 0x1"
"03.09.2026 5:05:26","231","Подробно","Microsoft-Windows-StateRepository","RepositoryManagerServerUpgrade с параметрами: 0x1"
"03.09.2026 4:51:55","231","Подробно","Microsoft-Windows-StateRepository","RepositoryManagerServerUpgrade с параметрами: 0x1"
"03.09.2026 3:59:20","231","Подробно","Microsoft-Windows-StateRepository","RepositoryManagerServerUpgrade с параметрами: 0x1"
"03.09.2026 2:13:48","231","Подробно","Microsoft-Windows-StateRepository","RepositoryManagerServerUpgrade с параметрами: 0x1"
"03.09.2026 1:01:58","271","Подробно","Microsoft-Windows-StateRepository","Элемент SRCache успешно обновлен [параметры = 0x0]"
"03.09.2026 1:01:58","271","Подробно","Microsoft-Windows-StateRepository","Элемент SRCache успешно обновлен [параметры = 0x0]"
"03.09.2026 1:01:58","221","Подробно","Microsoft-Windows-StateRepository","Выполнена команда ANALYZE; статистика базы данных обновлена [Partition=2, ProcessId=25708]"
"03.09.2026 1:01:58","221","Подробно","Microsoft-Windows-StateRepository","Выполнена команда ANALYZE; статистика базы данных обновлена [Partition=1, ProcessId=25708]"
"03.09.2026 1:01:48","231","Подробно","Microsoft-Windows-StateRepository","RepositoryManagerServerUpgrade с параметрами: 0x1"
"03.09.2026 0:42:39","231","Подробно","Microsoft-Windows-StateRepository","RepositoryManagerServerUpgrade с параметрами: 0x1"
"02.09.2026 21:13:48","231","Подробно","Microsoft-Windows-StateRepository","RepositoryManagerServerUpgrade с параметрами: 0x1"
"02.09.2026 14:13:29","231","Подробно","Microsoft-Windows-StateRepository","RepositoryManagerServerUpgrade с параметрами: 0x1"
"02.09.2026 1:13:48","231","Подробно","Microsoft-Windows-StateRepository","RepositoryManagerServerUpgrade с параметрами: 0x1"
"02.09.2026 0:39:26","231","Подробно","Microsoft-Windows-StateRepository","RepositoryManagerServerUpgrade с параметрами: 0x1"
"01.09.2026 21:15:04","231","Подробно","Microsoft-Windows-StateRepository","RepositoryManagerServerUpgrade с параметрами: 0x1"
"01.09.2026 18:19:14","231","Подробно","Microsoft-Windows-StateRepository","RepositoryManagerServerUpgrade с параметрами: 0x1"
"01.09.2026 11:59:20","231","Подробно","Microsoft-Windows-StateRepository","RepositoryManagerServerUpgrade с параметрами: 0x1"
"01.09.2026 11:18:20","231","Подробно","Microsoft-Windows-StateRepository","RepositoryManagerServerUpgrade с параметрами: 0x1"
"01.09.2026 8:30:15","231","Подробно","Microsoft-Windows-StateRepository","RepositoryManagerServerUpgrade с параметрами: 0x1"
"01.09.2026 7:29:32","231","Подробно","Microsoft-Windows-StateRepository","RepositoryManagerServerUpgrade с параметрами: 0x1"
"01.09.2026 7:04:13","231","Подробно","Microsoft-Windows-StateRepository","RepositoryManagerServerUpgrade с параметрами: 0x1"
"01.09.2026 3:19:16","231","Подробно","Microsoft-Windows-StateRepository","RepositoryManagerServerUpgrade с параметрами: 0x1"
"01.09.2026 2:05:45","231","Подробно","Microsoft-Windows-StateRepository","RepositoryManagerServerUpgrade с параметрами: 0x1"
"01.09.2026 1:58:14","271","Подробно","Microsoft-Windows-StateRepository","Элемент SRCache успешно обновлен [параметры = 0x0]"
"01.09.2026 1:58:14","221","Подробно","Microsoft-Windows-StateRepository","Выполнена команда ANALYZE; статистика базы данных обновлена [Partition=1, ProcessId=7580]"
"01.09.2026 1:57:42","231","Подробно","Microsoft-Windows-StateRepository","RepositoryManagerServerUpgrade с параметрами: 0x1"
"01.09.2026 1:57:41","216","Сведения","Microsoft-Windows-StateRepository","Служба StateRepository запущена [ProcessId=4772]"
"01.09.2026 1:57:41","269","Подробно","Microsoft-Windows-StateRepository","Элемент SRCache успешно инициализирован [параметры = 0x0]"
"01.09.2026 1:57:41","245","Подробно","Microsoft-Windows-StateRepository","Обслуживание выполнено"
"01.09.2026 1:57:41","221","Подробно","Microsoft-Windows-StateRepository","Выполнена команда ANALYZE; статистика базы данных обновлена [Partition=2, ProcessId=4772]"
"01.09.2026 1:57:41","221","Подробно","Microsoft-Windows-StateRepository","Выполнена команда ANALYZE; статистика базы данных обновлена [Partition=2, ProcessId=4772]"
"01.09.2026 1:57:41","221","Подробно","Microsoft-Windows-StateRepository","Выполнена команда ANALYZE; статистика базы данных обновлена [Partition=2, ProcessId=4772]"
"01.09.2026 1:57:41","221","Подробно","Microsoft-Windows-StateRepository","Выполнена команда ANALYZE; статистика базы данных обновлена [Partition=2, ProcessId=4772]"
"01.09.2026 1:57:40","221","Подробно","Microsoft-Windows-StateRepository","Выполнена команда ANALYZE; статистика базы данных обновлена [Partition=2, ProcessId=4772]"
"01.09.2026 1:57:40","221","Подробно","Microsoft-Windows-StateRepository","Выполнена команда ANALYZE; статистика базы данных обновлена [Partition=2, ProcessId=4772]"
"01.09.2026 1:57:40","221","Подробно","Microsoft-Windows-StateRepository","Выполнена команда ANALYZE; статистика базы данных обновлена [Partition=2, ProcessId=4772]"
"01.09.2026 1:57:40","221","Подробно","Microsoft-Windows-StateRepository","Выполнена команда ANALYZE; статистика базы данных обновлена [Partition=2, ProcessId=4772]"
"01.09.2026 1:57:40","265","Подробно","Microsoft-Windows-StateRepository","Контрольная точка выполнена"
"01.09.2026 1:57:40","223","Сведения","Microsoft-Windows-StateRepository","Раздел StateRepository 2 существует и готов к использованию [SchemaVersion=21761]"
"01.09.2026 1:57:40","223","Сведения","Microsoft-Windows-StateRepository","Раздел StateRepository 1 существует и готов к использованию [SchemaVersion=21761]"
"01.09.2026 1:56:32","243","Подробно","Microsoft-Windows-StateRepository","Прошло 0 мс ожидания выполнения текущих запросов"
"01.09.2026 1:56:32","242","Подробно","Microsoft-Windows-StateRepository","Время ожидания выполнения текущих запросов: 5000 мс"
"01.09.2026 1:23:44","231","Подробно","Microsoft-Windows-StateRepository","RepositoryManagerServerUpgrade с параметрами: 0x1"
"01.09.2026 0:36:29","231","Подробно","Microsoft-Windows-StateRepository","RepositoryManagerServerUpgrade с параметрами: 0x1"
"31.08.2026 22:07:35","231","Подробно","Microsoft-Windows-StateRepository","RepositoryManagerServerUpgrade с параметрами: 0x1"
"31.08.2026 19:16:42","231","Подробно","Microsoft-Windows-StateRepository","RepositoryManagerServerUpgrade с параметрами: 0x1"
"31.08.2026 18:59:22","231","Подробно","Microsoft-Windows-StateRepository","RepositoryManagerServerUpgrade с параметрами: 0x1"
"31.08.2026 16:39:48","231","Подробно","Microsoft-Windows-StateRepository","RepositoryManagerServerUpgrade с параметрами: 0x1"
"31.08.2026 7:56:26","231","Подробно","Microsoft-Windows-StateRepository","RepositoryManagerServerUpgrade с параметрами: 0x1"
"31.08.2026 6:39:48","231","Подробно","Microsoft-Windows-StateRepository","RepositoryManagerServerUpgrade с параметрами: 0x1"
"31.08.2026 3:58:51","231","Подробно","Microsoft-Windows-StateRepository","RepositoryManagerServerUpgrade с параметрами: 0x1"
"31.08.2026 1:58:12","231","Подробно","Microsoft-Windows-StateRepository","RepositoryManagerServerUpgrade с параметрами: 0x1"
"31.08.2026 0:33:17","231","Подробно","Microsoft-Windows-StateRepository","RepositoryManagerServerUpgrade с параметрами: 0x1"
"30.08.2026 22:12:37","231","Подробно","Microsoft-Windows-StateRepository","RepositoryManagerServerUpgrade с параметрами: 0x1"
"30.08.2026 21:52:46","231","Подробно","Microsoft-Windows-StateRepository","RepositoryManagerServerUpgrade с параметрами: 0x1"
"30.08.2026 21:15:04","231","Подробно","Microsoft-Windows-StateRepository","RepositoryManagerServerUpgrade с параметрами: 0x1"
"30.08.2026 20:53:58","271","Подробно","Microsoft-Windows-StateRepository","Элемент SRCache успешно обновлен [параметры = 0x0]"
"30.08.2026 20:53:58","271","Подробно","Microsoft-Windows-StateRepository","Элемент SRCache успешно обновлен [параметры = 0x0]"
"30.08.2026 20:53:58","271","Подробно","Microsoft-Windows-StateRepository","Элемент SRCache успешно обновлен [параметры = 0x0]"
"30.08.2026 20:53:58","271","Подробно","Microsoft-Windows-StateRepository","Элемент SRCache успешно обновлен [параметры = 0x0]"
"30.08.2026 20:53:57","271","Подробно","Microsoft-Windows-StateRepository","Элемент SRCache успешно обновлен [параметры = 0x0]"
"30.08.2026 20:53:57","271","Подробно","Microsoft-Windows-StateRepository","Элемент SRCache успешно обновлен [параметры = 0x0]"
"30.08.2026 20:53:57","271","Подробно","Microsoft-Windows-StateRepository","Элемент SRCache успешно обновлен [параметры = 0x0]"
"30.08.2026 20:53:57","271","Подробно","Microsoft-Windows-StateRepository","Элемент SRCache успешно обновлен [параметры = 0x0]"
"30.08.2026 20:53:57","271","Подробно","Microsoft-Windows-StateRepository","Элемент SRCache успешно обновлен [параметры = 0x0]"
"30.08.2026 20:53:56","271","Подробно","Microsoft-Windows-StateRepository","Элемент SRCache успешно обновлен [параметры = 0x0]"
"30.08.2026 20:53:56","271","Подробно","Microsoft-Windows-StateRepository","Элемент SRCache успешно обновлен [параметры = 0x0]"
"30.08.2026 20:53:56","271","Подробно","Microsoft-Windows-StateRepository","Элемент SRCache успешно обновлен [параметры = 0x0]"
"30.08.2026 20:53:56","221","Подробно","Microsoft-Windows-StateRepository","Выполнена команда ANALYZE; статистика базы данных обновлена [Partition=2, ProcessId=25216]"
"30.08.2026 20:53:56","221","Подробно","Microsoft-Windows-StateRepository","Выполнена команда ANALYZE; статистика базы данных обновлена [Partition=1, ProcessId=25216]"
"30.08.2026 20:38:30","231","Подробно","Microsoft-Windows-StateRepository","RepositoryManagerServerUpgrade с параметрами: 0x1"
"30.08.2026 17:25:45","231","Подробно","Microsoft-Windows-StateRepository","RepositoryManagerServerUpgrade с параметрами: 0x1"
"30.08.2026 17:09:42","231","Подробно","Microsoft-Windows-StateRepository","RepositoryManagerServerUpgrade с параметрами: 0x1"
"30.08.2026 16:53:36","231","Подробно","Microsoft-Windows-StateRepository","RepositoryManagerServerUpgrade с параметрами: 0x1"
"30.08.2026 16:37:31","231","Подробно","Microsoft-Windows-StateRepository","RepositoryManagerServerUpgrade с параметрами: 0x1"
"30.08.2026 16:21:26","231","Подробно","Microsoft-Windows-StateRepository","RepositoryManagerServerUpgrade с параметрами: 0x1"
"30.08.2026 15:55:15","231","Подробно","Microsoft-Windows-StateRepository","RepositoryManagerServerUpgrade с параметрами: 0x1"
"30.08.2026 15:36:24","231","Подробно","Microsoft-Windows-StateRepository","RepositoryManagerServerUpgrade с параметрами: 0x1"
"30.08.2026 15:36:24","216","Сведения","Microsoft-Windows-StateRepository","Служба StateRepository запущена [ProcessId=3268]"
"30.08.2026 15:36:24","269","Подробно","Microsoft-Windows-StateRepository","Элемент SRCache успешно инициализирован [параметры = 0x0]"
"30.08.2026 15:36:23","245","Подробно","Microsoft-Windows-StateRepository","Обслуживание выполнено"
"30.08.2026 15:36:23","221","Подробно","Microsoft-Windows-StateRepository","Выполнена команда ANALYZE; статистика базы данных обновлена [Partition=2, ProcessId=3268]"
"30.08.2026 15:36:23","221","Подробно","Microsoft-Windows-StateRepository","Выполнена команда ANALYZE; статистика базы данных обновлена [Partition=2, ProcessId=3268]"
"30.08.2026 15:36:23","221","Подробно","Microsoft-Windows-StateRepository","Выполнена команда ANALYZE; статистика базы данных обновлена [Partition=2, ProcessId=3268]"
"30.08.2026 15:36:23","221","Подробно","Microsoft-Windows-StateRepository","Выполнена команда ANALYZE; статистика базы данных обновлена [Partition=2, ProcessId=3268]"
"30.08.2026 15:36:22","221","Подробно","Microsoft-Windows-StateRepository","Выполнена команда ANALYZE; статистика базы данных обновлена [Partition=2, ProcessId=3268]"
"30.08.2026 15:36:22","221","Подробно","Microsoft-Windows-StateRepository","Выполнена команда ANALYZE; статистика базы данных обновлена [Partition=2, ProcessId=3268]"
"30.08.2026 15:36:22","221","Подробно","Microsoft-Windows-StateRepository","Выполнена команда ANALYZE; статистика базы данных обновлена [Partition=2, ProcessId=3268]"
"30.08.2026 15:36:22","221","Подробно","Microsoft-Windows-StateRepository","Выполнена команда ANALYZE; статистика базы данных обновлена [Partition=2, ProcessId=3268]"
"30.08.2026 15:36:22","265","Подробно","Microsoft-Windows-StateRepository","Контрольная точка выполнена"
"30.08.2026 15:36:22","223","Сведения","Microsoft-Windows-StateRepository","Раздел StateRepository 2 существует и готов к использованию [SchemaVersion=21761]"
"30.08.2026 15:36:22","223","Сведения","Microsoft-Windows-StateRepository","Раздел StateRepository 1 существует и готов к использованию [SchemaVersion=21761]"
"30.08.2026 9:28:13","231","Подробно","Microsoft-Windows-StateRepository","RepositoryManagerServerUpgrade с параметрами: 0x1"
